[2019-08-24 23:08:20,702] INFO org.github.dragos.vscode.Main$ - Starting server in c:\Users\B\Documents\DabEngine
[2019-08-24 23:08:20,702] INFO org.github.dragos.vscode.Main$ - Starting server in c:\Users\B\Documents\DabEngine
[2019-08-24 23:08:20,727] INFO org.github.dragos.vscode.Main$ - Classpath: c:\Users\B\.vscode\extensions\dragos.scala-lsp-0.2.3\coursier
[2019-08-24 23:08:20,727] INFO org.github.dragos.vscode.Main$ - Classpath: c:\Users\B\.vscode\extensions\dragos.scala-lsp-0.2.3\coursier
[2019-08-24 23:08:21,084] DEBUG langserver.core.MessageReader - Received headers:
Content-Length: 1196
[2019-08-24 23:08:21,084] DEBUG langserver.core.MessageReader - Received headers:
Content-Length: 1196
[2019-08-24 23:08:21,164] DEBUG langserver.core.Connection - Received {"jsonrpc":"2.0","id":0,"method":"initialize","params":{"processId":10804,"rootPath":"c:\\Users\\B\\Documents\\DabEngine","rootUri":"file:///c%3A/Users/B/Documents/DabEngine","capabilities":{"workspace":{"applyEdit":true,"didChangeConfiguration":{"dynamicRegistration":false},"didChangeWatchedFiles":{"dynamicRegistration":false},"symbol":{"dynamicRegistration":true},"executeCommand":{"dynamicRegistration":true}},"textDocument":{"synchronization":{"dynamicRegistration":true,"willSave":true,"willSaveWaitUntil":true,"didSave":true},"completion":{"dynamicRegistration":true,"completionItem":{"snippetSupport":true}},"hover":{"dynamicRegistration":true},"signatureHelp":{"dynamicRegistration":true},"references":{"dynamicRegistration":true},"documentHighlight":{"dynamicRegistration":true},"documentSymbol":{"dynamicRegistration":true},"formatting":{"dynamicRegistration":true},"rangeFormatting":{"dynamicRegistration":true},"onTypeFormatting":{"dynamicRegistration":true},"definition":{"dynamicRegistration":true},"codeAction":{"dynamicRegistration":true},"codeLens":{"dynamicRegistration":true},"documentLink":{"dynamicRegistration":true},"rename":{"dynamicRegistration":true}}},"trace":"off"}}
[2019-08-24 23:08:21,164] DEBUG langserver.core.Connection - Received {"jsonrpc":"2.0","id":0,"method":"initialize","params":{"processId":10804,"rootPath":"c:\\Users\\B\\Documents\\DabEngine","rootUri":"file:///c%3A/Users/B/Documents/DabEngine","capabilities":{"workspace":{"applyEdit":true,"didChangeConfiguration":{"dynamicRegistration":false},"didChangeWatchedFiles":{"dynamicRegistration":false},"symbol":{"dynamicRegistration":true},"executeCommand":{"dynamicRegistration":true}},"textDocument":{"synchronization":{"dynamicRegistration":true,"willSave":true,"willSaveWaitUntil":true,"didSave":true},"completion":{"dynamicRegistration":true,"completionItem":{"snippetSupport":true}},"hover":{"dynamicRegistration":true},"signatureHelp":{"dynamicRegistration":true},"references":{"dynamicRegistration":true},"documentHighlight":{"dynamicRegistration":true},"documentSymbol":{"dynamicRegistration":true},"formatting":{"dynamicRegistration":true},"rangeFormatting":{"dynamicRegistration":true},"onTypeFormatting":{"dynamicRegistration":true},"definition":{"dynamicRegistration":true},"codeAction":{"dynamicRegistration":true},"codeLens":{"dynamicRegistration":true},"documentLink":{"dynamicRegistration":true},"rename":{"dynamicRegistration":true}}},"trace":"off"}}
[2019-08-24 23:08:22,549] INFO org.github.dragos.vscode.EnsimeLanguageServer - Initialized with 10804, c:\Users\B\Documents\DabEngine, ClientCapabilities()
[2019-08-24 23:08:22,549] INFO org.github.dragos.vscode.EnsimeLanguageServer - Initialized with 10804, c:\Users\B\Documents\DabEngine, ClientCapabilities()
[2019-08-24 23:08:22,557] DEBUG org.github.dragos.vscode.EnsimeLanguageServer - ensime.config = "C:/Users/B/Documents/DabEngine/.ensime" 
[2019-08-24 23:08:22,557] DEBUG org.github.dragos.vscode.EnsimeLanguageServer - ensime.config = "C:/Users/B/Documents/DabEngine/.ensime" 
[2019-08-24 23:08:23,934] INFO akka.event.slf4j.Slf4jLogger - Slf4jLogger started
[2019-08-24 23:08:24,462] ERROR org.github.dragos.vscode.EnsimeLanguageServer - initializeEnsime Error: C:\Users\B\Documents\DabEngine\.ensime
[2019-08-24 23:08:24,462] ERROR org.github.dragos.vscode.EnsimeLanguageServer - initializeEnsime Error: C:\Users\B\Documents\DabEngine\.ensime
[2019-08-24 23:08:24,668] DEBUG langserver.core.MessageWriter - Content-Length: 146



{"jsonrpc":"2.0","method":"window/showMessage","params":{"tpe":1,"message":"No .ensime file in directory. Run `sbt ensimeConfig` to create one."}}
[2019-08-24 23:08:24,668] DEBUG langserver.core.MessageWriter - Content-Length: 146



{"jsonrpc":"2.0","method":"window/showMessage","params":{"tpe":1,"message":"No .ensime file in directory. Run `sbt ensimeConfig` to create one."}}
[2019-08-24 23:08:24,669] DEBUG langserver.core.MessageWriter - payload: {"jsonrpc":"2.0","method":"window/showMessage","params":{"tpe":1,"message":"No .ensime file in directory. Run `sbt ensimeConfig` to create one."}}
[2019-08-24 23:08:24,669] DEBUG langserver.core.MessageWriter - payload: {"jsonrpc":"2.0","method":"window/showMessage","params":{"tpe":1,"message":"No .ensime file in directory. Run `sbt ensimeConfig` to create one."}}
[2019-08-24 23:08:24,997] DEBUG langserver.core.MessageWriter - Content-Length: 441



{"jsonrpc":"2.0","result":{"capabilities":{"textDocumentSync":1,"hoverProvider":true,"completionProvider":{"resolveProvider":false,"triggerCharacters":["."]},"definitionProvider":true,"referencesProvider":false,"documentHighlightProvider":false,"documentSymbolProvider":true,"workspaceSymbolProvider":false,"codeActionProvider":false,"documentFormattingProvider":false,"documentRangeFormattingProvider":false,"renameProvider":false}},"id":0}
[2019-08-24 23:08:24,997] DEBUG langserver.core.MessageWriter - Content-Length: 441



{"jsonrpc":"2.0","result":{"capabilities":{"textDocumentSync":1,"hoverProvider":true,"completionProvider":{"resolveProvider":false,"triggerCharacters":["."]},"definitionProvider":true,"referencesProvider":false,"documentHighlightProvider":false,"documentSymbolProvider":true,"workspaceSymbolProvider":false,"codeActionProvider":false,"documentFormattingProvider":false,"documentRangeFormattingProvider":false,"renameProvider":false}},"id":0}
[2019-08-24 23:08:24,998] DEBUG langserver.core.MessageWriter - payload: {"jsonrpc":"2.0","result":{"capabilities":{"textDocumentSync":1,"hoverProvider":true,"completionProvider":{"resolveProvider":false,"triggerCharacters":["."]},"definitionProvider":true,"referencesProvider":false,"documentHighlightProvider":false,"documentSymbolProvider":true,"workspaceSymbolProvider":false,"codeActionProvider":false,"documentFormattingProvider":false,"documentRangeFormattingProvider":false,"renameProvider":false}},"id":0}
[2019-08-24 23:08:24,998] DEBUG langserver.core.MessageWriter - payload: {"jsonrpc":"2.0","result":{"capabilities":{"textDocumentSync":1,"hoverProvider":true,"completionProvider":{"resolveProvider":false,"triggerCharacters":["."]},"definitionProvider":true,"referencesProvider":false,"documentHighlightProvider":false,"documentSymbolProvider":true,"workspaceSymbolProvider":false,"codeActionProvider":false,"documentFormattingProvider":false,"documentRangeFormattingProvider":false,"renameProvider":false}},"id":0}
[2019-08-24 23:08:25,002] DEBUG langserver.core.MessageReader - Received headers:
Content-Length: 52
[2019-08-24 23:08:25,002] DEBUG langserver.core.MessageReader - Received headers:
Content-Length: 52
[2019-08-24 23:08:25,004] DEBUG langserver.core.Connection - Received {"jsonrpc":"2.0","method":"initialized","params":{}}
[2019-08-24 23:08:25,004] DEBUG langserver.core.Connection - Received {"jsonrpc":"2.0","method":"initialized","params":{}}
[2019-08-24 23:08:25,037] ERROR org.github.dragos.vscode.EnsimeLanguageServer - Unknown notification Initialized()
[2019-08-24 23:08:25,037] ERROR org.github.dragos.vscode.EnsimeLanguageServer - Unknown notification Initialized()
[2019-08-24 23:08:25,037] DEBUG langserver.core.MessageReader - Received headers:
Content-Length: 321
[2019-08-24 23:08:25,037] DEBUG langserver.core.MessageReader - Received headers:
Content-Length: 321
[2019-08-24 23:08:25,039] DEBUG langserver.core.Connection - Received {"jsonrpc":"2.0","method":"textDocument/didOpen","params":{"textDocument":{"uri":"file:///c%3A/Users/B/Documents/DabEngine/src/main/java/DabEngine/Script/Test.scala","languageId":"scala","version":1,"text":"object HelloWorld {\r\n  def main(args: Array[String]): Unit = {\r\n    println(\"Hello, world!\")\r\n  }\r\n}"}}}
[2019-08-24 23:08:25,039] DEBUG langserver.core.Connection - Received {"jsonrpc":"2.0","method":"textDocument/didOpen","params":{"textDocument":{"uri":"file:///c%3A/Users/B/Documents/DabEngine/src/main/java/DabEngine/Script/Test.scala","languageId":"scala","version":1,"text":"object HelloWorld {\r\n  def main(args: Array[String]): Unit = {\r\n    println(\"Hello, world!\")\r\n  }\r\n}"}}}
[2019-08-24 23:10:21,917] DEBUG langserver.core.MessageReader - Received headers:
Content-Length: 58
[2019-08-24 23:10:21,917] DEBUG langserver.core.MessageReader - Received headers:
Content-Length: 58
[2019-08-24 23:10:21,918] DEBUG langserver.core.Connection - Received {"jsonrpc":"2.0","id":1,"method":"shutdown","params":null}
[2019-08-24 23:10:21,918] DEBUG langserver.core.Connection - Received {"jsonrpc":"2.0","id":1,"method":"shutdown","params":null}
[2019-08-24 23:10:21,978] DEBUG langserver.core.MessageWriter - Content-Length: 198



{"jsonrpc":"2.0","error":{"code":-32602,"message":"Invalid params","data":{"meaning":"Invalid method parameter(s).","error":{"obj":[{"msg":["command parameters must be given"],"args":[]}]}}},"id":1}
[2019-08-24 23:10:21,978] DEBUG langserver.core.MessageWriter - Content-Length: 198



{"jsonrpc":"2.0","error":{"code":-32602,"message":"Invalid params","data":{"meaning":"Invalid method parameter(s).","error":{"obj":[{"msg":["command parameters must be given"],"args":[]}]}}},"id":1}
[2019-08-24 23:10:21,979] DEBUG langserver.core.MessageWriter - payload: {"jsonrpc":"2.0","error":{"code":-32602,"message":"Invalid params","data":{"meaning":"Invalid method parameter(s).","error":{"obj":[{"msg":["command parameters must be given"],"args":[]}]}}},"id":1}
[2019-08-24 23:10:21,979] DEBUG langserver.core.MessageWriter - payload: {"jsonrpc":"2.0","error":{"code":-32602,"message":"Invalid params","data":{"meaning":"Invalid method parameter(s).","error":{"obj":[{"msg":["command parameters must be given"],"args":[]}]}}},"id":1}
