#
# A fatal error has been detected by the Java Runtime Environment:
#
#  EXCEPTION_ACCESS_VIOLATION (0xc0000005) at pc=0x00007ff942e00adc, pid=12792, tid=12124
#
# JRE version: Java(TM) SE Runtime Environment (11.0.1+13) (build 11.0.1+13-LTS)
# Java VM: Java HotSpot(TM) 64-Bit Server VM (11.0.1+13-LTS, mixed mode, tiered, compressed oops, g1 gc, windows-amd64)
# Problematic frame:
# C  [renderdoc.dll+0x280adc]
#
# No core dump will be written. Minidumps are not enabled by default on client versions of Windows
#
# If you would like to submit a bug report, please visit:
#   http://bugreport.java.com/bugreport/crash.jsp
# The crash happened outside the Java Virtual Machine in native code.
# See problematic frame for where to report the bug.
#

---------------  S U M M A R Y ------------

Command Line: -Dfile.encoding=UTF-8 DabEngine.TestCaseEngine

Host: Intel(R) Core(TM) i3-3110M CPU @ 2.40GHz, 4 cores, 7G,  Windows 10 , 64 bit Build 17134 (10.0.17134.753)
Time: Thu Aug  8 13:07:45 2019 GMT Daylight Time elapsed time: 2 seconds (0d 0h 0m 2s)

---------------  T H R E A D  ---------------

Current thread (0x000001dc5037c000):  JavaThread "main" [_thread_in_native, id=12124, stack(0x0000000f0c400000,0x0000000f0c500000)]

Stack: [0x0000000f0c400000,0x0000000f0c500000],  sp=0x0000000f0c4fdec0,  free space=1015k
Native frames: (J=compiled Java code, j=interpreted, Vv=VM code, C=native code)
C  [renderdoc.dll+0x280adc]

Java frames: (J=compiled Java code, j=interpreted, Vv=VM code)
j  org.lwjgl.system.JNI.invokePPPP(IIJJJJ)J+0
j  org.lwjgl.glfw.GLFW.nglfwCreateWindow(IIJJJ)J+14
j  org.lwjgl.glfw.GLFW.glfwCreateWindow(IILjava/lang/CharSequence;JJ)J+37
j  DabEngine.Graphics.OpenGL.Window.<init>(LDabEngine/Core/App;)V+414
j  DabEngine.Core.Engine.init(LDabEngine/Core/App;)V+6
j  DabEngine.TestCaseEngine.main([Ljava/lang/String;)V+10
v  ~StubRoutines::call_stub

siginfo: EXCEPTION_ACCESS_VIOLATION (0xc0000005), reading address 0xffffffffffffffff


Register to memory mapping:

RIP=0x00007ff942e00adc renderdoc.dll
RAX=0x5065727574786574 is an unknown value
RBX=0x000001dc705a94b0 points into unknown readable memory
RCX=0x000001dc70236930 points into unknown readable memory
RDX=0x000001dc705a3548 points into unknown readable memory
RSP=0x0000000f0c4fdec0 is pointing into the stack for thread: 0x000001dc5037c000
RBP=0x0000000f0c4fe000 is pointing into the stack for thread: 0x000001dc5037c000
RSI=0x0 is NULL
RDI=0x000001dc705a3548 points into unknown readable memory
R8 =0x0000000000006790 is an unknown value
R9 =0x00000000000000a2 is an unknown value
R10=0x000001dc76e92ee0 points into unknown readable memory
R11=0x0 is NULL
R12=0x0 is NULL
R13=0x0 is NULL
R14=0x000001dc77179dc0 points into unknown readable memory
R15=0x0000000f0c4fe330 is pointing into the stack for thread: 0x000001dc5037c000


Registers:
RAX=0x5065727574786574, RBX=0x000001dc705a94b0, RCX=0x000001dc70236930, RDX=0x000001dc705a3548
RSP=0x0000000f0c4fdec0, RBP=0x0000000f0c4fe000, RSI=0x0000000000000000, RDI=0x000001dc705a3548
R8 =0x0000000000006790, R9 =0x00000000000000a2, R10=0x000001dc76e92ee0, R11=0x0000000000000000
R12=0x0000000000000000, R13=0x0000000000000000, R14=0x000001dc77179dc0, R15=0x0000000f0c4fe330
RIP=0x00007ff942e00adc, EFLAGS=0x0000000000010206

Top of Stack: (sp=0x0000000f0c4fdec0)
0x0000000f0c4fdec0:   0000000000000000 0000000000000000
0x0000000f0c4fded0:   0000000000000000 0000000000000000
0x0000000f0c4fdee0:   fffffffffffffffe 0000000000000000
0x0000000f0c4fdef0:   0000000000000000 00007ff942daa73a
0x0000000f0c4fdf00:   000001dc705a3548 000001dc705a94b0
0x0000000f0c4fdf10:   0000000000000000 000001dc705a3530
0x0000000f0c4fdf20:   0000000000000000 0000000000000000
0x0000000f0c4fdf30:   0000000000000000 0000000000000000
0x0000000f0c4fdf40:   0000000000000000 0000000000000000
0x0000000f0c4fdf50:   0000000000000000 0000000000000000
0x0000000f0c4fdf60:   0000000000000000 0000000000000000
0x0000000f0c4fdf70:   0000016600008086 00000009397717aa
0x0000000f0c4fdf80:   0000000000000000 0000000000000000
0x0000000f0c4fdf90:   0000000070000000 000000000000a1f6
0x0000000f0c4fdfa0:   0000000000000000 00007ff994481fd2
0x0000000f0c4fdfb0:   0000000000000000 0000000000000000 

Instructions: (pc=0x00007ff942e00adc)
0x00007ff942e00abc:   39 b0 60 03 00 00 74 1b e8 c7 cf e5 ff 48 8b 88
0x00007ff942e00acc:   60 03 00 00 48 8b 01 41 b8 90 67 00 00 48 8b d7
0x00007ff942e00adc:   ff 50 08 48 89 b7 f0 00 00 00 66 c7 47 08 00 00
0x00007ff942e00aec:   48 89 bf a0 5a 00 00 48 8d 4f 50 33 d2 41 b8 84 



---------------  P R O C E S S  ---------------

Threads class SMR info:
_java_thread_list=0x000001dc76b044a0, length=10, elements={
0x000001dc5037c000, 0x000001dc6e6c3800, 0x000001dc6e6ef800, 0x000001dc6f051800,
0x000001dc6f052800, 0x000001dc6e702800, 0x000001dc6f001000, 0x000001dc6f006800,
0x000001dc6f349000, 0x000001dc6f34d000
}

Java Threads: ( => current thread )
=>0x000001dc5037c000 JavaThread "main" [_thread_in_native, id=12124, stack(0x0000000f0c400000,0x0000000f0c500000)]
  0x000001dc6e6c3800 JavaThread "Reference Handler" daemon [_thread_blocked, id=13268, stack(0x0000000f0cb00000,0x0000000f0cc00000)]
  0x000001dc6e6ef800 JavaThread "Finalizer" daemon [_thread_blocked, id=5072, stack(0x0000000f0cc00000,0x0000000f0cd00000)]
  0x000001dc6f051800 JavaThread "Signal Dispatcher" daemon [_thread_blocked, id=7072, stack(0x0000000f0cd00000,0x0000000f0ce00000)]
  0x000001dc6f052800 JavaThread "Attach Listener" daemon [_thread_blocked, id=7056, stack(0x0000000f0ce00000,0x0000000f0cf00000)]
  0x000001dc6e702800 JavaThread "C2 CompilerThread0" daemon [_thread_in_native, id=7216, stack(0x0000000f0cf00000,0x0000000f0d000000)]
  0x000001dc6f001000 JavaThread "C1 CompilerThread0" daemon [_thread_blocked, id=11488, stack(0x0000000f0d000000,0x0000000f0d100000)]
  0x000001dc6f006800 JavaThread "Sweeper thread" daemon [_thread_blocked, id=12580, stack(0x0000000f0d100000,0x0000000f0d200000)]
  0x000001dc6f349000 JavaThread "Service Thread" daemon [_thread_blocked, id=4380, stack(0x0000000f0d200000,0x0000000f0d300000)]
  0x000001dc6f34d000 JavaThread "Common-Cleaner" daemon [_thread_blocked, id=12760, stack(0x0000000f0d400000,0x0000000f0d500000)]

Other Threads:
  0x000001dc6e6c0000 VMThread "VM Thread" [stack: 0x0000000f0ca00000,0x0000000f0cb00000] [id=12004]
  0x000001dc6f34e000 WatcherThread [stack: 0x0000000f0d300000,0x0000000f0d400000] [id=11956]
  0x000001dc50394000 GCTaskThread "GC Thread#0" [stack: 0x0000000f0c500000,0x0000000f0c600000] [id=7996]
  0x000001dc6fae0000 GCTaskThread "GC Thread#1" [stack: 0x0000000f0d600000,0x0000000f0d700000] [id=11648]
  0x000001dc6fbfc800 GCTaskThread "GC Thread#2" [stack: 0x0000000f0d700000,0x0000000f0d800000] [id=7068]
  0x000001dc503c3000 ConcurrentGCThread "G1 Main Marker" [stack: 0x0000000f0c600000,0x0000000f0c700000] [id=4680]
  0x000001dc503c7000 ConcurrentGCThread "G1 Conc#0" [stack: 0x0000000f0c700000,0x0000000f0c800000] [id=9868]
  0x000001dc6e528800 ConcurrentGCThread "G1 Refine#0" [stack: 0x0000000f0c800000,0x0000000f0c900000] [id=12208]
  0x000001dc6e529800 ConcurrentGCThread "G1 Young RemSet Sampling" [stack: 0x0000000f0c900000,0x0000000f0ca00000] [id=4364]

Threads with active compile tasks:
C2 CompilerThread0 804   !   4       jdk.internal.loader.URLClassPath$JarLoader::getResource (353 bytes)

VM state:not at safepoint (normal execution)

VM Mutex/Monitor currently owned by a thread: None

Heap address: 0x0000000081800000, size: 2024 MB, Compressed Oops mode: 32-bit
Narrow klass base: 0x0000000000000000, Narrow klass shift: 3
Compressed class space size: 1073741824 Address: 0x0000000100000000

Heap:
 garbage-first heap   total 131072K, used 14277K [0x0000000081800000, 0x0000000100000000)
  region size 1024K, 11 young (11264K), 2 survivors (2048K)
 Metaspace       used 9316K, capacity 9496K, committed 9600K, reserved 1058816K
  class space    used 807K, capacity 847K, committed 896K, reserved 1048576K
Heap Regions: E=young(eden), S=young(survivor), O=old, HS=humongous(starts), HC=humongous(continues), CS=collection set, F=free, A=archive, TAMS=top-at-mark-start (previous, next)
|   0|0x0000000081800000, 0x0000000081900000, 0x0000000081900000|100%|HS|  |TAMS 0x0000000081800000, 0x0000000081800000| Complete 
|   1|0x0000000081900000, 0x0000000081a00000, 0x0000000081a00000|100%|HC|  |TAMS 0x0000000081900000, 0x0000000081900000| Complete 
|   2|0x0000000081a00000, 0x0000000081b00000, 0x0000000081b00000|100%| O|  |TAMS 0x0000000081a00000, 0x0000000081a00000| Untracked 
|   3|0x0000000081b00000, 0x0000000081bf1600, 0x0000000081c00000| 94%| O|  |TAMS 0x0000000081b00000, 0x0000000081b00000| Untracked 
|   4|0x0000000081c00000, 0x0000000081c00000, 0x0000000081d00000|  0%| F|  |TAMS 0x0000000081c00000, 0x0000000081c00000| Untracked 
|   5|0x0000000081d00000, 0x0000000081d00000, 0x0000000081e00000|  0%| F|  |TAMS 0x0000000081d00000, 0x0000000081d00000| Untracked 
|   6|0x0000000081e00000, 0x0000000081e00000, 0x0000000081f00000|  0%| F|  |TAMS 0x0000000081e00000, 0x0000000081e00000| Untracked 
|   7|0x0000000081f00000, 0x0000000081f00000, 0x0000000082000000|  0%| F|  |TAMS 0x0000000081f00000, 0x0000000081f00000| Untracked 
|   8|0x0000000082000000, 0x0000000082000000, 0x0000000082100000|  0%| F|  |TAMS 0x0000000082000000, 0x0000000082000000| Untracked 
|   9|0x0000000082100000, 0x0000000082100000, 0x0000000082200000|  0%| F|  |TAMS 0x0000000082100000, 0x0000000082100000| Untracked 
|  10|0x0000000082200000, 0x0000000082200000, 0x0000000082300000|  0%| F|  |TAMS 0x0000000082200000, 0x0000000082200000| Untracked 
|  11|0x0000000082300000, 0x0000000082300000, 0x0000000082400000|  0%| F|  |TAMS 0x0000000082300000, 0x0000000082300000| Untracked 
|  12|0x0000000082400000, 0x0000000082400000, 0x0000000082500000|  0%| F|  |TAMS 0x0000000082400000, 0x0000000082400000| Untracked 
|  13|0x0000000082500000, 0x0000000082500000, 0x0000000082600000|  0%| F|  |TAMS 0x0000000082500000, 0x0000000082500000| Untracked 
|  14|0x0000000082600000, 0x0000000082600000, 0x0000000082700000|  0%| F|  |TAMS 0x0000000082600000, 0x0000000082600000| Untracked 
|  15|0x0000000082700000, 0x0000000082700000, 0x0000000082800000|  0%| F|  |TAMS 0x0000000082700000, 0x0000000082700000| Untracked 
|  16|0x0000000082800000, 0x0000000082800000, 0x0000000082900000|  0%| F|  |TAMS 0x0000000082800000, 0x0000000082800000| Untracked 
|  17|0x0000000082900000, 0x0000000082900000, 0x0000000082a00000|  0%| F|  |TAMS 0x0000000082900000, 0x0000000082900000| Untracked 
|  18|0x0000000082a00000, 0x0000000082a00000, 0x0000000082b00000|  0%| F|  |TAMS 0x0000000082a00000, 0x0000000082a00000| Untracked 
|  19|0x0000000082b00000, 0x0000000082b00000, 0x0000000082c00000|  0%| F|  |TAMS 0x0000000082b00000, 0x0000000082b00000| Untracked 
|  20|0x0000000082c00000, 0x0000000082c00000, 0x0000000082d00000|  0%| F|  |TAMS 0x0000000082c00000, 0x0000000082c00000| Untracked 
|  21|0x0000000082d00000, 0x0000000082d00000, 0x0000000082e00000|  0%| F|  |TAMS 0x0000000082d00000, 0x0000000082d00000| Untracked 
|  22|0x0000000082e00000, 0x0000000082e00000, 0x0000000082f00000|  0%| F|  |TAMS 0x0000000082e00000, 0x0000000082e00000| Untracked 
|  23|0x0000000082f00000, 0x0000000082f00000, 0x0000000083000000|  0%| F|  |TAMS 0x0000000082f00000, 0x0000000082f00000| Untracked 
|  24|0x0000000083000000, 0x0000000083000000, 0x0000000083100000|  0%| F|  |TAMS 0x0000000083000000, 0x0000000083000000| Untracked 
|  25|0x0000000083100000, 0x0000000083100000, 0x0000000083200000|  0%| F|  |TAMS 0x0000000083100000, 0x0000000083100000| Untracked 
|  26|0x0000000083200000, 0x0000000083200000, 0x0000000083300000|  0%| F|  |TAMS 0x0000000083200000, 0x0000000083200000| Untracked 
|  27|0x0000000083300000, 0x0000000083300000, 0x0000000083400000|  0%| F|  |TAMS 0x0000000083300000, 0x0000000083300000| Untracked 
|  28|0x0000000083400000, 0x0000000083400000, 0x0000000083500000|  0%| F|  |TAMS 0x0000000083400000, 0x0000000083400000| Untracked 
|  29|0x0000000083500000, 0x0000000083500000, 0x0000000083600000|  0%| F|  |TAMS 0x0000000083500000, 0x0000000083500000| Untracked 
|  30|0x0000000083600000, 0x0000000083600000, 0x0000000083700000|  0%| F|  |TAMS 0x0000000083600000, 0x0000000083600000| Untracked 
|  31|0x0000000083700000, 0x0000000083700000, 0x0000000083800000|  0%| F|  |TAMS 0x0000000083700000, 0x0000000083700000| Untracked 
|  32|0x0000000083800000, 0x0000000083800000, 0x0000000083900000|  0%| F|  |TAMS 0x0000000083800000, 0x0000000083800000| Untracked 
|  33|0x0000000083900000, 0x0000000083900000, 0x0000000083a00000|  0%| F|  |TAMS 0x0000000083900000, 0x0000000083900000| Untracked 
|  34|0x0000000083a00000, 0x0000000083a00000, 0x0000000083b00000|  0%| F|  |TAMS 0x0000000083a00000, 0x0000000083a00000| Untracked 
|  35|0x0000000083b00000, 0x0000000083b00000, 0x0000000083c00000|  0%| F|  |TAMS 0x0000000083b00000, 0x0000000083b00000| Untracked 
|  36|0x0000000083c00000, 0x0000000083c00000, 0x0000000083d00000|  0%| F|  |TAMS 0x0000000083c00000, 0x0000000083c00000| Untracked 
|  37|0x0000000083d00000, 0x0000000083d00000, 0x0000000083e00000|  0%| F|  |TAMS 0x0000000083d00000, 0x0000000083d00000| Untracked 
|  38|0x0000000083e00000, 0x0000000083e00000, 0x0000000083f00000|  0%| F|  |TAMS 0x0000000083e00000, 0x0000000083e00000| Untracked 
|  39|0x0000000083f00000, 0x0000000083f00000, 0x0000000084000000|  0%| F|  |TAMS 0x0000000083f00000, 0x0000000083f00000| Untracked 
|  40|0x0000000084000000, 0x0000000084000000, 0x0000000084100000|  0%| F|  |TAMS 0x0000000084000000, 0x0000000084000000| Untracked 
|  41|0x0000000084100000, 0x0000000084100000, 0x0000000084200000|  0%| F|  |TAMS 0x0000000084100000, 0x0000000084100000| Untracked 
|  42|0x0000000084200000, 0x0000000084200000, 0x0000000084300000|  0%| F|  |TAMS 0x0000000084200000, 0x0000000084200000| Untracked 
|  43|0x0000000084300000, 0x0000000084300000, 0x0000000084400000|  0%| F|  |TAMS 0x0000000084300000, 0x0000000084300000| Untracked 
|  44|0x0000000084400000, 0x0000000084400000, 0x0000000084500000|  0%| F|  |TAMS 0x0000000084400000, 0x0000000084400000| Untracked 
|  45|0x0000000084500000, 0x0000000084500000, 0x0000000084600000|  0%| F|  |TAMS 0x0000000084500000, 0x0000000084500000| Untracked 
|  46|0x0000000084600000, 0x0000000084600000, 0x0000000084700000|  0%| F|  |TAMS 0x0000000084600000, 0x0000000084600000| Untracked 
|  47|0x0000000084700000, 0x0000000084700000, 0x0000000084800000|  0%| F|  |TAMS 0x0000000084700000, 0x0000000084700000| Untracked 
|  48|0x0000000084800000, 0x0000000084800000, 0x0000000084900000|  0%| F|  |TAMS 0x0000000084800000, 0x0000000084800000| Untracked 
|  49|0x0000000084900000, 0x0000000084900000, 0x0000000084a00000|  0%| F|  |TAMS 0x0000000084900000, 0x0000000084900000| Untracked 
|  50|0x0000000084a00000, 0x0000000084a00000, 0x0000000084b00000|  0%| F|  |TAMS 0x0000000084a00000, 0x0000000084a00000| Untracked 
|  51|0x0000000084b00000, 0x0000000084b00000, 0x0000000084c00000|  0%| F|  |TAMS 0x0000000084b00000, 0x0000000084b00000| Untracked 
|  52|0x0000000084c00000, 0x0000000084c00000, 0x0000000084d00000|  0%| F|  |TAMS 0x0000000084c00000, 0x0000000084c00000| Untracked 
|  53|0x0000000084d00000, 0x0000000084d00000, 0x0000000084e00000|  0%| F|  |TAMS 0x0000000084d00000, 0x0000000084d00000| Untracked 
|  54|0x0000000084e00000, 0x0000000084e00000, 0x0000000084f00000|  0%| F|  |TAMS 0x0000000084e00000, 0x0000000084e00000| Untracked 
|  55|0x0000000084f00000, 0x0000000084f00000, 0x0000000085000000|  0%| F|  |TAMS 0x0000000084f00000, 0x0000000084f00000| Untracked 
|  56|0x0000000085000000, 0x0000000085000000, 0x0000000085100000|  0%| F|  |TAMS 0x0000000085000000, 0x0000000085000000| Untracked 
|  57|0x0000000085100000, 0x0000000085100000, 0x0000000085200000|  0%| F|  |TAMS 0x0000000085100000, 0x0000000085100000| Untracked 
|  58|0x0000000085200000, 0x0000000085200000, 0x0000000085300000|  0%| F|  |TAMS 0x0000000085200000, 0x0000000085200000| Untracked 
|  59|0x0000000085300000, 0x0000000085300000, 0x0000000085400000|  0%| F|  |TAMS 0x0000000085300000, 0x0000000085300000| Untracked 
|  60|0x0000000085400000, 0x0000000085400000, 0x0000000085500000|  0%| F|  |TAMS 0x0000000085400000, 0x0000000085400000| Untracked 
|  61|0x0000000085500000, 0x0000000085500000, 0x0000000085600000|  0%| F|  |TAMS 0x0000000085500000, 0x0000000085500000| Untracked 
|  62|0x0000000085600000, 0x0000000085600000, 0x0000000085700000|  0%| F|  |TAMS 0x0000000085600000, 0x0000000085600000| Untracked 
|  63|0x0000000085700000, 0x0000000085700000, 0x0000000085800000|  0%| F|  |TAMS 0x0000000085700000, 0x0000000085700000| Untracked 
|  64|0x0000000085800000, 0x0000000085800000, 0x0000000085900000|  0%| F|  |TAMS 0x0000000085800000, 0x0000000085800000| Untracked 
|  65|0x0000000085900000, 0x0000000085900000, 0x0000000085a00000|  0%| F|  |TAMS 0x0000000085900000, 0x0000000085900000| Untracked 
|  66|0x0000000085a00000, 0x0000000085a00000, 0x0000000085b00000|  0%| F|  |TAMS 0x0000000085a00000, 0x0000000085a00000| Untracked 
|  67|0x0000000085b00000, 0x0000000085b00000, 0x0000000085c00000|  0%| F|  |TAMS 0x0000000085b00000, 0x0000000085b00000| Untracked 
|  68|0x0000000085c00000, 0x0000000085c00000, 0x0000000085d00000|  0%| F|  |TAMS 0x0000000085c00000, 0x0000000085c00000| Untracked 
|  69|0x0000000085d00000, 0x0000000085d00000, 0x0000000085e00000|  0%| F|  |TAMS 0x0000000085d00000, 0x0000000085d00000| Untracked 
|  70|0x0000000085e00000, 0x0000000085e00000, 0x0000000085f00000|  0%| F|  |TAMS 0x0000000085e00000, 0x0000000085e00000| Untracked 
|  71|0x0000000085f00000, 0x0000000085f00000, 0x0000000086000000|  0%| F|  |TAMS 0x0000000085f00000, 0x0000000085f00000| Untracked 
|  72|0x0000000086000000, 0x0000000086000000, 0x0000000086100000|  0%| F|  |TAMS 0x0000000086000000, 0x0000000086000000| Untracked 
|  73|0x0000000086100000, 0x0000000086100000, 0x0000000086200000|  0%| F|  |TAMS 0x0000000086100000, 0x0000000086100000| Untracked 
|  74|0x0000000086200000, 0x0000000086200000, 0x0000000086300000|  0%| F|  |TAMS 0x0000000086200000, 0x0000000086200000| Untracked 
|  75|0x0000000086300000, 0x0000000086300000, 0x0000000086400000|  0%| F|  |TAMS 0x0000000086300000, 0x0000000086300000| Untracked 
|  76|0x0000000086400000, 0x0000000086400000, 0x0000000086500000|  0%| F|  |TAMS 0x0000000086400000, 0x0000000086400000| Untracked 
|  77|0x0000000086500000, 0x0000000086500000, 0x0000000086600000|  0%| F|  |TAMS 0x0000000086500000, 0x0000000086500000| Untracked 
|  78|0x0000000086600000, 0x0000000086600000, 0x0000000086700000|  0%| F|  |TAMS 0x0000000086600000, 0x0000000086600000| Untracked 
|  79|0x0000000086700000, 0x0000000086700000, 0x0000000086800000|  0%| F|  |TAMS 0x0000000086700000, 0x0000000086700000| Untracked 
|  80|0x0000000086800000, 0x0000000086800000, 0x0000000086900000|  0%| F|  |TAMS 0x0000000086800000, 0x0000000086800000| Untracked 
|  81|0x0000000086900000, 0x0000000086900000, 0x0000000086a00000|  0%| F|  |TAMS 0x0000000086900000, 0x0000000086900000| Untracked 
|  82|0x0000000086a00000, 0x0000000086a00000, 0x0000000086b00000|  0%| F|  |TAMS 0x0000000086a00000, 0x0000000086a00000| Untracked 
|  83|0x0000000086b00000, 0x0000000086b00000, 0x0000000086c00000|  0%| F|  |TAMS 0x0000000086b00000, 0x0000000086b00000| Untracked 
|  84|0x0000000086c00000, 0x0000000086c00000, 0x0000000086d00000|  0%| F|  |TAMS 0x0000000086c00000, 0x0000000086c00000| Untracked 
|  85|0x0000000086d00000, 0x0000000086d00000, 0x0000000086e00000|  0%| F|  |TAMS 0x0000000086d00000, 0x0000000086d00000| Untracked 
|  86|0x0000000086e00000, 0x0000000086e00000, 0x0000000086f00000|  0%| F|  |TAMS 0x0000000086e00000, 0x0000000086e00000| Untracked 
|  87|0x0000000086f00000, 0x0000000086f00000, 0x0000000087000000|  0%| F|  |TAMS 0x0000000086f00000, 0x0000000086f00000| Untracked 
|  88|0x0000000087000000, 0x0000000087000000, 0x0000000087100000|  0%| F|  |TAMS 0x0000000087000000, 0x0000000087000000| Untracked 
|  89|0x0000000087100000, 0x0000000087100000, 0x0000000087200000|  0%| F|  |TAMS 0x0000000087100000, 0x0000000087100000| Untracked 
|  90|0x0000000087200000, 0x0000000087200000, 0x0000000087300000|  0%| F|  |TAMS 0x0000000087200000, 0x0000000087200000| Untracked 
|  91|0x0000000087300000, 0x0000000087300000, 0x0000000087400000|  0%| F|  |TAMS 0x0000000087300000, 0x0000000087300000| Untracked 
|  92|0x0000000087400000, 0x0000000087400000, 0x0000000087500000|  0%| F|  |TAMS 0x0000000087400000, 0x0000000087400000| Untracked 
|  93|0x0000000087500000, 0x0000000087500000, 0x0000000087600000|  0%| F|  |TAMS 0x0000000087500000, 0x0000000087500000| Untracked 
|  94|0x0000000087600000, 0x0000000087600000, 0x0000000087700000|  0%| F|  |TAMS 0x0000000087600000, 0x0000000087600000| Untracked 
|  95|0x0000000087700000, 0x0000000087700000, 0x0000000087800000|  0%| F|  |TAMS 0x0000000087700000, 0x0000000087700000| Untracked 
|  96|0x0000000087800000, 0x0000000087800000, 0x0000000087900000|  0%| F|  |TAMS 0x0000000087800000, 0x0000000087800000| Untracked 
|  97|0x0000000087900000, 0x0000000087900000, 0x0000000087a00000|  0%| F|  |TAMS 0x0000000087900000, 0x0000000087900000| Untracked 
|  98|0x0000000087a00000, 0x0000000087a00000, 0x0000000087b00000|  0%| F|  |TAMS 0x0000000087a00000, 0x0000000087a00000| Untracked 
|  99|0x0000000087b00000, 0x0000000087b00000, 0x0000000087c00000|  0%| F|  |TAMS 0x0000000087b00000, 0x0000000087b00000| Untracked 
| 100|0x0000000087c00000, 0x0000000087c00000, 0x0000000087d00000|  0%| F|  |TAMS 0x0000000087c00000, 0x0000000087c00000| Untracked 
| 101|0x0000000087d00000, 0x0000000087d00000, 0x0000000087e00000|  0%| F|  |TAMS 0x0000000087d00000, 0x0000000087d00000| Untracked 
| 102|0x0000000087e00000, 0x0000000087e00000, 0x0000000087f00000|  0%| F|  |TAMS 0x0000000087e00000, 0x0000000087e00000| Untracked 
| 103|0x0000000087f00000, 0x0000000087f00000, 0x0000000088000000|  0%| F|  |TAMS 0x0000000087f00000, 0x0000000087f00000| Untracked 
| 104|0x0000000088000000, 0x0000000088000000, 0x0000000088100000|  0%| F|  |TAMS 0x0000000088000000, 0x0000000088000000| Untracked 
| 105|0x0000000088100000, 0x0000000088100000, 0x0000000088200000|  0%| F|  |TAMS 0x0000000088100000, 0x0000000088100000| Untracked 
| 106|0x0000000088200000, 0x0000000088200000, 0x0000000088300000|  0%| F|  |TAMS 0x0000000088200000, 0x0000000088200000| Untracked 
| 107|0x0000000088300000, 0x0000000088300000, 0x0000000088400000|  0%| F|  |TAMS 0x0000000088300000, 0x0000000088300000| Untracked 
| 108|0x0000000088400000, 0x0000000088400000, 0x0000000088500000|  0%| F|  |TAMS 0x0000000088400000, 0x0000000088400000| Untracked 
| 109|0x0000000088500000, 0x0000000088500000, 0x0000000088600000|  0%| F|  |TAMS 0x0000000088500000, 0x0000000088500000| Untracked 
| 110|0x0000000088600000, 0x0000000088600000, 0x0000000088700000|  0%| F|  |TAMS 0x0000000088600000, 0x0000000088600000| Untracked 
| 111|0x0000000088700000, 0x0000000088700000, 0x0000000088800000|  0%| F|  |TAMS 0x0000000088700000, 0x0000000088700000| Untracked 
| 112|0x0000000088800000, 0x0000000088900000, 0x0000000088900000|100%| S|CS|TAMS 0x0000000088800000, 0x0000000088800000| Complete 
| 113|0x0000000088900000, 0x0000000088a00000, 0x0000000088a00000|100%| S|CS|TAMS 0x0000000088900000, 0x0000000088900000| Complete 
| 114|0x0000000088a00000, 0x0000000088a00000, 0x0000000088b00000|  0%| F|  |TAMS 0x0000000088a00000, 0x0000000088a00000| Untracked 
| 115|0x0000000088b00000, 0x0000000088b00000, 0x0000000088c00000|  0%| F|  |TAMS 0x0000000088b00000, 0x0000000088b00000| Untracked 
| 116|0x0000000088c00000, 0x0000000088c00000, 0x0000000088d00000|  0%| F|  |TAMS 0x0000000088c00000, 0x0000000088c00000| Untracked 
| 117|0x0000000088d00000, 0x0000000088d00000, 0x0000000088e00000|  0%| F|  |TAMS 0x0000000088d00000, 0x0000000088d00000| Untracked 
| 118|0x0000000088e00000, 0x0000000088e00000, 0x0000000088f00000|  0%| F|  |TAMS 0x0000000088e00000, 0x0000000088e00000| Untracked 
| 119|0x0000000088f00000, 0x0000000088f80800, 0x0000000089000000| 50%| E|  |TAMS 0x0000000088f00000, 0x0000000088f00000| Complete 
| 120|0x0000000089000000, 0x0000000089100000, 0x0000000089100000|100%| E|CS|TAMS 0x0000000089000000, 0x0000000089000000| Complete 
| 121|0x0000000089100000, 0x0000000089200000, 0x0000000089200000|100%| E|CS|TAMS 0x0000000089100000, 0x0000000089100000| Complete 
| 122|0x0000000089200000, 0x0000000089300000, 0x0000000089300000|100%| E|CS|TAMS 0x0000000089200000, 0x0000000089200000| Complete 
| 123|0x0000000089300000, 0x0000000089400000, 0x0000000089400000|100%| E|CS|TAMS 0x0000000089300000, 0x0000000089300000| Complete 
| 124|0x0000000089400000, 0x0000000089500000, 0x0000000089500000|100%| E|CS|TAMS 0x0000000089400000, 0x0000000089400000| Complete 
| 125|0x0000000089500000, 0x0000000089600000, 0x0000000089600000|100%| E|CS|TAMS 0x0000000089500000, 0x0000000089500000| Complete 
| 126|0x0000000089600000, 0x0000000089700000, 0x0000000089700000|100%| E|CS|TAMS 0x0000000089600000, 0x0000000089600000| Complete 
| 127|0x0000000089700000, 0x0000000089800000, 0x0000000089800000|100%| E|CS|TAMS 0x0000000089700000, 0x0000000089700000| Complete 

Card table byte_map: [0x000001dc67a90000,0x000001dc67e90000] _byte_map_base: 0x000001dc67684000

Marking Bits (Prev, Next): (CMBitMap*) 0x000001dc503ba218, (CMBitMap*) 0x000001dc503ba250
 Prev Bits: [0x000001dc68290000, 0x000001dc6a230000)
 Next Bits: [0x000001dc6a230000, 0x000001dc6c1d0000)

Polling page: 0x000001dc4e210000

Metaspace:

Usage:
  Non-class:      8.45 MB capacity,     8.31 MB ( 98%) used,   129.15 KB (  1%) free+waste,    11.06 KB ( <1%) overhead. 
      Class:    847.00 KB capacity,   807.55 KB ( 95%) used,    34.32 KB (  4%) free+waste,     5.13 KB ( <1%) overhead. 
       Both:      9.27 MB capacity,     9.10 MB ( 98%) used,   163.47 KB (  2%) free+waste,    16.19 KB ( <1%) overhead. 

Virtual space:
  Non-class space:       10.00 MB reserved,       8.50 MB ( 85%) committed 
      Class space:        1.00 GB reserved,     896.00 KB ( <1%) committed 
             Both:        1.01 GB reserved,       9.38 MB ( <1%) committed 

Chunk freelists:
   Non-Class:  6.88 KB
       Class:  2.13 KB
        Both:  9.00 KB

CodeHeap 'non-profiled nmethods': size=120064Kb used=309Kb max_used=309Kb free=119754Kb
 bounds [0x000001dc60150000, 0x000001dc603c0000, 0x000001dc67690000]
CodeHeap 'profiled nmethods': size=120000Kb used=1483Kb max_used=1483Kb free=118516Kb
 bounds [0x000001dc58c20000, 0x000001dc58e90000, 0x000001dc60150000]
CodeHeap 'non-nmethods': size=5696Kb used=1371Kb max_used=1387Kb free=4324Kb
 bounds [0x000001dc58690000, 0x000001dc58900000, 0x000001dc58c20000]
 total_blobs=1867 nmethods=806 adapters=746
 compilation: enabled
              stopped_count=0, restarted_count=0
 full_count=0

Compilation events (10 events):
Event: 2.353 Thread 0x000001dc6e702800 nmethod 803 0x000001dc6019b590 code [0x000001dc6019b7c0, 0x000001dc6019cc38]
Event: 2.392 Thread 0x000001dc6e702800  804   !   4       jdk.internal.loader.URLClassPath$JarLoader::getResource (353 bytes)
Event: 2.407 Thread 0x000001dc6f001000  805       3       java.util.jar.JarFile::getEntry (22 bytes)
Event: 2.408 Thread 0x000001dc6f001000 nmethod 805 0x000001dc58d8ff90 code [0x000001dc58d901c0, 0x000001dc58d90950]
Event: 2.408 Thread 0x000001dc6f001000  806       3       jdk.internal.ref.CleanerImpl$PhantomCleanableRef::performCleanup (10 bytes)
Event: 2.409 Thread 0x000001dc6f001000 nmethod 806 0x000001dc58d90b90 code [0x000001dc58d90d60, 0x000001dc58d90f90]
Event: 2.411 Thread 0x000001dc6f001000  807       3       java.util.WeakHashMap::put (162 bytes)
Event: 2.413 Thread 0x000001dc6f001000 nmethod 807 0x000001dc58d91090 code [0x000001dc58d91320, 0x000001dc58d92320]
Event: 2.413 Thread 0x000001dc6f001000  809       3       java.lang.String::<init> (10 bytes)
Event: 2.413 Thread 0x000001dc6f001000 nmethod 809 0x000001dc58d92810 code [0x000001dc58d929e0, 0x000001dc58d92b90]

GC Heap History (2 events):
Event: 1.188 GC heap before
{Heap before GC invocations=0 (full 0):
 garbage-first heap   total 131072K, used 15360K [0x0000000081800000, 0x0000000100000000)
  region size 1024K, 14 young (14336K), 0 survivors (0K)
 Metaspace       used 7315K, capacity 7474K, committed 7680K, reserved 1056768K
  class space    used 633K, capacity 681K, committed 768K, reserved 1048576K
}
Event: 1.206 GC heap after
{Heap after GC invocations=1 (full 0):
 garbage-first heap   total 131072K, used 6085K [0x0000000081800000, 0x0000000100000000)
  region size 1024K, 2 young (2048K), 2 survivors (2048K)
 Metaspace       used 7315K, capacity 7474K, committed 7680K, reserved 1056768K
  class space    used 633K, capacity 681K, committed 768K, reserved 1048576K
}

Deoptimization events (10 events):
Event: 0.356 Thread 0x000001dc5037c000 Uncommon trap: reason=unstable_if action=reinterpret pc=0x000001dc601569f0 method=java.lang.String.hashCode()I @ 14 c2
Event: 0.365 Thread 0x000001dc5037c000 Uncommon trap: reason=unstable_if action=reinterpret pc=0x000001dc601522f8 method=java.lang.String.isLatin1()Z @ 10 c2
Event: 0.370 Thread 0x000001dc5037c000 Uncommon trap: reason=unstable_if action=reinterpret pc=0x000001dc60151890 method=java.lang.String.isLatin1()Z @ 10 c2
Event: 0.387 Thread 0x000001dc5037c000 Uncommon trap: reason=unstable_if action=reinterpret pc=0x000001dc60152ca0 method=java.lang.StringLatin1.indexOf([BII)I @ 47 c2
Event: 1.344 Thread 0x000001dc5037c000 Uncommon trap: reason=class_check action=maybe_recompile pc=0x000001dc601802c8 method=java.util.HashMap.getNode(ILjava/lang/Object;)Ljava/util/HashMap$Node; @ 126 c2
Event: 1.371 Thread 0x000001dc5037c000 Uncommon trap: reason=class_check action=maybe_recompile pc=0x000001dc60180290 method=java.util.HashMap.getNode(ILjava/lang/Object;)Ljava/util/HashMap$Node; @ 59 c2
Event: 1.485 Thread 0x000001dc5037c000 Uncommon trap: reason=unstable_if action=reinterpret pc=0x000001dc60180a98 method=java.lang.String.startsWith(Ljava/lang/String;I)Z @ 14 c2
Event: 1.487 Thread 0x000001dc5037c000 Uncommon trap: reason=class_check action=maybe_recompile pc=0x000001dc60180290 method=java.util.HashMap.getNode(ILjava/lang/Object;)Ljava/util/HashMap$Node; @ 59 c2
Event: 2.223 Thread 0x000001dc5037c000 Uncommon trap: reason=class_check action=maybe_recompile pc=0x000001dc60180290 method=java.util.HashMap.getNode(ILjava/lang/Object;)Ljava/util/HashMap$Node; @ 59 c2
Event: 2.392 Thread 0x000001dc5037c000 Uncommon trap: reason=unstable_if action=reinterpret pc=0x000001dc601954a4 method=java.util.jar.JarFile.getVersionedEntry(Ljava/lang/String;Ljava/util/jar/JarEntry;)Ljava/util/jar/JarEntry; @ 67 c2

Classes redefined (0 events):
No events

Internal exceptions (2 events):
Event: 1.284 Thread 0x000001dc5037c000 Exception <a 'java/lang/NoSuchMethodError'{0x00000000896affc0}: java.lang.invoke.DelegatingMethodHandle$Holder.delegate(Ljava/lang/Object;Ljava/lang/Object;ILjava/lang/Object;)V> (0x00000000896affc0) thrown at [t:/workspace/open/src/hotspot/share/interpre
Event: 1.287 Thread 0x000001dc5037c000 Exception <a 'java/lang/NoSuchMethodError'{0x00000000896b74c0}: java.lang.invoke.DirectMethodHandle$Holder.invokeStaticInit(Ljava/lang/Object;Ljava/lang/Object;Ljava/lang/Object;)Ljava/lang/Object;> (0x00000000896b74c0) thrown at [t:/workspace/open/src/ho

Events (10 events):
Event: 2.413 loading class org/lwjgl/glfw/GLFWVidMode$Buffer
Event: 2.413 loading class org/lwjgl/glfw/GLFWVidMode$Buffer done
Event: 2.414 loading class java/util/LinkedHashMap$LinkedEntrySet
Event: 2.414 loading class java/util/LinkedHashMap$LinkedEntrySet done
Event: 2.414 loading class java/util/Spliterators$IteratorSpliterator
Event: 2.415 loading class java/util/Spliterators$IteratorSpliterator done
Event: 2.415 loading class java/util/LinkedHashMap$LinkedEntryIterator
Event: 2.415 loading class java/util/LinkedHashMap$LinkedEntryIterator done
Event: 2.415 loading class org/lwjgl/glfw/EventLoop$OffScreen
Event: 2.415 loading class org/lwjgl/glfw/EventLoop$OffScreen done


Dynamic libraries:
0x00007ff71dc20000 - 0x00007ff71dc67000 	C:\Program Files\Java\jdk-11.0.1\bin\java.exe
0x00007ff997db0000 - 0x00007ff997f91000 	C:\WINDOWS\SYSTEM32\ntdll.dll
0x00007ff997b60000 - 0x00007ff997c11000 	C:\WINDOWS\System32\KERNEL32.DLL
0x00007ff994420000 - 0x00007ff994693000 	C:\WINDOWS\System32\KERNELBASE.dll
0x00007ff996250000 - 0x00007ff9962f1000 	C:\WINDOWS\System32\ADVAPI32.dll
0x00007ff995700000 - 0x00007ff99579e000 	C:\WINDOWS\System32\msvcrt.dll
0x00007ff997d20000 - 0x00007ff997d7b000 	C:\WINDOWS\System32\sechost.dll
0x00007ff996360000 - 0x00007ff996484000 	C:\WINDOWS\System32\RPCRT4.dll
0x00007ff995c10000 - 0x00007ff995da0000 	C:\WINDOWS\System32\USER32.dll
0x00007ff9951d0000 - 0x00007ff9951f0000 	C:\WINDOWS\System32\win32u.dll
0x00007ff997b30000 - 0x00007ff997b58000 	C:\WINDOWS\System32\GDI32.dll
0x00007ff995030000 - 0x00007ff9951c1000 	C:\WINDOWS\System32\gdi32full.dll
0x00007ff994eb0000 - 0x00007ff994f4f000 	C:\WINDOWS\System32\msvcp_win.dll
0x00007ff9946a0000 - 0x00007ff994798000 	C:\WINDOWS\System32\ucrtbase.dll
0x00007ff9842b0000 - 0x00007ff984519000 	C:\WINDOWS\WinSxS\amd64_microsoft.windows.common-controls_6595b64144ccf1df_6.0.17134.885_none_fb42a3473065565f\COMCTL32.dll
0x00007ff9957a0000 - 0x00007ff995ac2000 	C:\WINDOWS\System32\combase.dll
0x00007ff994fb0000 - 0x00007ff995029000 	C:\WINDOWS\System32\bcryptPrimitives.dll
0x00007ff985ba0000 - 0x00007ff985baa000 	C:\WINDOWS\SYSTEM32\VERSION.dll
0x00007ff997cf0000 - 0x00007ff997d1d000 	C:\WINDOWS\System32\IMM32.DLL
0x00007ff965830000 - 0x00007ff965846000 	C:\Program Files\Java\jdk-11.0.1\bin\vcruntime140.dll
0x00007ff965780000 - 0x00007ff96582a000 	C:\Program Files\Java\jdk-11.0.1\bin\msvcp140.dll
0x00007ff95f9c0000 - 0x00007ff960502000 	C:\Program Files\Java\jdk-11.0.1\bin\server\jvm.dll
0x00007ff995b80000 - 0x00007ff995b88000 	C:\WINDOWS\System32\PSAPI.DLL
0x00007ff965430000 - 0x00007ff965439000 	C:\WINDOWS\SYSTEM32\WSOCK32.dll
0x00007ff991d70000 - 0x00007ff991d93000 	C:\WINDOWS\SYSTEM32\WINMM.dll
0x00007ff995ba0000 - 0x00007ff995c0c000 	C:\WINDOWS\System32\WS2_32.dll
0x00007ff991d40000 - 0x00007ff991d6a000 	C:\WINDOWS\SYSTEM32\WINMMBASE.dll
0x00007ff9951f0000 - 0x00007ff995239000 	C:\WINDOWS\System32\cfgmgr32.dll
0x00007ff994140000 - 0x00007ff994151000 	C:\WINDOWS\System32\kernel.appcore.dll
0x00007ff965760000 - 0x00007ff965771000 	C:\Program Files\Java\jdk-11.0.1\bin\verify.dll
0x00007ff983050000 - 0x00007ff983219000 	C:\WINDOWS\SYSTEM32\DBGHELP.DLL
0x00007ff983020000 - 0x00007ff983049000 	C:\WINDOWS\SYSTEM32\dbgcore.DLL
0x00007ff965730000 - 0x00007ff965759000 	C:\Program Files\Java\jdk-11.0.1\bin\java.dll
0x00007ff965710000 - 0x00007ff965726000 	C:\Program Files\Java\jdk-11.0.1\bin\zip.dll
0x00007ff98f5a0000 - 0x00007ff98f5aa000 	C:\Program Files\Java\jdk-11.0.1\bin\jimage.dll
0x00007ff996590000 - 0x00007ff9979d0000 	C:\WINDOWS\System32\SHELL32.dll
0x00007ff995ad0000 - 0x00007ff995b79000 	C:\WINDOWS\System32\shcore.dll
0x00007ff9947a0000 - 0x00007ff994ead000 	C:\WINDOWS\System32\windows.storage.dll
0x00007ff996300000 - 0x00007ff996351000 	C:\WINDOWS\System32\shlwapi.dll
0x00007ff994120000 - 0x00007ff99413f000 	C:\WINDOWS\System32\profapi.dll
0x00007ff9940c0000 - 0x00007ff99410c000 	C:\WINDOWS\System32\powrprof.dll
0x00007ff994110000 - 0x00007ff99411a000 	C:\WINDOWS\System32\FLTLIB.DLL
0x00007ff9656f0000 - 0x00007ff965709000 	C:\Program Files\Java\jdk-11.0.1\bin\net.dll
0x00007ff98b960000 - 0x00007ff98ba3d000 	C:\WINDOWS\SYSTEM32\WINHTTP.dll
0x00007ff993940000 - 0x00007ff9939a6000 	C:\WINDOWS\system32\mswsock.dll
0x00007ff965620000 - 0x00007ff965633000 	C:\Program Files\Java\jdk-11.0.1\bin\nio.dll
0x00007ff980480000 - 0x00007ff9804f2000 	C:\Users\B\AppData\Local\Temp\lwjglB\3.2.2-build-10\lwjgl.dll
0x00007ff942b80000 - 0x00007ff9438f5000 	C:\Program Files\RenderDoc\renderdoc.dll
0x00007ff995da0000 - 0x00007ff9961eb000 	C:\WINDOWS\System32\SETUPAPI.dll
0x00007ff9964a0000 - 0x00007ff99658d000 	C:\WINDOWS\System32\COMDLG32.dll
0x00007ff9979d0000 - 0x00007ff997b21000 	C:\WINDOWS\System32\ole32.dll
0x00007ff997c20000 - 0x00007ff997ce2000 	C:\WINDOWS\System32\OLEAUT32.dll
0x00007ff990e90000 - 0x00007ff9912bf000 	C:\WINDOWS\SYSTEM32\d3dcompiler_47.dll
0x00007ff993af0000 - 0x00007ff993b07000 	C:\WINDOWS\SYSTEM32\CRYPTSP.dll
0x00007ff9736c0000 - 0x00007ff9737e0000 	C:\WINDOWS\SYSTEM32\opengl32.dll
0x00007ff978df0000 - 0x00007ff978e1c000 	C:\WINDOWS\SYSTEM32\GLU32.dll
0x00007ff98a5b0000 - 0x00007ff98a60e000 	C:\Users\B\AppData\Local\Temp\lwjglB\3.2.2-build-10\glfw.dll
0x00007ff992520000 - 0x00007ff9925b8000 	C:\WINDOWS\system32\uxtheme.dll
0x00007ff980430000 - 0x00007ff980473000 	C:\WINDOWS\SYSTEM32\dinput8.dll
0x00007ff978710000 - 0x00007ff978720000 	C:\WINDOWS\SYSTEM32\xinput1_4.dll
0x00007ff993ed0000 - 0x00007ff993ef7000 	C:\WINDOWS\SYSTEM32\DEVOBJ.dll
0x00007ff98a120000 - 0x00007ff98a199000 	C:\WINDOWS\SYSTEM32\inputhost.dll
0x00007ff9921a0000 - 0x00007ff99227a000 	C:\WINDOWS\SYSTEM32\CoreMessaging.dll
0x00007ff98f8e0000 - 0x00007ff98fa2d000 	C:\WINDOWS\SYSTEM32\wintypes.dll
0x00007ff98eea0000 - 0x00007ff98f1be000 	C:\WINDOWS\SYSTEM32\CoreUIComponents.dll
0x00007ff9931c0000 - 0x00007ff9931f1000 	C:\WINDOWS\SYSTEM32\ntmarta.dll
0x00007ff9927b0000 - 0x00007ff9927d9000 	C:\WINDOWS\SYSTEM32\dwmapi.dll
0x00007ff995560000 - 0x00007ff9956d3000 	C:\WINDOWS\System32\MSCTF.dll
0x00007ff992d40000 - 0x00007ff992d4c000 	C:\WINDOWS\SYSTEM32\HID.DLL
0x00007ff994f50000 - 0x00007ff994fa7000 	C:\WINDOWS\System32\WINTRUST.dll
0x00007ff994160000 - 0x00007ff994172000 	C:\WINDOWS\System32\MSASN1.dll
0x00007ff994180000 - 0x00007ff994362000 	C:\WINDOWS\System32\CRYPT32.dll
0x00007ff941240000 - 0x00007ff941a71000 	C:\WINDOWS\SYSTEM32\ig7icd64.dll
0x00007ff98af10000 - 0x00007ff98b375000 	C:\WINDOWS\SYSTEM32\igdusc64.dll
0x00007ff990ce0000 - 0x00007ff990cf3000 	C:\WINDOWS\SYSTEM32\WTSAPI32.dll
0x00007ff992e90000 - 0x00007ff992f4b000 	C:\WINDOWS\SYSTEM32\dxgi.dll
0x00007ff9912c0000 - 0x00007ff9915cb000 	C:\WINDOWS\SYSTEM32\d3d11.dll
0x00007ff98d700000 - 0x00007ff98e2a2000 	C:\WINDOWS\SYSTEM32\igd10iumd64.dll
0x00007ff993c20000 - 0x00007ff993c45000 	C:\WINDOWS\SYSTEM32\bcrypt.dll
0x00007ff993bf0000 - 0x00007ff993c16000 	C:\WINDOWS\SYSTEM32\ncrypt.dll
0x00007ff993bb0000 - 0x00007ff993be6000 	C:\WINDOWS\SYSTEM32\NTASN1.dll

dbghelp: loaded successfully - version: 4.0.5 - missing functions: none
symbol engine: initialized successfully - sym options: 0x614 - pdb path: .;C:\Program Files\Java\jdk-11.0.1\bin;C:\WINDOWS\SYSTEM32;C:\WINDOWS\WinSxS\amd64_microsoft.windows.common-controls_6595b64144ccf1df_6.0.17134.885_none_fb42a3473065565f;C:\Program Files\Java\jdk-11.0.1\bin\server;C:\Users\B\AppData\Local\Temp\lwjglB\3.2.2-build-10;C:\Program Files\RenderDoc

VM Arguments:
jvm_args: -Dfile.encoding=UTF-8 
java_command: DabEngine.TestCaseEngine
java_class_path (initial): C:\Users\B\Documents\DabEngine\bin\main;C:\Users\B\Documents\DabEngine\bin\test;C:\Users\B\.gradle\caches\modules-2\files-2.1\org.apache.commons\commons-math3\3.6.1\e4ba98f1d4b3c80ec46392f25e094a6a2e58fcbf\commons-math3-3.6.1.jar;C:\Users\B\.gradle\caches\modules-2\files-2.1\com.google.guava\guava\27.0.1-jre\bd41a290787b5301e63929676d792c507bbc00ae\guava-27.0.1-jre.jar;C:\Users\B\Documents\DabEngine\libs\jython-standalone-2.7.0.jar;C:\Users\B\.gradle\caches\modules-2\files-2.1\com.googlecode.json-simple\json-simple\1.1.1\c9ad4a0850ab676c5c64461a05ca524cdfff59f1\json-simple-1.1.1.jar;C:\Users\B\.gradle\caches\modules-2\files-2.1\com.google.guava\failureaccess\1.0.1\1dcf1de382a0bf95a3d8b0849546c88bac1292c9\failureaccess-1.0.1.jar;C:\Users\B\.gradle\caches\modules-2\files-2.1\com.google.guava\listenablefuture\9999.0-empty-to-avoid-conflict-with-guava\b421526c5f297295adef1c886e5246c39d4ac629\listenablefuture-9999.0-empty-to-avoid-conflict-with-guava.jar;C:\Users\B\.gradle\caches\modules-2\files-2.1\com.google.code.findbugs\jsr305\3.0.2\25ea2e8b0c338a877313bd4672d3fe056ea78f0d\jsr305-3.0.2.jar;C:\Users\B\.gradle\caches\modules-2\files-2.1\org.checkerframework\checker-qual\2.5.2\cea74543d5904a30861a61b4643a5f2bb372efc4\checker-qual-2.5.2.jar;C:\Users\B\.gradle\caches\modules-2\files-2.1\com.google.errorprone\error_prone_annotations\2.2.0\88e3c593e9b3586e1c6177f89267da6fc6986f0c\error_prone_annotations-2.2.0.jar;C:\Users\B\.gradle\caches\modules-2\files-2.1\com.google.j2objc\j2objc-annotations\1.1\ed28ded51a8b1c6b112568def5f4b455e6809019\j2objc-annotations-1.1.jar;C:\Users\B\.gradle\caches\modules-2\files-2.1\org.codehaus.mojo\animal-sniffer-annotations\1.17\f97ce6decaea32b36101e37979f8b647f00681fb\animal-sniffer-annotations-1.17.jar;C:\Users\B\.gradle\caches\modules-2\files-2.1\junit\junit\4.10\e4f1766ce7404a08f45d859fb9c226fc9e41a861\junit-4.10.jar;C:\Users\B\.gradle\caches\modules-2\files-2.1\org.hamcrest\hamcrest-core\1.1\860340562250678d1a
Launcher Type: SUN_STANDARD

[Global flags]
     intx CICompilerCount                          = 3                                         {product} {ergonomic}
     uint ConcGCThreads                            = 1                                         {product} {ergonomic}
     uint G1ConcRefinementThreads                  = 4                                         {product} {ergonomic}
   size_t G1HeapRegionSize                         = 1048576                                   {product} {ergonomic}
    uintx GCDrainStackTargetSize                   = 64                                        {product} {ergonomic}
   size_t InitialHeapSize                          = 134217728                                 {product} {ergonomic}
   size_t MarkStackSize                            = 4194304                                   {product} {ergonomic}
   size_t MaxHeapSize                              = 2122317824                                {product} {ergonomic}
   size_t MaxNewSize                               = 1272971264                                {product} {ergonomic}
   size_t MinHeapDeltaBytes                        = 1048576                                   {product} {ergonomic}
    uintx NonNMethodCodeHeapSize                   = 5830092                                {pd product} {ergonomic}
    uintx NonProfiledCodeHeapSize                  = 122914074                              {pd product} {ergonomic}
    uintx ProfiledCodeHeapSize                     = 122914074                              {pd product} {ergonomic}
    uintx ReservedCodeCacheSize                    = 251658240                              {pd product} {ergonomic}
     bool SegmentedCodeCache                       = true                                      {product} {ergonomic}
     bool UseCompressedClassPointers               = true                                 {lp64_product} {ergonomic}
     bool UseCompressedOops                        = true                                 {lp64_product} {ergonomic}
     bool UseG1GC                                  = true                                      {product} {ergonomic}
     bool UseLargePagesIndividualAllocation        = false                                  {pd product} {ergonomic}

Logging:
Log output configuration:
 #0: stdout all=warning uptime,level,tags
 #1: stderr all=off uptime,level,tags

Environment Variables:
CLASSPATH=.;.;C:\PROGRA~2\JMF21~1.1E\lib\sound.jar;C:\PROGRA~2\JMF21~1.1E\lib\jmf.jar;C:\PROGRA~2\JMF21~1.1E\lib;
PATH=C:\Program Files (x86)\Common Files\Intel\Shared Libraries\redist\intel64\compiler;C:\WINDOWS\system32;C:\WINDOWS;C:\WINDOWS\System32\Wbem;C:\WINDOWS\System32\WindowsPowerShell\v1.0\;C:\WINDOWS\System32\OpenSSH\;C:\Program Files\Java\jdk-11.0.1\bin;C:\Program Files\Git\cmd;C:\Program Files (x86)\Windows Kits\10\Windows Performance Toolkit\;C:\Program Files\Csound6_x64\bin;C:\ProgramData\chocolatey\bin;C:\Users\B\AppData\Local\Programs\Python\Python36\Scripts\;C:\Users\B\AppData\Local\Programs\Python\Python36\;C:\Users\B\scoop\shims;C:\Users\B\AppData\Local\Microsoft\WindowsApps;C:\Users\B\AppData\Local\GitHubDesktop\bin;C:\Users\B\AppData\Local\atom\bin;C:\Users\B\AppData\Local\Programs\Microsoft VS Code\bin
USERNAME=B
OS=Windows_NT
PROCESSOR_IDENTIFIER=Intel64 Family 6 Model 58 Stepping 9, GenuineIntel



---------------  S Y S T E M  ---------------

OS: Windows 10 , 64 bit Build 17134 (10.0.17134.753)

CPU:total 4 (initial active 4) (2 cores per cpu, 2 threads per core) family 6 model 58 stepping 9, cmov, cx8, fxsr, mmx, sse, sse2, sse3, ssse3, sse4.1, sse4.2, popcnt, avx, clmul, erms, ht, tsc, tscinvbit, tscinv

Memory: 4k page, system-wide physical 8089M (4010M free)
TotalPageFile size 10376M (AvailPageFile size 5129M)
current process WorkingSet (physical memory assigned to process): 115M, peak: 115M
current process commit charge ("private bytes"): 362M, peak: 362M

vm_info: Java HotSpot(TM) 64-Bit Server VM (11.0.1+13-LTS) for windows-amd64 JRE (11.0.1+13-LTS), built on Oct  6 2018 13:20:16 by "mach5one" with MS VC++ 15.5 (VS2017)

END.
