#
# A fatal error has been detected by the Java Runtime Environment:
#
#  EXCEPTION_ACCESS_VIOLATION (0xc0000005) at pc=0x00007ffad7772760, pid=5896, tid=4396
#
# JRE version: Java(TM) SE Runtime Environment (11.0.1+13) (build 11.0.1+13-LTS)
# Java VM: Java HotSpot(TM) 64-Bit Server VM (11.0.1+13-LTS, mixed mode, tiered, compressed oops, g1 gc, windows-amd64)
# Problematic frame:
# C  [ig7icd64.dll+0x92760]
#
# No core dump will be written. Minidumps are not enabled by default on client versions of Windows
#
# If you would like to submit a bug report, please visit:
#   http://bugreport.java.com/bugreport/crash.jsp
# The crash happened outside the Java Virtual Machine in native code.
# See problematic frame for where to report the bug.
#

---------------  S U M M A R Y ------------

Command Line: -javaagent:C:\Program Files\JetBrains\IntelliJ IDEA Community Edition 2018.2.5\lib\idea_rt.jar=55452:C:\Program Files\JetBrains\IntelliJ IDEA Community Edition 2018.2.5\bin -Dfile.encoding=UTF-8 Core.Core

Host: Intel(R) Core(TM) i3-3110M CPU @ 2.40GHz, 4 cores, 7G,  Windows 10 , 64 bit Build 17134 (10.0.17134.1)
Time: Mon Nov 12 20:24:23 2018 GMT Standard Time elapsed time: 2 seconds (0d 0h 0m 2s)

---------------  T H R E A D  ---------------

Current thread (0x00000174ffc2c000):  JavaThread "main" [_thread_in_native, id=4396, stack(0x00000072fd400000,0x00000072fd500000)]

Stack: [0x00000072fd400000,0x00000072fd500000],  sp=0x00000072fd4ff350,  free space=1020k
Native frames: (J=compiled Java code, j=interpreted, Vv=VM code, C=native code)
C  [ig7icd64.dll+0x92760]

Java frames: (J=compiled Java code, j=interpreted, Vv=VM code)
j  org.lwjgl.opengl.GL11C.nglDrawElements(IIIJ)V+0
j  org.lwjgl.opengl.GL11C.glDrawElements(IIIJ)V+4
j  org.lwjgl.opengl.GL11.glDrawElements(IIIJ)V+4
j  Graphics.Models.Mesh.render()V+24
j  Core.Core.<init>()V+263
j  Core.Core.main([Ljava/lang/String;)V+4
v  ~StubRoutines::call_stub

siginfo: EXCEPTION_ACCESS_VIOLATION (0xc0000005), reading address 0x0000000000000000


Register to memory mapping:

RIP=0x00007ffad7772760 ig7icd64.dll
RAX=0x00000072fd4ff3f0 is pointing into the stack for thread: 0x00000174ffc2c000
RBX=0x0 is NULL
RCX=0x00000174a415a000 points into unknown readable memory
RDX=0x0 is NULL
RSP=0x00000072fd4ff350 is pointing into the stack for thread: 0x00000174ffc2c000
RBP=0x00000174a3299418 points into unknown readable memory
RSI=0x00000072fd4ff3e0 is pointing into the stack for thread: 0x00000174ffc2c000
RDI=0x0000000000000002 is an unknown value
R8 =0x0000000000000003 is an unknown value
R9 =0x00000072fd4ff3e0 is pointing into the stack for thread: 0x00000174ffc2c000
R10=0x00000174a415a000 points into unknown readable memory
R11=
[error occurred during error reporting (printing register info), id 0xc0000005, EXCEPTION_ACCESS_VIOLATION (0xc0000005) at pc=0x00007ffafe9c4d76]

Registers:
RAX=0x00000072fd4ff3f0, RBX=0x0000000000000000, RCX=0x00000174a415a000, RDX=0x0000000000000000
RSP=0x00000072fd4ff350, RBP=0x00000174a3299418, RSI=0x00000072fd4ff3e0, RDI=0x0000000000000002
R8 =0x0000000000000003, R9 =0x00000072fd4ff3e0, R10=0x00000174a415a000, R11=0x00000000ffffffff
R12=0x000000000000000c, R13=0x0000000000060000, R14=0x00000174a32993f0, R15=0x00000174a281a190
RIP=0x00007ffad7772760, EFLAGS=0x0000000000010206

Top of Stack: (sp=0x00000072fd4ff350)
0x00000072fd4ff350:   00000174a27fdf00 00007ffad7774dbb
0x00000072fd4ff360:   0000000000060000 00000174a415a000
0x00000072fd4ff370:   00000174a3299418 0000000000000000
0x00000072fd4ff380:   00000072fd4ff3f0 0000000000000000
0x00000072fd4ff390:   00000072fd4ff3f8 00007ffad79ba718
0x00000072fd4ff3a0:   00000174a50661f8 0000000000000000
0x00000072fd4ff3b0:   00000000ffffffff 0000000000000004
0x00000072fd4ff3c0:   0000000000000004 0000000000000003
0x00000072fd4ff3d0:   00000174a281a148 00007ffad777234e
0x00000072fd4ff3e0:   0000000000000000 00000174a27fdf00
0x00000072fd4ff3f0:   0000000000000004 00000174a27fdf00
0x00000072fd4ff400:   0000000000000000 0000000000000004
0x00000072fd4ff410:   0000000000000003 00007ffad7983888
0x00000072fd4ff420:   001605ce5ffd0004 00000174ffc2c000
0x00000072fd4ff430:   00000174a27fdf00 00007ffa00000004
0x00000072fd4ff440:   0000000000000004 0000000000000003 

Instructions: (pc=0x00007ffad7772760)
0x00007ffad7772740:   c3 3b c1 0f 43 c8 66 0f 7e c0 66 0f 7e cb 3b c8
0x00007ffad7772750:   0f 43 c1 3b c3 0f 43 d8 45 85 c0 74 36 4c 2b d2
0x00007ffad7772760:   8b 0a 48 8d 52 04 44 3b d9 8b c1 41 89 4c 12 fc
0x00007ffad7772770:   41 0f 46 c3 3b d9 0f 43 cb 44 8b d8 8b d9 41 ff 



---------------  P R O C E S S  ---------------

Threads class SMR info:
_java_thread_list=0x00000174a2b9b890, length=12, elements={
0x00000174ffc2c000, 0x000001749fe3d800, 0x000001749fe60800, 0x00000174a07d3800,
0x000001749fe74000, 0x000001749fe75800, 0x00000174a078d800, 0x00000174a0830000,
0x00000174a093a800, 0x00000174a10fa800, 0x00000174a0a38000, 0x00000174a311e000
}

Java Threads: ( => current thread )
=>0x00000174ffc2c000 JavaThread "main" [_thread_in_native, id=4396, stack(0x00000072fd400000,0x00000072fd500000)]
  0x000001749fe3d800 JavaThread "Reference Handler" daemon [_thread_blocked, id=16776, stack(0x00000072fdb00000,0x00000072fdc00000)]
  0x000001749fe60800 JavaThread "Finalizer" daemon [_thread_blocked, id=14692, stack(0x00000072fdc00000,0x00000072fdd00000)]
  0x00000174a07d3800 JavaThread "Signal Dispatcher" daemon [_thread_blocked, id=1680, stack(0x00000072fdd00000,0x00000072fde00000)]
  0x000001749fe74000 JavaThread "Attach Listener" daemon [_thread_blocked, id=10712, stack(0x00000072fde00000,0x00000072fdf00000)]
  0x000001749fe75800 JavaThread "C2 CompilerThread0" daemon [_thread_blocked, id=9172, stack(0x00000072fdf00000,0x00000072fe000000)]
  0x00000174a078d800 JavaThread "C1 CompilerThread0" daemon [_thread_blocked, id=9952, stack(0x00000072fe000000,0x00000072fe100000)]
  0x00000174a0830000 JavaThread "Sweeper thread" daemon [_thread_blocked, id=18420, stack(0x00000072fe100000,0x00000072fe200000)]
  0x00000174a093a800 JavaThread "Common-Cleaner" daemon [_thread_blocked, id=12180, stack(0x00000072fe200000,0x00000072fe300000)]
  0x00000174a10fa800 JavaThread "Monitor Ctrl-Break" daemon [_thread_in_native, id=19828, stack(0x00000072fe300000,0x00000072fe400000)]
  0x00000174a0a38000 JavaThread "Service Thread" daemon [_thread_blocked, id=19572, stack(0x00000072fe400000,0x00000072fe500000)]
  0x00000174a311e000 JavaThread "C2 CompilerThread1" daemon [_thread_blocked, id=19508, stack(0x00000072fef00000,0x00000072ff000000)]

Other Threads:
  0x000001749fe3a000 VMThread "VM Thread" [stack: 0x00000072fda00000,0x00000072fdb00000] [id=16852]
  0x00000174a1169000 WatcherThread [stack: 0x00000072fe500000,0x00000072fe600000] [id=10812]
  0x00000174ffc43000 GCTaskThread "GC Thread#0" [stack: 0x00000072fd500000,0x00000072fd600000] [id=18472]
  0x00000174a2b7f800 GCTaskThread "GC Thread#1" [stack: 0x00000072fed00000,0x00000072fee00000] [id=17376]
  0x00000174a2b7d000 GCTaskThread "GC Thread#2" [stack: 0x00000072fee00000,0x00000072fef00000] [id=14592]
  0x00000174ffc72800 ConcurrentGCThread "G1 Test3D Marker" [stack: 0x00000072fd600000,0x00000072fd700000] [id=15956]
  0x00000174ffc75000 ConcurrentGCThread "G1 Conc#0" [stack: 0x00000072fd700000,0x00000072fd800000] [id=8604]
  0x000001749fc9a800 ConcurrentGCThread "G1 Refine#0" [stack: 0x00000072fd800000,0x00000072fd900000] [id=14856]
  0x000001749fc9b000 ConcurrentGCThread "G1 Young RemSet Sampling" [stack: 0x00000072fd900000,0x00000072fda00000] [id=5232]

Threads with active compile tasks:

VM state:not at safepoint (normal execution)

VM Mutex/Monitor currently owned by a thread: None

Heap address: 0x0000000081800000, size: 2024 MB, Compressed Oops mode: 32-bit
Narrow klass base: 0x0000000000000000, Narrow klass shift: 3
Compressed class space size: 1073741824 Address: 0x0000000100000000

Heap:
 garbage-first heap   total 131072K, used 16741K [0x0000000081800000, 0x0000000100000000)
  region size 1024K, 16 young (16384K), 2 survivors (2048K)
 Metaspace       used 11562K, capacity 11761K, committed 12032K, reserved 1060864K
  class space    used 880K, capacity 953K, committed 1024K, reserved 1048576K
Heap Regions: E=young(eden), S=young(survivor), O=old, HS=humongous(starts), HC=humongous(continues), CS=collection set, F=free, A=archive, TAMS=top-at-mark-start (previous, next)
|   0|0x0000000081800000, 0x0000000081900000, 0x0000000081900000|100%| O|  |TAMS 0x0000000081800000, 0x0000000081800000| Untracked 
|   1|0x0000000081900000, 0x0000000081959600, 0x0000000081a00000| 34%| O|  |TAMS 0x0000000081900000, 0x0000000081900000| Untracked 
|   2|0x0000000081a00000, 0x0000000081a00000, 0x0000000081b00000|  0%| F|  |TAMS 0x0000000081a00000, 0x0000000081a00000| Untracked 
|   3|0x0000000081b00000, 0x0000000081b00000, 0x0000000081c00000|  0%| F|  |TAMS 0x0000000081b00000, 0x0000000081b00000| Untracked 
|   4|0x0000000081c00000, 0x0000000081c00000, 0x0000000081d00000|  0%| F|  |TAMS 0x0000000081c00000, 0x0000000081c00000| Untracked 
|   5|0x0000000081d00000, 0x0000000081d00000, 0x0000000081e00000|  0%| F|  |TAMS 0x0000000081d00000, 0x0000000081d00000| Untracked 
|   6|0x0000000081e00000, 0x0000000081e00000, 0x0000000081f00000|  0%| F|  |TAMS 0x0000000081e00000, 0x0000000081e00000| Untracked 
|   7|0x0000000081f00000, 0x0000000081f00000, 0x0000000082000000|  0%| F|  |TAMS 0x0000000081f00000, 0x0000000081f00000| Untracked 
|   8|0x0000000082000000, 0x0000000082000000, 0x0000000082100000|  0%| F|  |TAMS 0x0000000082000000, 0x0000000082000000| Untracked 
|   9|0x0000000082100000, 0x0000000082100000, 0x0000000082200000|  0%| F|  |TAMS 0x0000000082100000, 0x0000000082100000| Untracked 
|  10|0x0000000082200000, 0x0000000082200000, 0x0000000082300000|  0%| F|  |TAMS 0x0000000082200000, 0x0000000082200000| Untracked 
|  11|0x0000000082300000, 0x0000000082300000, 0x0000000082400000|  0%| F|  |TAMS 0x0000000082300000, 0x0000000082300000| Untracked 
|  12|0x0000000082400000, 0x0000000082400000, 0x0000000082500000|  0%| F|  |TAMS 0x0000000082400000, 0x0000000082400000| Untracked 
|  13|0x0000000082500000, 0x0000000082500000, 0x0000000082600000|  0%| F|  |TAMS 0x0000000082500000, 0x0000000082500000| Untracked 
|  14|0x0000000082600000, 0x0000000082600000, 0x0000000082700000|  0%| F|  |TAMS 0x0000000082600000, 0x0000000082600000| Untracked 
|  15|0x0000000082700000, 0x0000000082700000, 0x0000000082800000|  0%| F|  |TAMS 0x0000000082700000, 0x0000000082700000| Untracked 
|  16|0x0000000082800000, 0x0000000082800000, 0x0000000082900000|  0%| F|  |TAMS 0x0000000082800000, 0x0000000082800000| Untracked 
|  17|0x0000000082900000, 0x0000000082900000, 0x0000000082a00000|  0%| F|  |TAMS 0x0000000082900000, 0x0000000082900000| Untracked 
|  18|0x0000000082a00000, 0x0000000082a00000, 0x0000000082b00000|  0%| F|  |TAMS 0x0000000082a00000, 0x0000000082a00000| Untracked 
|  19|0x0000000082b00000, 0x0000000082b00000, 0x0000000082c00000|  0%| F|  |TAMS 0x0000000082b00000, 0x0000000082b00000| Untracked 
|  20|0x0000000082c00000, 0x0000000082c00000, 0x0000000082d00000|  0%| F|  |TAMS 0x0000000082c00000, 0x0000000082c00000| Untracked 
|  21|0x0000000082d00000, 0x0000000082d00000, 0x0000000082e00000|  0%| F|  |TAMS 0x0000000082d00000, 0x0000000082d00000| Untracked 
|  22|0x0000000082e00000, 0x0000000082e00000, 0x0000000082f00000|  0%| F|  |TAMS 0x0000000082e00000, 0x0000000082e00000| Untracked 
|  23|0x0000000082f00000, 0x0000000082f00000, 0x0000000083000000|  0%| F|  |TAMS 0x0000000082f00000, 0x0000000082f00000| Untracked 
|  24|0x0000000083000000, 0x0000000083000000, 0x0000000083100000|  0%| F|  |TAMS 0x0000000083000000, 0x0000000083000000| Untracked 
|  25|0x0000000083100000, 0x0000000083100000, 0x0000000083200000|  0%| F|  |TAMS 0x0000000083100000, 0x0000000083100000| Untracked 
|  26|0x0000000083200000, 0x0000000083200000, 0x0000000083300000|  0%| F|  |TAMS 0x0000000083200000, 0x0000000083200000| Untracked 
|  27|0x0000000083300000, 0x0000000083300000, 0x0000000083400000|  0%| F|  |TAMS 0x0000000083300000, 0x0000000083300000| Untracked 
|  28|0x0000000083400000, 0x0000000083400000, 0x0000000083500000|  0%| F|  |TAMS 0x0000000083400000, 0x0000000083400000| Untracked 
|  29|0x0000000083500000, 0x0000000083500000, 0x0000000083600000|  0%| F|  |TAMS 0x0000000083500000, 0x0000000083500000| Untracked 
|  30|0x0000000083600000, 0x0000000083600000, 0x0000000083700000|  0%| F|  |TAMS 0x0000000083600000, 0x0000000083600000| Untracked 
|  31|0x0000000083700000, 0x0000000083700000, 0x0000000083800000|  0%| F|  |TAMS 0x0000000083700000, 0x0000000083700000| Untracked 
|  32|0x0000000083800000, 0x0000000083800000, 0x0000000083900000|  0%| F|  |TAMS 0x0000000083800000, 0x0000000083800000| Untracked 
|  33|0x0000000083900000, 0x0000000083900000, 0x0000000083a00000|  0%| F|  |TAMS 0x0000000083900000, 0x0000000083900000| Untracked 
|  34|0x0000000083a00000, 0x0000000083a00000, 0x0000000083b00000|  0%| F|  |TAMS 0x0000000083a00000, 0x0000000083a00000| Untracked 
|  35|0x0000000083b00000, 0x0000000083b00000, 0x0000000083c00000|  0%| F|  |TAMS 0x0000000083b00000, 0x0000000083b00000| Untracked 
|  36|0x0000000083c00000, 0x0000000083c00000, 0x0000000083d00000|  0%| F|  |TAMS 0x0000000083c00000, 0x0000000083c00000| Untracked 
|  37|0x0000000083d00000, 0x0000000083d00000, 0x0000000083e00000|  0%| F|  |TAMS 0x0000000083d00000, 0x0000000083d00000| Untracked 
|  38|0x0000000083e00000, 0x0000000083e00000, 0x0000000083f00000|  0%| F|  |TAMS 0x0000000083e00000, 0x0000000083e00000| Untracked 
|  39|0x0000000083f00000, 0x0000000083f00000, 0x0000000084000000|  0%| F|  |TAMS 0x0000000083f00000, 0x0000000083f00000| Untracked 
|  40|0x0000000084000000, 0x0000000084000000, 0x0000000084100000|  0%| F|  |TAMS 0x0000000084000000, 0x0000000084000000| Untracked 
|  41|0x0000000084100000, 0x0000000084100000, 0x0000000084200000|  0%| F|  |TAMS 0x0000000084100000, 0x0000000084100000| Untracked 
|  42|0x0000000084200000, 0x0000000084200000, 0x0000000084300000|  0%| F|  |TAMS 0x0000000084200000, 0x0000000084200000| Untracked 
|  43|0x0000000084300000, 0x0000000084300000, 0x0000000084400000|  0%| F|  |TAMS 0x0000000084300000, 0x0000000084300000| Untracked 
|  44|0x0000000084400000, 0x0000000084400000, 0x0000000084500000|  0%| F|  |TAMS 0x0000000084400000, 0x0000000084400000| Untracked 
|  45|0x0000000084500000, 0x0000000084500000, 0x0000000084600000|  0%| F|  |TAMS 0x0000000084500000, 0x0000000084500000| Untracked 
|  46|0x0000000084600000, 0x0000000084600000, 0x0000000084700000|  0%| F|  |TAMS 0x0000000084600000, 0x0000000084600000| Untracked 
|  47|0x0000000084700000, 0x0000000084700000, 0x0000000084800000|  0%| F|  |TAMS 0x0000000084700000, 0x0000000084700000| Untracked 
|  48|0x0000000084800000, 0x0000000084800000, 0x0000000084900000|  0%| F|  |TAMS 0x0000000084800000, 0x0000000084800000| Untracked 
|  49|0x0000000084900000, 0x0000000084900000, 0x0000000084a00000|  0%| F|  |TAMS 0x0000000084900000, 0x0000000084900000| Untracked 
|  50|0x0000000084a00000, 0x0000000084a00000, 0x0000000084b00000|  0%| F|  |TAMS 0x0000000084a00000, 0x0000000084a00000| Untracked 
|  51|0x0000000084b00000, 0x0000000084b00000, 0x0000000084c00000|  0%| F|  |TAMS 0x0000000084b00000, 0x0000000084b00000| Untracked 
|  52|0x0000000084c00000, 0x0000000084c00000, 0x0000000084d00000|  0%| F|  |TAMS 0x0000000084c00000, 0x0000000084c00000| Untracked 
|  53|0x0000000084d00000, 0x0000000084d00000, 0x0000000084e00000|  0%| F|  |TAMS 0x0000000084d00000, 0x0000000084d00000| Untracked 
|  54|0x0000000084e00000, 0x0000000084e00000, 0x0000000084f00000|  0%| F|  |TAMS 0x0000000084e00000, 0x0000000084e00000| Untracked 
|  55|0x0000000084f00000, 0x0000000084f00000, 0x0000000085000000|  0%| F|  |TAMS 0x0000000084f00000, 0x0000000084f00000| Untracked 
|  56|0x0000000085000000, 0x0000000085000000, 0x0000000085100000|  0%| F|  |TAMS 0x0000000085000000, 0x0000000085000000| Untracked 
|  57|0x0000000085100000, 0x0000000085100000, 0x0000000085200000|  0%| F|  |TAMS 0x0000000085100000, 0x0000000085100000| Untracked 
|  58|0x0000000085200000, 0x0000000085200000, 0x0000000085300000|  0%| F|  |TAMS 0x0000000085200000, 0x0000000085200000| Untracked 
|  59|0x0000000085300000, 0x0000000085300000, 0x0000000085400000|  0%| F|  |TAMS 0x0000000085300000, 0x0000000085300000| Untracked 
|  60|0x0000000085400000, 0x0000000085400000, 0x0000000085500000|  0%| F|  |TAMS 0x0000000085400000, 0x0000000085400000| Untracked 
|  61|0x0000000085500000, 0x0000000085500000, 0x0000000085600000|  0%| F|  |TAMS 0x0000000085500000, 0x0000000085500000| Untracked 
|  62|0x0000000085600000, 0x0000000085600000, 0x0000000085700000|  0%| F|  |TAMS 0x0000000085600000, 0x0000000085600000| Untracked 
|  63|0x0000000085700000, 0x0000000085700000, 0x0000000085800000|  0%| F|  |TAMS 0x0000000085700000, 0x0000000085700000| Untracked 
|  64|0x0000000085800000, 0x0000000085800000, 0x0000000085900000|  0%| F|  |TAMS 0x0000000085800000, 0x0000000085800000| Untracked 
|  65|0x0000000085900000, 0x0000000085900000, 0x0000000085a00000|  0%| F|  |TAMS 0x0000000085900000, 0x0000000085900000| Untracked 
|  66|0x0000000085a00000, 0x0000000085a00000, 0x0000000085b00000|  0%| F|  |TAMS 0x0000000085a00000, 0x0000000085a00000| Untracked 
|  67|0x0000000085b00000, 0x0000000085b00000, 0x0000000085c00000|  0%| F|  |TAMS 0x0000000085b00000, 0x0000000085b00000| Untracked 
|  68|0x0000000085c00000, 0x0000000085c00000, 0x0000000085d00000|  0%| F|  |TAMS 0x0000000085c00000, 0x0000000085c00000| Untracked 
|  69|0x0000000085d00000, 0x0000000085d00000, 0x0000000085e00000|  0%| F|  |TAMS 0x0000000085d00000, 0x0000000085d00000| Untracked 
|  70|0x0000000085e00000, 0x0000000085e00000, 0x0000000085f00000|  0%| F|  |TAMS 0x0000000085e00000, 0x0000000085e00000| Untracked 
|  71|0x0000000085f00000, 0x0000000085f00000, 0x0000000086000000|  0%| F|  |TAMS 0x0000000085f00000, 0x0000000085f00000| Untracked 
|  72|0x0000000086000000, 0x0000000086000000, 0x0000000086100000|  0%| F|  |TAMS 0x0000000086000000, 0x0000000086000000| Untracked 
|  73|0x0000000086100000, 0x0000000086100000, 0x0000000086200000|  0%| F|  |TAMS 0x0000000086100000, 0x0000000086100000| Untracked 
|  74|0x0000000086200000, 0x0000000086200000, 0x0000000086300000|  0%| F|  |TAMS 0x0000000086200000, 0x0000000086200000| Untracked 
|  75|0x0000000086300000, 0x0000000086300000, 0x0000000086400000|  0%| F|  |TAMS 0x0000000086300000, 0x0000000086300000| Untracked 
|  76|0x0000000086400000, 0x0000000086400000, 0x0000000086500000|  0%| F|  |TAMS 0x0000000086400000, 0x0000000086400000| Untracked 
|  77|0x0000000086500000, 0x0000000086500000, 0x0000000086600000|  0%| F|  |TAMS 0x0000000086500000, 0x0000000086500000| Untracked 
|  78|0x0000000086600000, 0x0000000086600000, 0x0000000086700000|  0%| F|  |TAMS 0x0000000086600000, 0x0000000086600000| Untracked 
|  79|0x0000000086700000, 0x0000000086700000, 0x0000000086800000|  0%| F|  |TAMS 0x0000000086700000, 0x0000000086700000| Untracked 
|  80|0x0000000086800000, 0x0000000086800000, 0x0000000086900000|  0%| F|  |TAMS 0x0000000086800000, 0x0000000086800000| Untracked 
|  81|0x0000000086900000, 0x0000000086900000, 0x0000000086a00000|  0%| F|  |TAMS 0x0000000086900000, 0x0000000086900000| Untracked 
|  82|0x0000000086a00000, 0x0000000086a00000, 0x0000000086b00000|  0%| F|  |TAMS 0x0000000086a00000, 0x0000000086a00000| Untracked 
|  83|0x0000000086b00000, 0x0000000086b00000, 0x0000000086c00000|  0%| F|  |TAMS 0x0000000086b00000, 0x0000000086b00000| Untracked 
|  84|0x0000000086c00000, 0x0000000086c00000, 0x0000000086d00000|  0%| F|  |TAMS 0x0000000086c00000, 0x0000000086c00000| Untracked 
|  85|0x0000000086d00000, 0x0000000086d00000, 0x0000000086e00000|  0%| F|  |TAMS 0x0000000086d00000, 0x0000000086d00000| Untracked 
|  86|0x0000000086e00000, 0x0000000086e00000, 0x0000000086f00000|  0%| F|  |TAMS 0x0000000086e00000, 0x0000000086e00000| Untracked 
|  87|0x0000000086f00000, 0x0000000086f00000, 0x0000000087000000|  0%| F|  |TAMS 0x0000000086f00000, 0x0000000086f00000| Untracked 
|  88|0x0000000087000000, 0x0000000087000000, 0x0000000087100000|  0%| F|  |TAMS 0x0000000087000000, 0x0000000087000000| Untracked 
|  89|0x0000000087100000, 0x0000000087100000, 0x0000000087200000|  0%| F|  |TAMS 0x0000000087100000, 0x0000000087100000| Untracked 
|  90|0x0000000087200000, 0x0000000087200000, 0x0000000087300000|  0%| F|  |TAMS 0x0000000087200000, 0x0000000087200000| Untracked 
|  91|0x0000000087300000, 0x0000000087300000, 0x0000000087400000|  0%| F|  |TAMS 0x0000000087300000, 0x0000000087300000| Untracked 
|  92|0x0000000087400000, 0x0000000087400000, 0x0000000087500000|  0%| F|  |TAMS 0x0000000087400000, 0x0000000087400000| Untracked 
|  93|0x0000000087500000, 0x0000000087500000, 0x0000000087600000|  0%| F|  |TAMS 0x0000000087500000, 0x0000000087500000| Untracked 
|  94|0x0000000087600000, 0x0000000087600000, 0x0000000087700000|  0%| F|  |TAMS 0x0000000087600000, 0x0000000087600000| Untracked 
|  95|0x0000000087700000, 0x0000000087700000, 0x0000000087800000|  0%| F|  |TAMS 0x0000000087700000, 0x0000000087700000| Untracked 
|  96|0x0000000087800000, 0x0000000087800000, 0x0000000087900000|  0%| F|  |TAMS 0x0000000087800000, 0x0000000087800000| Untracked 
|  97|0x0000000087900000, 0x0000000087900000, 0x0000000087a00000|  0%| F|  |TAMS 0x0000000087900000, 0x0000000087900000| Untracked 
|  98|0x0000000087a00000, 0x0000000087a00000, 0x0000000087b00000|  0%| F|  |TAMS 0x0000000087a00000, 0x0000000087a00000| Untracked 
|  99|0x0000000087b00000, 0x0000000087b00000, 0x0000000087c00000|  0%| F|  |TAMS 0x0000000087b00000, 0x0000000087b00000| Untracked 
| 100|0x0000000087c00000, 0x0000000087c00000, 0x0000000087d00000|  0%| F|  |TAMS 0x0000000087c00000, 0x0000000087c00000| Untracked 
| 101|0x0000000087d00000, 0x0000000087d00000, 0x0000000087e00000|  0%| F|  |TAMS 0x0000000087d00000, 0x0000000087d00000| Untracked 
| 102|0x0000000087e00000, 0x0000000087e00000, 0x0000000087f00000|  0%| F|  |TAMS 0x0000000087e00000, 0x0000000087e00000| Untracked 
| 103|0x0000000087f00000, 0x0000000087f00000, 0x0000000088000000|  0%| F|  |TAMS 0x0000000087f00000, 0x0000000087f00000| Untracked 
| 104|0x0000000088000000, 0x0000000088000000, 0x0000000088100000|  0%| F|  |TAMS 0x0000000088000000, 0x0000000088000000| Untracked 
| 105|0x0000000088100000, 0x0000000088100000, 0x0000000088200000|  0%| F|  |TAMS 0x0000000088100000, 0x0000000088100000| Untracked 
| 106|0x0000000088200000, 0x0000000088200000, 0x0000000088300000|  0%| F|  |TAMS 0x0000000088200000, 0x0000000088200000| Untracked 
| 107|0x0000000088300000, 0x0000000088300000, 0x0000000088400000|  0%| F|  |TAMS 0x0000000088300000, 0x0000000088300000| Untracked 
| 108|0x0000000088400000, 0x0000000088400000, 0x0000000088500000|  0%| F|  |TAMS 0x0000000088400000, 0x0000000088400000| Untracked 
| 109|0x0000000088500000, 0x0000000088500000, 0x0000000088600000|  0%| F|  |TAMS 0x0000000088500000, 0x0000000088500000| Untracked 
| 110|0x0000000088600000, 0x0000000088600000, 0x0000000088700000|  0%| F|  |TAMS 0x0000000088600000, 0x0000000088600000| Untracked 
| 111|0x0000000088700000, 0x0000000088700000, 0x0000000088800000|  0%| F|  |TAMS 0x0000000088700000, 0x0000000088700000| Untracked 
| 112|0x0000000088800000, 0x0000000088900000, 0x0000000088900000|100%| S|CS|TAMS 0x0000000088800000, 0x0000000088800000| Complete 
| 113|0x0000000088900000, 0x0000000088a00000, 0x0000000088a00000|100%| S|CS|TAMS 0x0000000088900000, 0x0000000088900000| Complete 
| 114|0x0000000088a00000, 0x0000000088a80800, 0x0000000088b00000| 50%| E|  |TAMS 0x0000000088a00000, 0x0000000088a00000| Complete 
| 115|0x0000000088b00000, 0x0000000088c00000, 0x0000000088c00000|100%| E|CS|TAMS 0x0000000088b00000, 0x0000000088b00000| Complete 
| 116|0x0000000088c00000, 0x0000000088d00000, 0x0000000088d00000|100%| E|CS|TAMS 0x0000000088c00000, 0x0000000088c00000| Complete 
| 117|0x0000000088d00000, 0x0000000088e00000, 0x0000000088e00000|100%| E|CS|TAMS 0x0000000088d00000, 0x0000000088d00000| Complete 
| 118|0x0000000088e00000, 0x0000000088f00000, 0x0000000088f00000|100%| E|CS|TAMS 0x0000000088e00000, 0x0000000088e00000| Complete 
| 119|0x0000000088f00000, 0x0000000089000000, 0x0000000089000000|100%| E|CS|TAMS 0x0000000088f00000, 0x0000000088f00000| Complete 
| 120|0x0000000089000000, 0x0000000089100000, 0x0000000089100000|100%| E|CS|TAMS 0x0000000089000000, 0x0000000089000000| Complete 
| 121|0x0000000089100000, 0x0000000089200000, 0x0000000089200000|100%| E|CS|TAMS 0x0000000089100000, 0x0000000089100000| Complete 
| 122|0x0000000089200000, 0x0000000089300000, 0x0000000089300000|100%| E|CS|TAMS 0x0000000089200000, 0x0000000089200000| Complete 
| 123|0x0000000089300000, 0x0000000089400000, 0x0000000089400000|100%| E|CS|TAMS 0x0000000089300000, 0x0000000089300000| Complete 
| 124|0x0000000089400000, 0x0000000089500000, 0x0000000089500000|100%| E|CS|TAMS 0x0000000089400000, 0x0000000089400000| Complete 
| 125|0x0000000089500000, 0x0000000089600000, 0x0000000089600000|100%| E|CS|TAMS 0x0000000089500000, 0x0000000089500000| Complete 
| 126|0x0000000089600000, 0x0000000089700000, 0x0000000089700000|100%| E|CS|TAMS 0x0000000089600000, 0x0000000089600000| Complete 
| 127|0x0000000089700000, 0x0000000089800000, 0x0000000089800000|100%| E|CS|TAMS 0x0000000089700000, 0x0000000089700000| Complete 

Card table byte_map: [0x00000174990b0000,0x00000174994b0000] _byte_map_base: 0x0000017498ca4000

Marking Bits (Prev, Next): (CMBitMap*) 0x00000174ffc69c48, (CMBitMap*) 0x00000174ffc69c80
 Prev Bits: [0x00000174998b0000, 0x000001749b850000)
 Next Bits: [0x000001749b850000, 0x000001749d7f0000)

Polling page: 0x0000017481410000

Metaspace:

Usage:
  Non-class:     10.55 MB capacity,    10.43 MB ( 99%) used,   112.24 KB (  1%) free+waste,    13.88 KB ( <1%) overhead. 
      Class:    953.00 KB capacity,   880.20 KB ( 92%) used,    66.86 KB (  7%) free+waste,     5.94 KB ( <1%) overhead. 
       Both:     11.49 MB capacity,    11.29 MB ( 98%) used,   179.10 KB (  2%) free+waste,    19.81 KB ( <1%) overhead. 

Virtual space:
  Non-class space:       12.00 MB reserved,      10.75 MB ( 90%) committed 
      Class space:        1.00 GB reserved,       1.00 MB ( <1%) committed 
             Both:        1.01 GB reserved,      11.75 MB (  1%) committed 

Chunk freelists:
   Non-Class:  9.00 KB
       Class:  896 bytes
        Both:  9.88 KB

CodeHeap 'non-profiled nmethods': size=120064Kb used=346Kb max_used=346Kb free=119717Kb
 bounds [0x0000017491140000, 0x00000174913b0000, 0x0000017498680000]
CodeHeap 'profiled nmethods': size=120000Kb used=1804Kb max_used=1804Kb free=118195Kb
 bounds [0x0000017489c10000, 0x0000017489e80000, 0x0000017491140000]
CodeHeap 'non-nmethods': size=5696Kb used=1391Kb max_used=1409Kb free=4304Kb
 bounds [0x0000017489680000, 0x00000174898f0000, 0x0000017489c10000]
 total_blobs=2065 nmethods=963 adapters=783
 compilation: enabled
              stopped_count=0, restarted_count=0
 full_count=0

Compilation events (10 events):
Event: 2.415 Thread 0x00000174a078d800  954       3       java.lang.invoke.LambdaForm$NamedFunction::returnType (11 bytes)
Event: 2.416 Thread 0x00000174a078d800 nmethod 954 0x0000017489dcf110 code [0x0000017489dcf320, 0x0000017489dcf7f0]
Event: 2.416 Thread 0x00000174a078d800  951   !   3       java.lang.invoke.MemberName::getFieldType (177 bytes)
Event: 2.419 Thread 0x00000174a078d800 nmethod 951 0x0000017489dcfa10 code [0x0000017489dcfd60, 0x0000017489dd14c0]
Event: 2.425 Thread 0x00000174a078d800  961       3       java.lang.invoke.LambdaForm$BasicType::basicType (172 bytes)
Event: 2.426 Thread 0x00000174a078d800 nmethod 961 0x0000017489dd1c10 code [0x0000017489dd1ec0, 0x0000017489dd2b70]
Event: 2.426 Thread 0x00000174a078d800  955       3       java.lang.invoke.LambdaForm::parameterType (9 bytes)
Event: 2.427 Thread 0x00000174a078d800 nmethod 955 0x0000017489dd2f10 code [0x0000017489dd30e0, 0x0000017489dd3290]
Event: 2.431 Thread 0x000001749fe75800 nmethod 893 0x0000017491190690 code [0x00000174911909a0, 0x00000174911927f8]
Event: 2.431 Thread 0x000001749fe75800  959       4       jdk.internal.org.objectweb.asm.ByteVector::putUTF8 (142 bytes)

GC Heap History (2 events):
Event: 1.884 GC heap before
{Heap before GC invocations=0 (full 0):
 garbage-first heap   total 131072K, used 14336K [0x0000000081800000, 0x0000000100000000)
  region size 1024K, 14 young (14336K), 0 survivors (0K)
 Metaspace       used 9443K, capacity 9552K, committed 9856K, reserved 1058816K
  class space    used 785K, capacity 833K, committed 896K, reserved 1048576K
}
Event: 1.929 GC heap after
{Heap after GC invocations=1 (full 0):
 garbage-first heap   total 131072K, used 3429K [0x0000000081800000, 0x0000000100000000)
  region size 1024K, 2 young (2048K), 2 survivors (2048K)
 Metaspace       used 9443K, capacity 9552K, committed 9856K, reserved 1058816K
  class space    used 785K, capacity 833K, committed 896K, reserved 1048576K
}

Deoptimization events (10 events):
Event: 0.677 Thread 0x00000174ffc2c000 Uncommon trap: reason=unstable_if action=reinterpret pc=0x0000017491150d34 method=java.util.HashMap.putVal(ILjava/lang/Object;Ljava/lang/Object;ZZ)Ljava/lang/Object; @ 181 c2
Event: 1.125 Thread 0x00000174ffc2c000 Uncommon trap: reason=unstable_if action=reinterpret pc=0x000001749115d33c method=java.util.zip.ZipFile$Source.isMetaName([BII)Z @ 43 c2
Event: 1.127 Thread 0x00000174ffc2c000 Uncommon trap: reason=unstable_if action=reinterpret pc=0x0000017491163a14 method=java.util.jar.Manifest$FastInputStream.readLine([BII)I @ 48 c2
Event: 1.180 Thread 0x00000174ffc2c000 Uncommon trap: reason=unstable_if action=reinterpret pc=0x0000017491141c10 method=java.lang.String.isLatin1()Z @ 10 c2
Event: 1.334 Thread 0x00000174ffc2c000 Uncommon trap: reason=class_check action=maybe_recompile pc=0x000001749115e208 method=java.util.HashMap.getNode(ILjava/lang/Object;)Ljava/util/HashMap$Node; @ 59 c2
Event: 1.397 Thread 0x00000174ffc2c000 Uncommon trap: reason=class_check action=maybe_recompile pc=0x000001749115e208 method=java.util.HashMap.getNode(ILjava/lang/Object;)Ljava/util/HashMap$Node; @ 59 c2
Event: 1.522 Thread 0x00000174ffc2c000 Uncommon trap: reason=class_check action=maybe_recompile pc=0x000001749115e208 method=java.util.HashMap.getNode(ILjava/lang/Object;)Ljava/util/HashMap$Node; @ 59 c2
Event: 1.598 Thread 0x00000174ffc2c000 Uncommon trap: reason=class_check action=maybe_recompile pc=0x000001749115e208 method=java.util.HashMap.getNode(ILjava/lang/Object;)Ljava/util/HashMap$Node; @ 59 c2
Event: 1.805 Thread 0x00000174ffc2c000 Uncommon trap: reason=class_check action=maybe_recompile pc=0x0000017491173f88 method=java.util.HashMap.getNode(ILjava/lang/Object;)Ljava/util/HashMap$Node; @ 126 c2
Event: 2.415 Thread 0x00000174ffc2c000 Uncommon trap: reason=unstable_if action=reinterpret pc=0x0000017491166324 method=java.io.BufferedReader.readLine(Z)Ljava/lang/String; @ 66 c2

Classes redefined (0 events):
No events

Internal exceptions (4 events):
Event: 1.246 Thread 0x00000174ffc2c000 Exception <a 'java/lang/NoSuchMethodError'{0x0000000088d48e38}: java.lang.invoke.DelegatingMethodHandle$Holder.delegate(Ljava/lang/Object;Ljava/lang/Object;ILjava/lang/Object;)V> (0x0000000088d48e38) thrown at [t:/workspace/open/src/hotspot/share/interpre
Event: 1.260 Thread 0x00000174ffc2c000 Exception <a 'java/lang/NoSuchMethodError'{0x0000000088d501e8}: java.lang.invoke.DirectMethodHandle$Holder.invokeStaticInit(Ljava/lang/Object;Ljava/lang/Object;Ljava/lang/Object;)Ljava/lang/Object;> (0x0000000088d501e8) thrown at [t:/workspace/open/src/ho
Event: 1.811 Thread 0x00000174ffc2c000 Exception <a 'sun/nio/fs/WindowsException'{0x0000000088bda280}> (0x0000000088bda280) thrown at [t:/workspace/open/src/hotspot/share/prims/jni.cpp, line 615]
Event: 1.812 Thread 0x00000174ffc2c000 Exception <a 'sun/nio/fs/WindowsException'{0x0000000088bda738}> (0x0000000088bda738) thrown at [t:/workspace/open/src/hotspot/share/prims/jni.cpp, line 615]

Events (10 events):
Event: 2.415 loading class org/lwjgl/system/APIUtil$Encoder done
Event: 2.415 loading class org/lwjgl/system/APIUtil$Encoder
Event: 2.415 loading class org/lwjgl/system/APIUtil$Encoder done
Event: 2.419 Thread 0x00000174a311e000 Thread added: 0x00000174a311e000
Event: 2.429 loading class Graphics.Models.Mesh
Event: 2.429 loading class Graphics.Models.Mesh done
Event: 2.430 loading class org/lwjgl/opengl/GL30C
Event: 2.430 loading class org/lwjgl/opengl/GL30C done
Event: 2.432 loading class org/lwjgl/opengl/GL21C
Event: 2.432 loading class org/lwjgl/opengl/GL21C done


Dynamic libraries:
0x00007ff76a100000 - 0x00007ff76a147000 	C:\Program Files\Java\jdk-11.0.1\bin\java.exe
0x00007ffb4b2e0000 - 0x00007ffb4b4c1000 	C:\WINDOWS\SYSTEM32\ntdll.dll
0x00007ffb4ac70000 - 0x00007ffb4ad22000 	C:\WINDOWS\System32\KERNEL32.DLL
0x00007ffb484a0000 - 0x00007ffb48713000 	C:\WINDOWS\System32\KERNELBASE.dll
0x00007ffb4aea0000 - 0x00007ffb4af41000 	C:\WINDOWS\System32\ADVAPI32.dll
0x00007ffb4b120000 - 0x00007ffb4b1be000 	C:\WINDOWS\System32\msvcrt.dll
0x00007ffb48990000 - 0x00007ffb489eb000 	C:\WINDOWS\System32\sechost.dll
0x00007ffb493e0000 - 0x00007ffb49504000 	C:\WINDOWS\System32\RPCRT4.dll
0x00007ffb489f0000 - 0x00007ffb48b80000 	C:\WINDOWS\System32\USER32.dll
0x00007ffb48050000 - 0x00007ffb48070000 	C:\WINDOWS\System32\win32u.dll
0x00007ffb4adb0000 - 0x00007ffb4add8000 	C:\WINDOWS\System32\GDI32.dll
0x00007ffb48120000 - 0x00007ffb482b2000 	C:\WINDOWS\System32\gdi32full.dll
0x00007ffb476b0000 - 0x00007ffb4774f000 	C:\WINDOWS\System32\msvcp_win.dll
0x00007ffb482c0000 - 0x00007ffb483ba000 	C:\WINDOWS\System32\ucrtbase.dll
0x00007ffb3af70000 - 0x00007ffb3b1d9000 	C:\WINDOWS\WinSxS\amd64_microsoft.windows.common-controls_6595b64144ccf1df_6.0.17134.345_none_fb429a5930656358\COMCTL32.dll
0x00007ffb3d800000 - 0x00007ffb3d80a000 	C:\WINDOWS\SYSTEM32\VERSION.dll
0x00007ffb48b80000 - 0x00007ffb48ea3000 	C:\WINDOWS\System32\combase.dll
0x00007ffb48420000 - 0x00007ffb4849a000 	C:\WINDOWS\System32\bcryptPrimitives.dll
0x00007ffb4aa30000 - 0x00007ffb4aa5d000 	C:\WINDOWS\System32\IMM32.DLL
0x00007ffb42df0000 - 0x00007ffb42e06000 	C:\Program Files\Java\jdk-11.0.1\bin\vcruntime140.dll
0x00007ffb39340000 - 0x00007ffb393ea000 	C:\Program Files\Java\jdk-11.0.1\bin\msvcp140.dll
0x00007ffafe6d0000 - 0x00007ffaff212000 	C:\Program Files\Java\jdk-11.0.1\bin\server\jvm.dll
0x00007ffb48f80000 - 0x00007ffb48f88000 	C:\WINDOWS\System32\PSAPI.DLL
0x00007ffb36cd0000 - 0x00007ffb36cd9000 	C:\WINDOWS\SYSTEM32\WSOCK32.dll
0x00007ffb3c5d0000 - 0x00007ffb3c5f3000 	C:\WINDOWS\SYSTEM32\WINMM.dll
0x00007ffb4ac00000 - 0x00007ffb4ac6c000 	C:\WINDOWS\System32\WS2_32.dll
0x00007ffb3b1e0000 - 0x00007ffb3b20a000 	C:\WINDOWS\SYSTEM32\winmmbase.dll
0x00007ffb48720000 - 0x00007ffb48769000 	C:\WINDOWS\System32\cfgmgr32.dll
0x00007ffb47670000 - 0x00007ffb47681000 	C:\WINDOWS\System32\kernel.appcore.dll
0x00007ffb39550000 - 0x00007ffb39561000 	C:\Program Files\Java\jdk-11.0.1\bin\verify.dll
0x00007ffb3a8f0000 - 0x00007ffb3aab9000 	C:\WINDOWS\SYSTEM32\DBGHELP.DLL
0x00007ffb3a8c0000 - 0x00007ffb3a8e9000 	C:\WINDOWS\SYSTEM32\dbgcore.DLL
0x00007ffb38c70000 - 0x00007ffb38c99000 	C:\Program Files\Java\jdk-11.0.1\bin\java.dll
0x00007ffb363c0000 - 0x00007ffb363ef000 	C:\Program Files\Java\jdk-11.0.1\bin\instrument.dll
0x00007ffb392b0000 - 0x00007ffb392c6000 	C:\Program Files\Java\jdk-11.0.1\bin\zip.dll
0x00007ffb43f30000 - 0x00007ffb43f3a000 	C:\Program Files\Java\jdk-11.0.1\bin\jimage.dll
0x00007ffb49590000 - 0x00007ffb4a9cf000 	C:\WINDOWS\System32\SHELL32.dll
0x00007ffb4ade0000 - 0x00007ffb4ae89000 	C:\WINDOWS\System32\shcore.dll
0x00007ffb47940000 - 0x00007ffb4804d000 	C:\WINDOWS\System32\windows.storage.dll
0x00007ffb4a9d0000 - 0x00007ffb4aa21000 	C:\WINDOWS\System32\shlwapi.dll
0x00007ffb47650000 - 0x00007ffb4766f000 	C:\WINDOWS\System32\profapi.dll
0x00007ffb47600000 - 0x00007ffb4764c000 	C:\WINDOWS\System32\powrprof.dll
0x00007ffb475f0000 - 0x00007ffb475fa000 	C:\WINDOWS\System32\FLTLIB.DLL
0x00007ffb38c50000 - 0x00007ffb38c69000 	C:\Program Files\Java\jdk-11.0.1\bin\net.dll
0x00007ffb3ff00000 - 0x00007ffb3ffdc000 	C:\WINDOWS\SYSTEM32\WINHTTP.dll
0x00007ffb46e70000 - 0x00007ffb46ed6000 	C:\WINDOWS\system32\mswsock.dll
0x00007ffb38c30000 - 0x00007ffb38c43000 	C:\Program Files\Java\jdk-11.0.1\bin\nio.dll
0x00007ffb36430000 - 0x00007ffb3644a000 	C:\Program Files\JetBrains\IntelliJ IDEA Community Edition 2018.2.5\bin\breakgen64.dll
0x00007ffb2a4b0000 - 0x00007ffb2a511000 	C:\Users\B\AppData\Local\Temp\lwjglB\3.2.0-build-12\lwjgl.dll
0x00007ffb2a3c0000 - 0x00007ffb2a41c000 	C:\Users\B\AppData\Local\Temp\lwjglB\3.2.0-build-12\glfw.dll
0x00007ffb45af0000 - 0x00007ffb45b88000 	C:\WINDOWS\system32\uxtheme.dll
0x00007ffb26270000 - 0x00007ffb262b3000 	C:\WINDOWS\SYSTEM32\dinput8.dll
0x00007ffb393f0000 - 0x00007ffb39400000 	C:\WINDOWS\SYSTEM32\xinput1_4.dll
0x00007ffb47400000 - 0x00007ffb47427000 	C:\WINDOWS\SYSTEM32\DEVOBJ.dll
0x00007ffb45d80000 - 0x00007ffb45da9000 	C:\WINDOWS\SYSTEM32\dwmapi.dll
0x00007ffb48810000 - 0x00007ffb48984000 	C:\WINDOWS\System32\MSCTF.dll
0x00007ffb48eb0000 - 0x00007ffb48f72000 	C:\WINDOWS\System32\OLEAUT32.dll
0x00007ffb46320000 - 0x00007ffb4632c000 	C:\WINDOWS\SYSTEM32\HID.DLL
0x00007ffb32a30000 - 0x00007ffb32aa9000 	C:\WINDOWS\SYSTEM32\inputhost.dll
0x00007ffb43aa0000 - 0x00007ffb43bed000 	C:\WINDOWS\SYSTEM32\wintypes.dll
0x00007ffb45430000 - 0x00007ffb4550a000 	C:\WINDOWS\SYSTEM32\CoreMessaging.dll
0x00007ffb38220000 - 0x00007ffb3853e000 	C:\WINDOWS\SYSTEM32\CoreUIComponents.dll
0x00007ffb466e0000 - 0x00007ffb46711000 	C:\WINDOWS\SYSTEM32\ntmarta.dll
0x00007ffb48f90000 - 0x00007ffb493db000 	C:\WINDOWS\System32\SETUPAPI.DLL
0x00007ffb483c0000 - 0x00007ffb48417000 	C:\WINDOWS\System32\WINTRUST.dll
0x00007ffb47690000 - 0x00007ffb476a2000 	C:\WINDOWS\System32\MSASN1.dll
0x00007ffb47750000 - 0x00007ffb47932000 	C:\WINDOWS\System32\CRYPT32.dll
0x00007ffb2a750000 - 0x00007ffb2a870000 	C:\WINDOWS\SYSTEM32\opengl32.dll
0x00007ffb41170000 - 0x00007ffb4119c000 	C:\WINDOWS\SYSTEM32\GLU32.dll
0x00007ffad76e0000 - 0x00007ffad7f11000 	C:\WINDOWS\SYSTEM32\ig7icd64.dll
0x00007ffb370e0000 - 0x00007ffb37545000 	C:\WINDOWS\SYSTEM32\igdusc64.dll
0x00007ffb43cf0000 - 0x00007ffb43d03000 	C:\WINDOWS\SYSTEM32\WTSAPI32.dll
0x00007ffb463b0000 - 0x00007ffb4646b000 	C:\WINDOWS\SYSTEM32\dxgi.dll
0x00007ffb44580000 - 0x00007ffb4488b000 	C:\WINDOWS\SYSTEM32\d3d11.dll
0x00007ffb37550000 - 0x00007ffb380f2000 	C:\WINDOWS\SYSTEM32\igd10iumd64.dll
0x00007ffb4afc0000 - 0x00007ffb4b111000 	C:\WINDOWS\System32\ole32.dll
0x00007ffb47150000 - 0x00007ffb47175000 	C:\WINDOWS\SYSTEM32\bcrypt.dll
0x00007ffb47120000 - 0x00007ffb47146000 	C:\WINDOWS\SYSTEM32\ncrypt.dll
0x00007ffb470e0000 - 0x00007ffb47116000 	C:\WINDOWS\SYSTEM32\NTASN1.dll
0x00007ffb34a30000 - 0x00007ffb34ac7000 	C:\WINDOWS\System32\TextInputFramework.dll
0x00007ffb26210000 - 0x00007ffb26269000 	C:\Users\B\AppData\Local\Temp\lwjglB\3.2.0-build-12\lwjgl_opengl.dll

dbghelp: loaded successfully - version: 4.0.5 - missing functions: none
symbol engine: initialized successfully - sym options: 0x614 - pdb path: .;C:\Program Files\Java\jdk-11.0.1\bin;C:\WINDOWS\SYSTEM32;C:\WINDOWS\WinSxS\amd64_microsoft.windows.common-controls_6595b64144ccf1df_6.0.17134.345_none_fb429a5930656358;C:\Program Files\Java\jdk-11.0.1\bin\server;C:\Program Files\JetBrains\IntelliJ IDEA Community Edition 2018.2.5\bin;C:\Users\B\AppData\Local\Temp\lwjglB\3.2.0-build-12

VM Arguments:
jvm_args: -javaagent:C:\Program Files\JetBrains\IntelliJ IDEA Community Edition 2018.2.5\lib\idea_rt.jar=55452:C:\Program Files\JetBrains\IntelliJ IDEA Community Edition 2018.2.5\bin -Dfile.encoding=UTF-8 
java_command: Core.Core
java_class_path (initial): C:\Users\B\IdeaProjects\lwjgl Core.Core\out\production\lwjgl Core.Core;C:\Users\B\Downloads\lwjgl-3.2.0\lwjgl\lwjgl.jar;C:\Users\B\Downloads\lwjgl-3.2.0\lwjgl\lwjgl-javadoc.jar;C:\Users\B\Downloads\lwjgl-3.2.0\lwjgl\lwjgl-sources.jar;C:\Users\B\Downloads\lwjgl-3.2.0\lwjgl\lwjgl-natives-linux.jar;C:\Users\B\Downloads\lwjgl-3.2.0\lwjgl\lwjgl-natives-macos.jar;C:\Users\B\Downloads\lwjgl-3.2.0\lwjgl\lwjgl-natives-windows.jar;C:\Users\B\Downloads\lwjgl-3.2.0\lwjgl-assimp\lwjgl-assimp.jar;C:\Users\B\Downloads\lwjgl-3.2.0\lwjgl-assimp\lwjgl-assimp-javadoc.jar;C:\Users\B\Downloads\lwjgl-3.2.0\lwjgl-assimp\lwjgl-assimp-sources.jar;C:\Users\B\Downloads\lwjgl-3.2.0\lwjgl-assimp\lwjgl-assimp-natives-linux.jar;C:\Users\B\Downloads\lwjgl-3.2.0\lwjgl-assimp\lwjgl-assimp-natives-macos.jar;C:\Users\B\Downloads\lwjgl-3.2.0\lwjgl-assimp\lwjgl-assimp-natives-windows.jar;C:\Users\B\Downloads\lwjgl-3.2.0\lwjgl-bgfx\lwjgl-bgfx.jar;C:\Users\B\Downloads\lwjgl-3.2.0\lwjgl-bgfx\lwjgl-bgfx-javadoc.jar;C:\Users\B\Downloads\lwjgl-3.2.0\lwjgl-bgfx\lwjgl-bgfx-sources.jar;C:\Users\B\Downloads\lwjgl-3.2.0\lwjgl-bgfx\lwjgl-bgfx-natives-linux.jar;C:\Users\B\Downloads\lwjgl-3.2.0\lwjgl-bgfx\lwjgl-bgfx-natives-macos.jar;C:\Users\B\Downloads\lwjgl-3.2.0\lwjgl-bgfx\lwjgl-bgfx-natives-windows.jar;C:\Users\B\Downloads\lwjgl-3.2.0\lwjgl-egl\lwjgl-egl.jar;C:\Users\B\Downloads\lwjgl-3.2.0\lwjgl-egl\lwjgl-egl-javadoc.jar;C:\Users\B\Downloads\lwjgl-3.2.0\lwjgl-egl\lwjgl-egl-sources.jar;C:\Users\B\Downloads\lwjgl-3.2.0\lwjgl-glfw\lwjgl-glfw.jar;C:\Users\B\Downloads\lwjgl-3.2.0\lwjgl-glfw\lwjgl-glfw-javadoc.jar;C:\Users\B\Downloads\lwjgl-3.2.0\lwjgl-glfw\lwjgl-glfw-sources.jar;C:\Users\B\Downloads\lwjgl-3.2.0\lwjgl-glfw\lwjgl-glfw-natives-linux.jar;C:\Users\B\Downloads\lwjgl-3.2.0\lwjgl-glfw\lwjgl-glfw-natives-macos.jar;C:\Users\B\Downloads\lwjgl-3.2.0\lwjgl-glfw\lwjgl-glfw-natives-windows.jar;C:\Users\B\Downloads\lwjgl-3.2.0\lwjgl-jawt\lwjgl-jawt.jar;C:\Users\B\Downloads\lwjgl-3.2.0\lwjgl-jawt\
Launcher Type: SUN_STANDARD

[Global flags]
     intx CICompilerCount                          = 3                                         {product} {ergonomic}
     uint ConcGCThreads                            = 1                                         {product} {ergonomic}
     uint G1ConcRefinementThreads                  = 4                                         {product} {ergonomic}
   size_t G1HeapRegionSize                         = 1048576                                   {product} {ergonomic}
    uintx GCDrainStackTargetSize                   = 64                                        {product} {ergonomic}
   size_t InitialHeapSize                          = 134217728                                 {product} {ergonomic}
   size_t MarkStackSize                            = 4194304                                   {product} {ergonomic}
   size_t MaxHeapSize                              = 2122317824                                {product} {ergonomic}
   size_t MaxNewSize                               = 1272971264                                {product} {ergonomic}
   size_t MinHeapDeltaBytes                        = 1048576                                   {product} {ergonomic}
    uintx NonNMethodCodeHeapSize                   = 5830092                                {pd product} {ergonomic}
    uintx NonProfiledCodeHeapSize                  = 122914074                              {pd product} {ergonomic}
    uintx ProfiledCodeHeapSize                     = 122914074                              {pd product} {ergonomic}
    uintx ReservedCodeCacheSize                    = 251658240                              {pd product} {ergonomic}
     bool SegmentedCodeCache                       = true                                      {product} {ergonomic}
     bool UseCompressedClassPointers               = true                                 {lp64_product} {ergonomic}
     bool UseCompressedOops                        = true                                 {lp64_product} {ergonomic}
     bool UseG1GC                                  = true                                      {product} {ergonomic}
     bool UseLargePagesIndividualAllocation        = false                                  {pd product} {ergonomic}

Logging:
Log output configuration:
 #0: stdout all=warning uptime,level,tags
 #1: stderr all=off uptime,level,tags

Environment Variables:
CLASSPATH=.;.;C:\PROGRA~2\JMF21~1.1E\lib\sound.jar;C:\PROGRA~2\JMF21~1.1E\lib\jmf.jar;C:\PROGRA~2\JMF21~1.1E\lib;
PATH=C:\Program Files (x86)\Common Files\Oracle\Java\javapath;C:\WINDOWS\system32;C:\WINDOWS;C:\WINDOWS\System32\Wbem;C:\WINDOWS\System32\WindowsPowerShell\v1.0\;C:\WINDOWS\System32\OpenSSH\;C:\Program Files\Java\jdk-11.0.1\bin;C:\Program Files\Java\jre1.0.8_191\bin;C:\Program Files\Git\cmd;C:\Users\B\AppData\Local\Microsoft\WindowsApps;C:\Users\B\AppData\Local\GitHubDesktop\bin
USERNAME=B
OS=Windows_NT
PROCESSOR_IDENTIFIER=Intel64 Family 6 Graphics.Models.Mesh 58 Stepping 9, GenuineIntel



---------------  S Y S T E M  ---------------

OS: Windows 10 , 64 bit Build 17134 (10.0.17134.1)

CPU:total 4 (initial active 4) (2 cores per cpu, 2 threads per core) family 6 model 58 stepping 9, cmov, cx8, fxsr, mmx, sse, sse2, sse3, ssse3, sse4.1, sse4.2, popcnt, avx, clmul, erms, ht, tsc, tscinvbit, tscinv

Memory: 4k page, system-wide physical 8089M (2105M free)
TotalPageFile size 15331M (AvailPageFile size 2193M)
current process WorkingSet (physical memory assigned to process): 90M, peak: 90M
current process commit charge ("private bytes"): 244M, peak: 244M

vm_info: Java HotSpot(TM) 64-Bit Server VM (11.0.1+13-LTS) for windows-amd64 JRE (11.0.1+13-LTS), built on Oct  6 2018 13:20:16 by "mach5one" with MS VC++ 15.5 (VS2017)

END.
