#
# A fatal error has been detected by the Java Runtime Environment:
#
#  EXCEPTION_ACCESS_VIOLATION (0xc0000005) at pc=0x00007ffd8cdd0898, pid=11656, tid=21316
#
# JRE version: Java(TM) SE Runtime Environment (11.0.1+13) (build 11.0.1+13-LTS)
# Java VM: Java HotSpot(TM) 64-Bit Server VM (11.0.1+13-LTS, mixed mode, tiered, compressed oops, g1 gc, windows-amd64)
# Problematic frame:
# C  [lwjgl_stb.dll+0x30898]
#
# No core dump will be written. Minidumps are not enabled by default on client versions of Windows
#
# If you would like to submit a bug report, please visit:
#   http://bugreport.java.com/bugreport/crash.jsp
# The crash happened outside the Java Virtual Machine in native code.
# See problematic frame for where to report the bug.
#

---------------  S U M M A R Y ------------

Command Line: -Dfile.encoding=UTF-8 DabEngine.TestCaseEngine

Host: Intel(R) Core(TM) i3-3110M CPU @ 2.40GHz, 4 cores, 7G,  Windows 10 , 64 bit Build 17134 (10.0.17134.753)
Time: Sun Jun  2 07:31:29 2019 GMT Daylight Time elapsed time: 3 seconds (0d 0h 0m 3s)

---------------  T H R E A D  ---------------

Current thread (0x00000266e3fde000):  JavaThread "main" [_thread_in_native, id=21316, stack(0x00000073cd400000,0x00000073cd500000)]

Stack: [0x00000073cd400000,0x00000073cd500000],  sp=0x00000073cd4ff2f8,  free space=1020k
Native frames: (J=compiled Java code, j=interpreted, Vv=VM code, C=native code)
C  [lwjgl_stb.dll+0x30898]

Java frames: (J=compiled Java code, j=interpreted, Vv=VM code)
j  org.lwjgl.stb.STBTruetype.nstbtt_ScaleForMappingEmToPixels(JF)F+0
J 1362 c1 DabEngine.Graphics.Batch.TextBatch.draw(Ljava/lang/String;FFFFFFF)V (468 bytes) @ 0x00000266ee2d6c34 [0x00000266ee2d5b60+0x00000000000010d4]
j  DabEngine.TestCaseEngine.render()V+36
j  DabEngine.Core.Engine.run()V+122
j  DabEngine.TestCaseEngine.main([Ljava/lang/String;)V+16
v  ~StubRoutines::call_stub

siginfo: EXCEPTION_ACCESS_VIOLATION (0xc0000005), reading address 0x000002668b39b48a


Register to memory mapping:

RIP=0x00007ffd8cdd0898 lwjgl_stb.dll
RAX=0x000002668b387c30 points into unknown readable memory
RBX={method} {0x000002668ae0c5f0} 'nstbtt_ScaleForMappingEmToPixels' '(JF)F' in 'org/lwjgl/stb/STBTruetype'
RCX=0x0000000000013848 is an unknown value
RDX=0x00000073cd4ff398 is pointing into the stack for thread: 0x00000266e3fde000
RSP=0x00000073cd4ff2f8 is pointing into the stack for thread: 0x00000266e3fde000
RBP=0x00000073cd4ff388 is pointing into the stack for thread: 0x00000266e3fde000
RSI=0x000000008949db80 is an oop
org.lwjgl.stb.STBTTAlignedQuad 
{0x000000008949db80} - klass: 'org/lwjgl/stb/STBTTAlignedQuad'
RDI=0x000002668afd1708 is pointing into metadata
R8 =0x0000026685bd4a40 points into unknown readable memory
R9 =0x0000000000000010 is an unknown value
R10=0x00000266edacef88 is at code_begin+1000 in an Interpreter codelet
method entry point (kind = native)  [0x00000266edaceba0, 0x00000266edacf700]  2912 bytes
R11=0x0000000089300210 is an oop
java.lang.Class 
{0x0000000089300210} - klass: 'java/lang/Class'
R12=0x0 is NULL
R13={method} {0x000002668ae0c5f0} 'nstbtt_ScaleForMappingEmToPixels' '(JF)F' in 'org/lwjgl/stb/STBTruetype'
R14=0x00000073cd4ff3b8 is pointing into the stack for thread: 0x00000266e3fde000
R15=0x00000266e3fde000 is a thread


Registers:
RAX=0x000002668b387c30, RBX=0x000002668ae0c5e8, RCX=0x0000000000013848, RDX=0x00000073cd4ff398
RSP=0x00000073cd4ff2f8, RBP=0x00000073cd4ff388, RSI=0x000000008949db80, RDI=0x000002668afd1708
R8 =0x0000026685bd4a40, R9 =0x0000000000000010, R10=0x00000266edacef88, R11=0x0000000089300210
R12=0x0000000000000000, R13=0x000002668ae0c5e8, R14=0x00000073cd4ff3b8, R15=0x00000266e3fde000
RIP=0x00007ffd8cdd0898, EFLAGS=0x0000000000010206

Top of Stack: (sp=0x00000073cd4ff2f8)
0x00000073cd4ff2f8:   00000266edacefb7 0000000081b38348
0x00000073cd4ff308:   00000266edac9e03 0000026685be6004
0x00000073cd4ff318:   0000000000000000 0000000000000010
0x00000073cd4ff328:   0000000000000000 000000008949db80
0x00000073cd4ff338:   00000000822c0c90 00000073cd4ff340
0x00000073cd4ff348:   0000000000000000 00000073cd4ff3b8
0x00000073cd4ff358:   000002668ae18aa8 0000000000000000
0x00000073cd4ff368:   0000000089300210 000002668ae0c5e8
0x00000073cd4ff378:   0000000000000000 00000073cd4ff3c0
0x00000073cd4ff388:   00000073cd4ff608 00000266ee2d6c34
0x00000073cd4ff398:   0000000089300210 00000266edacbf99
0x00000073cd4ff3a8:   0000026641c00000 0000026685bd4a40
0x00000073cd4ff3b8:   00000266ee2d6c34 0000000000000320
0x00000073cd4ff3c8:   00000073cd4ff498 0000000000000105
0x00000073cd4ff3d8:   000002668ace11a8 000002668a4393f0
0x00000073cd4ff3e8:   0000000000000000 00000073cd4ff608 

Instructions: (pc=0x00007ffd8cdd0898)
0x00007ffd8cdd0878:   0f 6e c1 0f 5b c0 f3 0f 5e c8 0f 28 c1 c3 cc cc
0x00007ffd8cdd0888:   cc cc cc cc cc cc cc cc 49 63 48 1c 49 8b 40 08
0x00007ffd8cdd0898:   0f b6 54 01 12 0f b6 44 01 13 c1 e2 08 03 d0 66
0x00007ffd8cdd08a8:   0f 6e c2 0f 5b c0 f3 0f 5e d8 0f 28 c3 c3 cc cc 



---------------  P R O C E S S  ---------------

Threads class SMR info:
_java_thread_list=0x0000026689e832b0, length=12, elements={
0x00000266e3fde000, 0x0000026684266800, 0x0000026684289800, 0x0000026684bf1800,
0x0000026684bf2800, 0x00000266842a1800, 0x00000266842a5800, 0x0000026684bac800,
0x0000026684e8b000, 0x0000026684e8e000, 0x0000026689ae2000, 0x0000026685a9c000
}

Java Threads: ( => current thread )
=>0x00000266e3fde000 JavaThread "main" [_thread_in_native, id=21316, stack(0x00000073cd400000,0x00000073cd500000)]
  0x0000026684266800 JavaThread "Reference Handler" daemon [_thread_blocked, id=8584, stack(0x00000073cdb00000,0x00000073cdc00000)]
  0x0000026684289800 JavaThread "Finalizer" daemon [_thread_blocked, id=12224, stack(0x00000073cdc00000,0x00000073cdd00000)]
  0x0000026684bf1800 JavaThread "Signal Dispatcher" daemon [_thread_blocked, id=19052, stack(0x00000073cdd00000,0x00000073cde00000)]
  0x0000026684bf2800 JavaThread "Attach Listener" daemon [_thread_blocked, id=13624, stack(0x00000073cde00000,0x00000073cdf00000)]
  0x00000266842a1800 JavaThread "C2 CompilerThread0" daemon [_thread_blocked, id=13668, stack(0x00000073cdf00000,0x00000073ce000000)]
  0x00000266842a5800 JavaThread "C1 CompilerThread0" daemon [_thread_blocked, id=21712, stack(0x00000073ce000000,0x00000073ce100000)]
  0x0000026684bac800 JavaThread "Sweeper thread" daemon [_thread_blocked, id=21312, stack(0x00000073ce100000,0x00000073ce200000)]
  0x0000026684e8b000 JavaThread "Service Thread" daemon [_thread_blocked, id=5388, stack(0x00000073ce200000,0x00000073ce300000)]
  0x0000026684e8e000 JavaThread "Common-Cleaner" daemon [_thread_blocked, id=10948, stack(0x00000073ce400000,0x00000073ce500000)]
  0x0000026689ae2000 JavaThread "Java2D Disposer" daemon [_thread_blocked, id=15416, stack(0x00000073ced00000,0x00000073cee00000)]
  0x0000026685a9c000 JavaThread "C2 CompilerThread1" daemon [_thread_blocked, id=5004, stack(0x00000073ce700000,0x00000073ce800000)]

Other Threads:
  0x0000026684263800 VMThread "VM Thread" [stack: 0x00000073cda00000,0x00000073cdb00000] [id=10424]
  0x0000026684e91800 WatcherThread [stack: 0x00000073ce300000,0x00000073ce400000] [id=14400]
  0x00000266e3ff7000 GCTaskThread "GC Thread#0" [stack: 0x00000073cd500000,0x00000073cd600000] [id=11496]
  0x00000266856e9800 GCTaskThread "GC Thread#1" [stack: 0x00000073ce500000,0x00000073ce600000] [id=15844]
  0x00000266856cf800 GCTaskThread "GC Thread#2" [stack: 0x00000073ce600000,0x00000073ce700000] [id=11564]
  0x00000266e4027800 ConcurrentGCThread "G1 Main Marker" [stack: 0x00000073cd600000,0x00000073cd700000] [id=3396]
  0x00000266e4029000 ConcurrentGCThread "G1 Conc#0" [stack: 0x00000073cd700000,0x00000073cd800000] [id=16328]
  0x00000266840cc800 ConcurrentGCThread "G1 Refine#0" [stack: 0x00000073cd800000,0x00000073cd900000] [id=20112]
  0x000002668548c000 ConcurrentGCThread "G1 Refine#1" [stack: 0x00000073cec00000,0x00000073ced00000] [id=8496]
  0x00000266840cd800 ConcurrentGCThread "G1 Young RemSet Sampling" [stack: 0x00000073cd900000,0x00000073cda00000] [id=16564]

Threads with active compile tasks:

VM state:not at safepoint (normal execution)

VM Mutex/Monitor currently owned by a thread: None

Heap address: 0x0000000081800000, size: 2024 MB, Compressed Oops mode: 32-bit
Narrow klass base: 0x0000000000000000, Narrow klass shift: 3
Compressed class space size: 1073741824 Address: 0x0000000100000000

Heap:
 garbage-first heap   total 131072K, used 25717K [0x0000000081800000, 0x0000000100000000)
  region size 1024K, 5 young (5120K), 1 survivors (1024K)
 Metaspace       used 15126K, capacity 15396K, committed 15616K, reserved 1062912K
  class space    used 1170K, capacity 1247K, committed 1280K, reserved 1048576K
Heap Regions: E=young(eden), S=young(survivor), O=old, HS=humongous(starts), HC=humongous(continues), CS=collection set, F=free, A=archive, TAMS=top-at-mark-start (previous, next)
|   0|0x0000000081800000, 0x0000000081900000, 0x0000000081900000|100%|HS|  |TAMS 0x0000000081800000, 0x0000000081800000| Complete 
|   1|0x0000000081900000, 0x0000000081a00000, 0x0000000081a00000|100%|HC|  |TAMS 0x0000000081900000, 0x0000000081900000| Complete 
|   2|0x0000000081a00000, 0x0000000081b00000, 0x0000000081b00000|100%| O|  |TAMS 0x0000000081a00000, 0x0000000081a00000| Untracked 
|   3|0x0000000081b00000, 0x0000000081c00000, 0x0000000081c00000|100%| O|  |TAMS 0x0000000081b00000, 0x0000000081b00000| Untracked 
|   4|0x0000000081c00000, 0x0000000081d00000, 0x0000000081d00000|100%| O|  |TAMS 0x0000000081c00000, 0x0000000081c00000| Untracked 
|   5|0x0000000081d00000, 0x0000000081e00000, 0x0000000081e00000|100%|HS|  |TAMS 0x0000000081d00000, 0x0000000081d00000| Complete 
|   6|0x0000000081e00000, 0x0000000081f00000, 0x0000000081f00000|100%|HS|  |TAMS 0x0000000081e00000, 0x0000000081e00000| Complete 
|   7|0x0000000081f00000, 0x0000000082000000, 0x0000000082000000|100%| O|  |TAMS 0x0000000081f00000, 0x0000000081f00000| Untracked 
|   8|0x0000000082000000, 0x0000000082100000, 0x0000000082100000|100%| O|  |TAMS 0x0000000082000000, 0x0000000082000000| Untracked 
|   9|0x0000000082100000, 0x0000000082200000, 0x0000000082200000|100%| O|  |TAMS 0x0000000082100000, 0x0000000082100000| Untracked 
|  10|0x0000000082200000, 0x0000000082300000, 0x0000000082300000|100%| O|  |TAMS 0x0000000082200000, 0x0000000082200000| Untracked 
|  11|0x0000000082300000, 0x0000000082400000, 0x0000000082400000|100%| O|  |TAMS 0x0000000082300000, 0x0000000082300000| Untracked 
|  12|0x0000000082400000, 0x0000000082500000, 0x0000000082500000|100%| O|  |TAMS 0x0000000082400000, 0x0000000082400000| Untracked 
|  13|0x0000000082500000, 0x0000000082600000, 0x0000000082600000|100%| O|  |TAMS 0x0000000082500000, 0x0000000082500000| Untracked 
|  14|0x0000000082600000, 0x0000000082700000, 0x0000000082700000|100%| O|  |TAMS 0x0000000082600000, 0x0000000082600000| Untracked 
|  15|0x0000000082700000, 0x000000008276b000, 0x0000000082800000| 41%| O|  |TAMS 0x0000000082700000, 0x0000000082700000| Untracked 
|  16|0x0000000082800000, 0x0000000082900000, 0x0000000082900000|100%|HS|  |TAMS 0x0000000082800000, 0x0000000082800000| Complete 
|  17|0x0000000082900000, 0x0000000082a00000, 0x0000000082a00000|100%|HC|  |TAMS 0x0000000082900000, 0x0000000082900000| Complete 
|  18|0x0000000082a00000, 0x0000000082b00000, 0x0000000082b00000|100%|HS|  |TAMS 0x0000000082a00000, 0x0000000082a00000| Complete 
|  19|0x0000000082b00000, 0x0000000082c00000, 0x0000000082c00000|100%|HC|  |TAMS 0x0000000082b00000, 0x0000000082b00000| Complete 
|  20|0x0000000082c00000, 0x0000000082d00000, 0x0000000082d00000|100%|HS|  |TAMS 0x0000000082c00000, 0x0000000082c00000| Complete 
|  21|0x0000000082d00000, 0x0000000082e00000, 0x0000000082e00000|100%|HC|  |TAMS 0x0000000082d00000, 0x0000000082d00000| Complete 
|  22|0x0000000082e00000, 0x0000000082e00000, 0x0000000082f00000|  0%| F|  |TAMS 0x0000000082e00000, 0x0000000082e00000| Untracked 
|  23|0x0000000082f00000, 0x0000000082f00000, 0x0000000083000000|  0%| F|  |TAMS 0x0000000082f00000, 0x0000000082f00000| Untracked 
|  24|0x0000000083000000, 0x0000000083000000, 0x0000000083100000|  0%| F|  |TAMS 0x0000000083000000, 0x0000000083000000| Untracked 
|  25|0x0000000083100000, 0x0000000083100000, 0x0000000083200000|  0%| F|  |TAMS 0x0000000083100000, 0x0000000083100000| Untracked 
|  26|0x0000000083200000, 0x0000000083200000, 0x0000000083300000|  0%| F|  |TAMS 0x0000000083200000, 0x0000000083200000| Untracked 
|  27|0x0000000083300000, 0x0000000083300000, 0x0000000083400000|  0%| F|  |TAMS 0x0000000083300000, 0x0000000083300000| Untracked 
|  28|0x0000000083400000, 0x0000000083400000, 0x0000000083500000|  0%| F|  |TAMS 0x0000000083400000, 0x0000000083400000| Untracked 
|  29|0x0000000083500000, 0x0000000083500000, 0x0000000083600000|  0%| F|  |TAMS 0x0000000083500000, 0x0000000083500000| Untracked 
|  30|0x0000000083600000, 0x0000000083600000, 0x0000000083700000|  0%| F|  |TAMS 0x0000000083600000, 0x0000000083600000| Untracked 
|  31|0x0000000083700000, 0x0000000083700000, 0x0000000083800000|  0%| F|  |TAMS 0x0000000083700000, 0x0000000083700000| Untracked 
|  32|0x0000000083800000, 0x0000000083800000, 0x0000000083900000|  0%| F|  |TAMS 0x0000000083800000, 0x0000000083800000| Untracked 
|  33|0x0000000083900000, 0x0000000083900000, 0x0000000083a00000|  0%| F|  |TAMS 0x0000000083900000, 0x0000000083900000| Untracked 
|  34|0x0000000083a00000, 0x0000000083a00000, 0x0000000083b00000|  0%| F|  |TAMS 0x0000000083a00000, 0x0000000083a00000| Untracked 
|  35|0x0000000083b00000, 0x0000000083b00000, 0x0000000083c00000|  0%| F|  |TAMS 0x0000000083b00000, 0x0000000083b00000| Untracked 
|  36|0x0000000083c00000, 0x0000000083c00000, 0x0000000083d00000|  0%| F|  |TAMS 0x0000000083c00000, 0x0000000083c00000| Untracked 
|  37|0x0000000083d00000, 0x0000000083d00000, 0x0000000083e00000|  0%| F|  |TAMS 0x0000000083d00000, 0x0000000083d00000| Untracked 
|  38|0x0000000083e00000, 0x0000000083e00000, 0x0000000083f00000|  0%| F|  |TAMS 0x0000000083e00000, 0x0000000083e00000| Untracked 
|  39|0x0000000083f00000, 0x0000000083f00000, 0x0000000084000000|  0%| F|  |TAMS 0x0000000083f00000, 0x0000000083f00000| Untracked 
|  40|0x0000000084000000, 0x0000000084000000, 0x0000000084100000|  0%| F|  |TAMS 0x0000000084000000, 0x0000000084000000| Untracked 
|  41|0x0000000084100000, 0x0000000084100000, 0x0000000084200000|  0%| F|  |TAMS 0x0000000084100000, 0x0000000084100000| Untracked 
|  42|0x0000000084200000, 0x0000000084200000, 0x0000000084300000|  0%| F|  |TAMS 0x0000000084200000, 0x0000000084200000| Untracked 
|  43|0x0000000084300000, 0x0000000084300000, 0x0000000084400000|  0%| F|  |TAMS 0x0000000084300000, 0x0000000084300000| Untracked 
|  44|0x0000000084400000, 0x0000000084400000, 0x0000000084500000|  0%| F|  |TAMS 0x0000000084400000, 0x0000000084400000| Untracked 
|  45|0x0000000084500000, 0x0000000084500000, 0x0000000084600000|  0%| F|  |TAMS 0x0000000084500000, 0x0000000084500000| Untracked 
|  46|0x0000000084600000, 0x0000000084600000, 0x0000000084700000|  0%| F|  |TAMS 0x0000000084600000, 0x0000000084600000| Untracked 
|  47|0x0000000084700000, 0x0000000084700000, 0x0000000084800000|  0%| F|  |TAMS 0x0000000084700000, 0x0000000084700000| Untracked 
|  48|0x0000000084800000, 0x0000000084800000, 0x0000000084900000|  0%| F|  |TAMS 0x0000000084800000, 0x0000000084800000| Untracked 
|  49|0x0000000084900000, 0x0000000084900000, 0x0000000084a00000|  0%| F|  |TAMS 0x0000000084900000, 0x0000000084900000| Untracked 
|  50|0x0000000084a00000, 0x0000000084a00000, 0x0000000084b00000|  0%| F|  |TAMS 0x0000000084a00000, 0x0000000084a00000| Untracked 
|  51|0x0000000084b00000, 0x0000000084b00000, 0x0000000084c00000|  0%| F|  |TAMS 0x0000000084b00000, 0x0000000084b00000| Untracked 
|  52|0x0000000084c00000, 0x0000000084c00000, 0x0000000084d00000|  0%| F|  |TAMS 0x0000000084c00000, 0x0000000084c00000| Untracked 
|  53|0x0000000084d00000, 0x0000000084d00000, 0x0000000084e00000|  0%| F|  |TAMS 0x0000000084d00000, 0x0000000084d00000| Untracked 
|  54|0x0000000084e00000, 0x0000000084e00000, 0x0000000084f00000|  0%| F|  |TAMS 0x0000000084e00000, 0x0000000084e00000| Untracked 
|  55|0x0000000084f00000, 0x0000000084f00000, 0x0000000085000000|  0%| F|  |TAMS 0x0000000084f00000, 0x0000000084f00000| Untracked 
|  56|0x0000000085000000, 0x0000000085000000, 0x0000000085100000|  0%| F|  |TAMS 0x0000000085000000, 0x0000000085000000| Untracked 
|  57|0x0000000085100000, 0x0000000085100000, 0x0000000085200000|  0%| F|  |TAMS 0x0000000085100000, 0x0000000085100000| Untracked 
|  58|0x0000000085200000, 0x0000000085200000, 0x0000000085300000|  0%| F|  |TAMS 0x0000000085200000, 0x0000000085200000| Untracked 
|  59|0x0000000085300000, 0x0000000085300000, 0x0000000085400000|  0%| F|  |TAMS 0x0000000085300000, 0x0000000085300000| Untracked 
|  60|0x0000000085400000, 0x0000000085400000, 0x0000000085500000|  0%| F|  |TAMS 0x0000000085400000, 0x0000000085400000| Untracked 
|  61|0x0000000085500000, 0x0000000085500000, 0x0000000085600000|  0%| F|  |TAMS 0x0000000085500000, 0x0000000085500000| Untracked 
|  62|0x0000000085600000, 0x0000000085600000, 0x0000000085700000|  0%| F|  |TAMS 0x0000000085600000, 0x0000000085600000| Untracked 
|  63|0x0000000085700000, 0x0000000085700000, 0x0000000085800000|  0%| F|  |TAMS 0x0000000085700000, 0x0000000085700000| Untracked 
|  64|0x0000000085800000, 0x0000000085800000, 0x0000000085900000|  0%| F|  |TAMS 0x0000000085800000, 0x0000000085800000| Untracked 
|  65|0x0000000085900000, 0x0000000085900000, 0x0000000085a00000|  0%| F|  |TAMS 0x0000000085900000, 0x0000000085900000| Untracked 
|  66|0x0000000085a00000, 0x0000000085a00000, 0x0000000085b00000|  0%| F|  |TAMS 0x0000000085a00000, 0x0000000085a00000| Untracked 
|  67|0x0000000085b00000, 0x0000000085b00000, 0x0000000085c00000|  0%| F|  |TAMS 0x0000000085b00000, 0x0000000085b00000| Untracked 
|  68|0x0000000085c00000, 0x0000000085c00000, 0x0000000085d00000|  0%| F|  |TAMS 0x0000000085c00000, 0x0000000085c00000| Untracked 
|  69|0x0000000085d00000, 0x0000000085d00000, 0x0000000085e00000|  0%| F|  |TAMS 0x0000000085d00000, 0x0000000085d00000| Untracked 
|  70|0x0000000085e00000, 0x0000000085e00000, 0x0000000085f00000|  0%| F|  |TAMS 0x0000000085e00000, 0x0000000085e00000| Untracked 
|  71|0x0000000085f00000, 0x0000000085f00000, 0x0000000086000000|  0%| F|  |TAMS 0x0000000085f00000, 0x0000000085f00000| Untracked 
|  72|0x0000000086000000, 0x0000000086000000, 0x0000000086100000|  0%| F|  |TAMS 0x0000000086000000, 0x0000000086000000| Untracked 
|  73|0x0000000086100000, 0x0000000086100000, 0x0000000086200000|  0%| F|  |TAMS 0x0000000086100000, 0x0000000086100000| Untracked 
|  74|0x0000000086200000, 0x0000000086200000, 0x0000000086300000|  0%| F|  |TAMS 0x0000000086200000, 0x0000000086200000| Untracked 
|  75|0x0000000086300000, 0x0000000086300000, 0x0000000086400000|  0%| F|  |TAMS 0x0000000086300000, 0x0000000086300000| Untracked 
|  76|0x0000000086400000, 0x0000000086400000, 0x0000000086500000|  0%| F|  |TAMS 0x0000000086400000, 0x0000000086400000| Untracked 
|  77|0x0000000086500000, 0x0000000086500000, 0x0000000086600000|  0%| F|  |TAMS 0x0000000086500000, 0x0000000086500000| Untracked 
|  78|0x0000000086600000, 0x0000000086600000, 0x0000000086700000|  0%| F|  |TAMS 0x0000000086600000, 0x0000000086600000| Untracked 
|  79|0x0000000086700000, 0x0000000086700000, 0x0000000086800000|  0%| F|  |TAMS 0x0000000086700000, 0x0000000086700000| Untracked 
|  80|0x0000000086800000, 0x0000000086800000, 0x0000000086900000|  0%| F|  |TAMS 0x0000000086800000, 0x0000000086800000| Untracked 
|  81|0x0000000086900000, 0x0000000086900000, 0x0000000086a00000|  0%| F|  |TAMS 0x0000000086900000, 0x0000000086900000| Untracked 
|  82|0x0000000086a00000, 0x0000000086a00000, 0x0000000086b00000|  0%| F|  |TAMS 0x0000000086a00000, 0x0000000086a00000| Untracked 
|  83|0x0000000086b00000, 0x0000000086b00000, 0x0000000086c00000|  0%| F|  |TAMS 0x0000000086b00000, 0x0000000086b00000| Untracked 
|  84|0x0000000086c00000, 0x0000000086c00000, 0x0000000086d00000|  0%| F|  |TAMS 0x0000000086c00000, 0x0000000086c00000| Untracked 
|  85|0x0000000086d00000, 0x0000000086d00000, 0x0000000086e00000|  0%| F|  |TAMS 0x0000000086d00000, 0x0000000086d00000| Untracked 
|  86|0x0000000086e00000, 0x0000000086e00000, 0x0000000086f00000|  0%| F|  |TAMS 0x0000000086e00000, 0x0000000086e00000| Untracked 
|  87|0x0000000086f00000, 0x0000000086f00000, 0x0000000087000000|  0%| F|  |TAMS 0x0000000086f00000, 0x0000000086f00000| Untracked 
|  88|0x0000000087000000, 0x0000000087000000, 0x0000000087100000|  0%| F|  |TAMS 0x0000000087000000, 0x0000000087000000| Untracked 
|  89|0x0000000087100000, 0x0000000087100000, 0x0000000087200000|  0%| F|  |TAMS 0x0000000087100000, 0x0000000087100000| Untracked 
|  90|0x0000000087200000, 0x0000000087200000, 0x0000000087300000|  0%| F|  |TAMS 0x0000000087200000, 0x0000000087200000| Untracked 
|  91|0x0000000087300000, 0x0000000087300000, 0x0000000087400000|  0%| F|  |TAMS 0x0000000087300000, 0x0000000087300000| Untracked 
|  92|0x0000000087400000, 0x0000000087400000, 0x0000000087500000|  0%| F|  |TAMS 0x0000000087400000, 0x0000000087400000| Untracked 
|  93|0x0000000087500000, 0x0000000087500000, 0x0000000087600000|  0%| F|  |TAMS 0x0000000087500000, 0x0000000087500000| Untracked 
|  94|0x0000000087600000, 0x0000000087600000, 0x0000000087700000|  0%| F|  |TAMS 0x0000000087600000, 0x0000000087600000| Untracked 
|  95|0x0000000087700000, 0x0000000087700000, 0x0000000087800000|  0%| F|  |TAMS 0x0000000087700000, 0x0000000087700000| Untracked 
|  96|0x0000000087800000, 0x0000000087800000, 0x0000000087900000|  0%| F|  |TAMS 0x0000000087800000, 0x0000000087800000| Untracked 
|  97|0x0000000087900000, 0x0000000087900000, 0x0000000087a00000|  0%| F|  |TAMS 0x0000000087900000, 0x0000000087900000| Untracked 
|  98|0x0000000087a00000, 0x0000000087a00000, 0x0000000087b00000|  0%| F|  |TAMS 0x0000000087a00000, 0x0000000087a00000| Untracked 
|  99|0x0000000087b00000, 0x0000000087b00000, 0x0000000087c00000|  0%| F|  |TAMS 0x0000000087b00000, 0x0000000087b00000| Untracked 
| 100|0x0000000087c00000, 0x0000000087c00000, 0x0000000087d00000|  0%| F|  |TAMS 0x0000000087c00000, 0x0000000087c00000| Untracked 
| 101|0x0000000087d00000, 0x0000000087d00000, 0x0000000087e00000|  0%| F|  |TAMS 0x0000000087d00000, 0x0000000087d00000| Untracked 
| 102|0x0000000087e00000, 0x0000000087e00000, 0x0000000087f00000|  0%| F|  |TAMS 0x0000000087e00000, 0x0000000087e00000| Untracked 
| 103|0x0000000087f00000, 0x0000000087f00000, 0x0000000088000000|  0%| F|  |TAMS 0x0000000087f00000, 0x0000000087f00000| Untracked 
| 104|0x0000000088000000, 0x0000000088000000, 0x0000000088100000|  0%| F|  |TAMS 0x0000000088000000, 0x0000000088000000| Untracked 
| 105|0x0000000088100000, 0x0000000088100000, 0x0000000088200000|  0%| F|  |TAMS 0x0000000088100000, 0x0000000088100000| Untracked 
| 106|0x0000000088200000, 0x0000000088200000, 0x0000000088300000|  0%| F|  |TAMS 0x0000000088200000, 0x0000000088200000| Untracked 
| 107|0x0000000088300000, 0x0000000088300000, 0x0000000088400000|  0%| F|  |TAMS 0x0000000088300000, 0x0000000088300000| Untracked 
| 108|0x0000000088400000, 0x0000000088400000, 0x0000000088500000|  0%| F|  |TAMS 0x0000000088400000, 0x0000000088400000| Untracked 
| 109|0x0000000088500000, 0x0000000088500000, 0x0000000088600000|  0%| F|  |TAMS 0x0000000088500000, 0x0000000088500000| Untracked 
| 110|0x0000000088600000, 0x0000000088600000, 0x0000000088700000|  0%| F|  |TAMS 0x0000000088600000, 0x0000000088600000| Untracked 
| 111|0x0000000088700000, 0x0000000088700000, 0x0000000088800000|  0%| F|  |TAMS 0x0000000088700000, 0x0000000088700000| Untracked 
| 112|0x0000000088800000, 0x0000000088800000, 0x0000000088900000|  0%| F|  |TAMS 0x0000000088800000, 0x0000000088800000| Untracked 
| 113|0x0000000088900000, 0x0000000088900000, 0x0000000088a00000|  0%| F|  |TAMS 0x0000000088900000, 0x0000000088900000| Untracked 
| 114|0x0000000088a00000, 0x0000000088a00000, 0x0000000088b00000|  0%| F|  |TAMS 0x0000000088a00000, 0x0000000088a00000| Untracked 
| 115|0x0000000088b00000, 0x0000000088b00000, 0x0000000088c00000|  0%| F|  |TAMS 0x0000000088b00000, 0x0000000088b00000| Untracked 
| 116|0x0000000088c00000, 0x0000000088c00000, 0x0000000088d00000|  0%| F|  |TAMS 0x0000000088c00000, 0x0000000088c00000| Untracked 
| 117|0x0000000088d00000, 0x0000000088d00000, 0x0000000088e00000|  0%| F|  |TAMS 0x0000000088d00000, 0x0000000088d00000| Untracked 
| 118|0x0000000088e00000, 0x0000000088e00000, 0x0000000088f00000|  0%| F|  |TAMS 0x0000000088e00000, 0x0000000088e00000| Untracked 
| 119|0x0000000088f00000, 0x0000000088f00000, 0x0000000089000000|  0%| F|  |TAMS 0x0000000088f00000, 0x0000000088f00000| Untracked 
| 120|0x0000000089000000, 0x0000000089000000, 0x0000000089100000|  0%| F|  |TAMS 0x0000000089000000, 0x0000000089000000| Untracked 
| 121|0x0000000089100000, 0x0000000089100000, 0x0000000089200000|  0%| F|  |TAMS 0x0000000089100000, 0x0000000089100000| Untracked 
| 122|0x0000000089200000, 0x0000000089200000, 0x0000000089300000|  0%| F|  |TAMS 0x0000000089200000, 0x0000000089200000| Untracked 
| 123|0x0000000089300000, 0x00000000893b2668, 0x0000000089400000| 69%| S|CS|TAMS 0x0000000089300000, 0x0000000089300000| Complete 
| 124|0x0000000089400000, 0x00000000894e9df8, 0x0000000089500000| 91%| E|  |TAMS 0x0000000089400000, 0x0000000089400000| Complete 
| 125|0x0000000089500000, 0x0000000089600000, 0x0000000089600000|100%| E|CS|TAMS 0x0000000089500000, 0x0000000089500000| Complete 
| 126|0x0000000089600000, 0x0000000089700000, 0x0000000089700000|100%| E|CS|TAMS 0x0000000089600000, 0x0000000089600000| Complete 
| 127|0x0000000089700000, 0x0000000089800000, 0x0000000089800000|100%| E|CS|TAMS 0x0000000089700000, 0x0000000089700000| Complete 

Card table byte_map: [0x00000266fd4e0000,0x00000266fd8e0000] _byte_map_base: 0x00000266fd0d4000

Marking Bits (Prev, Next): (CMBitMap*) 0x00000266e401edb8, (CMBitMap*) 0x00000266e401edf0
 Prev Bits: [0x00000266fdce0000, 0x00000266ffc80000)
 Next Bits: [0x0000026680000000, 0x0000026681fa0000)

Polling page: 0x00000266e3d80000

Metaspace:

Usage:
  Non-class:     13.82 MB capacity,    13.63 MB ( 99%) used,   168.75 KB (  1%) free+waste,    24.94 KB ( <1%) overhead. 
      Class:      1.22 MB capacity,     1.14 MB ( 94%) used,    65.45 KB (  5%) free+waste,    10.75 KB ( <1%) overhead. 
       Both:     15.04 MB capacity,    14.77 MB ( 98%) used,   234.20 KB (  2%) free+waste,    35.69 KB ( <1%) overhead. 

Virtual space:
  Non-class space:       14.00 MB reserved,      14.00 MB (100%) committed 
      Class space:        1.00 GB reserved,       1.25 MB ( <1%) committed 
             Both:        1.01 GB reserved,      15.25 MB (  1%) committed 

Chunk freelists:
   Non-Class:  7.38 KB
       Class:  128 bytes
        Both:  7.50 KB

CodeHeap 'non-profiled nmethods': size=120064Kb used=630Kb max_used=630Kb free=119433Kb
 bounds [0x00000266f5580000, 0x00000266f57f0000, 0x00000266fcac0000]
CodeHeap 'profiled nmethods': size=120000Kb used=2612Kb max_used=2612Kb free=117387Kb
 bounds [0x00000266ee050000, 0x00000266ee2e0000, 0x00000266f5580000]
CodeHeap 'non-nmethods': size=5696Kb used=1511Kb max_used=1552Kb free=4184Kb
 bounds [0x00000266edac0000, 0x00000266edd30000, 0x00000266ee050000]
 total_blobs=2777 nmethods=1368 adapters=955
 compilation: enabled
              stopped_count=0, restarted_count=0
 full_count=0

Compilation events (10 events):
Event: 3.825 Thread 0x0000026685a9c000 1363   !   4       java.nio.DirectIntBufferU::put (32 bytes)
Event: 3.827 Thread 0x0000026685a9c000 nmethod 1363 0x00000266f5610890 code [0x00000266f5610a20, 0x00000266f5610ad8]
Event: 3.829 Thread 0x0000026685a9c000 1364       4       DabEngine.Graphics.Batch.TextBatch::getCP (66 bytes)
Event: 3.835 Thread 0x0000026685a9c000 nmethod 1364 0x00000266f5610c10 code [0x00000266f5610dc0, 0x00000266f5610f28]
Event: 3.835 Thread 0x0000026685a9c000 1365       4       DabEngine.Graphics.Batch.TextBatch::checkFlush (37 bytes)
Event: 3.858 Thread 0x0000026685a9c000 nmethod 1365 0x00000266f5611190 code [0x00000266f56113a0, 0x00000266f56118a0]
Event: 3.858 Thread 0x0000026685a9c000 1366       4       org.lwjgl.stb.STBTruetype::stbtt_GetBakedQuad (61 bytes)
Event: 3.866 Thread 0x0000026685a9c000 nmethod 1366 0x00000266f5611f10 code [0x00000266f56120c0, 0x00000266f56122a8]
Event: 3.954 Thread 0x00000266842a1800 nmethod 1234 0x00000266f5612590 code [0x00000266f5612b00, 0x00000266f561a0a0]
Event: 3.955 Thread 0x00000266842a5800 1367       3       java.util.HashMap::keySet (25 bytes)

GC Heap History (6 events):
Event: 1.122 GC heap before
{Heap before GC invocations=0 (full 0):
 garbage-first heap   total 131072K, used 16384K [0x0000000081800000, 0x0000000100000000)
  region size 1024K, 14 young (14336K), 0 survivors (0K)
 Metaspace       used 7310K, capacity 7474K, committed 7680K, reserved 1056768K
  class space    used 631K, capacity 681K, committed 768K, reserved 1048576K
}
Event: 1.143 GC heap after
{Heap after GC invocations=1 (full 0):
 garbage-first heap   total 131072K, used 6301K [0x0000000081800000, 0x0000000100000000)
  region size 1024K, 2 young (2048K), 2 survivors (2048K)
 Metaspace       used 7310K, capacity 7474K, committed 7680K, reserved 1056768K
  class space    used 631K, capacity 681K, committed 768K, reserved 1048576K
}
Event: 2.633 GC heap before
{Heap before GC invocations=1 (full 0):
 garbage-first heap   total 131072K, used 46237K [0x0000000081800000, 0x0000000100000000)
  region size 1024K, 39 young (39936K), 2 survivors (2048K)
 Metaspace       used 12401K, capacity 12604K, committed 12800K, reserved 1060864K
  class space    used 926K, capacity 1013K, committed 1024K, reserved 1048576K
}
Event: 2.669 GC heap after
{Heap after GC invocations=2 (full 0):
 garbage-first heap   total 131072K, used 15547K [0x0000000081800000, 0x0000000100000000)
  region size 1024K, 5 young (5120K), 5 survivors (5120K)
 Metaspace       used 12401K, capacity 12604K, committed 12800K, reserved 1060864K
  class space    used 926K, capacity 1013K, committed 1024K, reserved 1048576K
}
Event: 2.880 GC heap before
{Heap before GC invocations=2 (full 0):
 garbage-first heap   total 131072K, used 19643K [0x0000000081800000, 0x0000000100000000)
  region size 1024K, 9 young (9216K), 5 survivors (5120K)
 Metaspace       used 13256K, capacity 13412K, committed 13696K, reserved 1062912K
  class space    used 972K, capacity 1048K, committed 1152K, reserved 1048576K
}
Event: 2.903 GC heap after
{Heap after GC invocations=3 (full 0):
 garbage-first heap   total 131072K, used 16501K [0x0000000081800000, 0x0000000100000000)
  region size 1024K, 1 young (1024K), 1 survivors (1024K)
 Metaspace       used 13256K, capacity 13412K, committed 13696K, reserved 1062912K
  class space    used 972K, capacity 1048K, committed 1152K, reserved 1048576K
}

Deoptimization events (10 events):
Event: 1.246 Thread 0x00000266e3fde000 Uncommon trap: reason=class_check action=maybe_recompile pc=0x00000266f55ac248 method=java.util.HashMap.getNode(ILjava/lang/Object;)Ljava/util/HashMap$Node; @ 126 c2
Event: 1.264 Thread 0x00000266e3fde000 Uncommon trap: reason=class_check action=maybe_recompile pc=0x00000266f55ac210 method=java.util.HashMap.getNode(ILjava/lang/Object;)Ljava/util/HashMap$Node; @ 59 c2
Event: 1.348 Thread 0x00000266e3fde000 Uncommon trap: reason=unstable_if action=reinterpret pc=0x00000266f55aea18 method=java.lang.String.startsWith(Ljava/lang/String;I)Z @ 14 c2
Event: 1.349 Thread 0x00000266e3fde000 Uncommon trap: reason=class_check action=maybe_recompile pc=0x00000266f55ac210 method=java.util.HashMap.getNode(ILjava/lang/Object;)Ljava/util/HashMap$Node; @ 59 c2
Event: 1.498 Thread 0x00000266e3fde000 Uncommon trap: reason=class_check action=maybe_recompile pc=0x00000266f55ac210 method=java.util.HashMap.getNode(ILjava/lang/Object;)Ljava/util/HashMap$Node; @ 59 c2
Event: 1.916 Thread 0x00000266e3fde000 Uncommon trap: reason=unstable_if action=reinterpret pc=0x00000266f55c6514 method=java.util.jar.JarFile.getVersionedEntry(Ljava/lang/String;Ljava/util/jar/JarEntry;)Ljava/util/jar/JarEntry; @ 67 c2
Event: 2.248 Thread 0x00000266e3fde000 Uncommon trap: reason=unstable_if action=reinterpret pc=0x00000266f55c46bc method=java.util.jar.JarFile.getVersionedEntry(Ljava/lang/String;Ljava/util/jar/JarEntry;)Ljava/util/jar/JarEntry; @ 67 c2
Event: 2.281 Thread 0x00000266e3fde000 Uncommon trap: reason=unstable_if action=reinterpret pc=0x00000266f55c7980 method=java.util.jar.JarFile.getVersionedEntry(Ljava/lang/String;Ljava/util/jar/JarEntry;)Ljava/util/jar/JarEntry; @ 67 c2
Event: 2.538 Thread 0x00000266e3fde000 Uncommon trap: reason=unstable_if action=reinterpret pc=0x00000266f55a1a00 method=java.io.BufferedReader.readLine(Z)Ljava/lang/String; @ 66 c2
Event: 2.683 Thread 0x0000026684266800 Uncommon trap: reason=unstable_if action=reinterpret pc=0x00000266f55e10f4 method=java.lang.ref.ReferenceQueue.enqueue(Ljava/lang/ref/Reference;)Z @ 54 c2

Classes redefined (0 events):
No events

Internal exceptions (10 events):
Event: 2.786 Thread 0x00000266e3fde000 Exception <a 'sun/nio/fs/WindowsException'{0x00000000896b1a30}> (0x00000000896b1a30) thrown at [t:/workspace/open/src/hotspot/share/prims/jni.cpp, line 615]
Event: 2.786 Thread 0x00000266e3fde000 Exception <a 'sun/nio/fs/WindowsException'{0x00000000896b1bc8}> (0x00000000896b1bc8) thrown at [t:/workspace/open/src/hotspot/share/prims/jni.cpp, line 615]
Event: 2.937 Thread 0x00000266e3fde000 Exception <a 'java/lang/ClassNotFoundException'{0x0000000089739c10}: sun/awt/resources/spi/awtProvider> (0x0000000089739c10) thrown at [t:/workspace/open/src/hotspot/share/classfile/systemDictionary.cpp, line 231]
Event: 2.983 Thread 0x00000266e3fde000 Exception <a 'java/io/FileNotFoundException'{0x00000000897d04f0}> (0x00000000897d04f0) thrown at [t:/workspace/open/src/hotspot/share/prims/jni.cpp, line 615]
Event: 3.010 Thread 0x00000266e3fde000 Exception <a 'java/lang/NoSuchMethodError'{0x000000008962b910}: java.lang.invoke.DirectMethodHandle$Holder.invokeStatic(Ljava/lang/Object;Ljava/lang/Object;Ljava/lang/Object;Ljava/lang/Object;Ljava/lang/Object;Ljava/lang/Object;Ljava/lang/Object;Ljava/lan
Event: 3.013 Thread 0x00000266e3fde000 Exception <a 'java/lang/NoSuchMethodError'{0x00000000896394c0}: java.lang.invoke.DirectMethodHandle$Holder.invokeStatic(Ljava/lang/Object;Ljava/lang/Object;Ljava/lang/Object;Ljava/lang/Object;Ljava/lang/Object;Ljava/lang/Object;Ljava/lang/Object;Ljava/lan
Event: 3.016 Thread 0x00000266e3fde000 Exception <a 'java/lang/NoSuchMethodError'{0x0000000089647128}: java.lang.invoke.DirectMethodHandle$Holder.invokeSpecial(Ljava/lang/Object;Ljava/lang/Object;IILjava/lang/Object;Ljava/lang/Object;Ljava/lang/Object;)Ljava/lang/Object;> (0x0000000089647128) 
Event: 3.017 Thread 0x00000266e3fde000 Exception <a 'java/lang/NoSuchMethodError'{0x000000008964a6b0}: java.lang.invoke.DelegatingMethodHandle$Holder.reinvoke_L(Ljava/lang/Object;IILjava/lang/Object;Ljava/lang/Object;Ljava/lang/Object;)Ljava/lang/Object;> (0x000000008964a6b0) thrown at [t:/wor
Event: 3.018 Thread 0x00000266e3fde000 Exception <a 'java/lang/NoSuchMethodError'{0x000000008964e938}: java.lang.invoke.DirectMethodHandle$Holder.invokeStatic(Ljava/lang/Object;Ljava/lang/Object;Ljava/lang/Object;Ljava/lang/Object;I)Ljava/lang/Object;> (0x000000008964e938) thrown at [t:/worksp
Event: 3.038 Thread 0x00000266e3fde000 Exception <a 'java/io/FileNotFoundException'{0x00000000896b1428}> (0x00000000896b1428) thrown at [t:/workspace/open/src/hotspot/share/prims/jni.cpp, line 615]

Events (10 events):
Event: 3.280 loading class DabEngine/Graphics/ResizeEvent
Event: 3.280 loading class DabEngine/Graphics/ResizeEvent done
Event: 3.282 loading class org/lwjgl/stb/STBTTAlignedQuad
Event: 3.282 loading class org/lwjgl/stb/STBTTAlignedQuad done
Event: 3.296 loading class org/lwjgl/glfw/EventLoop$OnScreen
Event: 3.296 loading class org/lwjgl/glfw/EventLoop$OnScreen done
Event: 3.303 loading class DabEngine/Utils/Timer
Event: 3.303 loading class DabEngine/Utils/Timer done
Event: 3.435 Thread 0x0000026685a9c000 Thread exited: 0x0000026685a9c000
Event: 3.746 Thread 0x0000026685a9c000 Thread added: 0x0000026685a9c000


Dynamic libraries:
0x00007ff640990000 - 0x00007ff6409d7000 	C:\Program Files\Java\jdk-11.0.1\bin\java.exe
0x00007ffda9570000 - 0x00007ffda9751000 	C:\WINDOWS\SYSTEM32\ntdll.dll
0x00007ffda6db0000 - 0x00007ffda6e61000 	C:\WINDOWS\System32\KERNEL32.DLL
0x00007ffda61f0000 - 0x00007ffda6463000 	C:\WINDOWS\System32\KERNELBASE.dll
0x00007ffda7330000 - 0x00007ffda73d1000 	C:\WINDOWS\System32\ADVAPI32.dll
0x00007ffda7820000 - 0x00007ffda78be000 	C:\WINDOWS\System32\msvcrt.dll
0x00007ffda8ef0000 - 0x00007ffda8f4b000 	C:\WINDOWS\System32\sechost.dll
0x00007ffda7440000 - 0x00007ffda7564000 	C:\WINDOWS\System32\RPCRT4.dll
0x00007ffda6fc0000 - 0x00007ffda7150000 	C:\WINDOWS\System32\USER32.dll
0x00007ffda6470000 - 0x00007ffda6490000 	C:\WINDOWS\System32\win32u.dll
0x00007ffda7410000 - 0x00007ffda7438000 	C:\WINDOWS\System32\GDI32.dll
0x00007ffda6050000 - 0x00007ffda61e2000 	C:\WINDOWS\System32\gdi32full.dll
0x00007ffda6960000 - 0x00007ffda69ff000 	C:\WINDOWS\System32\msvcp_win.dll
0x00007ffda6540000 - 0x00007ffda6638000 	C:\WINDOWS\System32\ucrtbase.dll
0x00007ffd91a60000 - 0x00007ffd91cc9000 	C:\WINDOWS\WinSxS\amd64_microsoft.windows.common-controls_6595b64144ccf1df_6.0.17134.766_none_fb43a1f3306471ed\COMCTL32.dll
0x00007ffda6a80000 - 0x00007ffda6da2000 	C:\WINDOWS\System32\combase.dll
0x00007ffd9b6c0000 - 0x00007ffd9b6ca000 	C:\WINDOWS\SYSTEM32\VERSION.dll
0x00007ffda66f0000 - 0x00007ffda676a000 	C:\WINDOWS\System32\bcryptPrimitives.dll
0x00007ffda73e0000 - 0x00007ffda740d000 	C:\WINDOWS\System32\IMM32.DLL
0x00007ffd772e0000 - 0x00007ffd772f6000 	C:\Program Files\Java\jdk-11.0.1\bin\vcruntime140.dll
0x00007ffd6cdd0000 - 0x00007ffd6ce7a000 	C:\Program Files\Java\jdk-11.0.1\bin\msvcp140.dll
0x00007ffd55d10000 - 0x00007ffd56852000 	C:\Program Files\Java\jdk-11.0.1\bin\server\jvm.dll
0x00007ffda77b0000 - 0x00007ffda77b8000 	C:\WINDOWS\System32\PSAPI.DLL
0x00007ffd99640000 - 0x00007ffd99649000 	C:\WINDOWS\SYSTEM32\WSOCK32.dll
0x00007ffda7730000 - 0x00007ffda779c000 	C:\WINDOWS\System32\WS2_32.dll
0x00007ffda29e0000 - 0x00007ffda2a03000 	C:\WINDOWS\SYSTEM32\WINMM.dll
0x00007ffda29b0000 - 0x00007ffda29da000 	C:\WINDOWS\SYSTEM32\WINMMBASE.dll
0x00007ffda66a0000 - 0x00007ffda66e9000 	C:\WINDOWS\System32\cfgmgr32.dll
0x00007ffda5880000 - 0x00007ffda5891000 	C:\WINDOWS\System32\kernel.appcore.dll
0x00007ffd76da0000 - 0x00007ffd76db1000 	C:\Program Files\Java\jdk-11.0.1\bin\verify.dll
0x00007ffda53d0000 - 0x00007ffda5599000 	C:\WINDOWS\SYSTEM32\DBGHELP.DLL
0x00007ffda5300000 - 0x00007ffda5329000 	C:\WINDOWS\SYSTEM32\dbgcore.DLL
0x00007ffd73f10000 - 0x00007ffd73f39000 	C:\Program Files\Java\jdk-11.0.1\bin\java.dll
0x00007ffd76d80000 - 0x00007ffd76d96000 	C:\Program Files\Java\jdk-11.0.1\bin\zip.dll
0x00007ffd92b30000 - 0x00007ffd92b3a000 	C:\Program Files\Java\jdk-11.0.1\bin\jimage.dll
0x00007ffda7a30000 - 0x00007ffda8e70000 	C:\WINDOWS\System32\SHELL32.dll
0x00007ffda6f10000 - 0x00007ffda6fb9000 	C:\WINDOWS\System32\shcore.dll
0x00007ffda5940000 - 0x00007ffda604d000 	C:\WINDOWS\System32\windows.storage.dll
0x00007ffda6a00000 - 0x00007ffda6a51000 	C:\WINDOWS\System32\shlwapi.dll
0x00007ffda58b0000 - 0x00007ffda58cf000 	C:\WINDOWS\System32\profapi.dll
0x00007ffda58f0000 - 0x00007ffda593c000 	C:\WINDOWS\System32\powrprof.dll
0x00007ffda58a0000 - 0x00007ffda58aa000 	C:\WINDOWS\System32\FLTLIB.DLL
0x00007ffd73bc0000 - 0x00007ffd73bd9000 	C:\Program Files\Java\jdk-11.0.1\bin\net.dll
0x00007ffd9d430000 - 0x00007ffd9d50d000 	C:\WINDOWS\SYSTEM32\WINHTTP.dll
0x00007ffda4da0000 - 0x00007ffda4e06000 	C:\WINDOWS\system32\mswsock.dll
0x00007ffd737c0000 - 0x00007ffd737d3000 	C:\Program Files\Java\jdk-11.0.1\bin\nio.dll
0x00007ffd8cee0000 - 0x00007ffd8cf52000 	C:\Users\B\AppData\Local\Temp\lwjglB\3.2.2-build-10\lwjgl.dll
0x00007ffd8ce80000 - 0x00007ffd8cede000 	C:\Users\B\AppData\Local\Temp\lwjglB\3.2.2-build-10\glfw.dll
0x00007ffda3330000 - 0x00007ffda33c8000 	C:\WINDOWS\system32\uxtheme.dll
0x00007ffd93d00000 - 0x00007ffd93d43000 	C:\WINDOWS\SYSTEM32\dinput8.dll
0x00007ffd99440000 - 0x00007ffd99450000 	C:\WINDOWS\SYSTEM32\xinput1_4.dll
0x00007ffda5690000 - 0x00007ffda56b7000 	C:\WINDOWS\SYSTEM32\DEVOBJ.dll
0x00007ffda35b0000 - 0x00007ffda35d9000 	C:\WINDOWS\SYSTEM32\dwmapi.dll
0x00007ffd9adc0000 - 0x00007ffd9ae39000 	C:\WINDOWS\SYSTEM32\inputhost.dll
0x00007ffda2fb0000 - 0x00007ffda308a000 	C:\WINDOWS\SYSTEM32\CoreMessaging.dll
0x00007ffda0ea0000 - 0x00007ffda0fed000 	C:\WINDOWS\SYSTEM32\wintypes.dll
0x00007ffda0ff0000 - 0x00007ffda130e000 	C:\WINDOWS\SYSTEM32\CoreUIComponents.dll
0x00007ffda45e0000 - 0x00007ffda4611000 	C:\WINDOWS\SYSTEM32\ntmarta.dll
0x00007ffda71b0000 - 0x00007ffda7323000 	C:\WINDOWS\System32\MSCTF.dll
0x00007ffda7660000 - 0x00007ffda7722000 	C:\WINDOWS\System32\OLEAUT32.dll
0x00007ffda4220000 - 0x00007ffda422c000 	C:\WINDOWS\SYSTEM32\HID.DLL
0x00007ffda8f50000 - 0x00007ffda939b000 	C:\WINDOWS\System32\SETUPAPI.DLL
0x00007ffda6640000 - 0x00007ffda6697000 	C:\WINDOWS\System32\WINTRUST.dll
0x00007ffda58d0000 - 0x00007ffda58e2000 	C:\WINDOWS\System32\MSASN1.dll
0x00007ffda6770000 - 0x00007ffda6952000 	C:\WINDOWS\System32\CRYPT32.dll
0x00007ffd79220000 - 0x00007ffd79340000 	C:\WINDOWS\SYSTEM32\opengl32.dll
0x00007ffd791f0000 - 0x00007ffd7921c000 	C:\WINDOWS\SYSTEM32\GLU32.dll
0x00007ffd6c550000 - 0x00007ffd6cd81000 	C:\WINDOWS\SYSTEM32\ig7icd64.dll
0x00007ffd9f330000 - 0x00007ffd9f795000 	C:\WINDOWS\SYSTEM32\igdusc64.dll
0x00007ffda1b20000 - 0x00007ffda1b33000 	C:\WINDOWS\SYSTEM32\WTSAPI32.dll
0x00007ffda42b0000 - 0x00007ffda436b000 	C:\WINDOWS\SYSTEM32\dxgi.dll
0x00007ffda1ca0000 - 0x00007ffda1fab000 	C:\WINDOWS\SYSTEM32\d3d11.dll
0x00007ffd9f7b0000 - 0x00007ffda0352000 	C:\WINDOWS\SYSTEM32\igd10iumd64.dll
0x00007ffda78c0000 - 0x00007ffda7a11000 	C:\WINDOWS\System32\ole32.dll
0x00007ffda53a0000 - 0x00007ffda53c5000 	C:\WINDOWS\SYSTEM32\bcrypt.dll
0x00007ffda5030000 - 0x00007ffda5056000 	C:\WINDOWS\SYSTEM32\ncrypt.dll
0x00007ffda4ff0000 - 0x00007ffda5026000 	C:\WINDOWS\SYSTEM32\NTASN1.dll
0x00007ffd9ae40000 - 0x00007ffd9aed6000 	C:\WINDOWS\System32\TextInputFramework.dll
0x00007ffd8ce20000 - 0x00007ffd8ce78000 	C:\Users\B\AppData\Local\Temp\lwjglB\3.2.2-build-10\lwjgl_opengl.dll
0x00007ffd8c9b0000 - 0x00007ffd8cc01000 	C:\Users\B\AppData\Local\Temp\lwjglB\3.2.2-build-10\jemalloc.dll
0x00007ffd8cda0000 - 0x00007ffd8ce1f000 	C:\Users\B\AppData\Local\Temp\lwjglB\3.2.2-build-10\lwjgl_stb.dll
0x00007ffd8c810000 - 0x00007ffd8c9af000 	C:\Program Files\Java\jdk-11.0.1\bin\awt.dll
0x00007ffda1fb0000 - 0x00007ffda2577000 	C:\WINDOWS\SYSTEM32\d2d1.dll
0x00007ffda31b0000 - 0x00007ffda323b000 	C:\WINDOWS\SYSTEM32\apphelp.dll

dbghelp: loaded successfully - version: 4.0.5 - missing functions: none
symbol engine: initialized successfully - sym options: 0x614 - pdb path: .;C:\Program Files\Java\jdk-11.0.1\bin;C:\WINDOWS\SYSTEM32;C:\WINDOWS\WinSxS\amd64_microsoft.windows.common-controls_6595b64144ccf1df_6.0.17134.766_none_fb43a1f3306471ed;C:\Program Files\Java\jdk-11.0.1\bin\server;C:\Users\B\AppData\Local\Temp\lwjglB\3.2.2-build-10

VM Arguments:
jvm_args: -Dfile.encoding=UTF-8 
java_command: DabEngine.TestCaseEngine
java_class_path (initial): C:\Users\B\Documents\DabEngine\bin\main;C:\Users\B\Documents\DabEngine\bin\test;\DabEngine\bin\default;C:\Users\B\.gradle\caches\modules-2\files-2.1\org.apache.commons\commons-math3\3.6.1\e4ba98f1d4b3c80ec46392f25e094a6a2e58fcbf\commons-math3-3.6.1.jar;C:\Users\B\.gradle\caches\modules-2\files-2.1\com.google.guava\guava\27.0.1-jre\bd41a290787b5301e63929676d792c507bbc00ae\guava-27.0.1-jre.jar;C:\Users\B\Documents\DabEngine\libs\jython-standalone-2.7.0.jar;C:\Users\B\.gradle\caches\modules-2\files-2.1\com.googlecode.json-simple\json-simple\1.1.1\c9ad4a0850ab676c5c64461a05ca524cdfff59f1\json-simple-1.1.1.jar;C:\Users\B\.gradle\caches\modules-2\files-2.1\com.google.guava\failureaccess\1.0.1\1dcf1de382a0bf95a3d8b0849546c88bac1292c9\failureaccess-1.0.1.jar;C:\Users\B\.gradle\caches\modules-2\files-2.1\com.google.guava\listenablefuture\9999.0-empty-to-avoid-conflict-with-guava\b421526c5f297295adef1c886e5246c39d4ac629\listenablefuture-9999.0-empty-to-avoid-conflict-with-guava.jar;C:\Users\B\.gradle\caches\modules-2\files-2.1\com.google.code.findbugs\jsr305\3.0.2\25ea2e8b0c338a877313bd4672d3fe056ea78f0d\jsr305-3.0.2.jar;C:\Users\B\.gradle\caches\modules-2\files-2.1\org.checkerframework\checker-qual\2.5.2\cea74543d5904a30861a61b4643a5f2bb372efc4\checker-qual-2.5.2.jar;C:\Users\B\.gradle\caches\modules-2\files-2.1\com.google.errorprone\error_prone_annotations\2.2.0\88e3c593e9b3586e1c6177f89267da6fc6986f0c\error_prone_annotations-2.2.0.jar;C:\Users\B\.gradle\caches\modules-2\files-2.1\com.google.j2objc\j2objc-annotations\1.1\ed28ded51a8b1c6b112568def5f4b455e6809019\j2objc-annotations-1.1.jar;C:\Users\B\.gradle\caches\modules-2\files-2.1\org.codehaus.mojo\animal-sniffer-annotations\1.17\f97ce6decaea32b36101e37979f8b647f00681fb\animal-sniffer-annotations-1.17.jar;C:\Users\B\.gradle\caches\modules-2\files-2.1\junit\junit\4.10\e4f1766ce7404a08f45d859fb9c226fc9e41a861\junit-4.10.jar;C:\Users\B\.gradle\caches\modules-2\files-2.1\org.hamcrest\hamcrest-core
Launcher Type: SUN_STANDARD

[Global flags]
     intx CICompilerCount                          = 3                                         {product} {ergonomic}
     uint ConcGCThreads                            = 1                                         {product} {ergonomic}
     uint G1ConcRefinementThreads                  = 4                                         {product} {ergonomic}
   size_t G1HeapRegionSize                         = 1048576                                   {product} {ergonomic}
    uintx GCDrainStackTargetSize                   = 64                                        {product} {ergonomic}
   size_t InitialHeapSize                          = 134217728                                 {product} {ergonomic}
   size_t MarkStackSize                            = 4194304                                   {product} {ergonomic}
   size_t MaxHeapSize                              = 2122317824                                {product} {ergonomic}
   size_t MaxNewSize                               = 1272971264                                {product} {ergonomic}
   size_t MinHeapDeltaBytes                        = 1048576                                   {product} {ergonomic}
    uintx NonNMethodCodeHeapSize                   = 5830092                                {pd product} {ergonomic}
    uintx NonProfiledCodeHeapSize                  = 122914074                              {pd product} {ergonomic}
    uintx ProfiledCodeHeapSize                     = 122914074                              {pd product} {ergonomic}
    uintx ReservedCodeCacheSize                    = 251658240                              {pd product} {ergonomic}
     bool SegmentedCodeCache                       = true                                      {product} {ergonomic}
     bool UseCompressedClassPointers               = true                                 {lp64_product} {ergonomic}
     bool UseCompressedOops                        = true                                 {lp64_product} {ergonomic}
     bool UseG1GC                                  = true                                      {product} {ergonomic}
     bool UseLargePagesIndividualAllocation        = false                                  {pd product} {ergonomic}

Logging:
Log output configuration:
 #0: stdout all=warning uptime,level,tags
 #1: stderr all=off uptime,level,tags

Environment Variables:
CLASSPATH=.;.;C:\PROGRA~2\JMF21~1.1E\lib\sound.jar;C:\PROGRA~2\JMF21~1.1E\lib\jmf.jar;C:\PROGRA~2\JMF21~1.1E\lib;
PATH=C:\Program Files (x86)\Common Files\Intel\Shared Libraries\redist\intel64\compiler;C:\WINDOWS\system32;C:\WINDOWS;C:\WINDOWS\System32\Wbem;C:\WINDOWS\System32\WindowsPowerShell\v1.0\;C:\WINDOWS\System32\OpenSSH\;C:\Program Files\Java\jdk-11.0.1\bin;C:\Program Files\Git\cmd;C:\Program Files (x86)\Windows Kits\10\Windows Performance Toolkit\;C:\Program Files\Csound6_x64\bin;C:\Users\B\AppData\Local\Programs\Python\Python36\Scripts\;C:\Users\B\AppData\Local\Programs\Python\Python36\;C:\Users\B\scoop\shims;C:\Users\B\AppData\Local\Microsoft\WindowsApps;C:\Users\B\AppData\Local\GitHubDesktop\bin;C:\Users\B\AppData\Local\atom\bin;C:\Users\B\AppData\Local\Programs\Microsoft VS Code\bin
USERNAME=B
OS=Windows_NT
PROCESSOR_IDENTIFIER=Intel64 Family 6 Model 58 Stepping 9, GenuineIntel



---------------  S Y S T E M  ---------------

OS: Windows 10 , 64 bit Build 17134 (10.0.17134.753)

CPU:total 4 (initial active 4) (2 cores per cpu, 2 threads per core) family 6 model 58 stepping 9, cmov, cx8, fxsr, mmx, sse, sse2, sse3, ssse3, sse4.1, sse4.2, popcnt, avx, clmul, erms, ht, tsc, tscinvbit, tscinv

Memory: 4k page, system-wide physical 8089M (1852M free)
TotalPageFile size 16179M (AvailPageFile size 6420M)
current process WorkingSet (physical memory assigned to process): 169M, peak: 176M
current process commit charge ("private bytes"): 283M, peak: 289M

vm_info: Java HotSpot(TM) 64-Bit Server VM (11.0.1+13-LTS) for windows-amd64 JRE (11.0.1+13-LTS), built on Oct  6 2018 13:20:16 by "mach5one" with MS VC++ 15.5 (VS2017)

END.
