#
# A fatal error has been detected by the Java Runtime Environment:
#
#  EXCEPTION_ACCESS_VIOLATION (0xc0000005) at pc=0x00007ffd54f207b6, pid=17708, tid=17620
#
# JRE version: Java(TM) SE Runtime Environment (11.0.1+13) (build 11.0.1+13-LTS)
# Java VM: Java HotSpot(TM) 64-Bit Server VM (11.0.1+13-LTS, mixed mode, tiered, compressed oops, g1 gc, windows-amd64)
# Problematic frame:
# C  [lwjgl_stb.dll+0x307b6]
#
# No core dump will be written. Minidumps are not enabled by default on client versions of Windows
#
# If you would like to submit a bug report, please visit:
#   http://bugreport.java.com/bugreport/crash.jsp
# The crash happened outside the Java Virtual Machine in native code.
# See problematic frame for where to report the bug.
#

---------------  S U M M A R Y ------------

Command Line: -Xdebug -Xnoagent -Djava.compiler=NONE -Xrunjdwp:transport=dt_socket,address=localhost:63196,server=n,suspend=y -Dfile.encoding=UTF-8 DabEngine.TestCaseEngine

Host: Intel(R) Core(TM) i3-3110M CPU @ 2.40GHz, 4 cores, 7G,  Windows 10 , 64 bit Build 17134 (10.0.17134.753)
Time: Sun Jun  2 00:30:51 2019 GMT Daylight Time elapsed time: 6 seconds (0d 0h 0m 6s)

---------------  T H R E A D  ---------------

Current thread (0x000001ceb2ffd000):  JavaThread "main" [_thread_in_native, id=17620, stack(0x000000a2bfb00000,0x000000a2bfc00000)]

Stack: [0x000000a2bfb00000,0x000000a2bfc00000],  sp=0x000000a2bfbff088,  free space=1020k
Native frames: (J=compiled Java code, j=interpreted, Vv=VM code, C=native code)
C  [lwjgl_stb.dll+0x307b6]

Java frames: (J=compiled Java code, j=interpreted, Vv=VM code)
J 1348  org.lwjgl.stb.STBTruetype.nstbtt_ScaleForPixelHeight(JF)F (0 bytes) @ 0x000001cec2e65519 [0x000001cec2e65460+0x00000000000000b9]
J 1333 c1 DabEngine.Graphics.Batch.TextBatch.draw(Ljava/lang/String;FFFFFFF)V (479 bytes) @ 0x000001cebbb3f794 [0x000001cebbb3e9a0+0x0000000000000df4]
J 1352 c1 DabEngine.TestCaseEngine.render()V (42 bytes) @ 0x000001cebbb497a4 [0x000001cebbb49520+0x0000000000000284]
j  DabEngine.Core.Engine.run()V+122
j  DabEngine.TestCaseEngine.main([Ljava/lang/String;)V+16
v  ~StubRoutines::call_stub

siginfo: EXCEPTION_ACCESS_VIOLATION (0xc0000005), reading address 0x000001ced37ea710


Register to memory mapping:

RIP=0x00007ffd54f207b6 lwjgl_stb.dll
RAX=0x0000000000000100 is an unknown value
RBX=0x000001ced364ea10 points into unknown readable memory
RCX=0x0000000000000100 is an unknown value
RDX=0x000001ced364ea10 points into unknown readable memory
RSP=0x000000a2bfbff088 is pointing into the stack for thread: 0x000001ceb2ffd000
RBP=0x000000a2bfbff0d0 is pointing into the stack for thread: 0x000001ceb2ffd000
RSI=0x000000008932e638 is an oop
org.lwjgl.stb.STBTTAlignedQuad 
{0x000000008932e638} - klass: 'org/lwjgl/stb/STBTTAlignedQuad'
RDI=0x0000000081e79d58 is an oop
org.lwjgl.stb.STBTTFontinfo 
{0x0000000081e79d58} - klass: 'org/lwjgl/stb/STBTTFontinfo'
R8 =0x000001ced317cff4 points into unknown readable memory
R9 =0x000001ced37d5ff0 points into unknown readable memory
R10=0x000000000001471c is an unknown value
R11=0x0000000000000100 is an unknown value
R12=0x0 is NULL
R13=0x0000000081bc28b0 is an oop
java.lang.ThreadLocal$ThreadLocalMap 
{0x0000000081bc28b0} - klass: 'java/lang/ThreadLocal$ThreadLocalMap'
R14=0x000000a2bfbff200 is pointing into the stack for thread: 0x000001ceb2ffd000
R15=0x000001ceb2ffd000 is a thread


Registers:
RAX=0x0000000000000100, RBX=0x000001ced364ea10, RCX=0x0000000000000100, RDX=0x000001ced364ea10
RSP=0x000000a2bfbff088, RBP=0x000000a2bfbff0d0, RSI=0x000000008932e638, RDI=0x0000000081e79d58
R8 =0x000001ced317cff4, R9 =0x000001ced37d5ff0, R10=0x000000000001471c, R11=0x0000000000000100
R12=0x0000000000000000, R13=0x0000000081bc28b0, R14=0x000000a2bfbff200, R15=0x000001ceb2ffd000
RIP=0x00007ffd54f207b6, EFLAGS=0x0000000000010246

Top of Stack: (sp=0x000000a2bfbff088)
0x000000a2bfbff088:   000001cec2e655bc 0000000000000000
0x000000a2bfbff098:   0000000000000000 000001ced317cff4
0x000000a2bfbff0a8:   00000000894f2688 0000000081ba4e20
0x000000a2bfbff0b8:   0000000081bc2900 000001ced295d100
0x000000a2bfbff0c8:   00007ffd6c9f5d64 000000a2bfbff3a0
0x000000a2bfbff0d8:   000001cebbb3f794 000001ced3006f60
0x000000a2bfbff0e8:   000001ced35c4300 000001ce00000000
0x000000a2bfbff0f8:   00007ffd6c9ee6f5 000001ced35c4300
0x000000a2bfbff108:   000001ced300d400 000001ce00000001
0x000000a2bfbff118:   00000000800006c2 000000003efa0000
0x000000a2bfbff128:   00007ffd6c698b55 0000000000000320
0x000000a2bfbff138:   000000a2bfbff350 0000000000000000
0x000000a2bfbff148:   0000000000004000 0000000000000000
0x000000a2bfbff158:   0000000000000258 0000000000000000
0x000000a2bfbff168:   00007ffd6c97eb18 0000000000000000
0x000000a2bfbff178:   000000a2bfbff200 0000000081e79c58 

Instructions: (pc=0x00007ffd54f207b6)
0x00007ffd54f20796:   e9 35 66 ff ff cc cc cc cc cc 4c 63 51 24 41 bb
0x00007ffd54f207a6:   00 01 00 00 4c 8b 49 08 41 0f bf c3 41 0f bf cb
0x00007ffd54f207b6:   43 0f b6 54 0a 04 0f af d0 43 0f b6 44 0a 05 66
0x00007ffd54f207c6:   03 d0 43 0f b6 44 0a 07 44 0f bf c2 43 0f b6 54 



---------------  P R O C E S S  ---------------

Threads class SMR info:
_java_thread_list=0x000001ced7260750, length=14, elements={
0x000001ceb2ffd000, 0x000001ced1366800, 0x000001ced1368000, 0x000001ced1cd1800,
0x000001ced1cd2800, 0x000001ced137f000, 0x000001ced1383000, 0x000001ced138e000,
0x000001ced1f9d800, 0x000001ced1fa4800, 0x000001ced1fa6800, 0x000001ced1fb9800,
0x000001ced1fd0000, 0x000001ced6b3e000
}

Java Threads: ( => current thread )
=>0x000001ceb2ffd000 JavaThread "main" [_thread_in_native, id=17620, stack(0x000000a2bfb00000,0x000000a2bfc00000)]
  0x000001ced1366800 JavaThread "Reference Handler" daemon [_thread_blocked, id=19892, stack(0x000000a2c0200000,0x000000a2c0300000)]
  0x000001ced1368000 JavaThread "Finalizer" daemon [_thread_blocked, id=20220, stack(0x000000a2c0300000,0x000000a2c0400000)]
  0x000001ced1cd1800 JavaThread "Signal Dispatcher" daemon [_thread_blocked, id=20272, stack(0x000000a2c0400000,0x000000a2c0500000)]
  0x000001ced1cd2800 JavaThread "Attach Listener" daemon [_thread_blocked, id=19236, stack(0x000000a2c0500000,0x000000a2c0600000)]
  0x000001ced137f000 JavaThread "C2 CompilerThread0" daemon [_thread_blocked, id=15180, stack(0x000000a2c0600000,0x000000a2c0700000)]
  0x000001ced1383000 JavaThread "C1 CompilerThread0" daemon [_thread_blocked, id=20372, stack(0x000000a2c0700000,0x000000a2c0800000)]
  0x000001ced138e000 JavaThread "Sweeper thread" daemon [_thread_blocked, id=20064, stack(0x000000a2c0800000,0x000000a2c0900000)]
  0x000001ced1f9d800 JavaThread "JDWP Transport Listener: dt_socket" daemon [_thread_blocked, id=19620, stack(0x000000a2c0900000,0x000000a2c0a00000)]
  0x000001ced1fa4800 JavaThread "JDWP Event Helper Thread" daemon [_thread_blocked, id=19680, stack(0x000000a2c0a00000,0x000000a2c0b00000)]
  0x000001ced1fa6800 JavaThread "JDWP Command Reader" daemon [_thread_in_native, id=20456, stack(0x000000a2c0b00000,0x000000a2c0c00000)]
  0x000001ced1fb9800 JavaThread "Service Thread" daemon [_thread_blocked, id=20180, stack(0x000000a2c0c00000,0x000000a2c0d00000)]
  0x000001ced1fd0000 JavaThread "Common-Cleaner" daemon [_thread_blocked, id=19476, stack(0x000000a2c0e00000,0x000000a2c0f00000)]
  0x000001ced6b3e000 JavaThread "Java2D Disposer" daemon [_thread_blocked, id=17280, stack(0x000000a2c1400000,0x000000a2c1500000)]

Other Threads:
  0x000001ced1340000 VMThread "VM Thread" [stack: 0x000000a2c0100000,0x000000a2c0200000] [id=20252]
  0x000001ced1fc1800 WatcherThread [stack: 0x000000a2c0d00000,0x000000a2c0e00000] [id=19992]
  0x000001ceb3015800 GCTaskThread "GC Thread#0" [stack: 0x000000a2bfc00000,0x000000a2bfd00000] [id=20292]
  0x000001ced2bb8800 GCTaskThread "GC Thread#1" [stack: 0x000000a2c0f00000,0x000000a2c1000000] [id=19444]
  0x000001ced2834000 GCTaskThread "GC Thread#2" [stack: 0x000000a2c1000000,0x000000a2c1100000] [id=4952]
  0x000001ceb3045800 ConcurrentGCThread "G1 Main Marker" [stack: 0x000000a2bfd00000,0x000000a2bfe00000] [id=20440]
  0x000001ceb3047000 ConcurrentGCThread "G1 Conc#0" [stack: 0x000000a2bfe00000,0x000000a2bff00000] [id=18012]
  0x000001ced11aa800 ConcurrentGCThread "G1 Refine#0" [stack: 0x000000a2bff00000,0x000000a2c0000000] [id=18544]
  0x000001ced71f0800 ConcurrentGCThread "G1 Refine#1" [stack: 0x000000a2c1200000,0x000000a2c1300000] [id=16000]
  0x000001ceb30be000 ConcurrentGCThread "G1 Young RemSet Sampling" [stack: 0x000000a2c0000000,0x000000a2c0100000] [id=20048]

Threads with active compile tasks:

VM state:not at safepoint (normal execution)

VM Mutex/Monitor currently owned by a thread: None

Heap address: 0x0000000081800000, size: 2024 MB, Compressed Oops mode: 32-bit
Narrow klass base: 0x0000000000000000, Narrow klass shift: 3
Compressed class space size: 1073741824 Address: 0x0000000100000000

Heap:
 garbage-first heap   total 131072K, used 25453K [0x0000000081800000, 0x0000000100000000)
  region size 1024K, 9 young (9216K), 4 survivors (4096K)
 Metaspace       used 15275K, capacity 15473K, committed 15616K, reserved 1062912K
  class space    used 1170K, capacity 1247K, committed 1280K, reserved 1048576K
Heap Regions: E=young(eden), S=young(survivor), O=old, HS=humongous(starts), HC=humongous(continues), CS=collection set, F=free, A=archive, TAMS=top-at-mark-start (previous, next)
|   0|0x0000000081800000, 0x0000000081900000, 0x0000000081900000|100%|HS|  |TAMS 0x0000000081800000, 0x0000000081800000| Complete 
|   1|0x0000000081900000, 0x0000000081a00000, 0x0000000081a00000|100%|HC|  |TAMS 0x0000000081900000, 0x0000000081900000| Complete 
|   2|0x0000000081a00000, 0x0000000081b00000, 0x0000000081b00000|100%| O|  |TAMS 0x0000000081a00000, 0x0000000081a00000| Untracked 
|   3|0x0000000081b00000, 0x0000000081c00000, 0x0000000081c00000|100%| O|  |TAMS 0x0000000081b00000, 0x0000000081b00000| Untracked 
|   4|0x0000000081c00000, 0x0000000081d00000, 0x0000000081d00000|100%| O|  |TAMS 0x0000000081c00000, 0x0000000081c00000| Untracked 
|   5|0x0000000081d00000, 0x0000000081e00000, 0x0000000081e00000|100%| O|  |TAMS 0x0000000081d00000, 0x0000000081d00000| Untracked 
|   6|0x0000000081e00000, 0x0000000081f00000, 0x0000000081f00000|100%| O|  |TAMS 0x0000000081e00000, 0x0000000081e00000| Untracked 
|   7|0x0000000081f00000, 0x0000000082000000, 0x0000000082000000|100%|HS|  |TAMS 0x0000000081f00000, 0x0000000081f00000| Complete 
|   8|0x0000000082000000, 0x0000000082100000, 0x0000000082100000|100%|HS|  |TAMS 0x0000000082000000, 0x0000000082000000| Complete 
|   9|0x0000000082100000, 0x0000000082200000, 0x0000000082200000|100%| O|  |TAMS 0x0000000082100000, 0x0000000082100000| Untracked 
|  10|0x0000000082200000, 0x00000000822db408, 0x0000000082300000| 85%| O|  |TAMS 0x0000000082200000, 0x0000000082200000| Untracked 
|  11|0x0000000082300000, 0x0000000082400000, 0x0000000082400000|100%|HS|  |TAMS 0x0000000082300000, 0x0000000082300000| Complete 
|  12|0x0000000082400000, 0x0000000082500000, 0x0000000082500000|100%|HC|  |TAMS 0x0000000082400000, 0x0000000082400000| Complete 
|  13|0x0000000082500000, 0x0000000082600000, 0x0000000082600000|100%|HS|  |TAMS 0x0000000082500000, 0x0000000082500000| Complete 
|  14|0x0000000082600000, 0x0000000082700000, 0x0000000082700000|100%|HC|  |TAMS 0x0000000082600000, 0x0000000082600000| Complete 
|  15|0x0000000082700000, 0x0000000082800000, 0x0000000082800000|100%|HS|  |TAMS 0x0000000082700000, 0x0000000082700000| Complete 
|  16|0x0000000082800000, 0x0000000082900000, 0x0000000082900000|100%|HC|  |TAMS 0x0000000082800000, 0x0000000082800000| Complete 
|  17|0x0000000082900000, 0x0000000082900000, 0x0000000082a00000|  0%| F|  |TAMS 0x0000000082900000, 0x0000000082900000| Untracked 
|  18|0x0000000082a00000, 0x0000000082a00000, 0x0000000082b00000|  0%| F|  |TAMS 0x0000000082a00000, 0x0000000082a00000| Untracked 
|  19|0x0000000082b00000, 0x0000000082b00000, 0x0000000082c00000|  0%| F|  |TAMS 0x0000000082b00000, 0x0000000082b00000| Untracked 
|  20|0x0000000082c00000, 0x0000000082c00000, 0x0000000082d00000|  0%| F|  |TAMS 0x0000000082c00000, 0x0000000082c00000| Untracked 
|  21|0x0000000082d00000, 0x0000000082d00000, 0x0000000082e00000|  0%| F|  |TAMS 0x0000000082d00000, 0x0000000082d00000| Untracked 
|  22|0x0000000082e00000, 0x0000000082e00000, 0x0000000082f00000|  0%| F|  |TAMS 0x0000000082e00000, 0x0000000082e00000| Untracked 
|  23|0x0000000082f00000, 0x0000000082f00000, 0x0000000083000000|  0%| F|  |TAMS 0x0000000082f00000, 0x0000000082f00000| Untracked 
|  24|0x0000000083000000, 0x0000000083000000, 0x0000000083100000|  0%| F|  |TAMS 0x0000000083000000, 0x0000000083000000| Untracked 
|  25|0x0000000083100000, 0x0000000083100000, 0x0000000083200000|  0%| F|  |TAMS 0x0000000083100000, 0x0000000083100000| Untracked 
|  26|0x0000000083200000, 0x0000000083200000, 0x0000000083300000|  0%| F|  |TAMS 0x0000000083200000, 0x0000000083200000| Untracked 
|  27|0x0000000083300000, 0x0000000083300000, 0x0000000083400000|  0%| F|  |TAMS 0x0000000083300000, 0x0000000083300000| Untracked 
|  28|0x0000000083400000, 0x0000000083400000, 0x0000000083500000|  0%| F|  |TAMS 0x0000000083400000, 0x0000000083400000| Untracked 
|  29|0x0000000083500000, 0x0000000083500000, 0x0000000083600000|  0%| F|  |TAMS 0x0000000083500000, 0x0000000083500000| Untracked 
|  30|0x0000000083600000, 0x0000000083600000, 0x0000000083700000|  0%| F|  |TAMS 0x0000000083600000, 0x0000000083600000| Untracked 
|  31|0x0000000083700000, 0x0000000083700000, 0x0000000083800000|  0%| F|  |TAMS 0x0000000083700000, 0x0000000083700000| Untracked 
|  32|0x0000000083800000, 0x0000000083800000, 0x0000000083900000|  0%| F|  |TAMS 0x0000000083800000, 0x0000000083800000| Untracked 
|  33|0x0000000083900000, 0x0000000083900000, 0x0000000083a00000|  0%| F|  |TAMS 0x0000000083900000, 0x0000000083900000| Untracked 
|  34|0x0000000083a00000, 0x0000000083a00000, 0x0000000083b00000|  0%| F|  |TAMS 0x0000000083a00000, 0x0000000083a00000| Untracked 
|  35|0x0000000083b00000, 0x0000000083b00000, 0x0000000083c00000|  0%| F|  |TAMS 0x0000000083b00000, 0x0000000083b00000| Untracked 
|  36|0x0000000083c00000, 0x0000000083c00000, 0x0000000083d00000|  0%| F|  |TAMS 0x0000000083c00000, 0x0000000083c00000| Untracked 
|  37|0x0000000083d00000, 0x0000000083d00000, 0x0000000083e00000|  0%| F|  |TAMS 0x0000000083d00000, 0x0000000083d00000| Untracked 
|  38|0x0000000083e00000, 0x0000000083e00000, 0x0000000083f00000|  0%| F|  |TAMS 0x0000000083e00000, 0x0000000083e00000| Untracked 
|  39|0x0000000083f00000, 0x0000000083f00000, 0x0000000084000000|  0%| F|  |TAMS 0x0000000083f00000, 0x0000000083f00000| Untracked 
|  40|0x0000000084000000, 0x0000000084000000, 0x0000000084100000|  0%| F|  |TAMS 0x0000000084000000, 0x0000000084000000| Untracked 
|  41|0x0000000084100000, 0x0000000084100000, 0x0000000084200000|  0%| F|  |TAMS 0x0000000084100000, 0x0000000084100000| Untracked 
|  42|0x0000000084200000, 0x0000000084200000, 0x0000000084300000|  0%| F|  |TAMS 0x0000000084200000, 0x0000000084200000| Untracked 
|  43|0x0000000084300000, 0x0000000084300000, 0x0000000084400000|  0%| F|  |TAMS 0x0000000084300000, 0x0000000084300000| Untracked 
|  44|0x0000000084400000, 0x0000000084400000, 0x0000000084500000|  0%| F|  |TAMS 0x0000000084400000, 0x0000000084400000| Untracked 
|  45|0x0000000084500000, 0x0000000084500000, 0x0000000084600000|  0%| F|  |TAMS 0x0000000084500000, 0x0000000084500000| Untracked 
|  46|0x0000000084600000, 0x0000000084600000, 0x0000000084700000|  0%| F|  |TAMS 0x0000000084600000, 0x0000000084600000| Untracked 
|  47|0x0000000084700000, 0x0000000084700000, 0x0000000084800000|  0%| F|  |TAMS 0x0000000084700000, 0x0000000084700000| Untracked 
|  48|0x0000000084800000, 0x0000000084800000, 0x0000000084900000|  0%| F|  |TAMS 0x0000000084800000, 0x0000000084800000| Untracked 
|  49|0x0000000084900000, 0x0000000084900000, 0x0000000084a00000|  0%| F|  |TAMS 0x0000000084900000, 0x0000000084900000| Untracked 
|  50|0x0000000084a00000, 0x0000000084a00000, 0x0000000084b00000|  0%| F|  |TAMS 0x0000000084a00000, 0x0000000084a00000| Untracked 
|  51|0x0000000084b00000, 0x0000000084b00000, 0x0000000084c00000|  0%| F|  |TAMS 0x0000000084b00000, 0x0000000084b00000| Untracked 
|  52|0x0000000084c00000, 0x0000000084c00000, 0x0000000084d00000|  0%| F|  |TAMS 0x0000000084c00000, 0x0000000084c00000| Untracked 
|  53|0x0000000084d00000, 0x0000000084d00000, 0x0000000084e00000|  0%| F|  |TAMS 0x0000000084d00000, 0x0000000084d00000| Untracked 
|  54|0x0000000084e00000, 0x0000000084e00000, 0x0000000084f00000|  0%| F|  |TAMS 0x0000000084e00000, 0x0000000084e00000| Untracked 
|  55|0x0000000084f00000, 0x0000000084f00000, 0x0000000085000000|  0%| F|  |TAMS 0x0000000084f00000, 0x0000000084f00000| Untracked 
|  56|0x0000000085000000, 0x0000000085000000, 0x0000000085100000|  0%| F|  |TAMS 0x0000000085000000, 0x0000000085000000| Untracked 
|  57|0x0000000085100000, 0x0000000085100000, 0x0000000085200000|  0%| F|  |TAMS 0x0000000085100000, 0x0000000085100000| Untracked 
|  58|0x0000000085200000, 0x0000000085200000, 0x0000000085300000|  0%| F|  |TAMS 0x0000000085200000, 0x0000000085200000| Untracked 
|  59|0x0000000085300000, 0x0000000085300000, 0x0000000085400000|  0%| F|  |TAMS 0x0000000085300000, 0x0000000085300000| Untracked 
|  60|0x0000000085400000, 0x0000000085400000, 0x0000000085500000|  0%| F|  |TAMS 0x0000000085400000, 0x0000000085400000| Untracked 
|  61|0x0000000085500000, 0x0000000085500000, 0x0000000085600000|  0%| F|  |TAMS 0x0000000085500000, 0x0000000085500000| Untracked 
|  62|0x0000000085600000, 0x0000000085600000, 0x0000000085700000|  0%| F|  |TAMS 0x0000000085600000, 0x0000000085600000| Untracked 
|  63|0x0000000085700000, 0x0000000085700000, 0x0000000085800000|  0%| F|  |TAMS 0x0000000085700000, 0x0000000085700000| Untracked 
|  64|0x0000000085800000, 0x0000000085800000, 0x0000000085900000|  0%| F|  |TAMS 0x0000000085800000, 0x0000000085800000| Untracked 
|  65|0x0000000085900000, 0x0000000085900000, 0x0000000085a00000|  0%| F|  |TAMS 0x0000000085900000, 0x0000000085900000| Untracked 
|  66|0x0000000085a00000, 0x0000000085a00000, 0x0000000085b00000|  0%| F|  |TAMS 0x0000000085a00000, 0x0000000085a00000| Untracked 
|  67|0x0000000085b00000, 0x0000000085b00000, 0x0000000085c00000|  0%| F|  |TAMS 0x0000000085b00000, 0x0000000085b00000| Untracked 
|  68|0x0000000085c00000, 0x0000000085c00000, 0x0000000085d00000|  0%| F|  |TAMS 0x0000000085c00000, 0x0000000085c00000| Untracked 
|  69|0x0000000085d00000, 0x0000000085d00000, 0x0000000085e00000|  0%| F|  |TAMS 0x0000000085d00000, 0x0000000085d00000| Untracked 
|  70|0x0000000085e00000, 0x0000000085e00000, 0x0000000085f00000|  0%| F|  |TAMS 0x0000000085e00000, 0x0000000085e00000| Untracked 
|  71|0x0000000085f00000, 0x0000000085f00000, 0x0000000086000000|  0%| F|  |TAMS 0x0000000085f00000, 0x0000000085f00000| Untracked 
|  72|0x0000000086000000, 0x0000000086000000, 0x0000000086100000|  0%| F|  |TAMS 0x0000000086000000, 0x0000000086000000| Untracked 
|  73|0x0000000086100000, 0x0000000086100000, 0x0000000086200000|  0%| F|  |TAMS 0x0000000086100000, 0x0000000086100000| Untracked 
|  74|0x0000000086200000, 0x0000000086200000, 0x0000000086300000|  0%| F|  |TAMS 0x0000000086200000, 0x0000000086200000| Untracked 
|  75|0x0000000086300000, 0x0000000086300000, 0x0000000086400000|  0%| F|  |TAMS 0x0000000086300000, 0x0000000086300000| Untracked 
|  76|0x0000000086400000, 0x0000000086400000, 0x0000000086500000|  0%| F|  |TAMS 0x0000000086400000, 0x0000000086400000| Untracked 
|  77|0x0000000086500000, 0x0000000086500000, 0x0000000086600000|  0%| F|  |TAMS 0x0000000086500000, 0x0000000086500000| Untracked 
|  78|0x0000000086600000, 0x0000000086600000, 0x0000000086700000|  0%| F|  |TAMS 0x0000000086600000, 0x0000000086600000| Untracked 
|  79|0x0000000086700000, 0x0000000086700000, 0x0000000086800000|  0%| F|  |TAMS 0x0000000086700000, 0x0000000086700000| Untracked 
|  80|0x0000000086800000, 0x0000000086800000, 0x0000000086900000|  0%| F|  |TAMS 0x0000000086800000, 0x0000000086800000| Untracked 
|  81|0x0000000086900000, 0x0000000086900000, 0x0000000086a00000|  0%| F|  |TAMS 0x0000000086900000, 0x0000000086900000| Untracked 
|  82|0x0000000086a00000, 0x0000000086a00000, 0x0000000086b00000|  0%| F|  |TAMS 0x0000000086a00000, 0x0000000086a00000| Untracked 
|  83|0x0000000086b00000, 0x0000000086b00000, 0x0000000086c00000|  0%| F|  |TAMS 0x0000000086b00000, 0x0000000086b00000| Untracked 
|  84|0x0000000086c00000, 0x0000000086c00000, 0x0000000086d00000|  0%| F|  |TAMS 0x0000000086c00000, 0x0000000086c00000| Untracked 
|  85|0x0000000086d00000, 0x0000000086d00000, 0x0000000086e00000|  0%| F|  |TAMS 0x0000000086d00000, 0x0000000086d00000| Untracked 
|  86|0x0000000086e00000, 0x0000000086e00000, 0x0000000086f00000|  0%| F|  |TAMS 0x0000000086e00000, 0x0000000086e00000| Untracked 
|  87|0x0000000086f00000, 0x0000000086f00000, 0x0000000087000000|  0%| F|  |TAMS 0x0000000086f00000, 0x0000000086f00000| Untracked 
|  88|0x0000000087000000, 0x0000000087000000, 0x0000000087100000|  0%| F|  |TAMS 0x0000000087000000, 0x0000000087000000| Untracked 
|  89|0x0000000087100000, 0x0000000087100000, 0x0000000087200000|  0%| F|  |TAMS 0x0000000087100000, 0x0000000087100000| Untracked 
|  90|0x0000000087200000, 0x0000000087200000, 0x0000000087300000|  0%| F|  |TAMS 0x0000000087200000, 0x0000000087200000| Untracked 
|  91|0x0000000087300000, 0x0000000087300000, 0x0000000087400000|  0%| F|  |TAMS 0x0000000087300000, 0x0000000087300000| Untracked 
|  92|0x0000000087400000, 0x0000000087400000, 0x0000000087500000|  0%| F|  |TAMS 0x0000000087400000, 0x0000000087400000| Untracked 
|  93|0x0000000087500000, 0x0000000087600000, 0x0000000087600000|100%| S|CS|TAMS 0x0000000087500000, 0x0000000087500000| Complete 
|  94|0x0000000087600000, 0x0000000087700000, 0x0000000087700000|100%| S|CS|TAMS 0x0000000087600000, 0x0000000087600000| Complete 
|  95|0x0000000087700000, 0x0000000087800000, 0x0000000087800000|100%| S|CS|TAMS 0x0000000087700000, 0x0000000087700000| Complete 
|  96|0x0000000087800000, 0x0000000087900000, 0x0000000087900000|100%| S|CS|TAMS 0x0000000087800000, 0x0000000087800000| Complete 
|  97|0x0000000087900000, 0x0000000087900000, 0x0000000087a00000|  0%| F|  |TAMS 0x0000000087900000, 0x0000000087900000| Untracked 
|  98|0x0000000087a00000, 0x0000000087a00000, 0x0000000087b00000|  0%| F|  |TAMS 0x0000000087a00000, 0x0000000087a00000| Untracked 
|  99|0x0000000087b00000, 0x0000000087b00000, 0x0000000087c00000|  0%| F|  |TAMS 0x0000000087b00000, 0x0000000087b00000| Untracked 
| 100|0x0000000087c00000, 0x0000000087c00000, 0x0000000087d00000|  0%| F|  |TAMS 0x0000000087c00000, 0x0000000087c00000| Untracked 
| 101|0x0000000087d00000, 0x0000000087d00000, 0x0000000087e00000|  0%| F|  |TAMS 0x0000000087d00000, 0x0000000087d00000| Untracked 
| 102|0x0000000087e00000, 0x0000000087e00000, 0x0000000087f00000|  0%| F|  |TAMS 0x0000000087e00000, 0x0000000087e00000| Untracked 
| 103|0x0000000087f00000, 0x0000000087f00000, 0x0000000088000000|  0%| F|  |TAMS 0x0000000087f00000, 0x0000000087f00000| Untracked 
| 104|0x0000000088000000, 0x0000000088000000, 0x0000000088100000|  0%| F|  |TAMS 0x0000000088000000, 0x0000000088000000| Untracked 
| 105|0x0000000088100000, 0x0000000088100000, 0x0000000088200000|  0%| F|  |TAMS 0x0000000088100000, 0x0000000088100000| Untracked 
| 106|0x0000000088200000, 0x0000000088200000, 0x0000000088300000|  0%| F|  |TAMS 0x0000000088200000, 0x0000000088200000| Untracked 
| 107|0x0000000088300000, 0x0000000088300000, 0x0000000088400000|  0%| F|  |TAMS 0x0000000088300000, 0x0000000088300000| Untracked 
| 108|0x0000000088400000, 0x0000000088400000, 0x0000000088500000|  0%| F|  |TAMS 0x0000000088400000, 0x0000000088400000| Untracked 
| 109|0x0000000088500000, 0x0000000088500000, 0x0000000088600000|  0%| F|  |TAMS 0x0000000088500000, 0x0000000088500000| Untracked 
| 110|0x0000000088600000, 0x0000000088600000, 0x0000000088700000|  0%| F|  |TAMS 0x0000000088600000, 0x0000000088600000| Untracked 
| 111|0x0000000088700000, 0x0000000088700000, 0x0000000088800000|  0%| F|  |TAMS 0x0000000088700000, 0x0000000088700000| Untracked 
| 112|0x0000000088800000, 0x0000000088800000, 0x0000000088900000|  0%| F|  |TAMS 0x0000000088800000, 0x0000000088800000| Untracked 
| 113|0x0000000088900000, 0x0000000088900000, 0x0000000088a00000|  0%| F|  |TAMS 0x0000000088900000, 0x0000000088900000| Untracked 
| 114|0x0000000088a00000, 0x0000000088a00000, 0x0000000088b00000|  0%| F|  |TAMS 0x0000000088a00000, 0x0000000088a00000| Untracked 
| 115|0x0000000088b00000, 0x0000000088b00000, 0x0000000088c00000|  0%| F|  |TAMS 0x0000000088b00000, 0x0000000088b00000| Untracked 
| 116|0x0000000088c00000, 0x0000000088c00000, 0x0000000088d00000|  0%| F|  |TAMS 0x0000000088c00000, 0x0000000088c00000| Untracked 
| 117|0x0000000088d00000, 0x0000000088d00000, 0x0000000088e00000|  0%| F|  |TAMS 0x0000000088d00000, 0x0000000088d00000| Untracked 
| 118|0x0000000088e00000, 0x0000000088e00000, 0x0000000088f00000|  0%| F|  |TAMS 0x0000000088e00000, 0x0000000088e00000| Untracked 
| 119|0x0000000088f00000, 0x0000000088f00000, 0x0000000089000000|  0%| F|  |TAMS 0x0000000088f00000, 0x0000000088f00000| Untracked 
| 120|0x0000000089000000, 0x0000000089000000, 0x0000000089100000|  0%| F|  |TAMS 0x0000000089000000, 0x0000000089000000| Untracked 
| 121|0x0000000089100000, 0x0000000089100000, 0x0000000089200000|  0%| F|  |TAMS 0x0000000089100000, 0x0000000089100000| Untracked 
| 122|0x0000000089200000, 0x0000000089200000, 0x0000000089300000|  0%| F|  |TAMS 0x0000000089200000, 0x0000000089200000| Untracked 
| 123|0x0000000089300000, 0x0000000089380800, 0x0000000089400000| 50%| E|  |TAMS 0x0000000089300000, 0x0000000089300000| Complete 
| 124|0x0000000089400000, 0x0000000089500000, 0x0000000089500000|100%| E|CS|TAMS 0x0000000089400000, 0x0000000089400000| Complete 
| 125|0x0000000089500000, 0x0000000089600000, 0x0000000089600000|100%| E|CS|TAMS 0x0000000089500000, 0x0000000089500000| Complete 
| 126|0x0000000089600000, 0x0000000089700000, 0x0000000089700000|100%| E|CS|TAMS 0x0000000089600000, 0x0000000089600000| Complete 
| 127|0x0000000089700000, 0x0000000089800000, 0x0000000089800000|100%| E|CS|TAMS 0x0000000089700000, 0x0000000089700000| Complete 

Card table byte_map: [0x000001ceca710000,0x000001cecab10000] _byte_map_base: 0x000001ceca304000

Marking Bits (Prev, Next): (CMBitMap*) 0x000001ceb303cc98, (CMBitMap*) 0x000001ceb303ccd0
 Prev Bits: [0x000001cecaf10000, 0x000001cecceb0000)
 Next Bits: [0x000001cecceb0000, 0x000001cecee50000)

Polling page: 0x000001ceb0d60000

Metaspace:

Usage:
  Non-class:     13.89 MB capacity,    13.77 MB (>99%) used,    95.39 KB ( <1%) free+waste,    25.63 KB ( <1%) overhead. 
      Class:      1.22 MB capacity,     1.14 MB ( 94%) used,    65.45 KB (  5%) free+waste,    10.75 KB ( <1%) overhead. 
       Both:     15.11 MB capacity,    14.92 MB ( 99%) used,   160.84 KB (  1%) free+waste,    36.38 KB ( <1%) overhead. 

Virtual space:
  Non-class space:       14.00 MB reserved,      14.00 MB (100%) committed 
      Class space:        1.00 GB reserved,       1.25 MB ( <1%) committed 
             Both:        1.01 GB reserved,      15.25 MB (  1%) committed 

Chunk freelists:
   Non-Class:  5.75 KB
       Class:  128 bytes
        Both:  5.88 KB

CodeHeap 'non-profiled nmethods': size=120064Kb used=608Kb max_used=608Kb free=119455Kb
 bounds [0x000001cec2dd0000, 0x000001cec3040000, 0x000001ceca310000]
CodeHeap 'profiled nmethods': size=120000Kb used=2745Kb max_used=2745Kb free=117254Kb
 bounds [0x000001cebb8a0000, 0x000001cebbb50000, 0x000001cec2dd0000]
CodeHeap 'non-nmethods': size=5696Kb used=1588Kb max_used=1624Kb free=4108Kb
 bounds [0x000001cebb310000, 0x000001cebb580000, 0x000001cebb8a0000]
 total_blobs=2735 nmethods=1366 adapters=955
 compilation: enabled
              stopped_count=0, restarted_count=0
 full_count=0

Compilation events (10 events):
Event: 5.334 Thread 0x000001ced1383000 1363       3       DabEngine.Graphics.Graphics::getBatch (82 bytes)
Event: 5.336 Thread 0x000001ced1383000 nmethod 1363 0x000001cebbb4c010 code [0x000001cebbb4c2e0, 0x000001cebbb4cf00]
Event: 5.336 Thread 0x000001ced1383000 1364       3       DabEngine.Graphics.Batch.TextBatch::begin (39 bytes)
Event: 5.337 Thread 0x000001ced1383000 nmethod 1364 0x000001cebbb4d290 code [0x000001cebbb4d480, 0x000001cebbb4d840]
Event: 5.357 Thread 0x000001ced1383000 1365       3       DabEngine.Graphics.Models.VertexBuffer::bind (82 bytes)
Event: 5.359 Thread 0x000001ced1383000 nmethod 1365 0x000001cebbb4da10 code [0x000001cebbb4dc40, 0x000001cebbb4e350]
Event: 5.390 Thread 0x000001ced137f000 1366       4       DabEngine.Graphics.Batch.TextBatch::getCP (66 bytes)
Event: 5.401 Thread 0x000001ced137f000 nmethod 1366 0x000001cec2e67710 code [0x000001cec2e678c0, 0x000001cec2e67be8]
Event: 5.928 Thread 0x000001ced137f000 1367       4       org.lwjgl.system.MemoryStack::nmalloc (61 bytes)
Event: 5.931 Thread 0x000001ced137f000 nmethod 1367 0x000001cec2e67f90 code [0x000001cec2e68120, 0x000001cec2e681d8]

GC Heap History (6 events):
Event: 1.689 GC heap before
{Heap before GC invocations=0 (full 0):
 garbage-first heap   total 131072K, used 16384K [0x0000000081800000, 0x0000000100000000)
  region size 1024K, 14 young (14336K), 0 survivors (0K)
 Metaspace       used 7363K, capacity 7533K, committed 7680K, reserved 1056768K
  class space    used 629K, capacity 678K, committed 768K, reserved 1048576K
}
Event: 1.908 GC heap after
{Heap after GC invocations=1 (full 0):
 garbage-first heap   total 131072K, used 6379K [0x0000000081800000, 0x0000000100000000)
  region size 1024K, 2 young (2048K), 2 survivors (2048K)
 Metaspace       used 7363K, capacity 7533K, committed 7680K, reserved 1056768K
  class space    used 629K, capacity 678K, committed 768K, reserved 1048576K
}
Event: 2.666 GC heap before
{Heap before GC invocations=1 (full 0):
 garbage-first heap   total 131072K, used 17643K [0x0000000081800000, 0x0000000100000000)
  region size 1024K, 13 young (13312K), 2 survivors (2048K)
 Metaspace       used 9677K, capacity 9793K, committed 10112K, reserved 1058816K
  class space    used 812K, capacity 850K, committed 896K, reserved 1048576K
}
Event: 2.671 GC heap after
{Heap after GC invocations=2 (full 0):
 garbage-first heap   total 131072K, used 6599K [0x0000000081800000, 0x0000000100000000)
  region size 1024K, 1 young (1024K), 1 survivors (1024K)
 Metaspace       used 9677K, capacity 9793K, committed 10112K, reserved 1058816K
  class space    used 812K, capacity 850K, committed 896K, reserved 1048576K
}
Event: 3.725 GC heap before
{Heap before GC invocations=2 (full 0):
 garbage-first heap   total 131072K, used 39367K [0x0000000081800000, 0x0000000100000000)
  region size 1024K, 31 young (31744K), 1 survivors (1024K)
 Metaspace       used 13369K, capacity 13548K, committed 13952K, reserved 1062912K
  class space    used 972K, capacity 1048K, committed 1152K, reserved 1048576K
}
Event: 3.755 GC heap after
{Heap after GC invocations=3 (full 0):
 garbage-first heap   total 131072K, used 15213K [0x0000000081800000, 0x0000000100000000)
  region size 1024K, 4 young (4096K), 4 survivors (4096K)
 Metaspace       used 13369K, capacity 13548K, committed 13952K, reserved 1062912K
  class space    used 972K, capacity 1048K, committed 1152K, reserved 1048576K
}

Deoptimization events (10 events):
Event: 0.843 Thread 0x000001ceb2ffd000 Uncommon trap: reason=unstable_if action=reinterpret pc=0x000001cec2dd1a78 method=java.lang.String.isLatin1()Z @ 10 c2
Event: 0.867 Thread 0x000001ceb2ffd000 Uncommon trap: reason=unstable_if action=reinterpret pc=0x000001cec2dd8820 method=java.lang.StringLatin1.indexOf([BII)I @ 47 c2
Event: 2.008 Thread 0x000001ceb2ffd000 Uncommon trap: reason=class_check action=maybe_recompile pc=0x000001cec2e018ac method=java.util.HashMap.getNode(ILjava/lang/Object;)Ljava/util/HashMap$Node; @ 126 c2
Event: 2.029 Thread 0x000001ceb2ffd000 Uncommon trap: reason=class_check action=maybe_recompile pc=0x000001cec2e01848 method=java.util.HashMap.getNode(ILjava/lang/Object;)Ljava/util/HashMap$Node; @ 59 c2
Event: 2.138 Thread 0x000001ceb2ffd000 Uncommon trap: reason=unstable_if action=reinterpret pc=0x000001cec2e02674 method=java.lang.String.startsWith(Ljava/lang/String;I)Z @ 14 c2
Event: 2.139 Thread 0x000001ceb2ffd000 Uncommon trap: reason=class_check action=maybe_recompile pc=0x000001cec2e01848 method=java.util.HashMap.getNode(ILjava/lang/Object;)Ljava/util/HashMap$Node; @ 59 c2
Event: 2.318 Thread 0x000001ceb2ffd000 Uncommon trap: reason=class_check action=maybe_recompile pc=0x000001cec2e01848 method=java.util.HashMap.getNode(ILjava/lang/Object;)Ljava/util/HashMap$Node; @ 59 c2
Event: 2.775 Thread 0x000001ceb2ffd000 Uncommon trap: reason=unstable_if action=reinterpret pc=0x000001cec2e14efc method=java.util.jar.JarFile.getVersionedEntry(Ljava/lang/String;Ljava/util/jar/JarEntry;)Ljava/util/jar/JarEntry; @ 67 c2
Event: 3.408 Thread 0x000001ceb2ffd000 Uncommon trap: reason=unstable_if action=reinterpret pc=0x000001cec2df3920 method=java.io.BufferedReader.readLine(Z)Ljava/lang/String; @ 66 c2
Event: 5.333 Thread 0x000001ceb2ffd000 Uncommon trap: reason=unstable_if action=reinterpret pc=0x000001cec2e0c2d0 method=java.lang.Integer.getChars(II[B)I @ 25 c2

Classes redefined (0 events):
No events

Internal exceptions (10 events):
Event: 3.633 Thread 0x000001ceb2ffd000 Exception <a 'sun/nio/fs/WindowsException'{0x0000000087a58570}> (0x0000000087a58570) thrown at [t:/workspace/open/src/hotspot/share/prims/jni.cpp, line 615]
Event: 3.633 Thread 0x000001ceb2ffd000 Exception <a 'sun/nio/fs/WindowsException'{0x0000000087a58708}> (0x0000000087a58708) thrown at [t:/workspace/open/src/hotspot/share/prims/jni.cpp, line 615]
Event: 3.805 Thread 0x000001ceb2ffd000 Exception <a 'java/lang/ClassNotFoundException'{0x000000008976a2f8}: sun/awt/resources/spi/awtProvider> (0x000000008976a2f8) thrown at [t:/workspace/open/src/hotspot/share/classfile/systemDictionary.cpp, line 231]
Event: 3.851 Thread 0x000001ceb2ffd000 Exception <a 'java/io/FileNotFoundException'{0x000000008963af58}> (0x000000008963af58) thrown at [t:/workspace/open/src/hotspot/share/prims/jni.cpp, line 615]
Event: 3.875 Thread 0x000001ceb2ffd000 Exception <a 'java/lang/NoSuchMethodError'{0x0000000089695f68}: java.lang.invoke.DirectMethodHandle$Holder.invokeStatic(Ljava/lang/Object;Ljava/lang/Object;Ljava/lang/Object;Ljava/lang/Object;Ljava/lang/Object;Ljava/lang/Object;Ljava/lang/Object;Ljava/lan
Event: 3.878 Thread 0x000001ceb2ffd000 Exception <a 'java/lang/NoSuchMethodError'{0x00000000896a3b18}: java.lang.invoke.DirectMethodHandle$Holder.invokeStatic(Ljava/lang/Object;Ljava/lang/Object;Ljava/lang/Object;Ljava/lang/Object;Ljava/lang/Object;Ljava/lang/Object;Ljava/lang/Object;Ljava/lan
Event: 3.881 Thread 0x000001ceb2ffd000 Exception <a 'java/lang/NoSuchMethodError'{0x00000000896b1780}: java.lang.invoke.DirectMethodHandle$Holder.invokeSpecial(Ljava/lang/Object;Ljava/lang/Object;IILjava/lang/Object;Ljava/lang/Object;Ljava/lang/Object;)Ljava/lang/Object;> (0x00000000896b1780) 
Event: 3.882 Thread 0x000001ceb2ffd000 Exception <a 'java/lang/NoSuchMethodError'{0x00000000896b4d08}: java.lang.invoke.DelegatingMethodHandle$Holder.reinvoke_L(Ljava/lang/Object;IILjava/lang/Object;Ljava/lang/Object;Ljava/lang/Object;)Ljava/lang/Object;> (0x00000000896b4d08) thrown at [t:/wor
Event: 3.883 Thread 0x000001ceb2ffd000 Exception <a 'java/lang/NoSuchMethodError'{0x00000000896b8f90}: java.lang.invoke.DirectMethodHandle$Holder.invokeStatic(Ljava/lang/Object;Ljava/lang/Object;Ljava/lang/Object;Ljava/lang/Object;I)Ljava/lang/Object;> (0x00000000896b8f90) thrown at [t:/worksp
Event: 3.903 Thread 0x000001ceb2ffd000 Exception <a 'java/io/FileNotFoundException'{0x000000008951bca8}> (0x000000008951bca8) thrown at [t:/workspace/open/src/hotspot/share/prims/jni.cpp, line 615]

Events (10 events):
Event: 4.251 loading class org/lwjgl/stb/STBTTAlignedQuad
Event: 4.251 loading class org/lwjgl/stb/STBTTAlignedQuad done
Event: 4.267 loading class org/lwjgl/glfw/EventLoop$OnScreen
Event: 4.267 loading class org/lwjgl/glfw/EventLoop$OnScreen done
Event: 4.270 loading class DabEngine/Utils/Timer
Event: 4.270 loading class DabEngine/Utils/Timer done
Event: 4.558 Thread 0x000001ced6f63000 Thread exited: 0x000001ced6f63000
Event: 5.333 Thread 0x000001ceb2ffd000 Uncommon trap: trap_request=0xffffff4d fr.pc=0x000001cec2e0c2d0 relative=0x0000000000000610
Event: 5.333 Thread 0x000001ceb2ffd000 DEOPT PACKING pc=0x000001cec2e0c2d0 sp=0x000000a2bfbff250
Event: 5.333 Thread 0x000001ceb2ffd000 DEOPT UNPACKING pc=0x000001cebb34d5af sp=0x000000a2bfbff198 mode 2


Dynamic libraries:
0x00007ff640990000 - 0x00007ff6409d7000 	C:\Program Files\Java\jdk-11.0.1\bin\java.exe
0x00007ffda9570000 - 0x00007ffda9751000 	C:\WINDOWS\SYSTEM32\ntdll.dll
0x00007ffda6db0000 - 0x00007ffda6e61000 	C:\WINDOWS\System32\KERNEL32.DLL
0x00007ffda61f0000 - 0x00007ffda6463000 	C:\WINDOWS\System32\KERNELBASE.dll
0x00007ffda7330000 - 0x00007ffda73d1000 	C:\WINDOWS\System32\ADVAPI32.dll
0x00007ffda7820000 - 0x00007ffda78be000 	C:\WINDOWS\System32\msvcrt.dll
0x00007ffda8ef0000 - 0x00007ffda8f4b000 	C:\WINDOWS\System32\sechost.dll
0x00007ffda7440000 - 0x00007ffda7564000 	C:\WINDOWS\System32\RPCRT4.dll
0x00007ffda6fc0000 - 0x00007ffda7150000 	C:\WINDOWS\System32\USER32.dll
0x00007ffda6470000 - 0x00007ffda6490000 	C:\WINDOWS\System32\win32u.dll
0x00007ffda7410000 - 0x00007ffda7438000 	C:\WINDOWS\System32\GDI32.dll
0x00007ffda6050000 - 0x00007ffda61e2000 	C:\WINDOWS\System32\gdi32full.dll
0x00007ffda6960000 - 0x00007ffda69ff000 	C:\WINDOWS\System32\msvcp_win.dll
0x00007ffda6540000 - 0x00007ffda6638000 	C:\WINDOWS\System32\ucrtbase.dll
0x00007ffd91a60000 - 0x00007ffd91cc9000 	C:\WINDOWS\WinSxS\amd64_microsoft.windows.common-controls_6595b64144ccf1df_6.0.17134.766_none_fb43a1f3306471ed\COMCTL32.dll
0x00007ffda6a80000 - 0x00007ffda6da2000 	C:\WINDOWS\System32\combase.dll
0x00007ffda66f0000 - 0x00007ffda676a000 	C:\WINDOWS\System32\bcryptPrimitives.dll
0x00007ffd9b6c0000 - 0x00007ffd9b6ca000 	C:\WINDOWS\SYSTEM32\VERSION.dll
0x00007ffda73e0000 - 0x00007ffda740d000 	C:\WINDOWS\System32\IMM32.DLL
0x00007ffd772e0000 - 0x00007ffd772f6000 	C:\Program Files\Java\jdk-11.0.1\bin\vcruntime140.dll
0x00007ffd6cdd0000 - 0x00007ffd6ce7a000 	C:\Program Files\Java\jdk-11.0.1\bin\msvcp140.dll
0x00007ffd55d10000 - 0x00007ffd56852000 	C:\Program Files\Java\jdk-11.0.1\bin\server\jvm.dll
0x00007ffda77b0000 - 0x00007ffda77b8000 	C:\WINDOWS\System32\PSAPI.DLL
0x00007ffd99640000 - 0x00007ffd99649000 	C:\WINDOWS\SYSTEM32\WSOCK32.dll
0x00007ffda7730000 - 0x00007ffda779c000 	C:\WINDOWS\System32\WS2_32.dll
0x00007ffda29e0000 - 0x00007ffda2a03000 	C:\WINDOWS\SYSTEM32\WINMM.dll
0x00007ffda29b0000 - 0x00007ffda29da000 	C:\WINDOWS\SYSTEM32\WINMMBASE.dll
0x00007ffda66a0000 - 0x00007ffda66e9000 	C:\WINDOWS\System32\cfgmgr32.dll
0x00007ffda5880000 - 0x00007ffda5891000 	C:\WINDOWS\System32\kernel.appcore.dll
0x00007ffd76da0000 - 0x00007ffd76db1000 	C:\Program Files\Java\jdk-11.0.1\bin\verify.dll
0x00007ffda53d0000 - 0x00007ffda5599000 	C:\WINDOWS\SYSTEM32\DBGHELP.DLL
0x00007ffda5300000 - 0x00007ffda5329000 	C:\WINDOWS\SYSTEM32\dbgcore.DLL
0x00007ffd73f10000 - 0x00007ffd73f39000 	C:\Program Files\Java\jdk-11.0.1\bin\java.dll
0x00007ffd6d3c0000 - 0x00007ffd6d3f7000 	C:\Program Files\Java\jdk-11.0.1\bin\jdwp.dll
0x00007ffd76d80000 - 0x00007ffd76d96000 	C:\Program Files\Java\jdk-11.0.1\bin\zip.dll
0x00007ffd92b30000 - 0x00007ffd92b3a000 	C:\Program Files\Java\jdk-11.0.1\bin\jimage.dll
0x00007ffda7a30000 - 0x00007ffda8e70000 	C:\WINDOWS\System32\SHELL32.dll
0x00007ffda6f10000 - 0x00007ffda6fb9000 	C:\WINDOWS\System32\shcore.dll
0x00007ffda5940000 - 0x00007ffda604d000 	C:\WINDOWS\System32\windows.storage.dll
0x00007ffda6a00000 - 0x00007ffda6a51000 	C:\WINDOWS\System32\shlwapi.dll
0x00007ffda58b0000 - 0x00007ffda58cf000 	C:\WINDOWS\System32\profapi.dll
0x00007ffda58f0000 - 0x00007ffda593c000 	C:\WINDOWS\System32\powrprof.dll
0x00007ffda58a0000 - 0x00007ffda58aa000 	C:\WINDOWS\System32\FLTLIB.DLL
0x00007ffd9e1b0000 - 0x00007ffd9e1ba000 	C:\Program Files\Java\jdk-11.0.1\bin\dt_socket.dll
0x00007ffda4da0000 - 0x00007ffda4e06000 	C:\WINDOWS\System32\mswsock.dll
0x00007ffda4b60000 - 0x00007ffda4c1e000 	C:\WINDOWS\SYSTEM32\DNSAPI.dll
0x00007ffda77a0000 - 0x00007ffda77a8000 	C:\WINDOWS\System32\NSI.dll
0x00007ffda4b20000 - 0x00007ffda4b58000 	C:\WINDOWS\SYSTEM32\IPHLPAPI.DLL
0x00007ffd9cd00000 - 0x00007ffd9cd72000 	C:\WINDOWS\System32\fwpuclnt.dll
0x00007ffda53a0000 - 0x00007ffda53c5000 	C:\WINDOWS\SYSTEM32\bcrypt.dll
0x00007ffd9d9c0000 - 0x00007ffd9d9ca000 	C:\Windows\System32\rasadhlp.dll
0x00007ffd73bc0000 - 0x00007ffd73bd9000 	C:\Program Files\Java\jdk-11.0.1\bin\net.dll
0x00007ffd9d430000 - 0x00007ffd9d50d000 	C:\WINDOWS\SYSTEM32\WINHTTP.dll
0x00007ffd737c0000 - 0x00007ffd737d3000 	C:\Program Files\Java\jdk-11.0.1\bin\nio.dll
0x00007ffd6d340000 - 0x00007ffd6d3b2000 	C:\Users\B\AppData\Local\Temp\lwjglB\3.2.2-build-10\lwjgl.dll
0x00007ffd6d2e0000 - 0x00007ffd6d33e000 	C:\Users\B\AppData\Local\Temp\lwjglB\3.2.2-build-10\glfw.dll
0x00007ffda3330000 - 0x00007ffda33c8000 	C:\WINDOWS\system32\uxtheme.dll
0x00007ffd93d00000 - 0x00007ffd93d43000 	C:\WINDOWS\SYSTEM32\dinput8.dll
0x00007ffd99440000 - 0x00007ffd99450000 	C:\WINDOWS\SYSTEM32\xinput1_4.dll
0x00007ffda5690000 - 0x00007ffda56b7000 	C:\WINDOWS\SYSTEM32\DEVOBJ.dll
0x00007ffda35b0000 - 0x00007ffda35d9000 	C:\WINDOWS\SYSTEM32\dwmapi.dll
0x00007ffda71b0000 - 0x00007ffda7323000 	C:\WINDOWS\System32\MSCTF.dll
0x00007ffda7660000 - 0x00007ffda7722000 	C:\WINDOWS\System32\OLEAUT32.dll
0x00007ffda4220000 - 0x00007ffda422c000 	C:\WINDOWS\SYSTEM32\HID.DLL
0x00007ffda8f50000 - 0x00007ffda939b000 	C:\WINDOWS\System32\SETUPAPI.DLL
0x00007ffda6640000 - 0x00007ffda6697000 	C:\WINDOWS\System32\WINTRUST.dll
0x00007ffda58d0000 - 0x00007ffda58e2000 	C:\WINDOWS\System32\MSASN1.dll
0x00007ffda6770000 - 0x00007ffda6952000 	C:\WINDOWS\System32\CRYPT32.dll
0x00007ffd79220000 - 0x00007ffd79340000 	C:\WINDOWS\SYSTEM32\opengl32.dll
0x00007ffd791f0000 - 0x00007ffd7921c000 	C:\WINDOWS\SYSTEM32\GLU32.dll
0x00007ffd6c550000 - 0x00007ffd6cd81000 	C:\WINDOWS\SYSTEM32\ig7icd64.dll
0x00007ffd9f330000 - 0x00007ffd9f795000 	C:\WINDOWS\SYSTEM32\igdusc64.dll
0x00007ffda1b20000 - 0x00007ffda1b33000 	C:\WINDOWS\SYSTEM32\WTSAPI32.dll
0x00007ffda42b0000 - 0x00007ffda436b000 	C:\WINDOWS\SYSTEM32\dxgi.dll
0x00007ffda1ca0000 - 0x00007ffda1fab000 	C:\WINDOWS\SYSTEM32\d3d11.dll
0x00007ffd9f7b0000 - 0x00007ffda0352000 	C:\WINDOWS\SYSTEM32\igd10iumd64.dll
0x00007ffda78c0000 - 0x00007ffda7a11000 	C:\WINDOWS\System32\ole32.dll
0x00007ffda5030000 - 0x00007ffda5056000 	C:\WINDOWS\SYSTEM32\ncrypt.dll
0x00007ffda4ff0000 - 0x00007ffda5026000 	C:\WINDOWS\SYSTEM32\NTASN1.dll
0x00007ffd9ae40000 - 0x00007ffd9aed6000 	C:\WINDOWS\System32\TextInputFramework.dll
0x00007ffda0ff0000 - 0x00007ffda130e000 	C:\WINDOWS\System32\CoreUIComponents.dll
0x00007ffda2fb0000 - 0x00007ffda308a000 	C:\WINDOWS\System32\CoreMessaging.dll
0x00007ffda0ea0000 - 0x00007ffda0fed000 	C:\WINDOWS\SYSTEM32\wintypes.dll
0x00007ffda45e0000 - 0x00007ffda4611000 	C:\WINDOWS\SYSTEM32\ntmarta.dll
0x00007ffd9adc0000 - 0x00007ffd9ae39000 	C:\WINDOWS\SYSTEM32\inputhost.dll
0x00007ffd69ec0000 - 0x00007ffd69f18000 	C:\Users\B\AppData\Local\Temp\lwjglB\3.2.2-build-10\lwjgl_opengl.dll
0x00007ffd51ed0000 - 0x00007ffd52121000 	C:\Users\B\AppData\Local\Temp\lwjglB\3.2.2-build-10\jemalloc.dll
0x00007ffd54ef0000 - 0x00007ffd54f6f000 	C:\Users\B\AppData\Local\Temp\lwjglB\3.2.2-build-10\lwjgl_stb.dll
0x00007ffd51ae0000 - 0x00007ffd51c7f000 	C:\Program Files\Java\jdk-11.0.1\bin\awt.dll
0x00007ffda1fb0000 - 0x00007ffda2577000 	C:\WINDOWS\SYSTEM32\d2d1.dll
0x00007ffda31b0000 - 0x00007ffda323b000 	C:\WINDOWS\SYSTEM32\apphelp.dll

dbghelp: loaded successfully - version: 4.0.5 - missing functions: none
symbol engine: initialized successfully - sym options: 0x614 - pdb path: .;C:\Program Files\Java\jdk-11.0.1\bin;C:\WINDOWS\SYSTEM32;C:\WINDOWS\WinSxS\amd64_microsoft.windows.common-controls_6595b64144ccf1df_6.0.17134.766_none_fb43a1f3306471ed;C:\Program Files\Java\jdk-11.0.1\bin\server;C:\Users\B\AppData\Local\Temp\lwjglB\3.2.2-build-10

VM Arguments:
jvm_args: -Xdebug -Xnoagent -Djava.compiler=NONE -Xrunjdwp:transport=dt_socket,address=localhost:63196,server=n,suspend=y -Dfile.encoding=UTF-8 
java_command: DabEngine.TestCaseEngine
java_class_path (initial): C:\Users\B\Documents\DabEngine\bin\main;C:\Users\B\Documents\DabEngine\bin\test;\DabEngine\bin\default;C:\Users\B\.gradle\caches\modules-2\files-2.1\org.apache.commons\commons-math3\3.6.1\e4ba98f1d4b3c80ec46392f25e094a6a2e58fcbf\commons-math3-3.6.1.jar;C:\Users\B\.gradle\caches\modules-2\files-2.1\com.google.guava\guava\27.0.1-jre\bd41a290787b5301e63929676d792c507bbc00ae\guava-27.0.1-jre.jar;C:\Users\B\Documents\DabEngine\libs\jython-standalone-2.7.0.jar;C:\Users\B\.gradle\caches\modules-2\files-2.1\com.googlecode.json-simple\json-simple\1.1.1\c9ad4a0850ab676c5c64461a05ca524cdfff59f1\json-simple-1.1.1.jar;C:\Users\B\.gradle\caches\modules-2\files-2.1\com.google.guava\failureaccess\1.0.1\1dcf1de382a0bf95a3d8b0849546c88bac1292c9\failureaccess-1.0.1.jar;C:\Users\B\.gradle\caches\modules-2\files-2.1\com.google.guava\listenablefuture\9999.0-empty-to-avoid-conflict-with-guava\b421526c5f297295adef1c886e5246c39d4ac629\listenablefuture-9999.0-empty-to-avoid-conflict-with-guava.jar;C:\Users\B\.gradle\caches\modules-2\files-2.1\com.google.code.findbugs\jsr305\3.0.2\25ea2e8b0c338a877313bd4672d3fe056ea78f0d\jsr305-3.0.2.jar;C:\Users\B\.gradle\caches\modules-2\files-2.1\org.checkerframework\checker-qual\2.5.2\cea74543d5904a30861a61b4643a5f2bb372efc4\checker-qual-2.5.2.jar;C:\Users\B\.gradle\caches\modules-2\files-2.1\com.google.errorprone\error_prone_annotations\2.2.0\88e3c593e9b3586e1c6177f89267da6fc6986f0c\error_prone_annotations-2.2.0.jar;C:\Users\B\.gradle\caches\modules-2\files-2.1\com.google.j2objc\j2objc-annotations\1.1\ed28ded51a8b1c6b112568def5f4b455e6809019\j2objc-annotations-1.1.jar;C:\Users\B\.gradle\caches\modules-2\files-2.1\org.codehaus.mojo\animal-sniffer-annotations\1.17\f97ce6decaea32b36101e37979f8b647f00681fb\animal-sniffer-annotations-1.17.jar;C:\Users\B\.gradle\caches\modules-2\files-2.1\junit\junit\4.10\e4f1766ce7404a08f45d859fb9c226fc9e41a861\junit-4.10.jar;C:\Users\B\.gradle\caches\modules-2\files-2.1\org.hamcrest\hamcrest-core
Launcher Type: SUN_STANDARD

[Global flags]
     intx CICompilerCount                          = 3                                         {product} {ergonomic}
     uint ConcGCThreads                            = 1                                         {product} {ergonomic}
     uint G1ConcRefinementThreads                  = 4                                         {product} {ergonomic}
   size_t G1HeapRegionSize                         = 1048576                                   {product} {ergonomic}
    uintx GCDrainStackTargetSize                   = 64                                        {product} {ergonomic}
   size_t InitialHeapSize                          = 134217728                                 {product} {ergonomic}
   size_t MarkStackSize                            = 4194304                                   {product} {ergonomic}
   size_t MaxHeapSize                              = 2122317824                                {product} {ergonomic}
   size_t MaxNewSize                               = 1272971264                                {product} {ergonomic}
   size_t MinHeapDeltaBytes                        = 1048576                                   {product} {ergonomic}
    uintx NonNMethodCodeHeapSize                   = 5830092                                {pd product} {ergonomic}
    uintx NonProfiledCodeHeapSize                  = 122914074                              {pd product} {ergonomic}
    uintx ProfiledCodeHeapSize                     = 122914074                              {pd product} {ergonomic}
    uintx ReservedCodeCacheSize                    = 251658240                              {pd product} {ergonomic}
     bool SegmentedCodeCache                       = true                                      {product} {ergonomic}
     bool UseCompressedClassPointers               = true                                 {lp64_product} {ergonomic}
     bool UseCompressedOops                        = true                                 {lp64_product} {ergonomic}
     bool UseG1GC                                  = true                                      {product} {ergonomic}
     bool UseLargePagesIndividualAllocation        = false                                  {pd product} {ergonomic}

Logging:
Log output configuration:
 #0: stdout all=warning uptime,level,tags
 #1: stderr all=off uptime,level,tags

Environment Variables:
CLASSPATH=.;.;C:\PROGRA~2\JMF21~1.1E\lib\sound.jar;C:\PROGRA~2\JMF21~1.1E\lib\jmf.jar;C:\PROGRA~2\JMF21~1.1E\lib;
PATH=C:\Program Files (x86)\Common Files\Intel\Shared Libraries\redist\intel64\compiler;C:\WINDOWS\system32;C:\WINDOWS;C:\WINDOWS\System32\Wbem;C:\WINDOWS\System32\WindowsPowerShell\v1.0\;C:\WINDOWS\System32\OpenSSH\;C:\Program Files\Java\jdk-11.0.1\bin;C:\Program Files\Git\cmd;C:\Program Files (x86)\Windows Kits\10\Windows Performance Toolkit\;C:\Program Files\Csound6_x64\bin;C:\Users\B\AppData\Local\Programs\Python\Python36\Scripts\;C:\Users\B\AppData\Local\Programs\Python\Python36\;C:\Users\B\scoop\shims;C:\Users\B\AppData\Local\Microsoft\WindowsApps;C:\Users\B\AppData\Local\GitHubDesktop\bin;C:\Users\B\AppData\Local\atom\bin;C:\Users\B\AppData\Local\Programs\Microsoft VS Code\bin
USERNAME=B
OS=Windows_NT
PROCESSOR_IDENTIFIER=Intel64 Family 6 Model 58 Stepping 9, GenuineIntel



---------------  S Y S T E M  ---------------

OS: Windows 10 , 64 bit Build 17134 (10.0.17134.753)

CPU:total 4 (initial active 4) (2 cores per cpu, 2 threads per core) family 6 model 58 stepping 9, cmov, cx8, fxsr, mmx, sse, sse2, sse3, ssse3, sse4.1, sse4.2, popcnt, avx, clmul, erms, ht, tsc, tscinvbit, tscinv

Memory: 4k page, system-wide physical 8089M (1164M free)
TotalPageFile size 16179M (AvailPageFile size 5926M)
current process WorkingSet (physical memory assigned to process): 138M, peak: 155M
current process commit charge ("private bytes"): 268M, peak: 281M

vm_info: Java HotSpot(TM) 64-Bit Server VM (11.0.1+13-LTS) for windows-amd64 JRE (11.0.1+13-LTS), built on Oct  6 2018 13:20:16 by "mach5one" with MS VC++ 15.5 (VS2017)

END.
