#
# There is insufficient memory for the Java Runtime Environment to continue.
# Native memory allocation (malloc) failed to allocate 502416 bytes for Chunk::new
# Possible reasons:
#   The system is out of physical RAM or swap space
#   The process is running with CompressedOops enabled, and the Java Heap may be blocking the growth of the native heap
# Possible solutions:
#   Reduce memory load on the system
#   Increase physical memory or swap space
#   Check if swap backing store is full
#   Decrease Java heap size (-Xmx/-Xms)
#   Decrease number of Java threads
#   Decrease Java thread stack sizes (-Xss)
#   Set larger code cache with -XX:ReservedCodeCacheSize=
#   JVM is running with Unscaled Compressed Oops mode in which the Java heap is
#     placed in the first 4GB address space. The Java Heap base address is the
#     maximum limit for the native heap growth. Please use -XX:HeapBaseMinAddress
#     to set the Java Heap base and to place the Java Heap above 4GB virtual address.
# This output file may be truncated or incomplete.
#
#  Out of Memory Error (t:/workspace/open/src/hotspot/share/memory/arena.cpp:197), pid=2836, tid=12020
#
# JRE version: Java(TM) SE Runtime Environment (11.0.1+13) (build 11.0.1+13-LTS)
# Java VM: Java HotSpot(TM) 64-Bit Server VM (11.0.1+13-LTS, mixed mode, tiered, compressed oops, g1 gc, windows-amd64)
# No core dump will be written. Minidumps are not enabled by default on client versions of Windows
#

---------------  S U M M A R Y ------------

Command Line: -Dfile.encoding=UTF-8 DabEngine.TestCaseEngine

Host: Intel(R) Core(TM) i3-3110M CPU @ 2.40GHz, 4 cores, 7G,  Windows 10 , 64 bit Build 17134 (10.0.17134.753)
Time: Sat Aug  3 17:41:59 2019 GMT Daylight Time elapsed time: 10 seconds (0d 0h 0m 10s)

---------------  T H R E A D  ---------------

Current thread (0x00000230ebf9d000):  JavaThread "C2 CompilerThread0" daemon [_thread_in_native, id=12020, stack(0x000000f406f00000,0x000000f407000000)]


Current CompileTask:
C2:  10897  805   !   4       jdk.internal.loader.URLClassPath$JarLoader::getResource (353 bytes)

Stack: [0x000000f406f00000,0x000000f407000000]
Native frames: (J=compiled Java code, j=interpreted, Vv=VM code, C=native code)
V  [jvm.dll+0x63c21a]
V  [jvm.dll+0x7797df]
V  [jvm.dll+0x77adca]
V  [jvm.dll+0x77b483]
V  [jvm.dll+0x2627f8]
V  [jvm.dll+0xc5c71]
V  [jvm.dll+0xc61fc]
V  [jvm.dll+0x2d10f4]
V  [jvm.dll+0x55412f]
V  [jvm.dll+0x21e90f]
V  [jvm.dll+0x21b846]
V  [jvm.dll+0x198390]
V  [jvm.dll+0x22a97f]
V  [jvm.dll+0x228f98]
V  [jvm.dll+0x73f03d]
V  [jvm.dll+0x63b2b2]
C  [ucrtbase.dll+0x1e3fe]
C  [KERNEL32.DLL+0x14034]
C  [ntdll.dll+0x73691]


---------------  P R O C E S S  ---------------

Threads class SMR info:
_java_thread_list=0x00000230ecb80ef0, length=10, elements={
0x00000230cdc2c000, 0x00000230ebf83800, 0x00000230ebf86800, 0x00000230ec8f1800,
0x00000230ec8f2800, 0x00000230ebf9d000, 0x00000230ebfa0000, 0x00000230ebfae800,
0x00000230ecb85000, 0x00000230ecb97000
}

Java Threads: ( => current thread )
  0x00000230cdc2c000 JavaThread "main" [_thread_in_native, id=15732, stack(0x000000f406400000,0x000000f406500000)]
  0x00000230ebf83800 JavaThread "Reference Handler" daemon [_thread_blocked, id=13780, stack(0x000000f406b00000,0x000000f406c00000)]
  0x00000230ebf86800 JavaThread "Finalizer" daemon [_thread_blocked, id=15224, stack(0x000000f406c00000,0x000000f406d00000)]
  0x00000230ec8f1800 JavaThread "Signal Dispatcher" daemon [_thread_blocked, id=4568, stack(0x000000f406d00000,0x000000f406e00000)]
  0x00000230ec8f2800 JavaThread "Attach Listener" daemon [_thread_blocked, id=224, stack(0x000000f406e00000,0x000000f406f00000)]
=>0x00000230ebf9d000 JavaThread "C2 CompilerThread0" daemon [_thread_in_native, id=12020, stack(0x000000f406f00000,0x000000f407000000)]
  0x00000230ebfa0000 JavaThread "C1 CompilerThread0" daemon [_thread_blocked, id=6040, stack(0x000000f407000000,0x000000f407100000)]
  0x00000230ebfae800 JavaThread "Sweeper thread" daemon [_thread_blocked, id=16700, stack(0x000000f407100000,0x000000f407200000)]
  0x00000230ecb85000 JavaThread "Service Thread" daemon [_thread_blocked, id=16888, stack(0x000000f407200000,0x000000f407300000)]
  0x00000230ecb97000 JavaThread "Common-Cleaner" daemon [_thread_blocked, id=16776, stack(0x000000f407400000,0x000000f407500000)]

Other Threads:
  0x00000230ebf5d800 VMThread "VM Thread" [stack: 0x000000f406a00000,0x000000f406b00000] [id=6952]
  0x00000230ecb8c800 WatcherThread [stack: 0x000000f407300000,0x000000f407400000] [id=14048]
  0x00000230cdc44000 GCTaskThread "GC Thread#0" [stack: 0x000000f406500000,0x000000f406600000] [id=14556]
  0x00000230ed451000 GCTaskThread "GC Thread#1" [stack: 0x000000f407500000,0x000000f407600000] [id=14784]
  0x00000230ed41c000 GCTaskThread "GC Thread#2" [stack: 0x000000f407600000,0x000000f407700000] [id=14304]
  0x00000230cdc73000 ConcurrentGCThread "G1 Main Marker" [stack: 0x000000f406600000,0x000000f406700000] [id=2896]
  0x00000230cdc74000 ConcurrentGCThread "G1 Conc#0" [stack: 0x000000f406700000,0x000000f406800000] [id=11860]
  0x00000230ebdc6800 ConcurrentGCThread "G1 Refine#0" [stack: 0x000000f406800000,0x000000f406900000] [id=10168]
  0x00000230ebdc7800 ConcurrentGCThread "G1 Young RemSet Sampling" [stack: 0x000000f406900000,0x000000f406a00000] [id=11948]

Threads with active compile tasks:
C2 CompilerThread0 805   !   4       jdk.internal.loader.URLClassPath$JarLoader::getResource (353 bytes)

VM state:not at safepoint (normal execution)

VM Mutex/Monitor currently owned by a thread: None

Heap address: 0x0000000081800000, size: 2024 MB, Compressed Oops mode: 32-bit
Narrow klass base: 0x0000000000000000, Narrow klass shift: 3
Compressed class space size: 1073741824 Address: 0x0000000100000000

Heap:
 garbage-first heap   total 131072K, used 19203K [0x0000000081800000, 0x0000000100000000)
  region size 1024K, 16 young (16384K), 2 survivors (2048K)
 Metaspace       used 9748K, capacity 9908K, committed 10112K, reserved 1058816K
  class space    used 820K, capacity 882K, committed 896K, reserved 1048576K
Heap Regions: E=young(eden), S=young(survivor), O=old, HS=humongous(starts), HC=humongous(continues), CS=collection set, F=free, A=archive, TAMS=top-at-mark-start (previous, next)
|   0|0x0000000081800000, 0x0000000081900000, 0x0000000081900000|100%|HS|  |TAMS 0x0000000081800000, 0x0000000081800000| Complete 
|   1|0x0000000081900000, 0x0000000081a00000, 0x0000000081a00000|100%|HC|  |TAMS 0x0000000081900000, 0x0000000081900000| Complete 
|   2|0x0000000081a00000, 0x0000000081b00000, 0x0000000081b00000|100%| O|  |TAMS 0x0000000081a00000, 0x0000000081a00000| Untracked 
|   3|0x0000000081b00000, 0x0000000081bc0e00, 0x0000000081c00000| 75%| O|  |TAMS 0x0000000081b00000, 0x0000000081b00000| Untracked 
|   4|0x0000000081c00000, 0x0000000081c00000, 0x0000000081d00000|  0%| F|  |TAMS 0x0000000081c00000, 0x0000000081c00000| Untracked 
|   5|0x0000000081d00000, 0x0000000081d00000, 0x0000000081e00000|  0%| F|  |TAMS 0x0000000081d00000, 0x0000000081d00000| Untracked 
|   6|0x0000000081e00000, 0x0000000081e00000, 0x0000000081f00000|  0%| F|  |TAMS 0x0000000081e00000, 0x0000000081e00000| Untracked 
|   7|0x0000000081f00000, 0x0000000081f00000, 0x0000000082000000|  0%| F|  |TAMS 0x0000000081f00000, 0x0000000081f00000| Untracked 
|   8|0x0000000082000000, 0x0000000082000000, 0x0000000082100000|  0%| F|  |TAMS 0x0000000082000000, 0x0000000082000000| Untracked 
|   9|0x0000000082100000, 0x0000000082100000, 0x0000000082200000|  0%| F|  |TAMS 0x0000000082100000, 0x0000000082100000| Untracked 
|  10|0x0000000082200000, 0x0000000082200000, 0x0000000082300000|  0%| F|  |TAMS 0x0000000082200000, 0x0000000082200000| Untracked 
|  11|0x0000000082300000, 0x0000000082300000, 0x0000000082400000|  0%| F|  |TAMS 0x0000000082300000, 0x0000000082300000| Untracked 
|  12|0x0000000082400000, 0x0000000082400000, 0x0000000082500000|  0%| F|  |TAMS 0x0000000082400000, 0x0000000082400000| Untracked 
|  13|0x0000000082500000, 0x0000000082500000, 0x0000000082600000|  0%| F|  |TAMS 0x0000000082500000, 0x0000000082500000| Untracked 
|  14|0x0000000082600000, 0x0000000082600000, 0x0000000082700000|  0%| F|  |TAMS 0x0000000082600000, 0x0000000082600000| Untracked 
|  15|0x0000000082700000, 0x0000000082700000, 0x0000000082800000|  0%| F|  |TAMS 0x0000000082700000, 0x0000000082700000| Untracked 
|  16|0x0000000082800000, 0x0000000082800000, 0x0000000082900000|  0%| F|  |TAMS 0x0000000082800000, 0x0000000082800000| Untracked 
|  17|0x0000000082900000, 0x0000000082900000, 0x0000000082a00000|  0%| F|  |TAMS 0x0000000082900000, 0x0000000082900000| Untracked 
|  18|0x0000000082a00000, 0x0000000082a00000, 0x0000000082b00000|  0%| F|  |TAMS 0x0000000082a00000, 0x0000000082a00000| Untracked 
|  19|0x0000000082b00000, 0x0000000082b00000, 0x0000000082c00000|  0%| F|  |TAMS 0x0000000082b00000, 0x0000000082b00000| Untracked 
|  20|0x0000000082c00000, 0x0000000082c00000, 0x0000000082d00000|  0%| F|  |TAMS 0x0000000082c00000, 0x0000000082c00000| Untracked 
|  21|0x0000000082d00000, 0x0000000082d00000, 0x0000000082e00000|  0%| F|  |TAMS 0x0000000082d00000, 0x0000000082d00000| Untracked 
|  22|0x0000000082e00000, 0x0000000082e00000, 0x0000000082f00000|  0%| F|  |TAMS 0x0000000082e00000, 0x0000000082e00000| Untracked 
|  23|0x0000000082f00000, 0x0000000082f00000, 0x0000000083000000|  0%| F|  |TAMS 0x0000000082f00000, 0x0000000082f00000| Untracked 
|  24|0x0000000083000000, 0x0000000083000000, 0x0000000083100000|  0%| F|  |TAMS 0x0000000083000000, 0x0000000083000000| Untracked 
|  25|0x0000000083100000, 0x0000000083100000, 0x0000000083200000|  0%| F|  |TAMS 0x0000000083100000, 0x0000000083100000| Untracked 
|  26|0x0000000083200000, 0x0000000083200000, 0x0000000083300000|  0%| F|  |TAMS 0x0000000083200000, 0x0000000083200000| Untracked 
|  27|0x0000000083300000, 0x0000000083300000, 0x0000000083400000|  0%| F|  |TAMS 0x0000000083300000, 0x0000000083300000| Untracked 
|  28|0x0000000083400000, 0x0000000083400000, 0x0000000083500000|  0%| F|  |TAMS 0x0000000083400000, 0x0000000083400000| Untracked 
|  29|0x0000000083500000, 0x0000000083500000, 0x0000000083600000|  0%| F|  |TAMS 0x0000000083500000, 0x0000000083500000| Untracked 
|  30|0x0000000083600000, 0x0000000083600000, 0x0000000083700000|  0%| F|  |TAMS 0x0000000083600000, 0x0000000083600000| Untracked 
|  31|0x0000000083700000, 0x0000000083700000, 0x0000000083800000|  0%| F|  |TAMS 0x0000000083700000, 0x0000000083700000| Untracked 
|  32|0x0000000083800000, 0x0000000083800000, 0x0000000083900000|  0%| F|  |TAMS 0x0000000083800000, 0x0000000083800000| Untracked 
|  33|0x0000000083900000, 0x0000000083900000, 0x0000000083a00000|  0%| F|  |TAMS 0x0000000083900000, 0x0000000083900000| Untracked 
|  34|0x0000000083a00000, 0x0000000083a00000, 0x0000000083b00000|  0%| F|  |TAMS 0x0000000083a00000, 0x0000000083a00000| Untracked 
|  35|0x0000000083b00000, 0x0000000083b00000, 0x0000000083c00000|  0%| F|  |TAMS 0x0000000083b00000, 0x0000000083b00000| Untracked 
|  36|0x0000000083c00000, 0x0000000083c00000, 0x0000000083d00000|  0%| F|  |TAMS 0x0000000083c00000, 0x0000000083c00000| Untracked 
|  37|0x0000000083d00000, 0x0000000083d00000, 0x0000000083e00000|  0%| F|  |TAMS 0x0000000083d00000, 0x0000000083d00000| Untracked 
|  38|0x0000000083e00000, 0x0000000083e00000, 0x0000000083f00000|  0%| F|  |TAMS 0x0000000083e00000, 0x0000000083e00000| Untracked 
|  39|0x0000000083f00000, 0x0000000083f00000, 0x0000000084000000|  0%| F|  |TAMS 0x0000000083f00000, 0x0000000083f00000| Untracked 
|  40|0x0000000084000000, 0x0000000084000000, 0x0000000084100000|  0%| F|  |TAMS 0x0000000084000000, 0x0000000084000000| Untracked 
|  41|0x0000000084100000, 0x0000000084100000, 0x0000000084200000|  0%| F|  |TAMS 0x0000000084100000, 0x0000000084100000| Untracked 
|  42|0x0000000084200000, 0x0000000084200000, 0x0000000084300000|  0%| F|  |TAMS 0x0000000084200000, 0x0000000084200000| Untracked 
|  43|0x0000000084300000, 0x0000000084300000, 0x0000000084400000|  0%| F|  |TAMS 0x0000000084300000, 0x0000000084300000| Untracked 
|  44|0x0000000084400000, 0x0000000084400000, 0x0000000084500000|  0%| F|  |TAMS 0x0000000084400000, 0x0000000084400000| Untracked 
|  45|0x0000000084500000, 0x0000000084500000, 0x0000000084600000|  0%| F|  |TAMS 0x0000000084500000, 0x0000000084500000| Untracked 
|  46|0x0000000084600000, 0x0000000084600000, 0x0000000084700000|  0%| F|  |TAMS 0x0000000084600000, 0x0000000084600000| Untracked 
|  47|0x0000000084700000, 0x0000000084700000, 0x0000000084800000|  0%| F|  |TAMS 0x0000000084700000, 0x0000000084700000| Untracked 
|  48|0x0000000084800000, 0x0000000084800000, 0x0000000084900000|  0%| F|  |TAMS 0x0000000084800000, 0x0000000084800000| Untracked 
|  49|0x0000000084900000, 0x0000000084900000, 0x0000000084a00000|  0%| F|  |TAMS 0x0000000084900000, 0x0000000084900000| Untracked 
|  50|0x0000000084a00000, 0x0000000084a00000, 0x0000000084b00000|  0%| F|  |TAMS 0x0000000084a00000, 0x0000000084a00000| Untracked 
|  51|0x0000000084b00000, 0x0000000084b00000, 0x0000000084c00000|  0%| F|  |TAMS 0x0000000084b00000, 0x0000000084b00000| Untracked 
|  52|0x0000000084c00000, 0x0000000084c00000, 0x0000000084d00000|  0%| F|  |TAMS 0x0000000084c00000, 0x0000000084c00000| Untracked 
|  53|0x0000000084d00000, 0x0000000084d00000, 0x0000000084e00000|  0%| F|  |TAMS 0x0000000084d00000, 0x0000000084d00000| Untracked 
|  54|0x0000000084e00000, 0x0000000084e00000, 0x0000000084f00000|  0%| F|  |TAMS 0x0000000084e00000, 0x0000000084e00000| Untracked 
|  55|0x0000000084f00000, 0x0000000084f00000, 0x0000000085000000|  0%| F|  |TAMS 0x0000000084f00000, 0x0000000084f00000| Untracked 
|  56|0x0000000085000000, 0x0000000085000000, 0x0000000085100000|  0%| F|  |TAMS 0x0000000085000000, 0x0000000085000000| Untracked 
|  57|0x0000000085100000, 0x0000000085100000, 0x0000000085200000|  0%| F|  |TAMS 0x0000000085100000, 0x0000000085100000| Untracked 
|  58|0x0000000085200000, 0x0000000085200000, 0x0000000085300000|  0%| F|  |TAMS 0x0000000085200000, 0x0000000085200000| Untracked 
|  59|0x0000000085300000, 0x0000000085300000, 0x0000000085400000|  0%| F|  |TAMS 0x0000000085300000, 0x0000000085300000| Untracked 
|  60|0x0000000085400000, 0x0000000085400000, 0x0000000085500000|  0%| F|  |TAMS 0x0000000085400000, 0x0000000085400000| Untracked 
|  61|0x0000000085500000, 0x0000000085500000, 0x0000000085600000|  0%| F|  |TAMS 0x0000000085500000, 0x0000000085500000| Untracked 
|  62|0x0000000085600000, 0x0000000085600000, 0x0000000085700000|  0%| F|  |TAMS 0x0000000085600000, 0x0000000085600000| Untracked 
|  63|0x0000000085700000, 0x0000000085700000, 0x0000000085800000|  0%| F|  |TAMS 0x0000000085700000, 0x0000000085700000| Untracked 
|  64|0x0000000085800000, 0x0000000085800000, 0x0000000085900000|  0%| F|  |TAMS 0x0000000085800000, 0x0000000085800000| Untracked 
|  65|0x0000000085900000, 0x0000000085900000, 0x0000000085a00000|  0%| F|  |TAMS 0x0000000085900000, 0x0000000085900000| Untracked 
|  66|0x0000000085a00000, 0x0000000085a00000, 0x0000000085b00000|  0%| F|  |TAMS 0x0000000085a00000, 0x0000000085a00000| Untracked 
|  67|0x0000000085b00000, 0x0000000085b00000, 0x0000000085c00000|  0%| F|  |TAMS 0x0000000085b00000, 0x0000000085b00000| Untracked 
|  68|0x0000000085c00000, 0x0000000085c00000, 0x0000000085d00000|  0%| F|  |TAMS 0x0000000085c00000, 0x0000000085c00000| Untracked 
|  69|0x0000000085d00000, 0x0000000085d00000, 0x0000000085e00000|  0%| F|  |TAMS 0x0000000085d00000, 0x0000000085d00000| Untracked 
|  70|0x0000000085e00000, 0x0000000085e00000, 0x0000000085f00000|  0%| F|  |TAMS 0x0000000085e00000, 0x0000000085e00000| Untracked 
|  71|0x0000000085f00000, 0x0000000085f00000, 0x0000000086000000|  0%| F|  |TAMS 0x0000000085f00000, 0x0000000085f00000| Untracked 
|  72|0x0000000086000000, 0x0000000086000000, 0x0000000086100000|  0%| F|  |TAMS 0x0000000086000000, 0x0000000086000000| Untracked 
|  73|0x0000000086100000, 0x0000000086100000, 0x0000000086200000|  0%| F|  |TAMS 0x0000000086100000, 0x0000000086100000| Untracked 
|  74|0x0000000086200000, 0x0000000086200000, 0x0000000086300000|  0%| F|  |TAMS 0x0000000086200000, 0x0000000086200000| Untracked 
|  75|0x0000000086300000, 0x0000000086300000, 0x0000000086400000|  0%| F|  |TAMS 0x0000000086300000, 0x0000000086300000| Untracked 
|  76|0x0000000086400000, 0x0000000086400000, 0x0000000086500000|  0%| F|  |TAMS 0x0000000086400000, 0x0000000086400000| Untracked 
|  77|0x0000000086500000, 0x0000000086500000, 0x0000000086600000|  0%| F|  |TAMS 0x0000000086500000, 0x0000000086500000| Untracked 
|  78|0x0000000086600000, 0x0000000086600000, 0x0000000086700000|  0%| F|  |TAMS 0x0000000086600000, 0x0000000086600000| Untracked 
|  79|0x0000000086700000, 0x0000000086700000, 0x0000000086800000|  0%| F|  |TAMS 0x0000000086700000, 0x0000000086700000| Untracked 
|  80|0x0000000086800000, 0x0000000086800000, 0x0000000086900000|  0%| F|  |TAMS 0x0000000086800000, 0x0000000086800000| Untracked 
|  81|0x0000000086900000, 0x0000000086900000, 0x0000000086a00000|  0%| F|  |TAMS 0x0000000086900000, 0x0000000086900000| Untracked 
|  82|0x0000000086a00000, 0x0000000086a00000, 0x0000000086b00000|  0%| F|  |TAMS 0x0000000086a00000, 0x0000000086a00000| Untracked 
|  83|0x0000000086b00000, 0x0000000086b00000, 0x0000000086c00000|  0%| F|  |TAMS 0x0000000086b00000, 0x0000000086b00000| Untracked 
|  84|0x0000000086c00000, 0x0000000086c00000, 0x0000000086d00000|  0%| F|  |TAMS 0x0000000086c00000, 0x0000000086c00000| Untracked 
|  85|0x0000000086d00000, 0x0000000086d00000, 0x0000000086e00000|  0%| F|  |TAMS 0x0000000086d00000, 0x0000000086d00000| Untracked 
|  86|0x0000000086e00000, 0x0000000086e00000, 0x0000000086f00000|  0%| F|  |TAMS 0x0000000086e00000, 0x0000000086e00000| Untracked 
|  87|0x0000000086f00000, 0x0000000086f00000, 0x0000000087000000|  0%| F|  |TAMS 0x0000000086f00000, 0x0000000086f00000| Untracked 
|  88|0x0000000087000000, 0x0000000087000000, 0x0000000087100000|  0%| F|  |TAMS 0x0000000087000000, 0x0000000087000000| Untracked 
|  89|0x0000000087100000, 0x0000000087100000, 0x0000000087200000|  0%| F|  |TAMS 0x0000000087100000, 0x0000000087100000| Untracked 
|  90|0x0000000087200000, 0x0000000087200000, 0x0000000087300000|  0%| F|  |TAMS 0x0000000087200000, 0x0000000087200000| Untracked 
|  91|0x0000000087300000, 0x0000000087300000, 0x0000000087400000|  0%| F|  |TAMS 0x0000000087300000, 0x0000000087300000| Untracked 
|  92|0x0000000087400000, 0x0000000087400000, 0x0000000087500000|  0%| F|  |TAMS 0x0000000087400000, 0x0000000087400000| Untracked 
|  93|0x0000000087500000, 0x0000000087500000, 0x0000000087600000|  0%| F|  |TAMS 0x0000000087500000, 0x0000000087500000| Untracked 
|  94|0x0000000087600000, 0x0000000087600000, 0x0000000087700000|  0%| F|  |TAMS 0x0000000087600000, 0x0000000087600000| Untracked 
|  95|0x0000000087700000, 0x0000000087700000, 0x0000000087800000|  0%| F|  |TAMS 0x0000000087700000, 0x0000000087700000| Untracked 
|  96|0x0000000087800000, 0x0000000087800000, 0x0000000087900000|  0%| F|  |TAMS 0x0000000087800000, 0x0000000087800000| Untracked 
|  97|0x0000000087900000, 0x0000000087900000, 0x0000000087a00000|  0%| F|  |TAMS 0x0000000087900000, 0x0000000087900000| Untracked 
|  98|0x0000000087a00000, 0x0000000087a00000, 0x0000000087b00000|  0%| F|  |TAMS 0x0000000087a00000, 0x0000000087a00000| Untracked 
|  99|0x0000000087b00000, 0x0000000087b00000, 0x0000000087c00000|  0%| F|  |TAMS 0x0000000087b00000, 0x0000000087b00000| Untracked 
| 100|0x0000000087c00000, 0x0000000087c00000, 0x0000000087d00000|  0%| F|  |TAMS 0x0000000087c00000, 0x0000000087c00000| Untracked 
| 101|0x0000000087d00000, 0x0000000087d00000, 0x0000000087e00000|  0%| F|  |TAMS 0x0000000087d00000, 0x0000000087d00000| Untracked 
| 102|0x0000000087e00000, 0x0000000087e00000, 0x0000000087f00000|  0%| F|  |TAMS 0x0000000087e00000, 0x0000000087e00000| Untracked 
| 103|0x0000000087f00000, 0x0000000087f00000, 0x0000000088000000|  0%| F|  |TAMS 0x0000000087f00000, 0x0000000087f00000| Untracked 
| 104|0x0000000088000000, 0x0000000088000000, 0x0000000088100000|  0%| F|  |TAMS 0x0000000088000000, 0x0000000088000000| Untracked 
| 105|0x0000000088100000, 0x0000000088100000, 0x0000000088200000|  0%| F|  |TAMS 0x0000000088100000, 0x0000000088100000| Untracked 
| 106|0x0000000088200000, 0x0000000088200000, 0x0000000088300000|  0%| F|  |TAMS 0x0000000088200000, 0x0000000088200000| Untracked 
| 107|0x0000000088300000, 0x0000000088300000, 0x0000000088400000|  0%| F|  |TAMS 0x0000000088300000, 0x0000000088300000| Untracked 
| 108|0x0000000088400000, 0x0000000088400000, 0x0000000088500000|  0%| F|  |TAMS 0x0000000088400000, 0x0000000088400000| Untracked 
| 109|0x0000000088500000, 0x0000000088500000, 0x0000000088600000|  0%| F|  |TAMS 0x0000000088500000, 0x0000000088500000| Untracked 
| 110|0x0000000088600000, 0x0000000088600000, 0x0000000088700000|  0%| F|  |TAMS 0x0000000088600000, 0x0000000088600000| Untracked 
| 111|0x0000000088700000, 0x0000000088700000, 0x0000000088800000|  0%| F|  |TAMS 0x0000000088700000, 0x0000000088700000| Untracked 
| 112|0x0000000088800000, 0x0000000088900000, 0x0000000088900000|100%| S|CS|TAMS 0x0000000088800000, 0x0000000088800000| Complete 
| 113|0x0000000088900000, 0x0000000088a00000, 0x0000000088a00000|100%| S|CS|TAMS 0x0000000088900000, 0x0000000088900000| Complete 
| 114|0x0000000088a00000, 0x0000000088a80800, 0x0000000088b00000| 50%| E|  |TAMS 0x0000000088a00000, 0x0000000088a00000| Complete 
| 115|0x0000000088b00000, 0x0000000088c00000, 0x0000000088c00000|100%| E|CS|TAMS 0x0000000088b00000, 0x0000000088b00000| Complete 
| 116|0x0000000088c00000, 0x0000000088d00000, 0x0000000088d00000|100%| E|CS|TAMS 0x0000000088c00000, 0x0000000088c00000| Complete 
| 117|0x0000000088d00000, 0x0000000088e00000, 0x0000000088e00000|100%| E|CS|TAMS 0x0000000088d00000, 0x0000000088d00000| Complete 
| 118|0x0000000088e00000, 0x0000000088f00000, 0x0000000088f00000|100%| E|CS|TAMS 0x0000000088e00000, 0x0000000088e00000| Complete 
| 119|0x0000000088f00000, 0x0000000089000000, 0x0000000089000000|100%| E|CS|TAMS 0x0000000088f00000, 0x0000000088f00000| Complete 
| 120|0x0000000089000000, 0x0000000089100000, 0x0000000089100000|100%| E|CS|TAMS 0x0000000089000000, 0x0000000089000000| Complete 
| 121|0x0000000089100000, 0x0000000089200000, 0x0000000089200000|100%| E|CS|TAMS 0x0000000089100000, 0x0000000089100000| Complete 
| 122|0x0000000089200000, 0x0000000089300000, 0x0000000089300000|100%| E|CS|TAMS 0x0000000089200000, 0x0000000089200000| Complete 
| 123|0x0000000089300000, 0x0000000089400000, 0x0000000089400000|100%| E|CS|TAMS 0x0000000089300000, 0x0000000089300000| Complete 
| 124|0x0000000089400000, 0x0000000089500000, 0x0000000089500000|100%| E|CS|TAMS 0x0000000089400000, 0x0000000089400000| Complete 
| 125|0x0000000089500000, 0x0000000089600000, 0x0000000089600000|100%| E|CS|TAMS 0x0000000089500000, 0x0000000089500000| Complete 
| 126|0x0000000089600000, 0x0000000089700000, 0x0000000089700000|100%| E|CS|TAMS 0x0000000089600000, 0x0000000089600000| Complete 
| 127|0x0000000089700000, 0x0000000089800000, 0x0000000089800000|100%| E|CS|TAMS 0x0000000089700000, 0x0000000089700000| Complete 

Card table byte_map: [0x00000230e5340000,0x00000230e5740000] _byte_map_base: 0x00000230e4f34000

Marking Bits (Prev, Next): (CMBitMap*) 0x00000230cdc6a168, (CMBitMap*) 0x00000230cdc6a1a0
 Prev Bits: [0x00000230e5b40000, 0x00000230e7ae0000)
 Next Bits: [0x00000230e7ae0000, 0x00000230e9a80000)

Polling page: 0x00000230cba60000

Metaspace:

Usage:
  Non-class:      8.81 MB capacity,     8.72 MB ( 99%) used,    86.56 KB ( <1%) free+waste,    11.88 KB ( <1%) overhead. 
      Class:    882.00 KB capacity,   820.70 KB ( 93%) used,    55.92 KB (  6%) free+waste,     5.38 KB ( <1%) overhead. 
       Both:      9.68 MB capacity,     9.52 MB ( 98%) used,   142.48 KB (  1%) free+waste,    17.25 KB ( <1%) overhead. 

Virtual space:
  Non-class space:       10.00 MB reserved,       9.00 MB ( 90%) committed 
      Class space:        1.00 GB reserved,     896.00 KB ( <1%) committed 
             Both:        1.01 GB reserved,       9.88 MB ( <1%) committed 

Chunk freelists:
   Non-Class:  10.88 KB
       Class:  1.75 KB
        Both:  12.63 KB

CodeHeap 'non-profiled nmethods': size=120064Kb used=313Kb max_used=313Kb free=119751Kb
 bounds [0x00000230dda00000, 0x00000230ddc70000, 0x00000230e4f40000]
CodeHeap 'profiled nmethods': size=120000Kb used=1676Kb max_used=1676Kb free=118323Kb
 bounds [0x00000230d64d0000, 0x00000230d6740000, 0x00000230dda00000]
CodeHeap 'non-nmethods': size=5696Kb used=1371Kb max_used=1387Kb free=4324Kb
 bounds [0x00000230d5f40000, 0x00000230d61b0000, 0x00000230d64d0000]
 total_blobs=1927 nmethods=864 adapters=746
 compilation: enabled
              stopped_count=0, restarted_count=0
 full_count=0

Compilation events (10 events):
Event: 9.912 Thread 0x00000230ebf9d000 nmethod 802 0x00000230dda4a110 code [0x00000230dda4a2e0, 0x00000230dda4a8f8]
Event: 10.665 Thread 0x00000230ebf9d000  803       4       jdk.internal.util.jar.JarIndex::get (49 bytes)
Event: 10.666 Thread 0x00000230ebfa0000  804       3       java.lang.String::substring (68 bytes)
Event: 10.667 Thread 0x00000230ebfa0000 nmethod 804 0x00000230d663f190 code [0x00000230d663f3e0, 0x00000230d663fb80]
Event: 10.707 Thread 0x00000230ebfa0000  806       3       java.util.jar.JarFile::getVersionedEntry (85 bytes)
Event: 10.709 Thread 0x00000230ebfa0000 nmethod 806 0x00000230d663fe10 code [0x00000230d6640120, 0x00000230d6641190]
Event: 10.711 Thread 0x00000230ebfa0000  807       3       java.lang.String::equalsIgnoreCase (45 bytes)
Event: 10.711 Thread 0x00000230ebfa0000 nmethod 807 0x00000230d6641790 code [0x00000230d66419a0, 0x00000230d6641f50]
Event: 10.754 Thread 0x00000230ebf9d000 nmethod 803 0x00000230dda4ac90 code [0x00000230dda4aec0, 0x00000230dda4c358]
Event: 10.754 Thread 0x00000230ebf9d000  805   !   4       jdk.internal.loader.URLClassPath$JarLoader::getResource (353 bytes)

GC Heap History (2 events):
Event: 6.135 GC heap before
{Heap before GC invocations=0 (full 0):
 garbage-first heap   total 131072K, used 16384K [0x0000000081800000, 0x0000000100000000)
  region size 1024K, 14 young (14336K), 0 survivors (0K)
 Metaspace       used 7342K, capacity 7474K, committed 7680K, reserved 1056768K
  class space    used 634K, capacity 681K, committed 768K, reserved 1048576K
}
Event: 6.537 GC heap after
{Heap after GC invocations=1 (full 0):
 garbage-first heap   total 131072K, used 5891K [0x0000000081800000, 0x0000000100000000)
  region size 1024K, 2 young (2048K), 2 survivors (2048K)
 Metaspace       used 7342K, capacity 7474K, committed 7680K, reserved 1056768K
  class space    used 634K, capacity 681K, committed 768K, reserved 1048576K
}

Deoptimization events (10 events):
Event: 0.899 Thread 0x00000230cdc2c000 Uncommon trap: reason=unstable_if action=reinterpret pc=0x00000230dda07270 method=java.lang.String.hashCode()I @ 14 c2
Event: 1.028 Thread 0x00000230cdc2c000 Uncommon trap: reason=unstable_if action=reinterpret pc=0x00000230dda020f8 method=java.lang.String.isLatin1()Z @ 10 c2
Event: 1.034 Thread 0x00000230cdc2c000 Uncommon trap: reason=unstable_if action=reinterpret pc=0x00000230dda01d90 method=java.lang.String.isLatin1()Z @ 10 c2
Event: 2.012 Thread 0x00000230cdc2c000 Uncommon trap: reason=unstable_if action=reinterpret pc=0x00000230dda038a0 method=java.lang.StringLatin1.indexOf([BII)I @ 47 c2
Event: 6.842 Thread 0x00000230cdc2c000 Uncommon trap: reason=class_check action=maybe_recompile pc=0x00000230dda302c8 method=java.util.HashMap.getNode(ILjava/lang/Object;)Ljava/util/HashMap$Node; @ 126 c2
Event: 7.263 Thread 0x00000230cdc2c000 Uncommon trap: reason=class_check action=maybe_recompile pc=0x00000230dda30290 method=java.util.HashMap.getNode(ILjava/lang/Object;)Ljava/util/HashMap$Node; @ 59 c2
Event: 8.498 Thread 0x00000230cdc2c000 Uncommon trap: reason=unstable_if action=reinterpret pc=0x00000230dda28410 method=java.lang.String.startsWith(Ljava/lang/String;I)Z @ 14 c2
Event: 9.086 Thread 0x00000230cdc2c000 Uncommon trap: reason=class_check action=maybe_recompile pc=0x00000230dda30290 method=java.util.HashMap.getNode(ILjava/lang/Object;)Ljava/util/HashMap$Node; @ 59 c2
Event: 9.863 Thread 0x00000230cdc2c000 Uncommon trap: reason=class_check action=maybe_recompile pc=0x00000230dda30290 method=java.util.HashMap.getNode(ILjava/lang/Object;)Ljava/util/HashMap$Node; @ 59 c2
Event: 10.666 Thread 0x00000230cdc2c000 Uncommon trap: reason=unstable_if action=reinterpret pc=0x00000230dda44800 method=java.util.jar.JarFile.getVersionedEntry(Ljava/lang/String;Ljava/util/jar/JarEntry;)Ljava/util/jar/JarEntry; @ 67 c2

Classes redefined (0 events):
No events

Internal exceptions (2 events):
Event: 6.666 Thread 0x00000230cdc2c000 Exception <a 'java/lang/NoSuchMethodError'{0x00000000896e6bb0}: java.lang.invoke.DelegatingMethodHandle$Holder.delegate(Ljava/lang/Object;Ljava/lang/Object;ILjava/lang/Object;)V> (0x00000000896e6bb0) thrown at [t:/workspace/open/src/hotspot/share/interpre
Event: 6.669 Thread 0x00000230cdc2c000 Exception <a 'java/lang/NoSuchMethodError'{0x00000000896ee0b0}: java.lang.invoke.DirectMethodHandle$Holder.invokeStaticInit(Ljava/lang/Object;Ljava/lang/Object;Ljava/lang/Object;)Ljava/lang/Object;> (0x00000000896ee0b0) thrown at [t:/workspace/open/src/ho

Events (10 events):
Event: 10.716 loading class org/lwjgl/system/Struct$Layout
Event: 10.716 loading class org/lwjgl/system/Struct$Layout done
Event: 10.718 loading class org/lwjgl/glfw/GLFWVidMode$Buffer
Event: 10.718 loading class org/lwjgl/glfw/GLFWVidMode$Buffer done
Event: 10.719 loading class java/util/LinkedHashMap$LinkedEntrySet
Event: 10.771 loading class java/util/LinkedHashMap$LinkedEntrySet done
Event: 10.772 loading class java/util/Spliterators$IteratorSpliterator
Event: 10.835 loading class java/util/Spliterators$IteratorSpliterator done
Event: 10.835 loading class java/util/LinkedHashMap$LinkedEntryIterator
Event: 10.835 loading class java/util/LinkedHashMap$LinkedEntryIterator done


Dynamic libraries:
0x00007ff7cf8a0000 - 0x00007ff7cf8e7000 	C:\Program Files\Java\jdk-11.0.1\bin\java.exe
0x00007ff848410000 - 0x00007ff8485f1000 	C:\WINDOWS\SYSTEM32\ntdll.dll
0x00007ff846070000 - 0x00007ff846121000 	C:\WINDOWS\System32\KERNEL32.DLL
0x00007ff845380000 - 0x00007ff8455f3000 	C:\WINDOWS\System32\KERNELBASE.dll
0x00007ff8482d0000 - 0x00007ff848371000 	C:\WINDOWS\System32\ADVAPI32.dll
0x00007ff8458d0000 - 0x00007ff84596e000 	C:\WINDOWS\System32\msvcrt.dll
0x00007ff845f30000 - 0x00007ff845f8b000 	C:\WINDOWS\System32\sechost.dll
0x00007ff845c60000 - 0x00007ff845d84000 	C:\WINDOWS\System32\RPCRT4.dll
0x00007ff846130000 - 0x00007ff8462c0000 	C:\WINDOWS\System32\USER32.dll
0x00007ff845700000 - 0x00007ff845720000 	C:\WINDOWS\System32\win32u.dll
0x00007ff845f90000 - 0x00007ff845fb8000 	C:\WINDOWS\System32\GDI32.dll
0x00007ff8451e0000 - 0x00007ff845371000 	C:\WINDOWS\System32\gdi32full.dll
0x00007ff845600000 - 0x00007ff84569f000 	C:\WINDOWS\System32\msvcp_win.dll
0x00007ff845720000 - 0x00007ff845818000 	C:\WINDOWS\System32\ucrtbase.dll
0x00007ff837040000 - 0x00007ff8372a9000 	C:\WINDOWS\WinSxS\amd64_microsoft.windows.common-controls_6595b64144ccf1df_6.0.17134.885_none_fb42a3473065565f\COMCTL32.dll
0x00007ff846350000 - 0x00007ff846672000 	C:\WINDOWS\System32\combase.dll
0x00007ff842e00000 - 0x00007ff842e0a000 	C:\WINDOWS\SYSTEM32\VERSION.dll
0x00007ff845820000 - 0x00007ff845899000 	C:\WINDOWS\System32\bcryptPrimitives.dll
0x00007ff846320000 - 0x00007ff84634d000 	C:\WINDOWS\System32\IMM32.DLL
0x00007ff82af50000 - 0x00007ff82af66000 	C:\Program Files\Java\jdk-11.0.1\bin\vcruntime140.dll
0x00007ff82aea0000 - 0x00007ff82af4a000 	C:\Program Files\Java\jdk-11.0.1\bin\msvcp140.dll
0x00007fffea790000 - 0x00007fffeb2d2000 	C:\Program Files\Java\jdk-11.0.1\bin\server\jvm.dll
0x00007ff845b60000 - 0x00007ff845b68000 	C:\WINDOWS\System32\PSAPI.DLL
0x00007ff836360000 - 0x00007ff836369000 	C:\WINDOWS\SYSTEM32\WSOCK32.dll
0x00007ff845b70000 - 0x00007ff845bdc000 	C:\WINDOWS\System32\WS2_32.dll
0x00007ff841f20000 - 0x00007ff841f43000 	C:\WINDOWS\SYSTEM32\WINMM.dll
0x00007ff841ef0000 - 0x00007ff841f1a000 	C:\WINDOWS\SYSTEM32\WINMMBASE.dll
0x00007ff845190000 - 0x00007ff8451d9000 	C:\WINDOWS\System32\cfgmgr32.dll
0x00007ff844750000 - 0x00007ff844761000 	C:\WINDOWS\System32\kernel.appcore.dll
0x00007ff82ae80000 - 0x00007ff82ae91000 	C:\Program Files\Java\jdk-11.0.1\bin\verify.dll
0x00007ff844270000 - 0x00007ff844439000 	C:\WINDOWS\SYSTEM32\DBGHELP.DLL
0x00007ff8441a0000 - 0x00007ff8441c9000 	C:\WINDOWS\SYSTEM32\dbgcore.DLL
0x00007ff8103f0000 - 0x00007ff810419000 	C:\Program Files\Java\jdk-11.0.1\bin\java.dll
0x00007ff81bac0000 - 0x00007ff81bad6000 	C:\Program Files\Java\jdk-11.0.1\bin\zip.dll
0x00007ff8372b0000 - 0x00007ff8372ba000 	C:\Program Files\Java\jdk-11.0.1\bin\jimage.dll
0x00007ff846e90000 - 0x00007ff8482d0000 	C:\WINDOWS\System32\SHELL32.dll
0x00007ff845fc0000 - 0x00007ff846069000 	C:\WINDOWS\System32\shcore.dll
0x00007ff8447e0000 - 0x00007ff844eed000 	C:\WINDOWS\System32\windows.storage.dll
0x00007ff848380000 - 0x00007ff8483d1000 	C:\WINDOWS\System32\shlwapi.dll
0x00007ff8447c0000 - 0x00007ff8447df000 	C:\WINDOWS\System32\profapi.dll
0x00007ff844770000 - 0x00007ff8447bc000 	C:\WINDOWS\System32\powrprof.dll
0x00007ff844740000 - 0x00007ff84474a000 	C:\WINDOWS\System32\FLTLIB.DLL
0x00007ff813580000 - 0x00007ff813599000 	C:\Program Files\Java\jdk-11.0.1\bin\net.dll
0x00007ff83b560000 - 0x00007ff83b63d000 	C:\WINDOWS\SYSTEM32\WINHTTP.dll
0x00007ff843c40000 - 0x00007ff843ca6000 	C:\WINDOWS\system32\mswsock.dll
0x00007ff811120000 - 0x00007ff811133000 	C:\Program Files\Java\jdk-11.0.1\bin\nio.dll
0x00007ff819830000 - 0x00007ff8198a2000 	C:\Users\B\AppData\Local\Temp\lwjglB\3.2.2-build-10\lwjgl.dll
0x00007ff819750000 - 0x00007ff8197ae000 	C:\Users\B\AppData\Local\Temp\lwjglB\3.2.2-build-10\glfw.dll
0x00007ff8421c0000 - 0x00007ff842258000 	C:\WINDOWS\system32\uxtheme.dll
0x00007ff8171d0000 - 0x00007ff817213000 	C:\WINDOWS\SYSTEM32\dinput8.dll
0x00007ff83bc30000 - 0x00007ff83bc40000 	C:\WINDOWS\SYSTEM32\xinput1_4.dll
0x00007ff844530000 - 0x00007ff844557000 	C:\WINDOWS\SYSTEM32\DEVOBJ.dll
0x00007ff842380000 - 0x00007ff8423a9000 	C:\WINDOWS\SYSTEM32\dwmapi.dll
0x00007ff845980000 - 0x00007ff845af3000 	C:\WINDOWS\System32\MSCTF.dll
0x00007ff846c60000 - 0x00007ff846d22000 	C:\WINDOWS\System32\OLEAUT32.dll
0x00007ff8429d0000 - 0x00007ff8429dc000 	C:\WINDOWS\SYSTEM32\HID.DLL
0x00007ff846680000 - 0x00007ff846acb000 	C:\WINDOWS\System32\SETUPAPI.DLL
0x00007ff8456a0000 - 0x00007ff8456f7000 	C:\WINDOWS\System32\WINTRUST.dll
0x00007ff844720000 - 0x00007ff844732000 	C:\WINDOWS\System32\MSASN1.dll
0x00007ff844ef0000 - 0x00007ff8450d2000 	C:\WINDOWS\System32\CRYPT32.dll
0x00007ff839840000 - 0x00007ff8398b9000 	C:\WINDOWS\SYSTEM32\inputhost.dll
0x00007ff841d20000 - 0x00007ff841dfa000 	C:\WINDOWS\SYSTEM32\CoreMessaging.dll
0x00007ff83fc20000 - 0x00007ff83fd6d000 	C:\WINDOWS\SYSTEM32\wintypes.dll
0x00007ff83f900000 - 0x00007ff83fc1e000 	C:\WINDOWS\SYSTEM32\CoreUIComponents.dll
0x00007ff842d90000 - 0x00007ff842dc1000 	C:\WINDOWS\SYSTEM32\ntmarta.dll
0x00007ff815ad0000 - 0x00007ff815b28000 	C:\Users\B\AppData\Local\Temp\lwjglB\3.2.2-build-10\lwjgl_opengl.dll
0x00007ff81c800000 - 0x00007ff81c920000 	C:\WINDOWS\SYSTEM32\opengl32.dll
0x00007ff81c7d0000 - 0x00007ff81c7fc000 	C:\WINDOWS\SYSTEM32\GLU32.dll

dbghelp: loaded successfully - version: 4.0.5 - missing functions: none
symbol engine: initialized successfully - sym options: 0x614 - pdb path: .;C:\Program Files\Java\jdk-11.0.1\bin;C:\WINDOWS\SYSTEM32;C:\WINDOWS\WinSxS\amd64_microsoft.windows.common-controls_6595b64144ccf1df_6.0.17134.885_none_fb42a3473065565f;C:\Program Files\Java\jdk-11.0.1\bin\server;C:\Users\B\AppData\Local\Temp\lwjglB\3.2.2-build-10

VM Arguments:
jvm_args: -Dfile.encoding=UTF-8 
java_command: DabEngine.TestCaseEngine
java_class_path (initial): C:\Users\B\Documents\DabEngine\bin\main;C:\Users\B\Documents\DabEngine\bin\test;C:\Users\B\.gradle\caches\modules-2\files-2.1\org.apache.commons\commons-math3\3.6.1\e4ba98f1d4b3c80ec46392f25e094a6a2e58fcbf\commons-math3-3.6.1.jar;C:\Users\B\.gradle\caches\modules-2\files-2.1\com.google.guava\guava\27.0.1-jre\bd41a290787b5301e63929676d792c507bbc00ae\guava-27.0.1-jre.jar;C:\Users\B\Documents\DabEngine\libs\jython-standalone-2.7.0.jar;C:\Users\B\.gradle\caches\modules-2\files-2.1\com.googlecode.json-simple\json-simple\1.1.1\c9ad4a0850ab676c5c64461a05ca524cdfff59f1\json-simple-1.1.1.jar;C:\Users\B\.gradle\caches\modules-2\files-2.1\com.google.guava\failureaccess\1.0.1\1dcf1de382a0bf95a3d8b0849546c88bac1292c9\failureaccess-1.0.1.jar;C:\Users\B\.gradle\caches\modules-2\files-2.1\com.google.guava\listenablefuture\9999.0-empty-to-avoid-conflict-with-guava\b421526c5f297295adef1c886e5246c39d4ac629\listenablefuture-9999.0-empty-to-avoid-conflict-with-guava.jar;C:\Users\B\.gradle\caches\modules-2\files-2.1\com.google.code.findbugs\jsr305\3.0.2\25ea2e8b0c338a877313bd4672d3fe056ea78f0d\jsr305-3.0.2.jar;C:\Users\B\.gradle\caches\modules-2\files-2.1\org.checkerframework\checker-qual\2.5.2\cea74543d5904a30861a61b4643a5f2bb372efc4\checker-qual-2.5.2.jar;C:\Users\B\.gradle\caches\modules-2\files-2.1\com.google.errorprone\error_prone_annotations\2.2.0\88e3c593e9b3586e1c6177f89267da6fc6986f0c\error_prone_annotations-2.2.0.jar;C:\Users\B\.gradle\caches\modules-2\files-2.1\com.google.j2objc\j2objc-annotations\1.1\ed28ded51a8b1c6b112568def5f4b455e6809019\j2objc-annotations-1.1.jar;C:\Users\B\.gradle\caches\modules-2\files-2.1\org.codehaus.mojo\animal-sniffer-annotations\1.17\f97ce6decaea32b36101e37979f8b647f00681fb\animal-sniffer-annotations-1.17.jar;C:\Users\B\.gradle\caches\modules-2\files-2.1\junit\junit\4.10\e4f1766ce7404a08f45d859fb9c226fc9e41a861\junit-4.10.jar;C:\Users\B\.gradle\caches\modules-2\files-2.1\org.hamcrest\hamcrest-core\1.1\860340562250678d1a
Launcher Type: SUN_STANDARD

[Global flags]
     intx CICompilerCount                          = 3                                         {product} {ergonomic}
     uint ConcGCThreads                            = 1                                         {product} {ergonomic}
     uint G1ConcRefinementThreads                  = 4                                         {product} {ergonomic}
   size_t G1HeapRegionSize                         = 1048576                                   {product} {ergonomic}
    uintx GCDrainStackTargetSize                   = 64                                        {product} {ergonomic}
   size_t InitialHeapSize                          = 134217728                                 {product} {ergonomic}
   size_t MarkStackSize                            = 4194304                                   {product} {ergonomic}
   size_t MaxHeapSize                              = 2122317824                                {product} {ergonomic}
   size_t MaxNewSize                               = 1272971264                                {product} {ergonomic}
   size_t MinHeapDeltaBytes                        = 1048576                                   {product} {ergonomic}
    uintx NonNMethodCodeHeapSize                   = 5830092                                {pd product} {ergonomic}
    uintx NonProfiledCodeHeapSize                  = 122914074                              {pd product} {ergonomic}
    uintx ProfiledCodeHeapSize                     = 122914074                              {pd product} {ergonomic}
    uintx ReservedCodeCacheSize                    = 251658240                              {pd product} {ergonomic}
     bool SegmentedCodeCache                       = true                                      {product} {ergonomic}
     bool UseCompressedClassPointers               = true                                 {lp64_product} {ergonomic}
     bool UseCompressedOops                        = true                                 {lp64_product} {ergonomic}
     bool UseG1GC                                  = true                                      {product} {ergonomic}
     bool UseLargePagesIndividualAllocation        = false                                  {pd product} {ergonomic}

Logging:
Log output configuration:
 #0: stdout all=warning uptime,level,tags
 #1: stderr all=off uptime,level,tags

Environment Variables:
CLASSPATH=.;.;C:\PROGRA~2\JMF21~1.1E\lib\sound.jar;C:\PROGRA~2\JMF21~1.1E\lib\jmf.jar;C:\PROGRA~2\JMF21~1.1E\lib;
PATH=C:\Program Files (x86)\Common Files\Intel\Shared Libraries\redist\intel64\compiler;C:\WINDOWS\system32;C:\WINDOWS;C:\WINDOWS\System32\Wbem;C:\WINDOWS\System32\WindowsPowerShell\v1.0\;C:\WINDOWS\System32\OpenSSH\;C:\Program Files\Java\jdk-11.0.1\bin;C:\Program Files\Git\cmd;C:\Program Files (x86)\Windows Kits\10\Windows Performance Toolkit\;C:\Program Files\Csound6_x64\bin;C:\ProgramData\chocolatey\bin;C:\Users\B\AppData\Local\Programs\Python\Python36\Scripts\;C:\Users\B\AppData\Local\Programs\Python\Python36\;C:\Users\B\scoop\shims;C:\Users\B\AppData\Local\Microsoft\WindowsApps;C:\Users\B\AppData\Local\GitHubDesktop\bin;C:\Users\B\AppData\Local\atom\bin;C:\Users\B\AppData\Local\Programs\Microsoft VS Code\bin
USERNAME=B
OS=Windows_NT
PROCESSOR_IDENTIFIER=Intel64 Family 6 Model 58 Stepping 9, GenuineIntel



---------------  S Y S T E M  ---------------

OS: Windows 10 , 64 bit Build 17134 (10.0.17134.753)

CPU:total 4 (initial active 4) (2 cores per cpu, 2 threads per core) family 6 model 58 stepping 9, cmov, cx8, fxsr, mmx, sse, sse2, sse3, ssse3, sse4.1, sse4.2, popcnt, avx, clmul, erms, ht, tsc, tscinvbit, tscinv

Memory: 4k page, system-wide physical 8089M (576M free)
TotalPageFile size 12855M (AvailPageFile size 148M)
current process WorkingSet (physical memory assigned to process): 77M, peak: 77M
current process commit charge ("private bytes"): 219M, peak: 219M

vm_info: Java HotSpot(TM) 64-Bit Server VM (11.0.1+13-LTS) for windows-amd64 JRE (11.0.1+13-LTS), built on Oct  6 2018 13:20:16 by "mach5one" with MS VC++ 15.5 (VS2017)

END.
