#
# A fatal error has been detected by the Java Runtime Environment:
#
#  EXCEPTION_ACCESS_VIOLATION (0xc0000005) at pc=0x00007ff9097266e5, pid=11392, tid=2528
#
# JRE version: Java(TM) SE Runtime Environment (11.0.1+13) (build 11.0.1+13-LTS)
# Java VM: Java HotSpot(TM) 64-Bit Server VM (11.0.1+13-LTS, mixed mode, tiered, compressed oops, g1 gc, windows-amd64)
# Problematic frame:
# C  [lwjgl_stb.dll+0x266e5]
#
# No core dump will be written. Minidumps are not enabled by default on client versions of Windows
#
# If you would like to submit a bug report, please visit:
#   http://bugreport.java.com/bugreport/crash.jsp
# The crash happened outside the Java Virtual Machine in native code.
# See problematic frame for where to report the bug.
#

---------------  S U M M A R Y ------------

Command Line: -Dfile.encoding=UTF-8 DabEngine.TestCaseEngine

Host: Intel(R) Core(TM) i3-3110M CPU @ 2.40GHz, 4 cores, 7G,  Windows 10 , 64 bit Build 17134 (10.0.17134.753)
Time: Fri Aug  2 15:02:19 2019 GMT Daylight Time elapsed time: 3 seconds (0d 0h 0m 3s)

---------------  T H R E A D  ---------------

Current thread (0x0000018e6469b800):  JavaThread "main" [_thread_in_native, id=2528, stack(0x00000047cbd00000,0x00000047cbe00000)]

Stack: [0x00000047cbd00000,0x00000047cbe00000],  sp=0x00000047cbdff098,  free space=1020k
Native frames: (J=compiled Java code, j=interpreted, Vv=VM code, C=native code)
C  [lwjgl_stb.dll+0x266e5]

Java frames: (J=compiled Java code, j=interpreted, Vv=VM code)
j  org.lwjgl.stb.STBTruetype.nstbtt_PackFontRange(JJIFIIJ)I+0
j  org.lwjgl.stb.STBTruetype.stbtt_PackFontRange(Lorg/lwjgl/stb/STBTTPackContext;Ljava/nio/ByteBuffer;IFILorg/lwjgl/stb/STBTTPackedchar$Buffer;)Z+22
j  DabEngine.Graphics.Batch.Font.<init>(Ljava/lang/String;FI)V+186
j  DabEngine.TestCaseEngine.init()V+28
j  DabEngine.Core.Engine.init(LDabEngine/Core/App;)V+121
j  DabEngine.TestCaseEngine.main([Ljava/lang/String;)V+10
v  ~StubRoutines::call_stub

siginfo: EXCEPTION_ACCESS_VIOLATION (0xc0000005), reading address 0x0000018f045e5816


Register to memory mapping:

RIP=0x00007ff9097266e5 lwjgl_stb.dll
RAX=
[error occurred during error reporting (printing register info), id 0xc0000005, EXCEPTION_ACCESS_VIOLATION (0xc0000005) at pc=0x00007ff8e7604d76]

Registers:
RAX=0x00000000ffffffff, RBX=0x0000000000000000, RCX=0x0000018e045e5813, RDX=0x00000000ffffffff
RSP=0x00000047cbdff098, RBP=0x00000047cbdff118, RSI=0x0000000000000001, RDI=0x000000000000000b
R8 =0x00007ff9097654fc, R9 =0x0000000000000000, R10=0x0000018e045e5813, R11=0x0000018e08bf64a0
R12=0x0000000000000000, R13=0x00000000ffffffff, R14=0x00000047cbdff190, R15=0x0000018e09450000
RIP=0x00007ff9097266e5, EFLAGS=0x0000000000010246

Top of Stack: (sp=0x00000047cbdff098)
0x00000047cbdff098:   00007ff90972691d 0000000000000000
0x00000047cbdff0a8:   0000018e045e5813 00000000000005f0
0x00000047cbdff0b8:   00000047cbdff0f9 0000000000000001
0x00000047cbdff0c8:   0000000000000000 0000000000000000
0x00000047cbdff0d8:   0000000000000000 0000000000000000
0x00000047cbdff0e8:   0000000000000000 00007ff8fbc218d8
0x00000047cbdff0f8:   00007ff8fbc21320 0000000000000000
0x00000047cbdff108:   00000047cbdff168 0000000000000000
0x00000047cbdff118:   0000018e09450000 0000000000000000
0x00000047cbdff128:   0000018e09a4a8b8 0000000000000000
0x00000047cbdff138:   0000018e092f0000 0000000000000001
0x00000047cbdff148:   0000018e045e5813 00000047cbdff280
0x00000047cbdff158:   00007ff90972dc12 0000018e6469b800
0x00000047cbdff168:   0000018e092f0000 00000000ffffffff
0x00000047cbdff178:   0000005000000000 0000000000000000
0x00000047cbdff188:   0000000000000000 0000000000000000 

Instructions: (pc=0x00007ff9097266e5)
0x00007ff9097266c5:   c0 c3 cc cc cc cc cc cc cc cc cc 48 89 5c 24 08
0x00007ff9097266d5:   48 89 7c 24 10 8b c2 8d 7a 0c 45 33 c9 4c 8b d1
0x00007ff9097266e5:   44 0f b6 5c 08 04 0f b6 44 08 05 41 c1 e3 08 44
0x00007ff9097266f5:   03 d8 74 4f 41 0f be 18 0f 1f 00 41 8b c1 c1 e0 



---------------  P R O C E S S  ---------------

Threads class SMR info:
_java_thread_list=0x0000018e7ff33720, length=11, elements={
0x0000018e6469b800, 0x0000018e7ea33800, 0x0000018e7ea57800, 0x0000018e7f3c1800,
0x0000018e7f3c2800, 0x0000018e7ea6f800, 0x0000018e7ea7b800, 0x0000018e7f416800,
0x0000018e7f679800, 0x0000018e7f67f800, 0x0000018e7fefe800
}

Java Threads: ( => current thread )
=>0x0000018e6469b800 JavaThread "main" [_thread_in_native, id=2528, stack(0x00000047cbd00000,0x00000047cbe00000)]
  0x0000018e7ea33800 JavaThread "Reference Handler" daemon [_thread_blocked, id=5428, stack(0x00000047cc400000,0x00000047cc500000)]
  0x0000018e7ea57800 JavaThread "Finalizer" daemon [_thread_blocked, id=16632, stack(0x00000047cc500000,0x00000047cc600000)]
  0x0000018e7f3c1800 JavaThread "Signal Dispatcher" daemon [_thread_blocked, id=16396, stack(0x00000047cc600000,0x00000047cc700000)]
  0x0000018e7f3c2800 JavaThread "Attach Listener" daemon [_thread_blocked, id=12136, stack(0x00000047cc700000,0x00000047cc800000)]
  0x0000018e7ea6f800 JavaThread "C2 CompilerThread0" daemon [_thread_blocked, id=2380, stack(0x00000047cc800000,0x00000047cc900000)]
  0x0000018e7ea7b800 JavaThread "C1 CompilerThread0" daemon [_thread_blocked, id=1188, stack(0x00000047cc900000,0x00000047cca00000)]
  0x0000018e7f416800 JavaThread "Sweeper thread" daemon [_thread_blocked, id=3032, stack(0x00000047cca00000,0x00000047ccb00000)]
  0x0000018e7f679800 JavaThread "Service Thread" daemon [_thread_blocked, id=16756, stack(0x00000047ccb00000,0x00000047ccc00000)]
  0x0000018e7f67f800 JavaThread "Common-Cleaner" daemon [_thread_blocked, id=12840, stack(0x00000047ccd00000,0x00000047cce00000)]
  0x0000018e7fefe800 JavaThread "C2 CompilerThread1" daemon [_thread_blocked, id=8172, stack(0x00000047cd000000,0x00000047cd100000)]

Other Threads:
  0x0000018e7ea31000 VMThread "VM Thread" [stack: 0x00000047cc300000,0x00000047cc400000] [id=9804]
  0x0000018e7f681000 WatcherThread [stack: 0x00000047ccc00000,0x00000047ccd00000] [id=17132]
  0x0000018e646b3800 GCTaskThread "GC Thread#0" [stack: 0x00000047cbe00000,0x00000047cbf00000] [id=14284]
  0x0000018e7fd01800 GCTaskThread "GC Thread#1" [stack: 0x00000047cce00000,0x00000047ccf00000] [id=2028]
  0x0000018e7fd62800 GCTaskThread "GC Thread#2" [stack: 0x00000047ccf00000,0x00000047cd000000] [id=11852]
  0x0000018e646e3800 ConcurrentGCThread "G1 Main Marker" [stack: 0x00000047cbf00000,0x00000047cc000000] [id=9616]
  0x0000018e646e6000 ConcurrentGCThread "G1 Conc#0" [stack: 0x00000047cc000000,0x00000047cc100000] [id=7852]
  0x0000018e7e898800 ConcurrentGCThread "G1 Refine#0" [stack: 0x00000047cc100000,0x00000047cc200000] [id=7588]
  0x0000018e7e89a000 ConcurrentGCThread "G1 Young RemSet Sampling" [stack: 0x00000047cc200000,0x00000047cc300000] [id=4656]

Threads with active compile tasks:

VM state:not at safepoint (normal execution)

VM Mutex/Monitor currently owned by a thread: None

Heap address: 0x0000000081800000, size: 2024 MB, Compressed Oops mode: 32-bit
Narrow klass base: 0x0000000000000000, Narrow klass shift: 3
Compressed class space size: 1073741824 Address: 0x0000000100000000

Heap:
 garbage-first heap   total 131072K, used 38649K [0x0000000081800000, 0x0000000100000000)
  region size 1024K, 35 young (35840K), 2 survivors (2048K)
 Metaspace       used 13463K, capacity 13676K, committed 13952K, reserved 1062912K
  class space    used 977K, capacity 1051K, committed 1152K, reserved 1048576K
Heap Regions: E=young(eden), S=young(survivor), O=old, HS=humongous(starts), HC=humongous(continues), CS=collection set, F=free, A=archive, TAMS=top-at-mark-start (previous, next)
|   0|0x0000000081800000, 0x0000000081900000, 0x0000000081900000|100%|HS|  |TAMS 0x0000000081800000, 0x0000000081800000| Complete 
|   1|0x0000000081900000, 0x0000000081a00000, 0x0000000081a00000|100%|HC|  |TAMS 0x0000000081900000, 0x0000000081900000| Complete 
|   2|0x0000000081a00000, 0x0000000081b00000, 0x0000000081b00000|100%| O|  |TAMS 0x0000000081a00000, 0x0000000081a00000| Untracked 
|   3|0x0000000081b00000, 0x0000000081bbe600, 0x0000000081c00000| 74%| O|  |TAMS 0x0000000081b00000, 0x0000000081b00000| Untracked 
|   4|0x0000000081c00000, 0x0000000081c00000, 0x0000000081d00000|  0%| F|  |TAMS 0x0000000081c00000, 0x0000000081c00000| Untracked 
|   5|0x0000000081d00000, 0x0000000081d00000, 0x0000000081e00000|  0%| F|  |TAMS 0x0000000081d00000, 0x0000000081d00000| Untracked 
|   6|0x0000000081e00000, 0x0000000081e00000, 0x0000000081f00000|  0%| F|  |TAMS 0x0000000081e00000, 0x0000000081e00000| Untracked 
|   7|0x0000000081f00000, 0x0000000081f00000, 0x0000000082000000|  0%| F|  |TAMS 0x0000000081f00000, 0x0000000081f00000| Untracked 
|   8|0x0000000082000000, 0x0000000082000000, 0x0000000082100000|  0%| F|  |TAMS 0x0000000082000000, 0x0000000082000000| Untracked 
|   9|0x0000000082100000, 0x0000000082100000, 0x0000000082200000|  0%| F|  |TAMS 0x0000000082100000, 0x0000000082100000| Untracked 
|  10|0x0000000082200000, 0x0000000082200000, 0x0000000082300000|  0%| F|  |TAMS 0x0000000082200000, 0x0000000082200000| Untracked 
|  11|0x0000000082300000, 0x0000000082300000, 0x0000000082400000|  0%| F|  |TAMS 0x0000000082300000, 0x0000000082300000| Untracked 
|  12|0x0000000082400000, 0x0000000082400000, 0x0000000082500000|  0%| F|  |TAMS 0x0000000082400000, 0x0000000082400000| Untracked 
|  13|0x0000000082500000, 0x0000000082500000, 0x0000000082600000|  0%| F|  |TAMS 0x0000000082500000, 0x0000000082500000| Untracked 
|  14|0x0000000082600000, 0x0000000082600000, 0x0000000082700000|  0%| F|  |TAMS 0x0000000082600000, 0x0000000082600000| Untracked 
|  15|0x0000000082700000, 0x0000000082700000, 0x0000000082800000|  0%| F|  |TAMS 0x0000000082700000, 0x0000000082700000| Untracked 
|  16|0x0000000082800000, 0x0000000082800000, 0x0000000082900000|  0%| F|  |TAMS 0x0000000082800000, 0x0000000082800000| Untracked 
|  17|0x0000000082900000, 0x0000000082900000, 0x0000000082a00000|  0%| F|  |TAMS 0x0000000082900000, 0x0000000082900000| Untracked 
|  18|0x0000000082a00000, 0x0000000082a00000, 0x0000000082b00000|  0%| F|  |TAMS 0x0000000082a00000, 0x0000000082a00000| Untracked 
|  19|0x0000000082b00000, 0x0000000082b00000, 0x0000000082c00000|  0%| F|  |TAMS 0x0000000082b00000, 0x0000000082b00000| Untracked 
|  20|0x0000000082c00000, 0x0000000082c00000, 0x0000000082d00000|  0%| F|  |TAMS 0x0000000082c00000, 0x0000000082c00000| Untracked 
|  21|0x0000000082d00000, 0x0000000082d00000, 0x0000000082e00000|  0%| F|  |TAMS 0x0000000082d00000, 0x0000000082d00000| Untracked 
|  22|0x0000000082e00000, 0x0000000082e00000, 0x0000000082f00000|  0%| F|  |TAMS 0x0000000082e00000, 0x0000000082e00000| Untracked 
|  23|0x0000000082f00000, 0x0000000082f00000, 0x0000000083000000|  0%| F|  |TAMS 0x0000000082f00000, 0x0000000082f00000| Untracked 
|  24|0x0000000083000000, 0x0000000083000000, 0x0000000083100000|  0%| F|  |TAMS 0x0000000083000000, 0x0000000083000000| Untracked 
|  25|0x0000000083100000, 0x0000000083100000, 0x0000000083200000|  0%| F|  |TAMS 0x0000000083100000, 0x0000000083100000| Untracked 
|  26|0x0000000083200000, 0x0000000083200000, 0x0000000083300000|  0%| F|  |TAMS 0x0000000083200000, 0x0000000083200000| Untracked 
|  27|0x0000000083300000, 0x0000000083300000, 0x0000000083400000|  0%| F|  |TAMS 0x0000000083300000, 0x0000000083300000| Untracked 
|  28|0x0000000083400000, 0x0000000083400000, 0x0000000083500000|  0%| F|  |TAMS 0x0000000083400000, 0x0000000083400000| Untracked 
|  29|0x0000000083500000, 0x0000000083500000, 0x0000000083600000|  0%| F|  |TAMS 0x0000000083500000, 0x0000000083500000| Untracked 
|  30|0x0000000083600000, 0x0000000083600000, 0x0000000083700000|  0%| F|  |TAMS 0x0000000083600000, 0x0000000083600000| Untracked 
|  31|0x0000000083700000, 0x0000000083700000, 0x0000000083800000|  0%| F|  |TAMS 0x0000000083700000, 0x0000000083700000| Untracked 
|  32|0x0000000083800000, 0x0000000083800000, 0x0000000083900000|  0%| F|  |TAMS 0x0000000083800000, 0x0000000083800000| Untracked 
|  33|0x0000000083900000, 0x0000000083900000, 0x0000000083a00000|  0%| F|  |TAMS 0x0000000083900000, 0x0000000083900000| Untracked 
|  34|0x0000000083a00000, 0x0000000083a00000, 0x0000000083b00000|  0%| F|  |TAMS 0x0000000083a00000, 0x0000000083a00000| Untracked 
|  35|0x0000000083b00000, 0x0000000083b00000, 0x0000000083c00000|  0%| F|  |TAMS 0x0000000083b00000, 0x0000000083b00000| Untracked 
|  36|0x0000000083c00000, 0x0000000083c00000, 0x0000000083d00000|  0%| F|  |TAMS 0x0000000083c00000, 0x0000000083c00000| Untracked 
|  37|0x0000000083d00000, 0x0000000083d00000, 0x0000000083e00000|  0%| F|  |TAMS 0x0000000083d00000, 0x0000000083d00000| Untracked 
|  38|0x0000000083e00000, 0x0000000083e00000, 0x0000000083f00000|  0%| F|  |TAMS 0x0000000083e00000, 0x0000000083e00000| Untracked 
|  39|0x0000000083f00000, 0x0000000083f00000, 0x0000000084000000|  0%| F|  |TAMS 0x0000000083f00000, 0x0000000083f00000| Untracked 
|  40|0x0000000084000000, 0x0000000084000000, 0x0000000084100000|  0%| F|  |TAMS 0x0000000084000000, 0x0000000084000000| Untracked 
|  41|0x0000000084100000, 0x0000000084100000, 0x0000000084200000|  0%| F|  |TAMS 0x0000000084100000, 0x0000000084100000| Untracked 
|  42|0x0000000084200000, 0x0000000084200000, 0x0000000084300000|  0%| F|  |TAMS 0x0000000084200000, 0x0000000084200000| Untracked 
|  43|0x0000000084300000, 0x0000000084300000, 0x0000000084400000|  0%| F|  |TAMS 0x0000000084300000, 0x0000000084300000| Untracked 
|  44|0x0000000084400000, 0x0000000084400000, 0x0000000084500000|  0%| F|  |TAMS 0x0000000084400000, 0x0000000084400000| Untracked 
|  45|0x0000000084500000, 0x0000000084500000, 0x0000000084600000|  0%| F|  |TAMS 0x0000000084500000, 0x0000000084500000| Untracked 
|  46|0x0000000084600000, 0x0000000084600000, 0x0000000084700000|  0%| F|  |TAMS 0x0000000084600000, 0x0000000084600000| Untracked 
|  47|0x0000000084700000, 0x0000000084700000, 0x0000000084800000|  0%| F|  |TAMS 0x0000000084700000, 0x0000000084700000| Untracked 
|  48|0x0000000084800000, 0x0000000084800000, 0x0000000084900000|  0%| F|  |TAMS 0x0000000084800000, 0x0000000084800000| Untracked 
|  49|0x0000000084900000, 0x0000000084900000, 0x0000000084a00000|  0%| F|  |TAMS 0x0000000084900000, 0x0000000084900000| Untracked 
|  50|0x0000000084a00000, 0x0000000084a00000, 0x0000000084b00000|  0%| F|  |TAMS 0x0000000084a00000, 0x0000000084a00000| Untracked 
|  51|0x0000000084b00000, 0x0000000084b00000, 0x0000000084c00000|  0%| F|  |TAMS 0x0000000084b00000, 0x0000000084b00000| Untracked 
|  52|0x0000000084c00000, 0x0000000084c00000, 0x0000000084d00000|  0%| F|  |TAMS 0x0000000084c00000, 0x0000000084c00000| Untracked 
|  53|0x0000000084d00000, 0x0000000084d00000, 0x0000000084e00000|  0%| F|  |TAMS 0x0000000084d00000, 0x0000000084d00000| Untracked 
|  54|0x0000000084e00000, 0x0000000084e00000, 0x0000000084f00000|  0%| F|  |TAMS 0x0000000084e00000, 0x0000000084e00000| Untracked 
|  55|0x0000000084f00000, 0x0000000084f00000, 0x0000000085000000|  0%| F|  |TAMS 0x0000000084f00000, 0x0000000084f00000| Untracked 
|  56|0x0000000085000000, 0x0000000085000000, 0x0000000085100000|  0%| F|  |TAMS 0x0000000085000000, 0x0000000085000000| Untracked 
|  57|0x0000000085100000, 0x0000000085100000, 0x0000000085200000|  0%| F|  |TAMS 0x0000000085100000, 0x0000000085100000| Untracked 
|  58|0x0000000085200000, 0x0000000085200000, 0x0000000085300000|  0%| F|  |TAMS 0x0000000085200000, 0x0000000085200000| Untracked 
|  59|0x0000000085300000, 0x0000000085300000, 0x0000000085400000|  0%| F|  |TAMS 0x0000000085300000, 0x0000000085300000| Untracked 
|  60|0x0000000085400000, 0x0000000085400000, 0x0000000085500000|  0%| F|  |TAMS 0x0000000085400000, 0x0000000085400000| Untracked 
|  61|0x0000000085500000, 0x0000000085500000, 0x0000000085600000|  0%| F|  |TAMS 0x0000000085500000, 0x0000000085500000| Untracked 
|  62|0x0000000085600000, 0x0000000085600000, 0x0000000085700000|  0%| F|  |TAMS 0x0000000085600000, 0x0000000085600000| Untracked 
|  63|0x0000000085700000, 0x0000000085700000, 0x0000000085800000|  0%| F|  |TAMS 0x0000000085700000, 0x0000000085700000| Untracked 
|  64|0x0000000085800000, 0x0000000085800000, 0x0000000085900000|  0%| F|  |TAMS 0x0000000085800000, 0x0000000085800000| Untracked 
|  65|0x0000000085900000, 0x0000000085900000, 0x0000000085a00000|  0%| F|  |TAMS 0x0000000085900000, 0x0000000085900000| Untracked 
|  66|0x0000000085a00000, 0x0000000085a00000, 0x0000000085b00000|  0%| F|  |TAMS 0x0000000085a00000, 0x0000000085a00000| Untracked 
|  67|0x0000000085b00000, 0x0000000085b00000, 0x0000000085c00000|  0%| F|  |TAMS 0x0000000085b00000, 0x0000000085b00000| Untracked 
|  68|0x0000000085c00000, 0x0000000085c00000, 0x0000000085d00000|  0%| F|  |TAMS 0x0000000085c00000, 0x0000000085c00000| Untracked 
|  69|0x0000000085d00000, 0x0000000085d00000, 0x0000000085e00000|  0%| F|  |TAMS 0x0000000085d00000, 0x0000000085d00000| Untracked 
|  70|0x0000000085e00000, 0x0000000085e00000, 0x0000000085f00000|  0%| F|  |TAMS 0x0000000085e00000, 0x0000000085e00000| Untracked 
|  71|0x0000000085f00000, 0x0000000085f00000, 0x0000000086000000|  0%| F|  |TAMS 0x0000000085f00000, 0x0000000085f00000| Untracked 
|  72|0x0000000086000000, 0x0000000086000000, 0x0000000086100000|  0%| F|  |TAMS 0x0000000086000000, 0x0000000086000000| Untracked 
|  73|0x0000000086100000, 0x0000000086100000, 0x0000000086200000|  0%| F|  |TAMS 0x0000000086100000, 0x0000000086100000| Untracked 
|  74|0x0000000086200000, 0x0000000086200000, 0x0000000086300000|  0%| F|  |TAMS 0x0000000086200000, 0x0000000086200000| Untracked 
|  75|0x0000000086300000, 0x0000000086300000, 0x0000000086400000|  0%| F|  |TAMS 0x0000000086300000, 0x0000000086300000| Untracked 
|  76|0x0000000086400000, 0x0000000086400000, 0x0000000086500000|  0%| F|  |TAMS 0x0000000086400000, 0x0000000086400000| Untracked 
|  77|0x0000000086500000, 0x0000000086500000, 0x0000000086600000|  0%| F|  |TAMS 0x0000000086500000, 0x0000000086500000| Untracked 
|  78|0x0000000086600000, 0x0000000086600000, 0x0000000086700000|  0%| F|  |TAMS 0x0000000086600000, 0x0000000086600000| Untracked 
|  79|0x0000000086700000, 0x0000000086700000, 0x0000000086800000|  0%| F|  |TAMS 0x0000000086700000, 0x0000000086700000| Untracked 
|  80|0x0000000086800000, 0x0000000086800000, 0x0000000086900000|  0%| F|  |TAMS 0x0000000086800000, 0x0000000086800000| Untracked 
|  81|0x0000000086900000, 0x0000000086900000, 0x0000000086a00000|  0%| F|  |TAMS 0x0000000086900000, 0x0000000086900000| Untracked 
|  82|0x0000000086a00000, 0x0000000086a00000, 0x0000000086b00000|  0%| F|  |TAMS 0x0000000086a00000, 0x0000000086a00000| Untracked 
|  83|0x0000000086b00000, 0x0000000086b00000, 0x0000000086c00000|  0%| F|  |TAMS 0x0000000086b00000, 0x0000000086b00000| Untracked 
|  84|0x0000000086c00000, 0x0000000086c00000, 0x0000000086d00000|  0%| F|  |TAMS 0x0000000086c00000, 0x0000000086c00000| Untracked 
|  85|0x0000000086d00000, 0x0000000086d00000, 0x0000000086e00000|  0%| F|  |TAMS 0x0000000086d00000, 0x0000000086d00000| Untracked 
|  86|0x0000000086e00000, 0x0000000086e00000, 0x0000000086f00000|  0%| F|  |TAMS 0x0000000086e00000, 0x0000000086e00000| Untracked 
|  87|0x0000000086f00000, 0x0000000086f00000, 0x0000000087000000|  0%| F|  |TAMS 0x0000000086f00000, 0x0000000086f00000| Untracked 
|  88|0x0000000087000000, 0x0000000087000000, 0x0000000087100000|  0%| F|  |TAMS 0x0000000087000000, 0x0000000087000000| Untracked 
|  89|0x0000000087100000, 0x0000000087100000, 0x0000000087200000|  0%| F|  |TAMS 0x0000000087100000, 0x0000000087100000| Untracked 
|  90|0x0000000087200000, 0x0000000087200000, 0x0000000087300000|  0%| F|  |TAMS 0x0000000087200000, 0x0000000087200000| Untracked 
|  91|0x0000000087300000, 0x0000000087300000, 0x0000000087400000|  0%| F|  |TAMS 0x0000000087300000, 0x0000000087300000| Untracked 
|  92|0x0000000087400000, 0x0000000087400000, 0x0000000087500000|  0%| F|  |TAMS 0x0000000087400000, 0x0000000087400000| Untracked 
|  93|0x0000000087500000, 0x0000000087580800, 0x0000000087600000| 50%| E|  |TAMS 0x0000000087500000, 0x0000000087500000| Complete 
|  94|0x0000000087600000, 0x0000000087700000, 0x0000000087700000|100%| E|CS|TAMS 0x0000000087600000, 0x0000000087600000| Complete 
|  95|0x0000000087700000, 0x0000000087800000, 0x0000000087800000|100%| E|CS|TAMS 0x0000000087700000, 0x0000000087700000| Complete 
|  96|0x0000000087800000, 0x0000000087900000, 0x0000000087900000|100%| E|CS|TAMS 0x0000000087800000, 0x0000000087800000| Complete 
|  97|0x0000000087900000, 0x0000000087a00000, 0x0000000087a00000|100%| E|CS|TAMS 0x0000000087900000, 0x0000000087900000| Complete 
|  98|0x0000000087a00000, 0x0000000087b00000, 0x0000000087b00000|100%| E|CS|TAMS 0x0000000087a00000, 0x0000000087a00000| Complete 
|  99|0x0000000087b00000, 0x0000000087c00000, 0x0000000087c00000|100%| E|CS|TAMS 0x0000000087b00000, 0x0000000087b00000| Complete 
| 100|0x0000000087c00000, 0x0000000087d00000, 0x0000000087d00000|100%| E|CS|TAMS 0x0000000087c00000, 0x0000000087c00000| Complete 
| 101|0x0000000087d00000, 0x0000000087e00000, 0x0000000087e00000|100%| E|CS|TAMS 0x0000000087d00000, 0x0000000087d00000| Complete 
| 102|0x0000000087e00000, 0x0000000087f00000, 0x0000000087f00000|100%| E|CS|TAMS 0x0000000087e00000, 0x0000000087e00000| Complete 
| 103|0x0000000087f00000, 0x0000000088000000, 0x0000000088000000|100%| E|CS|TAMS 0x0000000087f00000, 0x0000000087f00000| Complete 
| 104|0x0000000088000000, 0x0000000088100000, 0x0000000088100000|100%| E|CS|TAMS 0x0000000088000000, 0x0000000088000000| Complete 
| 105|0x0000000088100000, 0x0000000088200000, 0x0000000088200000|100%| E|CS|TAMS 0x0000000088100000, 0x0000000088100000| Complete 
| 106|0x0000000088200000, 0x0000000088300000, 0x0000000088300000|100%| E|CS|TAMS 0x0000000088200000, 0x0000000088200000| Complete 
| 107|0x0000000088300000, 0x0000000088400000, 0x0000000088400000|100%| E|CS|TAMS 0x0000000088300000, 0x0000000088300000| Complete 
| 108|0x0000000088400000, 0x0000000088500000, 0x0000000088500000|100%| E|CS|TAMS 0x0000000088400000, 0x0000000088400000| Complete 
| 109|0x0000000088500000, 0x0000000088600000, 0x0000000088600000|100%| E|CS|TAMS 0x0000000088500000, 0x0000000088500000| Complete 
| 110|0x0000000088600000, 0x0000000088700000, 0x0000000088700000|100%| E|CS|TAMS 0x0000000088600000, 0x0000000088600000| Complete 
| 111|0x0000000088700000, 0x0000000088800000, 0x0000000088800000|100%| E|CS|TAMS 0x0000000088700000, 0x0000000088700000| Complete 
| 112|0x0000000088800000, 0x0000000088900000, 0x0000000088900000|100%| S|CS|TAMS 0x0000000088800000, 0x0000000088800000| Complete 
| 113|0x0000000088900000, 0x0000000088a00000, 0x0000000088a00000|100%| S|CS|TAMS 0x0000000088900000, 0x0000000088900000| Complete 
| 114|0x0000000088a00000, 0x0000000088b00000, 0x0000000088b00000|100%| E|CS|TAMS 0x0000000088a00000, 0x0000000088a00000| Complete 
| 115|0x0000000088b00000, 0x0000000088c00000, 0x0000000088c00000|100%| E|CS|TAMS 0x0000000088b00000, 0x0000000088b00000| Complete 
| 116|0x0000000088c00000, 0x0000000088d00000, 0x0000000088d00000|100%| E|CS|TAMS 0x0000000088c00000, 0x0000000088c00000| Complete 
| 117|0x0000000088d00000, 0x0000000088e00000, 0x0000000088e00000|100%| E|CS|TAMS 0x0000000088d00000, 0x0000000088d00000| Complete 
| 118|0x0000000088e00000, 0x0000000088f00000, 0x0000000088f00000|100%| E|CS|TAMS 0x0000000088e00000, 0x0000000088e00000| Complete 
| 119|0x0000000088f00000, 0x0000000089000000, 0x0000000089000000|100%| E|CS|TAMS 0x0000000088f00000, 0x0000000088f00000| Complete 
| 120|0x0000000089000000, 0x0000000089100000, 0x0000000089100000|100%| E|CS|TAMS 0x0000000089000000, 0x0000000089000000| Complete 
| 121|0x0000000089100000, 0x0000000089200000, 0x0000000089200000|100%| E|CS|TAMS 0x0000000089100000, 0x0000000089100000| Complete 
| 122|0x0000000089200000, 0x0000000089300000, 0x0000000089300000|100%| E|CS|TAMS 0x0000000089200000, 0x0000000089200000| Complete 
| 123|0x0000000089300000, 0x0000000089400000, 0x0000000089400000|100%| E|CS|TAMS 0x0000000089300000, 0x0000000089300000| Complete 
| 124|0x0000000089400000, 0x0000000089500000, 0x0000000089500000|100%| E|CS|TAMS 0x0000000089400000, 0x0000000089400000| Complete 
| 125|0x0000000089500000, 0x0000000089600000, 0x0000000089600000|100%| E|CS|TAMS 0x0000000089500000, 0x0000000089500000| Complete 
| 126|0x0000000089600000, 0x0000000089700000, 0x0000000089700000|100%| E|CS|TAMS 0x0000000089600000, 0x0000000089600000| Complete 
| 127|0x0000000089700000, 0x0000000089800000, 0x0000000089800000|100%| E|CS|TAMS 0x0000000089700000, 0x0000000089700000| Complete 

Card table byte_map: [0x0000018e7bdb0000,0x0000018e7c1b0000] _byte_map_base: 0x0000018e7b9a4000

Marking Bits (Prev, Next): (CMBitMap*) 0x0000018e646dadb8, (CMBitMap*) 0x0000018e646dadf0
 Prev Bits: [0x0000018e7c5b0000, 0x0000018e7e550000)
 Next Bits: [0x0000018e00000000, 0x0000018e01fa0000)

Polling page: 0x0000018e624b0000

Metaspace:

Usage:
  Non-class:     12.33 MB capacity,    12.19 MB ( 99%) used,   122.89 KB ( <1%) free+waste,    16.31 KB ( <1%) overhead. 
      Class:      1.03 MB capacity,   977.52 KB ( 93%) used,    67.23 KB (  6%) free+waste,     6.25 KB ( <1%) overhead. 
       Both:     13.36 MB capacity,    13.15 MB ( 98%) used,   190.13 KB (  1%) free+waste,    22.56 KB ( <1%) overhead. 

Virtual space:
  Non-class space:       14.00 MB reserved,      12.50 MB ( 89%) committed 
      Class space:        1.00 GB reserved,       1.13 MB ( <1%) committed 
             Both:        1.01 GB reserved,      13.63 MB (  1%) committed 

Chunk freelists:
   Non-Class:  13.88 KB
       Class:  640 bytes
        Both:  14.50 KB

CodeHeap 'non-profiled nmethods': size=120064Kb used=396Kb max_used=396Kb free=119667Kb
 bounds [0x0000018e74470000, 0x0000018e746e0000, 0x0000018e7b9b0000]
CodeHeap 'profiled nmethods': size=120000Kb used=2019Kb max_used=2019Kb free=117980Kb
 bounds [0x0000018e6cf40000, 0x0000018e6d1b0000, 0x0000018e74470000]
CodeHeap 'non-nmethods': size=5696Kb used=1478Kb max_used=1525Kb free=4217Kb
 bounds [0x0000018e6c9b0000, 0x0000018e6cc20000, 0x0000018e6cf40000]
 total_blobs=2344 nmethods=1058 adapters=913
 compilation: enabled
              stopped_count=0, restarted_count=0
 full_count=0

Compilation events (10 events):
Event: 3.153 Thread 0x0000018e7ea7b800 1057       3       jdk.internal.misc.Unsafe::putChar (8 bytes)
Event: 3.154 Thread 0x0000018e7ea7b800 nmethod 1057 0x0000018e6d137390 code [0x0000018e6d137540, 0x0000018e6d1376b8]
Event: 3.159 Thread 0x0000018e7ea7b800 1059       3       java.util.regex.Pattern$Slice::match (79 bytes)
Event: 3.160 Thread 0x0000018e7ea7b800 nmethod 1059 0x0000018e6d137790 code [0x0000018e6d137980, 0x0000018e6d137e40]
Event: 3.160 Thread 0x0000018e7ea7b800 1060       3       java.util.regex.Pattern$Node::match (27 bytes)
Event: 3.160 Thread 0x0000018e7ea7b800 nmethod 1060 0x0000018e6d138010 code [0x0000018e6d1381c0, 0x0000018e6d138378]
Event: 3.160 Thread 0x0000018e7ea7b800 1061       3       java.lang.Character::digit (10 bytes)
Event: 3.160 Thread 0x0000018e7ea7b800 nmethod 1061 0x0000018e6d138490 code [0x0000018e6d138660, 0x0000018e6d1388a0]
Event: 3.160 Thread 0x0000018e7ea7b800 1062       3       java.lang.CharacterDataLatin1::digit (32 bytes)
Event: 3.160 Thread 0x0000018e7ea7b800 nmethod 1062 0x0000018e6d138990 code [0x0000018e6d138b60, 0x0000018e6d138df8]

GC Heap History (2 events):
Event: 1.418 GC heap before
{Heap before GC invocations=0 (full 0):
 garbage-first heap   total 131072K, used 15360K [0x0000000081800000, 0x0000000100000000)
  region size 1024K, 14 young (14336K), 0 survivors (0K)
 Metaspace       used 7318K, capacity 7474K, committed 7680K, reserved 1056768K
  class space    used 634K, capacity 681K, committed 768K, reserved 1048576K
}
Event: 1.442 GC heap after
{Heap after GC invocations=1 (full 0):
 garbage-first heap   total 131072K, used 5881K [0x0000000081800000, 0x0000000100000000)
  region size 1024K, 2 young (2048K), 2 survivors (2048K)
 Metaspace       used 7318K, capacity 7474K, committed 7680K, reserved 1056768K
  class space    used 634K, capacity 681K, committed 768K, reserved 1048576K
}

Deoptimization events (10 events):
Event: 0.481 Thread 0x0000018e6469b800 Uncommon trap: reason=unstable_if action=reinterpret pc=0x0000018e74471bf8 method=java.lang.String.isLatin1()Z @ 10 c2
Event: 0.487 Thread 0x0000018e6469b800 Uncommon trap: reason=unstable_if action=reinterpret pc=0x0000018e74471510 method=java.lang.String.isLatin1()Z @ 10 c2
Event: 0.509 Thread 0x0000018e6469b800 Uncommon trap: reason=unstable_if action=reinterpret pc=0x0000018e74473120 method=java.lang.StringLatin1.indexOf([BII)I @ 47 c2
Event: 1.561 Thread 0x0000018e6469b800 Uncommon trap: reason=class_check action=maybe_recompile pc=0x0000018e744a0748 method=java.util.HashMap.getNode(ILjava/lang/Object;)Ljava/util/HashMap$Node; @ 126 c2
Event: 1.589 Thread 0x0000018e6469b800 Uncommon trap: reason=class_check action=maybe_recompile pc=0x0000018e744a0710 method=java.util.HashMap.getNode(ILjava/lang/Object;)Ljava/util/HashMap$Node; @ 59 c2
Event: 1.703 Thread 0x0000018e6469b800 Uncommon trap: reason=unstable_if action=reinterpret pc=0x0000018e7449ce90 method=java.lang.String.startsWith(Ljava/lang/String;I)Z @ 14 c2
Event: 1.707 Thread 0x0000018e6469b800 Uncommon trap: reason=class_check action=maybe_recompile pc=0x0000018e744a0710 method=java.util.HashMap.getNode(ILjava/lang/Object;)Ljava/util/HashMap$Node; @ 59 c2
Event: 1.903 Thread 0x0000018e6469b800 Uncommon trap: reason=class_check action=maybe_recompile pc=0x0000018e744a0710 method=java.util.HashMap.getNode(ILjava/lang/Object;)Ljava/util/HashMap$Node; @ 59 c2
Event: 1.996 Thread 0x0000018e6469b800 Uncommon trap: reason=unstable_if action=reinterpret pc=0x0000018e744b0d00 method=java.util.jar.JarFile.getVersionedEntry(Ljava/lang/String;Ljava/util/jar/JarEntry;)Ljava/util/jar/JarEntry; @ 67 c2
Event: 2.797 Thread 0x0000018e6469b800 Uncommon trap: reason=unstable_if action=reinterpret pc=0x0000018e74492680 method=java.io.BufferedReader.readLine(Z)Ljava/lang/String; @ 66 c2

Classes redefined (0 events):
No events

Internal exceptions (4 events):
Event: 1.512 Thread 0x0000018e6469b800 Exception <a 'java/lang/NoSuchMethodError'{0x00000000896e16c8}: java.lang.invoke.DelegatingMethodHandle$Holder.delegate(Ljava/lang/Object;Ljava/lang/Object;ILjava/lang/Object;)V> (0x00000000896e16c8) thrown at [t:/workspace/open/src/hotspot/share/interpre
Event: 1.518 Thread 0x0000018e6469b800 Exception <a 'java/lang/NoSuchMethodError'{0x00000000896e8bc8}: java.lang.invoke.DirectMethodHandle$Holder.invokeStaticInit(Ljava/lang/Object;Ljava/lang/Object;Ljava/lang/Object;)Ljava/lang/Object;> (0x00000000896e8bc8) thrown at [t:/workspace/open/src/ho
Event: 2.233 Thread 0x0000018e6469b800 Exception <a 'sun/nio/fs/WindowsException'{0x0000000088ef2b40}> (0x0000000088ef2b40) thrown at [t:/workspace/open/src/hotspot/share/prims/jni.cpp, line 615]
Event: 2.235 Thread 0x0000018e6469b800 Exception <a 'sun/nio/fs/WindowsException'{0x0000000088ef2ff8}> (0x0000000088ef2ff8) thrown at [t:/workspace/open/src/hotspot/share/prims/jni.cpp, line 615]

Events (10 events):
Event: 3.121 loading class org/lwjgl/system/libc/LibCString
Event: 3.121 loading class org/lwjgl/system/libc/LibCString done
Event: 3.125 loading class org/lwjgl/stb/STBTruetype
Event: 3.125 loading class org/lwjgl/stb/STBTruetype done
Event: 3.128 loading class org/lwjgl/stb/STBTTBakedChar$Buffer
Event: 3.128 loading class org/lwjgl/stb/STBTTBakedChar$Buffer done
Event: 3.130 loading class org/lwjgl/stb/STBTTVertex$Buffer
Event: 3.130 loading class org/lwjgl/stb/STBTTVertex$Buffer done
Event: 3.135 loading class org/lwjgl/stb/LibSTB
Event: 3.135 loading class org/lwjgl/stb/LibSTB done


Dynamic libraries:
0x00007ff7d0690000 - 0x00007ff7d06d7000 	C:\Program Files\Java\jdk-11.0.1\bin\java.exe
0x00007ff93f7c0000 - 0x00007ff93f9a1000 	C:\WINDOWS\SYSTEM32\ntdll.dll
0x00007ff93cf90000 - 0x00007ff93d041000 	C:\WINDOWS\System32\KERNEL32.DLL
0x00007ff93bca0000 - 0x00007ff93bf13000 	C:\WINDOWS\System32\KERNELBASE.dll
0x00007ff93d3c0000 - 0x00007ff93d461000 	C:\WINDOWS\System32\ADVAPI32.dll
0x00007ff93d2c0000 - 0x00007ff93d35e000 	C:\WINDOWS\System32\msvcrt.dll
0x00007ff93d610000 - 0x00007ff93d66b000 	C:\WINDOWS\System32\sechost.dll
0x00007ff93d050000 - 0x00007ff93d174000 	C:\WINDOWS\System32\RPCRT4.dll
0x00007ff93f600000 - 0x00007ff93f790000 	C:\WINDOWS\System32\USER32.dll
0x00007ff93bc80000 - 0x00007ff93bca0000 	C:\WINDOWS\System32\win32u.dll
0x00007ff93d290000 - 0x00007ff93d2b8000 	C:\WINDOWS\System32\GDI32.dll
0x00007ff93c760000 - 0x00007ff93c8f1000 	C:\WINDOWS\System32\gdi32full.dll
0x00007ff93bbe0000 - 0x00007ff93bc7f000 	C:\WINDOWS\System32\msvcp_win.dll
0x00007ff93cb50000 - 0x00007ff93cc48000 	C:\WINDOWS\System32\ucrtbase.dll
0x00007ff92c8b0000 - 0x00007ff92cb19000 	C:\WINDOWS\WinSxS\amd64_microsoft.windows.common-controls_6595b64144ccf1df_6.0.17134.885_none_fb42a3473065565f\COMCTL32.dll
0x00007ff93ed10000 - 0x00007ff93f032000 	C:\WINDOWS\System32\combase.dll
0x00007ff93bfd0000 - 0x00007ff93c049000 	C:\WINDOWS\System32\bcryptPrimitives.dll
0x00007ff93a020000 - 0x00007ff93a02a000 	C:\WINDOWS\SYSTEM32\VERSION.dll
0x00007ff93d8a0000 - 0x00007ff93d8cd000 	C:\WINDOWS\System32\IMM32.DLL
0x00007ff93a090000 - 0x00007ff93a0a6000 	C:\Program Files\Java\jdk-11.0.1\bin\vcruntime140.dll
0x00007ff925970000 - 0x00007ff925a1a000 	C:\Program Files\Java\jdk-11.0.1\bin\msvcp140.dll
0x00007ff8e7310000 - 0x00007ff8e7e52000 	C:\Program Files\Java\jdk-11.0.1\bin\server\jvm.dll
0x00007ff93d470000 - 0x00007ff93d478000 	C:\WINDOWS\System32\PSAPI.DLL
0x00007ff91eab0000 - 0x00007ff91eab9000 	C:\WINDOWS\SYSTEM32\WSOCK32.dll
0x00007ff93d6e0000 - 0x00007ff93d74c000 	C:\WINDOWS\System32\WS2_32.dll
0x00007ff939390000 - 0x00007ff9393b3000 	C:\WINDOWS\SYSTEM32\WINMM.dll
0x00007ff939360000 - 0x00007ff93938a000 	C:\WINDOWS\SYSTEM32\WINMMBASE.dll
0x00007ff93bb90000 - 0x00007ff93bbd9000 	C:\WINDOWS\System32\cfgmgr32.dll
0x00007ff93bb30000 - 0x00007ff93bb41000 	C:\WINDOWS\System32\kernel.appcore.dll
0x00007ff934fe0000 - 0x00007ff934ff1000 	C:\Program Files\Java\jdk-11.0.1\bin\verify.dll
0x00007ff93b620000 - 0x00007ff93b7e9000 	C:\WINDOWS\SYSTEM32\DBGHELP.DLL
0x00007ff93b550000 - 0x00007ff93b579000 	C:\WINDOWS\SYSTEM32\dbgcore.DLL
0x00007ff932550000 - 0x00007ff932579000 	C:\Program Files\Java\jdk-11.0.1\bin\java.dll
0x00007ff934800000 - 0x00007ff934816000 	C:\Program Files\Java\jdk-11.0.1\bin\zip.dll
0x00007ff93b590000 - 0x00007ff93b59a000 	C:\Program Files\Java\jdk-11.0.1\bin\jimage.dll
0x00007ff93d8d0000 - 0x00007ff93ed10000 	C:\WINDOWS\System32\SHELL32.dll
0x00007ff93d1e0000 - 0x00007ff93d289000 	C:\WINDOWS\System32\shcore.dll
0x00007ff93c050000 - 0x00007ff93c75d000 	C:\WINDOWS\System32\windows.storage.dll
0x00007ff93d360000 - 0x00007ff93d3b1000 	C:\WINDOWS\System32\shlwapi.dll
0x00007ff93bb70000 - 0x00007ff93bb8f000 	C:\WINDOWS\System32\profapi.dll
0x00007ff93bae0000 - 0x00007ff93bb2c000 	C:\WINDOWS\System32\powrprof.dll
0x00007ff93bad0000 - 0x00007ff93bada000 	C:\WINDOWS\System32\FLTLIB.DLL
0x00007ff932530000 - 0x00007ff932549000 	C:\Program Files\Java\jdk-11.0.1\bin\net.dll
0x00007ff931e60000 - 0x00007ff931f3d000 	C:\WINDOWS\SYSTEM32\WINHTTP.dll
0x00007ff93aff0000 - 0x00007ff93b056000 	C:\WINDOWS\system32\mswsock.dll
0x00007ff932510000 - 0x00007ff932523000 	C:\Program Files\Java\jdk-11.0.1\bin\nio.dll
0x00007ff920070000 - 0x00007ff9200e2000 	C:\Users\B\AppData\Local\Temp\lwjglB\3.2.2-build-10\lwjgl.dll
0x00007ff925910000 - 0x00007ff92596e000 	C:\Users\B\AppData\Local\Temp\lwjglB\3.2.2-build-10\glfw.dll
0x00007ff939570000 - 0x00007ff939608000 	C:\WINDOWS\system32\uxtheme.dll
0x00007ff91df20000 - 0x00007ff91df63000 	C:\WINDOWS\SYSTEM32\dinput8.dll
0x00007ff9305c0000 - 0x00007ff9305d0000 	C:\WINDOWS\SYSTEM32\xinput1_4.dll
0x00007ff93b8e0000 - 0x00007ff93b907000 	C:\WINDOWS\SYSTEM32\DEVOBJ.dll
0x00007ff939730000 - 0x00007ff939759000 	C:\WINDOWS\SYSTEM32\dwmapi.dll
0x00007ff930240000 - 0x00007ff9302b9000 	C:\WINDOWS\SYSTEM32\inputhost.dll
0x00007ff938f20000 - 0x00007ff938ffa000 	C:\WINDOWS\SYSTEM32\CoreMessaging.dll
0x00007ff936d70000 - 0x00007ff93708e000 	C:\WINDOWS\SYSTEM32\CoreUIComponents.dll
0x00007ff937260000 - 0x00007ff9373ad000 	C:\WINDOWS\SYSTEM32\wintypes.dll
0x00007ff93a840000 - 0x00007ff93a871000 	C:\WINDOWS\SYSTEM32\ntmarta.dll
0x00007ff93cc70000 - 0x00007ff93cde3000 	C:\WINDOWS\System32\MSCTF.dll
0x00007ff93d750000 - 0x00007ff93d812000 	C:\WINDOWS\System32\OLEAUT32.dll
0x00007ff939cc0000 - 0x00007ff939ccc000 	C:\WINDOWS\SYSTEM32\HID.DLL
0x00007ff93f040000 - 0x00007ff93f48b000 	C:\WINDOWS\System32\SETUPAPI.DLL
0x00007ff93caf0000 - 0x00007ff93cb47000 	C:\WINDOWS\System32\WINTRUST.dll
0x00007ff93bb50000 - 0x00007ff93bb62000 	C:\WINDOWS\System32\MSASN1.dll
0x00007ff93c900000 - 0x00007ff93cae2000 	C:\WINDOWS\System32\CRYPT32.dll
0x00007ff90f160000 - 0x00007ff90f280000 	C:\WINDOWS\SYSTEM32\opengl32.dll
0x00007ff90f0f0000 - 0x00007ff90f11c000 	C:\WINDOWS\SYSTEM32\GLU32.dll
0x00007ff8e8400000 - 0x00007ff8e8c31000 	C:\WINDOWS\SYSTEM32\ig7icd64.dll
0x00007ff935300000 - 0x00007ff935765000 	C:\WINDOWS\SYSTEM32\igdusc64.dll
0x00007ff939150000 - 0x00007ff939163000 	C:\WINDOWS\SYSTEM32\WTSAPI32.dll
0x00007ff939e10000 - 0x00007ff939ecb000 	C:\WINDOWS\SYSTEM32\dxgi.dll
0x00007ff938540000 - 0x00007ff93884b000 	C:\WINDOWS\SYSTEM32\d3d11.dll
0x00007ff935e90000 - 0x00007ff936a32000 	C:\WINDOWS\SYSTEM32\igd10iumd64.dll
0x00007ff93f4a0000 - 0x00007ff93f5f1000 	C:\WINDOWS\System32\ole32.dll
0x00007ff93b5f0000 - 0x00007ff93b615000 	C:\WINDOWS\SYSTEM32\bcrypt.dll
0x00007ff93b280000 - 0x00007ff93b2a6000 	C:\WINDOWS\SYSTEM32\ncrypt.dll
0x00007ff93b240000 - 0x00007ff93b276000 	C:\WINDOWS\SYSTEM32\NTASN1.dll
0x00007ff9301a0000 - 0x00007ff930236000 	C:\WINDOWS\System32\TextInputFramework.dll
0x00007ff91dd10000 - 0x00007ff91dd68000 	C:\Users\B\AppData\Local\Temp\lwjglB\3.2.2-build-10\lwjgl_opengl.dll
0x00007ff8fbbf0000 - 0x00007ff8fbe41000 	C:\Users\B\AppData\Local\Temp\lwjglB\3.2.2-build-10\jemalloc.dll
0x00007ff909700000 - 0x00007ff90977f000 	C:\Users\B\AppData\Local\Temp\lwjglB\3.2.2-build-10\lwjgl_stb.dll

dbghelp: loaded successfully - version: 4.0.5 - missing functions: none
symbol engine: initialized successfully - sym options: 0x614 - pdb path: .;C:\Program Files\Java\jdk-11.0.1\bin;C:\WINDOWS\SYSTEM32;C:\WINDOWS\WinSxS\amd64_microsoft.windows.common-controls_6595b64144ccf1df_6.0.17134.885_none_fb42a3473065565f;C:\Program Files\Java\jdk-11.0.1\bin\server;C:\Users\B\AppData\Local\Temp\lwjglB\3.2.2-build-10

VM Arguments:
jvm_args: -Dfile.encoding=UTF-8 
java_command: DabEngine.TestCaseEngine
java_class_path (initial): C:\Users\B\Documents\DabEngine\bin\main;C:\Users\B\Documents\DabEngine\bin\test;C:\Users\B\.gradle\caches\modules-2\files-2.1\org.apache.commons\commons-math3\3.6.1\e4ba98f1d4b3c80ec46392f25e094a6a2e58fcbf\commons-math3-3.6.1.jar;C:\Users\B\.gradle\caches\modules-2\files-2.1\com.google.guava\guava\27.0.1-jre\bd41a290787b5301e63929676d792c507bbc00ae\guava-27.0.1-jre.jar;C:\Users\B\Documents\DabEngine\libs\jython-standalone-2.7.0.jar;C:\Users\B\.gradle\caches\modules-2\files-2.1\com.googlecode.json-simple\json-simple\1.1.1\c9ad4a0850ab676c5c64461a05ca524cdfff59f1\json-simple-1.1.1.jar;C:\Users\B\.gradle\caches\modules-2\files-2.1\com.google.guava\failureaccess\1.0.1\1dcf1de382a0bf95a3d8b0849546c88bac1292c9\failureaccess-1.0.1.jar;C:\Users\B\.gradle\caches\modules-2\files-2.1\com.google.guava\listenablefuture\9999.0-empty-to-avoid-conflict-with-guava\b421526c5f297295adef1c886e5246c39d4ac629\listenablefuture-9999.0-empty-to-avoid-conflict-with-guava.jar;C:\Users\B\.gradle\caches\modules-2\files-2.1\com.google.code.findbugs\jsr305\3.0.2\25ea2e8b0c338a877313bd4672d3fe056ea78f0d\jsr305-3.0.2.jar;C:\Users\B\.gradle\caches\modules-2\files-2.1\org.checkerframework\checker-qual\2.5.2\cea74543d5904a30861a61b4643a5f2bb372efc4\checker-qual-2.5.2.jar;C:\Users\B\.gradle\caches\modules-2\files-2.1\com.google.errorprone\error_prone_annotations\2.2.0\88e3c593e9b3586e1c6177f89267da6fc6986f0c\error_prone_annotations-2.2.0.jar;C:\Users\B\.gradle\caches\modules-2\files-2.1\com.google.j2objc\j2objc-annotations\1.1\ed28ded51a8b1c6b112568def5f4b455e6809019\j2objc-annotations-1.1.jar;C:\Users\B\.gradle\caches\modules-2\files-2.1\org.codehaus.mojo\animal-sniffer-annotations\1.17\f97ce6decaea32b36101e37979f8b647f00681fb\animal-sniffer-annotations-1.17.jar;C:\Users\B\.gradle\caches\modules-2\files-2.1\junit\junit\4.10\e4f1766ce7404a08f45d859fb9c226fc9e41a861\junit-4.10.jar;C:\Users\B\.gradle\caches\modules-2\files-2.1\org.hamcrest\hamcrest-core\1.1\860340562250678d1a
Launcher Type: SUN_STANDARD

[Global flags]
     intx CICompilerCount                          = 3                                         {product} {ergonomic}
     uint ConcGCThreads                            = 1                                         {product} {ergonomic}
     uint G1ConcRefinementThreads                  = 4                                         {product} {ergonomic}
   size_t G1HeapRegionSize                         = 1048576                                   {product} {ergonomic}
    uintx GCDrainStackTargetSize                   = 64                                        {product} {ergonomic}
   size_t InitialHeapSize                          = 134217728                                 {product} {ergonomic}
   size_t MarkStackSize                            = 4194304                                   {product} {ergonomic}
   size_t MaxHeapSize                              = 2122317824                                {product} {ergonomic}
   size_t MaxNewSize                               = 1272971264                                {product} {ergonomic}
   size_t MinHeapDeltaBytes                        = 1048576                                   {product} {ergonomic}
    uintx NonNMethodCodeHeapSize                   = 5830092                                {pd product} {ergonomic}
    uintx NonProfiledCodeHeapSize                  = 122914074                              {pd product} {ergonomic}
    uintx ProfiledCodeHeapSize                     = 122914074                              {pd product} {ergonomic}
    uintx ReservedCodeCacheSize                    = 251658240                              {pd product} {ergonomic}
     bool SegmentedCodeCache                       = true                                      {product} {ergonomic}
     bool UseCompressedClassPointers               = true                                 {lp64_product} {ergonomic}
     bool UseCompressedOops                        = true                                 {lp64_product} {ergonomic}
     bool UseG1GC                                  = true                                      {product} {ergonomic}
     bool UseLargePagesIndividualAllocation        = false                                  {pd product} {ergonomic}

Logging:
Log output configuration:
 #0: stdout all=warning uptime,level,tags
 #1: stderr all=off uptime,level,tags

Environment Variables:
CLASSPATH=.;.;C:\PROGRA~2\JMF21~1.1E\lib\sound.jar;C:\PROGRA~2\JMF21~1.1E\lib\jmf.jar;C:\PROGRA~2\JMF21~1.1E\lib;
PATH=C:\Program Files (x86)\Common Files\Intel\Shared Libraries\redist\intel64\compiler;C:\WINDOWS\system32;C:\WINDOWS;C:\WINDOWS\System32\Wbem;C:\WINDOWS\System32\WindowsPowerShell\v1.0\;C:\WINDOWS\System32\OpenSSH\;C:\Program Files\Java\jdk-11.0.1\bin;C:\Program Files\Git\cmd;C:\Program Files (x86)\Windows Kits\10\Windows Performance Toolkit\;C:\Program Files\Csound6_x64\bin;C:\ProgramData\chocolatey\bin;C:\Users\B\AppData\Local\Programs\Python\Python36\Scripts\;C:\Users\B\AppData\Local\Programs\Python\Python36\;C:\Users\B\scoop\shims;C:\Users\B\AppData\Local\Microsoft\WindowsApps;C:\Users\B\AppData\Local\GitHubDesktop\bin;C:\Users\B\AppData\Local\atom\bin;C:\Users\B\AppData\Local\Programs\Microsoft VS Code\bin
USERNAME=B
OS=Windows_NT
PROCESSOR_IDENTIFIER=Intel64 Family 6 Model 58 Stepping 9, GenuineIntel



---------------  S Y S T E M  ---------------

OS: Windows 10 , 64 bit Build 17134 (10.0.17134.753)

CPU:total 4 (initial active 4) (2 cores per cpu, 2 threads per core) family 6 model 58 stepping 9, cmov, cx8, fxsr, mmx, sse, sse2, sse3, ssse3, sse4.1, sse4.2, popcnt, avx, clmul, erms, ht, tsc, tscinvbit, tscinv

Memory: 4k page, system-wide physical 8089M (1082M free)
TotalPageFile size 14740M (AvailPageFile size 2534M)
current process WorkingSet (physical memory assigned to process): 129M, peak: 134M
current process commit charge ("private bytes"): 271M, peak: 277M

vm_info: Java HotSpot(TM) 64-Bit Server VM (11.0.1+13-LTS) for windows-amd64 JRE (11.0.1+13-LTS), built on Oct  6 2018 13:20:16 by "mach5one" with MS VC++ 15.5 (VS2017)

END.
