#
# A fatal error has been detected by the Java Runtime Environment:
#
#  EXCEPTION_ACCESS_VIOLATION (0xc0000005) at pc=0x00007ffcf8bc334d, pid=4956, tid=1596
#
# JRE version: Java(TM) SE Runtime Environment (11.0.1+13) (build 11.0.1+13-LTS)
# Java VM: Java HotSpot(TM) 64-Bit Server VM (11.0.1+13-LTS, mixed mode, tiered, compressed oops, g1 gc, windows-amd64)
# Problematic frame:
# C  [ig7icd64.dll+0x9334d]
#
# No core dump will be written. Minidumps are not enabled by default on client versions of Windows
#
# If you would like to submit a bug report, please visit:
#   http://bugreport.java.com/bugreport/crash.jsp
# The crash happened outside the Java Virtual Machine in native code.
# See problematic frame for where to report the bug.
#

---------------  S U M M A R Y ------------

Command Line: -Dfile.encoding=UTF-8 DabEngine.TestCaseEngine

Host: Intel(R) Core(TM) i3-3110M CPU @ 2.40GHz, 4 cores, 7G,  Windows 10 , 64 bit Build 17134 (10.0.17134.753)
Time: Mon Jul  8 23:53:19 2019 GMT Daylight Time elapsed time: 3 seconds (0d 0h 0m 3s)

---------------  T H R E A D  ---------------

Current thread (0x0000020b996e2800):  JavaThread "main" [_thread_in_native, id=1596, stack(0x0000000c92200000,0x0000000c92300000)]

Stack: [0x0000000c92200000,0x0000000c92300000],  sp=0x0000000c922fe6d0,  free space=1017k
Native frames: (J=compiled Java code, j=interpreted, Vv=VM code, C=native code)
C  [ig7icd64.dll+0x9334d]

Java frames: (J=compiled Java code, j=interpreted, Vv=VM code)
j  org.lwjgl.opengl.GL11C.nglTexImage2D(IIIIIIIIJ)V+0
j  org.lwjgl.opengl.GL11C.glTexImage2D(IIIIIIIILjava/nio/ByteBuffer;)V+17
j  org.lwjgl.opengl.GL11.glTexImage2D(IIIIIIIILjava/nio/ByteBuffer;)V+14
j  DabEngine.Graphics.OpenGL.Textures.Texture.<init>(Ljava/nio/ByteBuffer;II[LDabEngine/Graphics/OpenGL/Textures/Texture$Parameters;)V+292
j  DabEngine.TestCaseEngine.init()V+104
j  DabEngine.Core.Engine.init(LDabEngine/Core/App;)V+127
j  DabEngine.TestCaseEngine.main([Ljava/lang/String;)V+10
v  ~StubRoutines::call_stub

siginfo: EXCEPTION_ACCESS_VIOLATION (0xc0000005), reading address 0x0000020bbe52a000


Register to memory mapping:

RIP=0x00007ffcf8bc334d ig7icd64.dll
RAX=0x0000000000000020 is an unknown value
RBX=0x0000000c922fe7b0 is pointing into the stack for thread: 0x0000020b996e2800
RCX=0x0 is NULL
RDX=0x0000020bbe529fc0 points into unknown readable memory
RSP=0x0000000c922fe6d0 is pointing into the stack for thread: 0x0000020b996e2800
RBP=0x0000000c922fe7e9 is pointing into the stack for thread: 0x0000020b996e2800
RSI=0x0000020bc0320000 points into unknown readable memory
RDI=0x0000020bc0321000 points into unknown readable memory
R8 =0x0000000000100000 is an unknown value
R9 =0x0000000000002000 is an unknown value
R10=0x0000000000000020 is an unknown value
R11=0x0000000000001b00 is an unknown value
R12=0x0000020bc0320000 points into unknown readable memory
R13=0x00007ffcf92c1620 ig7icd64.dll
R14=0x0 is NULL
R15=0x0000020bbe529040 points into unknown readable memory


Registers:
RAX=0x0000000000000020, RBX=0x0000000c922fe7b0, RCX=0x0000000000000000, RDX=0x0000020bbe529fc0
RSP=0x0000000c922fe6d0, RBP=0x0000000c922fe7e9, RSI=0x0000020bc0320000, RDI=0x0000020bc0321000
R8 =0x0000000000100000, R9 =0x0000000000002000, R10=0x0000000000000020, R11=0x0000000000001b00
R12=0x0000020bc0320000, R13=0x00007ffcf92c1620, R14=0x0000000000000000, R15=0x0000020bbe529040
RIP=0x00007ffcf8bc334d, EFLAGS=0x0000000000010207

Top of Stack: (sp=0x0000000c922fe6d0)
0x0000000c922fe6d0:   0000000000000000 0000000000000000
0x0000000c922fe6e0:   0000000000000000 0000000000000000
0x0000000c922fe6f0:   0000020bbe529040 00007ffcf8eff766
0x0000000c922fe700:   0000000000000000 0000020bbd5782f0
0x0000000c922fe710:   0000000000000000 0000000c922fe7e9
0x0000000c922fe720:   0000000000000000 00007ffcf8d6a41a
0x0000000c922fe730:   0000000c922fe7e9 0000020bbd5782f0
0x0000000c922fe740:   0000000000000000 0000000c922fe8e0
0x0000000c922fe750:   0000020b00000001 0000020bbe529040
0x0000000c922fe760:   0000080000100000 0000000000000002
0x0000000c922fe770:   0000000000000000 0000000000000007
0x0000000c922fe780:   0000000000000000 0000000000000800
0x0000000c922fe790:   0000000000000000 0000000000000000
0x0000000c922fe7a0:   fffffffffffffffe 0000000000000000
0x0000000c922fe7b0:   00007ffcf90c0328 0000020bb98ee600
0x0000000c922fe7c0:   0000020000000200 0000004800000000 

Instructions: (pc=0x00007ffcf8bc334d)
0x00007ffcf8bc332d:   00 00 00 66 0f 6f 3a 66 0f 6f 72 10 66 0f 6f 6a
0x00007ffcf8bc333d:   20 41 ff c2 48 83 ef 80 41 8b c2 66 0f 6f 62 30
0x00007ffcf8bc334d:   66 0f 6f 5a 40 66 0f 6f 52 50 66 0f 6f 4a 60 66
0x00007ffcf8bc335d:   0f 6f 42 70 66 0f e7 7f 80 48 83 ea 80 66 0f e7 



---------------  P R O C E S S  ---------------

Threads class SMR info:
_java_thread_list=0x0000020bb96a3e70, length=12, elements={
0x0000020b996e2800, 0x0000020bb7a17000, 0x0000020bb7a3a800, 0x0000020bb83a1800,
0x0000020bb83a2800, 0x0000020bb7a50800, 0x0000020bb835d000, 0x0000020bb8400000,
0x0000020bb8646800, 0x0000020bb8658000, 0x0000020bbdbee000, 0x0000020bbd590000
}

Java Threads: ( => current thread )
=>0x0000020b996e2800 JavaThread "main" [_thread_in_native, id=1596, stack(0x0000000c92200000,0x0000000c92300000)]
  0x0000020bb7a17000 JavaThread "Reference Handler" daemon [_thread_blocked, id=13844, stack(0x0000000c92900000,0x0000000c92a00000)]
  0x0000020bb7a3a800 JavaThread "Finalizer" daemon [_thread_blocked, id=9576, stack(0x0000000c92a00000,0x0000000c92b00000)]
  0x0000020bb83a1800 JavaThread "Signal Dispatcher" daemon [_thread_blocked, id=340, stack(0x0000000c92b00000,0x0000000c92c00000)]
  0x0000020bb83a2800 JavaThread "Attach Listener" daemon [_thread_blocked, id=9720, stack(0x0000000c92c00000,0x0000000c92d00000)]
  0x0000020bb7a50800 JavaThread "C2 CompilerThread0" daemon [_thread_blocked, id=5128, stack(0x0000000c92d00000,0x0000000c92e00000)]
  0x0000020bb835d000 JavaThread "C1 CompilerThread0" daemon [_thread_blocked, id=2080, stack(0x0000000c92e00000,0x0000000c92f00000)]
  0x0000020bb8400000 JavaThread "Sweeper thread" daemon [_thread_blocked, id=5060, stack(0x0000000c92f00000,0x0000000c93000000)]
  0x0000020bb8646800 JavaThread "Service Thread" daemon [_thread_blocked, id=4944, stack(0x0000000c93000000,0x0000000c93100000)]
  0x0000020bb8658000 JavaThread "Common-Cleaner" daemon [_thread_blocked, id=15020, stack(0x0000000c93200000,0x0000000c93300000)]
  0x0000020bbdbee000 JavaThread "C2 CompilerThread1" daemon [_thread_blocked, id=8804, stack(0x0000000c93500000,0x0000000c93600000)]
  0x0000020bbd590000 JavaThread "Java2D Disposer" daemon [_thread_blocked, id=9904, stack(0x0000000c93800000,0x0000000c93900000)]

Other Threads:
  0x0000020bb7a15000 VMThread "VM Thread" [stack: 0x0000000c92800000,0x0000000c92900000] [id=6356]
  0x0000020bb864e000 WatcherThread [stack: 0x0000000c93100000,0x0000000c93200000] [id=872]
  0x0000020b996fb000 GCTaskThread "GC Thread#0" [stack: 0x0000000c92300000,0x0000000c92400000] [id=4260]
  0x0000020bb8e89000 GCTaskThread "GC Thread#1" [stack: 0x0000000c93300000,0x0000000c93400000] [id=6436]
  0x0000020bb8c59000 GCTaskThread "GC Thread#2" [stack: 0x0000000c93400000,0x0000000c93500000] [id=6696]
  0x0000020b99725000 ConcurrentGCThread "G1 Main Marker" [stack: 0x0000000c92400000,0x0000000c92500000] [id=7556]
  0x0000020b99726800 ConcurrentGCThread "G1 Conc#0" [stack: 0x0000000c92500000,0x0000000c92600000] [id=14960]
  0x0000020b9979a000 ConcurrentGCThread "G1 Refine#0" [stack: 0x0000000c92600000,0x0000000c92700000] [id=9392]
  0x0000020b9979b000 ConcurrentGCThread "G1 Young RemSet Sampling" [stack: 0x0000000c92700000,0x0000000c92800000] [id=15176]

Threads with active compile tasks:

VM state:not at safepoint (normal execution)

VM Mutex/Monitor currently owned by a thread: None

Heap address: 0x0000000081800000, size: 2024 MB, Compressed Oops mode: 32-bit
Narrow klass base: 0x0000000000000000, Narrow klass shift: 3
Compressed class space size: 1073741824 Address: 0x0000000100000000

Heap:
 garbage-first heap   total 131072K, used 36448K [0x0000000081800000, 0x0000000100000000)
  region size 1024K, 26 young (26624K), 1 survivors (1024K)
 Metaspace       used 14921K, capacity 15145K, committed 15360K, reserved 1062912K
  class space    used 1151K, capacity 1249K, committed 1280K, reserved 1048576K
Heap Regions: E=young(eden), S=young(survivor), O=old, HS=humongous(starts), HC=humongous(continues), CS=collection set, F=free, A=archive, TAMS=top-at-mark-start (previous, next)
|   0|0x0000000081800000, 0x0000000081900000, 0x0000000081900000|100%|HS|  |TAMS 0x0000000081800000, 0x0000000081800000| Complete 
|   1|0x0000000081900000, 0x0000000081a00000, 0x0000000081a00000|100%|HC|  |TAMS 0x0000000081900000, 0x0000000081900000| Complete 
|   2|0x0000000081a00000, 0x0000000081b00000, 0x0000000081b00000|100%| O|  |TAMS 0x0000000081a00000, 0x0000000081a00000| Untracked 
|   3|0x0000000081b00000, 0x0000000081c00000, 0x0000000081c00000|100%| O|  |TAMS 0x0000000081b00000, 0x0000000081b00000| Untracked 
|   4|0x0000000081c00000, 0x0000000081d00000, 0x0000000081d00000|100%| O|  |TAMS 0x0000000081c00000, 0x0000000081c00000| Untracked 
|   5|0x0000000081d00000, 0x0000000081e00000, 0x0000000081e00000|100%| O|  |TAMS 0x0000000081d00000, 0x0000000081d00000| Untracked 
|   6|0x0000000081e00000, 0x0000000081e1dc00, 0x0000000081f00000| 11%| O|  |TAMS 0x0000000081e00000, 0x0000000081e00000| Untracked 
|   7|0x0000000081f00000, 0x0000000082000000, 0x0000000082000000|100%|HS|  |TAMS 0x0000000081f00000, 0x0000000081f00000| Complete 
|   8|0x0000000082000000, 0x0000000082100000, 0x0000000082100000|100%|HC|  |TAMS 0x0000000082000000, 0x0000000082000000| Complete 
|   9|0x0000000082100000, 0x0000000082200000, 0x0000000082200000|100%|HS|  |TAMS 0x0000000082100000, 0x0000000082100000| Complete 
|  10|0x0000000082200000, 0x0000000082300000, 0x0000000082300000|100%|HC|  |TAMS 0x0000000082200000, 0x0000000082200000| Complete 
|  11|0x0000000082300000, 0x0000000082400000, 0x0000000082400000|100%|HS|  |TAMS 0x0000000082300000, 0x0000000082300000| Complete 
|  12|0x0000000082400000, 0x0000000082500000, 0x0000000082500000|100%|HC|  |TAMS 0x0000000082400000, 0x0000000082400000| Complete 
|  13|0x0000000082500000, 0x0000000082500000, 0x0000000082600000|  0%| F|  |TAMS 0x0000000082500000, 0x0000000082500000| Untracked 
|  14|0x0000000082600000, 0x0000000082600000, 0x0000000082700000|  0%| F|  |TAMS 0x0000000082600000, 0x0000000082600000| Untracked 
|  15|0x0000000082700000, 0x0000000082700000, 0x0000000082800000|  0%| F|  |TAMS 0x0000000082700000, 0x0000000082700000| Untracked 
|  16|0x0000000082800000, 0x0000000082800000, 0x0000000082900000|  0%| F|  |TAMS 0x0000000082800000, 0x0000000082800000| Untracked 
|  17|0x0000000082900000, 0x0000000082900000, 0x0000000082a00000|  0%| F|  |TAMS 0x0000000082900000, 0x0000000082900000| Untracked 
|  18|0x0000000082a00000, 0x0000000082a00000, 0x0000000082b00000|  0%| F|  |TAMS 0x0000000082a00000, 0x0000000082a00000| Untracked 
|  19|0x0000000082b00000, 0x0000000082b00000, 0x0000000082c00000|  0%| F|  |TAMS 0x0000000082b00000, 0x0000000082b00000| Untracked 
|  20|0x0000000082c00000, 0x0000000082c00000, 0x0000000082d00000|  0%| F|  |TAMS 0x0000000082c00000, 0x0000000082c00000| Untracked 
|  21|0x0000000082d00000, 0x0000000082d00000, 0x0000000082e00000|  0%| F|  |TAMS 0x0000000082d00000, 0x0000000082d00000| Untracked 
|  22|0x0000000082e00000, 0x0000000082e00000, 0x0000000082f00000|  0%| F|  |TAMS 0x0000000082e00000, 0x0000000082e00000| Untracked 
|  23|0x0000000082f00000, 0x0000000082f00000, 0x0000000083000000|  0%| F|  |TAMS 0x0000000082f00000, 0x0000000082f00000| Untracked 
|  24|0x0000000083000000, 0x0000000083000000, 0x0000000083100000|  0%| F|  |TAMS 0x0000000083000000, 0x0000000083000000| Untracked 
|  25|0x0000000083100000, 0x0000000083100000, 0x0000000083200000|  0%| F|  |TAMS 0x0000000083100000, 0x0000000083100000| Untracked 
|  26|0x0000000083200000, 0x0000000083200000, 0x0000000083300000|  0%| F|  |TAMS 0x0000000083200000, 0x0000000083200000| Untracked 
|  27|0x0000000083300000, 0x0000000083300000, 0x0000000083400000|  0%| F|  |TAMS 0x0000000083300000, 0x0000000083300000| Untracked 
|  28|0x0000000083400000, 0x0000000083400000, 0x0000000083500000|  0%| F|  |TAMS 0x0000000083400000, 0x0000000083400000| Untracked 
|  29|0x0000000083500000, 0x0000000083500000, 0x0000000083600000|  0%| F|  |TAMS 0x0000000083500000, 0x0000000083500000| Untracked 
|  30|0x0000000083600000, 0x0000000083600000, 0x0000000083700000|  0%| F|  |TAMS 0x0000000083600000, 0x0000000083600000| Untracked 
|  31|0x0000000083700000, 0x0000000083700000, 0x0000000083800000|  0%| F|  |TAMS 0x0000000083700000, 0x0000000083700000| Untracked 
|  32|0x0000000083800000, 0x0000000083800000, 0x0000000083900000|  0%| F|  |TAMS 0x0000000083800000, 0x0000000083800000| Untracked 
|  33|0x0000000083900000, 0x0000000083900000, 0x0000000083a00000|  0%| F|  |TAMS 0x0000000083900000, 0x0000000083900000| Untracked 
|  34|0x0000000083a00000, 0x0000000083a00000, 0x0000000083b00000|  0%| F|  |TAMS 0x0000000083a00000, 0x0000000083a00000| Untracked 
|  35|0x0000000083b00000, 0x0000000083b00000, 0x0000000083c00000|  0%| F|  |TAMS 0x0000000083b00000, 0x0000000083b00000| Untracked 
|  36|0x0000000083c00000, 0x0000000083c00000, 0x0000000083d00000|  0%| F|  |TAMS 0x0000000083c00000, 0x0000000083c00000| Untracked 
|  37|0x0000000083d00000, 0x0000000083d00000, 0x0000000083e00000|  0%| F|  |TAMS 0x0000000083d00000, 0x0000000083d00000| Untracked 
|  38|0x0000000083e00000, 0x0000000083e00000, 0x0000000083f00000|  0%| F|  |TAMS 0x0000000083e00000, 0x0000000083e00000| Untracked 
|  39|0x0000000083f00000, 0x0000000083f00000, 0x0000000084000000|  0%| F|  |TAMS 0x0000000083f00000, 0x0000000083f00000| Untracked 
|  40|0x0000000084000000, 0x0000000084000000, 0x0000000084100000|  0%| F|  |TAMS 0x0000000084000000, 0x0000000084000000| Untracked 
|  41|0x0000000084100000, 0x0000000084100000, 0x0000000084200000|  0%| F|  |TAMS 0x0000000084100000, 0x0000000084100000| Untracked 
|  42|0x0000000084200000, 0x0000000084200000, 0x0000000084300000|  0%| F|  |TAMS 0x0000000084200000, 0x0000000084200000| Untracked 
|  43|0x0000000084300000, 0x0000000084300000, 0x0000000084400000|  0%| F|  |TAMS 0x0000000084300000, 0x0000000084300000| Untracked 
|  44|0x0000000084400000, 0x0000000084400000, 0x0000000084500000|  0%| F|  |TAMS 0x0000000084400000, 0x0000000084400000| Untracked 
|  45|0x0000000084500000, 0x0000000084500000, 0x0000000084600000|  0%| F|  |TAMS 0x0000000084500000, 0x0000000084500000| Untracked 
|  46|0x0000000084600000, 0x0000000084600000, 0x0000000084700000|  0%| F|  |TAMS 0x0000000084600000, 0x0000000084600000| Untracked 
|  47|0x0000000084700000, 0x0000000084700000, 0x0000000084800000|  0%| F|  |TAMS 0x0000000084700000, 0x0000000084700000| Untracked 
|  48|0x0000000084800000, 0x0000000084800000, 0x0000000084900000|  0%| F|  |TAMS 0x0000000084800000, 0x0000000084800000| Untracked 
|  49|0x0000000084900000, 0x0000000084900000, 0x0000000084a00000|  0%| F|  |TAMS 0x0000000084900000, 0x0000000084900000| Untracked 
|  50|0x0000000084a00000, 0x0000000084a00000, 0x0000000084b00000|  0%| F|  |TAMS 0x0000000084a00000, 0x0000000084a00000| Untracked 
|  51|0x0000000084b00000, 0x0000000084b00000, 0x0000000084c00000|  0%| F|  |TAMS 0x0000000084b00000, 0x0000000084b00000| Untracked 
|  52|0x0000000084c00000, 0x0000000084c00000, 0x0000000084d00000|  0%| F|  |TAMS 0x0000000084c00000, 0x0000000084c00000| Untracked 
|  53|0x0000000084d00000, 0x0000000084d00000, 0x0000000084e00000|  0%| F|  |TAMS 0x0000000084d00000, 0x0000000084d00000| Untracked 
|  54|0x0000000084e00000, 0x0000000084e00000, 0x0000000084f00000|  0%| F|  |TAMS 0x0000000084e00000, 0x0000000084e00000| Untracked 
|  55|0x0000000084f00000, 0x0000000084f00000, 0x0000000085000000|  0%| F|  |TAMS 0x0000000084f00000, 0x0000000084f00000| Untracked 
|  56|0x0000000085000000, 0x0000000085000000, 0x0000000085100000|  0%| F|  |TAMS 0x0000000085000000, 0x0000000085000000| Untracked 
|  57|0x0000000085100000, 0x0000000085100000, 0x0000000085200000|  0%| F|  |TAMS 0x0000000085100000, 0x0000000085100000| Untracked 
|  58|0x0000000085200000, 0x0000000085200000, 0x0000000085300000|  0%| F|  |TAMS 0x0000000085200000, 0x0000000085200000| Untracked 
|  59|0x0000000085300000, 0x0000000085300000, 0x0000000085400000|  0%| F|  |TAMS 0x0000000085300000, 0x0000000085300000| Untracked 
|  60|0x0000000085400000, 0x0000000085400000, 0x0000000085500000|  0%| F|  |TAMS 0x0000000085400000, 0x0000000085400000| Untracked 
|  61|0x0000000085500000, 0x0000000085500000, 0x0000000085600000|  0%| F|  |TAMS 0x0000000085500000, 0x0000000085500000| Untracked 
|  62|0x0000000085600000, 0x0000000085600000, 0x0000000085700000|  0%| F|  |TAMS 0x0000000085600000, 0x0000000085600000| Untracked 
|  63|0x0000000085700000, 0x0000000085700000, 0x0000000085800000|  0%| F|  |TAMS 0x0000000085700000, 0x0000000085700000| Untracked 
|  64|0x0000000085800000, 0x0000000085800000, 0x0000000085900000|  0%| F|  |TAMS 0x0000000085800000, 0x0000000085800000| Untracked 
|  65|0x0000000085900000, 0x0000000085900000, 0x0000000085a00000|  0%| F|  |TAMS 0x0000000085900000, 0x0000000085900000| Untracked 
|  66|0x0000000085a00000, 0x0000000085a00000, 0x0000000085b00000|  0%| F|  |TAMS 0x0000000085a00000, 0x0000000085a00000| Untracked 
|  67|0x0000000085b00000, 0x0000000085b00000, 0x0000000085c00000|  0%| F|  |TAMS 0x0000000085b00000, 0x0000000085b00000| Untracked 
|  68|0x0000000085c00000, 0x0000000085c00000, 0x0000000085d00000|  0%| F|  |TAMS 0x0000000085c00000, 0x0000000085c00000| Untracked 
|  69|0x0000000085d00000, 0x0000000085d00000, 0x0000000085e00000|  0%| F|  |TAMS 0x0000000085d00000, 0x0000000085d00000| Untracked 
|  70|0x0000000085e00000, 0x0000000085e00000, 0x0000000085f00000|  0%| F|  |TAMS 0x0000000085e00000, 0x0000000085e00000| Untracked 
|  71|0x0000000085f00000, 0x0000000085f00000, 0x0000000086000000|  0%| F|  |TAMS 0x0000000085f00000, 0x0000000085f00000| Untracked 
|  72|0x0000000086000000, 0x0000000086000000, 0x0000000086100000|  0%| F|  |TAMS 0x0000000086000000, 0x0000000086000000| Untracked 
|  73|0x0000000086100000, 0x0000000086100000, 0x0000000086200000|  0%| F|  |TAMS 0x0000000086100000, 0x0000000086100000| Untracked 
|  74|0x0000000086200000, 0x0000000086200000, 0x0000000086300000|  0%| F|  |TAMS 0x0000000086200000, 0x0000000086200000| Untracked 
|  75|0x0000000086300000, 0x0000000086300000, 0x0000000086400000|  0%| F|  |TAMS 0x0000000086300000, 0x0000000086300000| Untracked 
|  76|0x0000000086400000, 0x0000000086400000, 0x0000000086500000|  0%| F|  |TAMS 0x0000000086400000, 0x0000000086400000| Untracked 
|  77|0x0000000086500000, 0x0000000086500000, 0x0000000086600000|  0%| F|  |TAMS 0x0000000086500000, 0x0000000086500000| Untracked 
|  78|0x0000000086600000, 0x0000000086600000, 0x0000000086700000|  0%| F|  |TAMS 0x0000000086600000, 0x0000000086600000| Untracked 
|  79|0x0000000086700000, 0x0000000086700000, 0x0000000086800000|  0%| F|  |TAMS 0x0000000086700000, 0x0000000086700000| Untracked 
|  80|0x0000000086800000, 0x0000000086800000, 0x0000000086900000|  0%| F|  |TAMS 0x0000000086800000, 0x0000000086800000| Untracked 
|  81|0x0000000086900000, 0x0000000086900000, 0x0000000086a00000|  0%| F|  |TAMS 0x0000000086900000, 0x0000000086900000| Untracked 
|  82|0x0000000086a00000, 0x0000000086a00000, 0x0000000086b00000|  0%| F|  |TAMS 0x0000000086a00000, 0x0000000086a00000| Untracked 
|  83|0x0000000086b00000, 0x0000000086b00000, 0x0000000086c00000|  0%| F|  |TAMS 0x0000000086b00000, 0x0000000086b00000| Untracked 
|  84|0x0000000086c00000, 0x0000000086c00000, 0x0000000086d00000|  0%| F|  |TAMS 0x0000000086c00000, 0x0000000086c00000| Untracked 
|  85|0x0000000086d00000, 0x0000000086d00000, 0x0000000086e00000|  0%| F|  |TAMS 0x0000000086d00000, 0x0000000086d00000| Untracked 
|  86|0x0000000086e00000, 0x0000000086e00000, 0x0000000086f00000|  0%| F|  |TAMS 0x0000000086e00000, 0x0000000086e00000| Untracked 
|  87|0x0000000086f00000, 0x0000000086f00000, 0x0000000087000000|  0%| F|  |TAMS 0x0000000086f00000, 0x0000000086f00000| Untracked 
|  88|0x0000000087000000, 0x0000000087000000, 0x0000000087100000|  0%| F|  |TAMS 0x0000000087000000, 0x0000000087000000| Untracked 
|  89|0x0000000087100000, 0x0000000087100000, 0x0000000087200000|  0%| F|  |TAMS 0x0000000087100000, 0x0000000087100000| Untracked 
|  90|0x0000000087200000, 0x0000000087200000, 0x0000000087300000|  0%| F|  |TAMS 0x0000000087200000, 0x0000000087200000| Untracked 
|  91|0x0000000087300000, 0x0000000087300000, 0x0000000087400000|  0%| F|  |TAMS 0x0000000087300000, 0x0000000087300000| Untracked 
|  92|0x0000000087400000, 0x0000000087400000, 0x0000000087500000|  0%| F|  |TAMS 0x0000000087400000, 0x0000000087400000| Untracked 
|  93|0x0000000087500000, 0x0000000087500000, 0x0000000087600000|  0%| F|  |TAMS 0x0000000087500000, 0x0000000087500000| Untracked 
|  94|0x0000000087600000, 0x0000000087600000, 0x0000000087700000|  0%| F|  |TAMS 0x0000000087600000, 0x0000000087600000| Untracked 
|  95|0x0000000087700000, 0x0000000087700000, 0x0000000087800000|  0%| F|  |TAMS 0x0000000087700000, 0x0000000087700000| Untracked 
|  96|0x0000000087800000, 0x0000000087800000, 0x0000000087900000|  0%| F|  |TAMS 0x0000000087800000, 0x0000000087800000| Untracked 
|  97|0x0000000087900000, 0x0000000087900000, 0x0000000087a00000|  0%| F|  |TAMS 0x0000000087900000, 0x0000000087900000| Untracked 
|  98|0x0000000087a00000, 0x0000000087a00000, 0x0000000087b00000|  0%| F|  |TAMS 0x0000000087a00000, 0x0000000087a00000| Untracked 
|  99|0x0000000087b00000, 0x0000000087b00000, 0x0000000087c00000|  0%| F|  |TAMS 0x0000000087b00000, 0x0000000087b00000| Untracked 
| 100|0x0000000087c00000, 0x0000000087c00000, 0x0000000087d00000|  0%| F|  |TAMS 0x0000000087c00000, 0x0000000087c00000| Untracked 
| 101|0x0000000087d00000, 0x0000000087d00000, 0x0000000087e00000|  0%| F|  |TAMS 0x0000000087d00000, 0x0000000087d00000| Untracked 
| 102|0x0000000087e00000, 0x0000000087eaf1e8, 0x0000000087f00000| 68%| E|  |TAMS 0x0000000087e00000, 0x0000000087e00000| Complete 
| 103|0x0000000087f00000, 0x0000000088000000, 0x0000000088000000|100%| E|CS|TAMS 0x0000000087f00000, 0x0000000087f00000| Complete 
| 104|0x0000000088000000, 0x0000000088100000, 0x0000000088100000|100%| E|CS|TAMS 0x0000000088000000, 0x0000000088000000| Complete 
| 105|0x0000000088100000, 0x0000000088200000, 0x0000000088200000|100%| E|CS|TAMS 0x0000000088100000, 0x0000000088100000| Complete 
| 106|0x0000000088200000, 0x0000000088300000, 0x0000000088300000|100%| E|CS|TAMS 0x0000000088200000, 0x0000000088200000| Complete 
| 107|0x0000000088300000, 0x0000000088400000, 0x0000000088400000|100%| E|CS|TAMS 0x0000000088300000, 0x0000000088300000| Complete 
| 108|0x0000000088400000, 0x0000000088500000, 0x0000000088500000|100%| E|CS|TAMS 0x0000000088400000, 0x0000000088400000| Complete 
| 109|0x0000000088500000, 0x0000000088600000, 0x0000000088600000|100%| E|CS|TAMS 0x0000000088500000, 0x0000000088500000| Complete 
| 110|0x0000000088600000, 0x0000000088700000, 0x0000000088700000|100%| E|CS|TAMS 0x0000000088600000, 0x0000000088600000| Complete 
| 111|0x0000000088700000, 0x0000000088800000, 0x0000000088800000|100%| E|  |TAMS 0x0000000088700000, 0x0000000088700000| Complete 
| 112|0x0000000088800000, 0x0000000088900000, 0x0000000088900000|100%| E|CS|TAMS 0x0000000088800000, 0x0000000088800000| Complete 
| 113|0x0000000088900000, 0x0000000088a00000, 0x0000000088a00000|100%| E|CS|TAMS 0x0000000088900000, 0x0000000088900000| Complete 
| 114|0x0000000088a00000, 0x0000000088b00000, 0x0000000088b00000|100%| E|CS|TAMS 0x0000000088a00000, 0x0000000088a00000| Complete 
| 115|0x0000000088b00000, 0x0000000088c00000, 0x0000000088c00000|100%| E|CS|TAMS 0x0000000088b00000, 0x0000000088b00000| Complete 
| 116|0x0000000088c00000, 0x0000000088c7a5c0, 0x0000000088d00000| 47%| S|CS|TAMS 0x0000000088c00000, 0x0000000088c00000| Complete 
| 117|0x0000000088d00000, 0x0000000088e00000, 0x0000000088e00000|100%| E|CS|TAMS 0x0000000088d00000, 0x0000000088d00000| Complete 
| 118|0x0000000088e00000, 0x0000000088f00000, 0x0000000088f00000|100%| E|CS|TAMS 0x0000000088e00000, 0x0000000088e00000| Complete 
| 119|0x0000000088f00000, 0x0000000089000000, 0x0000000089000000|100%| E|CS|TAMS 0x0000000088f00000, 0x0000000088f00000| Complete 
| 120|0x0000000089000000, 0x0000000089100000, 0x0000000089100000|100%| E|CS|TAMS 0x0000000089000000, 0x0000000089000000| Complete 
| 121|0x0000000089100000, 0x0000000089200000, 0x0000000089200000|100%| E|CS|TAMS 0x0000000089100000, 0x0000000089100000| Complete 
| 122|0x0000000089200000, 0x0000000089300000, 0x0000000089300000|100%| E|CS|TAMS 0x0000000089200000, 0x0000000089200000| Complete 
| 123|0x0000000089300000, 0x0000000089400000, 0x0000000089400000|100%| E|CS|TAMS 0x0000000089300000, 0x0000000089300000| Complete 
| 124|0x0000000089400000, 0x0000000089500000, 0x0000000089500000|100%| E|CS|TAMS 0x0000000089400000, 0x0000000089400000| Complete 
| 125|0x0000000089500000, 0x0000000089600000, 0x0000000089600000|100%| E|CS|TAMS 0x0000000089500000, 0x0000000089500000| Complete 
| 126|0x0000000089600000, 0x0000000089700000, 0x0000000089700000|100%| E|CS|TAMS 0x0000000089600000, 0x0000000089600000| Complete 
| 127|0x0000000089700000, 0x0000000089800000, 0x0000000089800000|100%| E|CS|TAMS 0x0000000089700000, 0x0000000089700000| Complete 

Card table byte_map: [0x0000020bb0df0000,0x0000020bb11f0000] _byte_map_base: 0x0000020bb09e4000

Marking Bits (Prev, Next): (CMBitMap*) 0x0000020b9768e968, (CMBitMap*) 0x0000020b9768e9a0
 Prev Bits: [0x0000020bb15f0000, 0x0000020bb3590000)
 Next Bits: [0x0000020bb3590000, 0x0000020bb5530000)

Polling page: 0x0000020b97840000

Metaspace:

Usage:
  Non-class:     13.57 MB capacity,    13.45 MB (>99%) used,   100.95 KB ( <1%) free+waste,    24.88 KB ( <1%) overhead. 
      Class:      1.22 MB capacity,     1.12 MB ( 92%) used,    86.77 KB (  7%) free+waste,    10.88 KB ( <1%) overhead. 
       Both:     14.79 MB capacity,    14.57 MB ( 99%) used,   187.72 KB (  1%) free+waste,    35.75 KB ( <1%) overhead. 

Virtual space:
  Non-class space:       14.00 MB reserved,      13.75 MB ( 98%) committed 
      Class space:        1.00 GB reserved,       1.25 MB ( <1%) committed 
             Both:        1.01 GB reserved,      15.00 MB (  1%) committed 

Chunk freelists:
   Non-Class:  7.00 KB
       Class:  3.88 KB
        Both:  10.88 KB

CodeHeap 'non-profiled nmethods': size=120064Kb used=453Kb max_used=453Kb free=119610Kb
 bounds [0x0000020ba94b0000, 0x0000020ba9720000, 0x0000020bb09f0000]
CodeHeap 'profiled nmethods': size=120000Kb used=2374Kb max_used=2374Kb free=117625Kb
 bounds [0x0000020ba1f80000, 0x0000020ba21f0000, 0x0000020ba94b0000]
CodeHeap 'non-nmethods': size=5696Kb used=1502Kb max_used=1555Kb free=4193Kb
 bounds [0x0000020ba19f0000, 0x0000020ba1c60000, 0x0000020ba1f80000]
 total_blobs=2554 nmethods=1232 adapters=951
 compilation: enabled
              stopped_count=0, restarted_count=0
 full_count=0

Compilation events (10 events):
Event: 3.059 Thread 0x0000020bbdbee000 nmethod 1233 0x0000020ba9520190 code [0x0000020ba9520320, 0x0000020ba95203d8]
Event: 3.059 Thread 0x0000020bbdbee000 1225       4       java.awt.image.ComponentColorModel::getAlpha (238 bytes)
Event: 3.060 Thread 0x0000020bb835d000 nmethod 1234% 0x0000020ba21ce210 code [0x0000020ba21ce520, 0x0000020ba21cf920]
Event: 3.061 Thread 0x0000020bb835d000 1235       3       DabEngine.Utils.ImageDecoder::decode (269 bytes)
Event: 3.062 Thread 0x0000020bb835d000 nmethod 1235 0x0000020ba21cfe90 code [0x0000020ba21d0180, 0x0000020ba21d14e0]
Event: 3.063 Thread 0x0000020bbdbee000 nmethod 1225 0x0000020ba9520490 code [0x0000020ba9520640, 0x0000020ba95207d8]
Event: 3.063 Thread 0x0000020bbdbee000 1011       4       sun.misc.Unsafe::putByte (9 bytes)
Event: 3.063 Thread 0x0000020bbdbee000 nmethod 1011 0x0000020ba9520a10 code [0x0000020ba9520ba0, 0x0000020ba9520c18]
Event: 3.065 Thread 0x0000020bbdbee000 1236 %     4       DabEngine.Utils.ImageDecoder::decode @ 159 (269 bytes)
Event: 3.089 Thread 0x0000020bbdbee000 nmethod 1236% 0x0000020ba9520c90 code [0x0000020ba9520e40, 0x0000020ba95214d8]

GC Heap History (4 events):
Event: 1.120 GC heap before
{Heap before GC invocations=0 (full 0):
 garbage-first heap   total 131072K, used 16384K [0x0000000081800000, 0x0000000100000000)
  region size 1024K, 14 young (14336K), 0 survivors (0K)
 Metaspace       used 7277K, capacity 7410K, committed 7680K, reserved 1056768K
  class space    used 629K, capacity 681K, committed 768K, reserved 1048576K
}
Event: 1.128 GC heap after
{Heap after GC invocations=1 (full 0):
 garbage-first heap   total 131072K, used 6094K [0x0000000081800000, 0x0000000100000000)
  region size 1024K, 2 young (2048K), 2 survivors (2048K)
 Metaspace       used 7277K, capacity 7410K, committed 7680K, reserved 1056768K
  class space    used 629K, capacity 681K, committed 768K, reserved 1048576K
}
Event: 1.820 GC heap before
{Heap before GC invocations=1 (full 0):
 garbage-first heap   total 131072K, used 17358K [0x0000000081800000, 0x0000000100000000)
  region size 1024K, 13 young (13312K), 2 survivors (2048K)
 Metaspace       used 9355K, capacity 9505K, committed 9600K, reserved 1058816K
  class space    used 810K, capacity 850K, committed 896K, reserved 1048576K
}
Event: 1.825 GC heap after
{Heap after GC invocations=2 (full 0):
 garbage-first heap   total 131072K, used 6752K [0x0000000081800000, 0x0000000100000000)
  region size 1024K, 1 young (1024K), 1 survivors (1024K)
 Metaspace       used 9355K, capacity 9505K, committed 9600K, reserved 1058816K
  class space    used 810K, capacity 850K, committed 896K, reserved 1048576K
}

Deoptimization events (10 events):
Event: 0.411 Thread 0x0000020b996e2800 Uncommon trap: reason=unstable_if action=reinterpret pc=0x0000020ba94b1a10 method=java.lang.String.isLatin1()Z @ 10 c2
Event: 0.424 Thread 0x0000020b996e2800 Uncommon trap: reason=unstable_if action=reinterpret pc=0x0000020ba94b3620 method=java.lang.StringLatin1.indexOf([BII)I @ 47 c2
Event: 1.262 Thread 0x0000020b996e2800 Uncommon trap: reason=class_check action=maybe_recompile pc=0x0000020ba94dd84c method=java.util.HashMap.getNode(ILjava/lang/Object;)Ljava/util/HashMap$Node; @ 126 c2
Event: 1.283 Thread 0x0000020b996e2800 Uncommon trap: reason=class_check action=maybe_recompile pc=0x0000020ba94dd814 method=java.util.HashMap.getNode(ILjava/lang/Object;)Ljava/util/HashMap$Node; @ 59 c2
Event: 1.363 Thread 0x0000020b996e2800 Uncommon trap: reason=unstable_if action=reinterpret pc=0x0000020ba94df598 method=java.lang.String.startsWith(Ljava/lang/String;I)Z @ 14 c2
Event: 1.364 Thread 0x0000020b996e2800 Uncommon trap: reason=class_check action=maybe_recompile pc=0x0000020ba94dd814 method=java.util.HashMap.getNode(ILjava/lang/Object;)Ljava/util/HashMap$Node; @ 59 c2
Event: 1.478 Thread 0x0000020b996e2800 Uncommon trap: reason=class_check action=maybe_recompile pc=0x0000020ba94dd814 method=java.util.HashMap.getNode(ILjava/lang/Object;)Ljava/util/HashMap$Node; @ 59 c2
Event: 1.566 Thread 0x0000020b996e2800 Uncommon trap: reason=unstable_if action=reinterpret pc=0x0000020ba94f35e0 method=java.util.jar.JarFile.getVersionedEntry(Ljava/lang/String;Ljava/util/jar/JarEntry;)Ljava/util/jar/JarEntry; @ 67 c2
Event: 1.794 Thread 0x0000020b996e2800 Uncommon trap: reason=class_check action=maybe_recompile pc=0x0000020ba94d5d58 method=java.util.HashMap.getNode(ILjava/lang/Object;)Ljava/util/HashMap$Node; @ 59 c2
Event: 2.360 Thread 0x0000020b996e2800 Uncommon trap: reason=unstable_if action=reinterpret pc=0x0000020ba94d2f00 method=java.io.BufferedReader.readLine(Z)Ljava/lang/String; @ 66 c2

Classes redefined (0 events):
No events

Internal exceptions (10 events):
Event: 1.813 Thread 0x0000020b996e2800 Exception <a 'sun/nio/fs/WindowsException'{0x0000000088d5b520}> (0x0000000088d5b520) thrown at [t:/workspace/open/src/hotspot/share/prims/jni.cpp, line 615]
Event: 1.813 Thread 0x0000020b996e2800 Exception <a 'sun/nio/fs/WindowsException'{0x0000000088d5b9d8}> (0x0000000088d5b9d8) thrown at [t:/workspace/open/src/hotspot/share/prims/jni.cpp, line 615]
Event: 2.695 Thread 0x0000020b996e2800 Exception <a 'java/lang/ClassNotFoundException'{0x0000000088132910}: sun/awt/resources/spi/awtProvider> (0x0000000088132910) thrown at [t:/workspace/open/src/hotspot/share/classfile/systemDictionary.cpp, line 231]
Event: 2.752 Thread 0x0000020b996e2800 Exception <a 'java/io/FileNotFoundException'{0x00000000881a2e18}> (0x00000000881a2e18) thrown at [t:/workspace/open/src/hotspot/share/prims/jni.cpp, line 615]
Event: 2.775 Thread 0x0000020b996e2800 Exception <a 'java/lang/NoSuchMethodError'{0x00000000881fd850}: java.lang.invoke.DirectMethodHandle$Holder.invokeStatic(Ljava/lang/Object;Ljava/lang/Object;Ljava/lang/Object;Ljava/lang/Object;Ljava/lang/Object;Ljava/lang/Object;Ljava/lang/Object;Ljava/lan
Event: 2.779 Thread 0x0000020b996e2800 Exception <a 'java/lang/NoSuchMethodError'{0x000000008800b930}: java.lang.invoke.DirectMethodHandle$Holder.invokeStatic(Ljava/lang/Object;Ljava/lang/Object;Ljava/lang/Object;Ljava/lang/Object;Ljava/lang/Object;Ljava/lang/Object;Ljava/lang/Object;Ljava/lan
Event: 2.781 Thread 0x0000020b996e2800 Exception <a 'java/lang/NoSuchMethodError'{0x0000000088019598}: java.lang.invoke.DirectMethodHandle$Holder.invokeSpecial(Ljava/lang/Object;Ljava/lang/Object;IILjava/lang/Object;Ljava/lang/Object;Ljava/lang/Object;)Ljava/lang/Object;> (0x0000000088019598) 
Event: 2.782 Thread 0x0000020b996e2800 Exception <a 'java/lang/NoSuchMethodError'{0x000000008801cb20}: java.lang.invoke.DelegatingMethodHandle$Holder.reinvoke_L(Ljava/lang/Object;IILjava/lang/Object;Ljava/lang/Object;Ljava/lang/Object;)Ljava/lang/Object;> (0x000000008801cb20) thrown at [t:/wor
Event: 2.783 Thread 0x0000020b996e2800 Exception <a 'java/lang/NoSuchMethodError'{0x0000000088020da8}: java.lang.invoke.DirectMethodHandle$Holder.invokeStatic(Ljava/lang/Object;Ljava/lang/Object;Ljava/lang/Object;Ljava/lang/Object;I)Ljava/lang/Object;> (0x0000000088020da8) thrown at [t:/worksp
Event: 2.808 Thread 0x0000020b996e2800 Exception <a 'java/io/FileNotFoundException'{0x0000000088083830}> (0x0000000088083830) thrown at [t:/workspace/open/src/hotspot/share/prims/jni.cpp, line 615]

Events (10 events):
Event: 2.880 loading class sun/awt/image/IntegerComponentRaster
Event: 2.880 loading class sun/awt/image/IntegerComponentRaster done
Event: 2.881 loading class java/awt/image/IndexColorModel
Event: 2.881 loading class java/awt/image/IndexColorModel done
Event: 2.881 loading class sun/awt/image/ShortComponentRaster
Event: 2.881 loading class sun/awt/image/ShortComponentRaster done
Event: 2.881 loading class com/sun/imageio/plugins/common/ReaderUtil
Event: 2.881 loading class com/sun/imageio/plugins/common/ReaderUtil done
Event: 2.917 loading class java/io/RandomAccessFile$1
Event: 2.917 loading class java/io/RandomAccessFile$1 done


Dynamic libraries:
0x00007ff707220000 - 0x00007ff707267000 	C:\Program Files\Java\jdk-11.0.1\bin\java.exe
0x00007ffd38e60000 - 0x00007ffd39041000 	C:\WINDOWS\SYSTEM32\ntdll.dll
0x00007ffd36d80000 - 0x00007ffd36e31000 	C:\WINDOWS\System32\KERNEL32.DLL
0x00007ffd35a90000 - 0x00007ffd35d03000 	C:\WINDOWS\System32\KERNELBASE.dll
0x00007ffd38aa0000 - 0x00007ffd38b41000 	C:\WINDOWS\System32\ADVAPI32.dll
0x00007ffd362f0000 - 0x00007ffd3638e000 	C:\WINDOWS\System32\msvcrt.dll
0x00007ffd372d0000 - 0x00007ffd3732b000 	C:\WINDOWS\System32\sechost.dll
0x00007ffd366e0000 - 0x00007ffd36804000 	C:\WINDOWS\System32\RPCRT4.dll
0x00007ffd38ca0000 - 0x00007ffd38e30000 	C:\WINDOWS\System32\USER32.dll
0x00007ffd35a70000 - 0x00007ffd35a90000 	C:\WINDOWS\System32\win32u.dll
0x00007ffd373e0000 - 0x00007ffd37408000 	C:\WINDOWS\System32\GDI32.dll
0x00007ffd36150000 - 0x00007ffd362e1000 	C:\WINDOWS\System32\gdi32full.dll
0x00007ffd35f60000 - 0x00007ffd35fff000 	C:\WINDOWS\System32\msvcp_win.dll
0x00007ffd36050000 - 0x00007ffd36148000 	C:\WINDOWS\System32\ucrtbase.dll
0x00007ffd26a20000 - 0x00007ffd26c89000 	C:\WINDOWS\WinSxS\amd64_microsoft.windows.common-controls_6595b64144ccf1df_6.0.17134.829_none_fb46a5473061b9d5\COMCTL32.dll
0x00007ffd36970000 - 0x00007ffd36c92000 	C:\WINDOWS\System32\combase.dll
0x00007ffd27650000 - 0x00007ffd2765a000 	C:\WINDOWS\SYSTEM32\VERSION.dll
0x00007ffd35230000 - 0x00007ffd352aa000 	C:\WINDOWS\System32\bcryptPrimitives.dll
0x00007ffd36e40000 - 0x00007ffd36e6d000 	C:\WINDOWS\System32\IMM32.DLL
0x00007ffd19040000 - 0x00007ffd19056000 	C:\Program Files\Java\jdk-11.0.1\bin\vcruntime140.dll
0x00007ffd18210000 - 0x00007ffd182ba000 	C:\Program Files\Java\jdk-11.0.1\bin\msvcp140.dll
0x00007ffcdb5e0000 - 0x00007ffcdc122000 	C:\Program Files\Java\jdk-11.0.1\bin\server\jvm.dll
0x00007ffd36430000 - 0x00007ffd36438000 	C:\WINDOWS\System32\PSAPI.DLL
0x00007ffd0c3e0000 - 0x00007ffd0c3e9000 	C:\WINDOWS\SYSTEM32\WSOCK32.dll
0x00007ffd363c0000 - 0x00007ffd3642c000 	C:\WINDOWS\System32\WS2_32.dll
0x00007ffd32e20000 - 0x00007ffd32e43000 	C:\WINDOWS\SYSTEM32\WINMM.dll
0x00007ffd32df0000 - 0x00007ffd32e1a000 	C:\WINDOWS\SYSTEM32\WINMMBASE.dll
0x00007ffd36000000 - 0x00007ffd36049000 	C:\WINDOWS\System32\cfgmgr32.dll
0x00007ffd351b0000 - 0x00007ffd351c1000 	C:\WINDOWS\System32\kernel.appcore.dll
0x00007ffd19020000 - 0x00007ffd19031000 	C:\Program Files\Java\jdk-11.0.1\bin\verify.dll
0x00007ffd1e930000 - 0x00007ffd1eaf9000 	C:\WINDOWS\SYSTEM32\DBGHELP.DLL
0x00007ffd20210000 - 0x00007ffd20239000 	C:\WINDOWS\SYSTEM32\dbgcore.DLL
0x00007ffd18ff0000 - 0x00007ffd19019000 	C:\Program Files\Java\jdk-11.0.1\bin\java.dll
0x00007ffd18fd0000 - 0x00007ffd18fe6000 	C:\Program Files\Java\jdk-11.0.1\bin\zip.dll
0x00007ffd20700000 - 0x00007ffd2070a000 	C:\Program Files\Java\jdk-11.0.1\bin\jimage.dll
0x00007ffd37410000 - 0x00007ffd38850000 	C:\WINDOWS\System32\SHELL32.dll
0x00007ffd37330000 - 0x00007ffd373d9000 	C:\WINDOWS\System32\shcore.dll
0x00007ffd35360000 - 0x00007ffd35a6d000 	C:\WINDOWS\System32\windows.storage.dll
0x00007ffd38c40000 - 0x00007ffd38c91000 	C:\WINDOWS\System32\shlwapi.dll
0x00007ffd35170000 - 0x00007ffd3518f000 	C:\WINDOWS\System32\profapi.dll
0x00007ffd351e0000 - 0x00007ffd3522c000 	C:\WINDOWS\System32\powrprof.dll
0x00007ffd351d0000 - 0x00007ffd351da000 	C:\WINDOWS\System32\FLTLIB.DLL
0x00007ffd18eb0000 - 0x00007ffd18ec9000 	C:\Program Files\Java\jdk-11.0.1\bin\net.dll
0x00007ffd2bb20000 - 0x00007ffd2bbfd000 	C:\WINDOWS\SYSTEM32\WINHTTP.dll
0x00007ffd349f0000 - 0x00007ffd34a56000 	C:\WINDOWS\system32\mswsock.dll
0x00007ffd18e90000 - 0x00007ffd18ea3000 	C:\Program Files\Java\jdk-11.0.1\bin\nio.dll
0x00007ffd1b240000 - 0x00007ffd1b2b2000 	C:\Users\B\AppData\Local\Temp\lwjglB\3.2.2-build-10\lwjgl.dll
0x00007ffd1b1e0000 - 0x00007ffd1b23e000 	C:\Users\B\AppData\Local\Temp\lwjglB\3.2.2-build-10\glfw.dll
0x00007ffd335d0000 - 0x00007ffd33668000 	C:\WINDOWS\system32\uxtheme.dll
0x00007ffd1b190000 - 0x00007ffd1b1d3000 	C:\WINDOWS\SYSTEM32\dinput8.dll
0x00007ffd2efd0000 - 0x00007ffd2efe0000 	C:\WINDOWS\SYSTEM32\xinput1_4.dll
0x00007ffd34f80000 - 0x00007ffd34fa7000 	C:\WINDOWS\SYSTEM32\DEVOBJ.dll
0x00007ffd33860000 - 0x00007ffd33889000 	C:\WINDOWS\SYSTEM32\dwmapi.dll
0x00007ffd38850000 - 0x00007ffd389c3000 	C:\WINDOWS\System32\MSCTF.dll
0x00007ffd389d0000 - 0x00007ffd38a92000 	C:\WINDOWS\System32\OLEAUT32.dll
0x00007ffd33f70000 - 0x00007ffd33f7c000 	C:\WINDOWS\SYSTEM32\HID.DLL
0x00007ffd36e70000 - 0x00007ffd372bb000 	C:\WINDOWS\System32\SETUPAPI.DLL
0x00007ffd35f00000 - 0x00007ffd35f57000 	C:\WINDOWS\System32\WINTRUST.dll
0x00007ffd35190000 - 0x00007ffd351a2000 	C:\WINDOWS\System32\MSASN1.dll
0x00007ffd35d10000 - 0x00007ffd35ef2000 	C:\WINDOWS\System32\CRYPT32.dll
0x00007ffd0c420000 - 0x00007ffd0c540000 	C:\WINDOWS\SYSTEM32\opengl32.dll
0x00007ffd0c3f0000 - 0x00007ffd0c41c000 	C:\WINDOWS\SYSTEM32\GLU32.dll
0x00007ffcf8b30000 - 0x00007ffcf9361000 	C:\WINDOWS\SYSTEM32\ig7icd64.dll
0x00007ffd2f2c0000 - 0x00007ffd2f725000 	C:\WINDOWS\SYSTEM32\igdusc64.dll
0x00007ffd31dc0000 - 0x00007ffd31dd3000 	C:\WINDOWS\SYSTEM32\WTSAPI32.dll
0x00007ffd2a370000 - 0x00007ffd2a3e9000 	C:\WINDOWS\SYSTEM32\inputhost.dll
0x00007ffd33250000 - 0x00007ffd3332a000 	C:\WINDOWS\SYSTEM32\CoreMessaging.dll
0x00007ffd31080000 - 0x00007ffd311cd000 	C:\WINDOWS\SYSTEM32\wintypes.dll
0x00007ffd30d60000 - 0x00007ffd3107e000 	C:\WINDOWS\SYSTEM32\CoreUIComponents.dll
0x00007ffd34270000 - 0x00007ffd342a1000 	C:\WINDOWS\SYSTEM32\ntmarta.dll
0x00007ffd34000000 - 0x00007ffd340bb000 	C:\WINDOWS\SYSTEM32\dxgi.dll
0x00007ffd32370000 - 0x00007ffd3267b000 	C:\WINDOWS\SYSTEM32\d3d11.dll
0x00007ffd2ffb0000 - 0x00007ffd30b52000 	C:\WINDOWS\SYSTEM32\igd10iumd64.dll
0x00007ffd36810000 - 0x00007ffd36961000 	C:\WINDOWS\System32\ole32.dll
0x00007ffd34cc0000 - 0x00007ffd34ce5000 	C:\WINDOWS\SYSTEM32\bcrypt.dll
0x00007ffd34c90000 - 0x00007ffd34cb6000 	C:\WINDOWS\SYSTEM32\ncrypt.dll
0x00007ffd34c50000 - 0x00007ffd34c86000 	C:\WINDOWS\SYSTEM32\NTASN1.dll
0x00007ffd2a3f0000 - 0x00007ffd2a486000 	C:\WINDOWS\System32\TextInputFramework.dll
0x00007ffd1af40000 - 0x00007ffd1af98000 	C:\Users\B\AppData\Local\Temp\lwjglB\3.2.2-build-10\lwjgl_opengl.dll
0x00007ffd1ace0000 - 0x00007ffd1af31000 	C:\Users\B\AppData\Local\Temp\lwjglB\3.2.2-build-10\jemalloc.dll
0x00007ffd1ac60000 - 0x00007ffd1acdf000 	C:\Users\B\AppData\Local\Temp\lwjglB\3.2.2-build-10\lwjgl_stb.dll
0x00007ffd1aac0000 - 0x00007ffd1ac5f000 	C:\Program Files\Java\jdk-11.0.1\bin\awt.dll
0x00007ffd32680000 - 0x00007ffd32c47000 	C:\WINDOWS\SYSTEM32\d2d1.dll
0x00007ffd33450000 - 0x00007ffd334db000 	C:\WINDOWS\SYSTEM32\apphelp.dll

dbghelp: loaded successfully - version: 4.0.5 - missing functions: none
symbol engine: initialized successfully - sym options: 0x614 - pdb path: .;C:\Program Files\Java\jdk-11.0.1\bin;C:\WINDOWS\SYSTEM32;C:\WINDOWS\WinSxS\amd64_microsoft.windows.common-controls_6595b64144ccf1df_6.0.17134.829_none_fb46a5473061b9d5;C:\Program Files\Java\jdk-11.0.1\bin\server;C:\Users\B\AppData\Local\Temp\lwjglB\3.2.2-build-10

VM Arguments:
jvm_args: -Dfile.encoding=UTF-8 
java_command: DabEngine.TestCaseEngine
java_class_path (initial): C:\Users\B\Documents\DabEngine\bin\main;C:\Users\B\Documents\DabEngine\bin\test;C:\Users\B\.gradle\caches\modules-2\files-2.1\org.apache.commons\commons-math3\3.6.1\e4ba98f1d4b3c80ec46392f25e094a6a2e58fcbf\commons-math3-3.6.1.jar;C:\Users\B\.gradle\caches\modules-2\files-2.1\com.google.guava\guava\27.0.1-jre\bd41a290787b5301e63929676d792c507bbc00ae\guava-27.0.1-jre.jar;C:\Users\B\Documents\DabEngine\libs\jython-standalone-2.7.0.jar;C:\Users\B\.gradle\caches\modules-2\files-2.1\com.googlecode.json-simple\json-simple\1.1.1\c9ad4a0850ab676c5c64461a05ca524cdfff59f1\json-simple-1.1.1.jar;C:\Users\B\.gradle\caches\modules-2\files-2.1\com.google.guava\failureaccess\1.0.1\1dcf1de382a0bf95a3d8b0849546c88bac1292c9\failureaccess-1.0.1.jar;C:\Users\B\.gradle\caches\modules-2\files-2.1\com.google.guava\listenablefuture\9999.0-empty-to-avoid-conflict-with-guava\b421526c5f297295adef1c886e5246c39d4ac629\listenablefuture-9999.0-empty-to-avoid-conflict-with-guava.jar;C:\Users\B\.gradle\caches\modules-2\files-2.1\com.google.code.findbugs\jsr305\3.0.2\25ea2e8b0c338a877313bd4672d3fe056ea78f0d\jsr305-3.0.2.jar;C:\Users\B\.gradle\caches\modules-2\files-2.1\org.checkerframework\checker-qual\2.5.2\cea74543d5904a30861a61b4643a5f2bb372efc4\checker-qual-2.5.2.jar;C:\Users\B\.gradle\caches\modules-2\files-2.1\com.google.errorprone\error_prone_annotations\2.2.0\88e3c593e9b3586e1c6177f89267da6fc6986f0c\error_prone_annotations-2.2.0.jar;C:\Users\B\.gradle\caches\modules-2\files-2.1\com.google.j2objc\j2objc-annotations\1.1\ed28ded51a8b1c6b112568def5f4b455e6809019\j2objc-annotations-1.1.jar;C:\Users\B\.gradle\caches\modules-2\files-2.1\org.codehaus.mojo\animal-sniffer-annotations\1.17\f97ce6decaea32b36101e37979f8b647f00681fb\animal-sniffer-annotations-1.17.jar;C:\Users\B\.gradle\caches\modules-2\files-2.1\junit\junit\4.10\e4f1766ce7404a08f45d859fb9c226fc9e41a861\junit-4.10.jar;C:\Users\B\.gradle\caches\modules-2\files-2.1\org.hamcrest\hamcrest-core\1.1\860340562250678d1a
Launcher Type: SUN_STANDARD

[Global flags]
     intx CICompilerCount                          = 3                                         {product} {ergonomic}
     uint ConcGCThreads                            = 1                                         {product} {ergonomic}
     uint G1ConcRefinementThreads                  = 4                                         {product} {ergonomic}
   size_t G1HeapRegionSize                         = 1048576                                   {product} {ergonomic}
    uintx GCDrainStackTargetSize                   = 64                                        {product} {ergonomic}
   size_t InitialHeapSize                          = 134217728                                 {product} {ergonomic}
   size_t MarkStackSize                            = 4194304                                   {product} {ergonomic}
   size_t MaxHeapSize                              = 2122317824                                {product} {ergonomic}
   size_t MaxNewSize                               = 1272971264                                {product} {ergonomic}
   size_t MinHeapDeltaBytes                        = 1048576                                   {product} {ergonomic}
    uintx NonNMethodCodeHeapSize                   = 5830092                                {pd product} {ergonomic}
    uintx NonProfiledCodeHeapSize                  = 122914074                              {pd product} {ergonomic}
    uintx ProfiledCodeHeapSize                     = 122914074                              {pd product} {ergonomic}
    uintx ReservedCodeCacheSize                    = 251658240                              {pd product} {ergonomic}
     bool SegmentedCodeCache                       = true                                      {product} {ergonomic}
     bool UseCompressedClassPointers               = true                                 {lp64_product} {ergonomic}
     bool UseCompressedOops                        = true                                 {lp64_product} {ergonomic}
     bool UseG1GC                                  = true                                      {product} {ergonomic}
     bool UseLargePagesIndividualAllocation        = false                                  {pd product} {ergonomic}

Logging:
Log output configuration:
 #0: stdout all=warning uptime,level,tags
 #1: stderr all=off uptime,level,tags

Environment Variables:
CLASSPATH=.;.;C:\PROGRA~2\JMF21~1.1E\lib\sound.jar;C:\PROGRA~2\JMF21~1.1E\lib\jmf.jar;C:\PROGRA~2\JMF21~1.1E\lib;
PATH=C:\Program Files (x86)\Common Files\Intel\Shared Libraries\redist\intel64\compiler;C:\WINDOWS\system32;C:\WINDOWS;C:\WINDOWS\System32\Wbem;C:\WINDOWS\System32\WindowsPowerShell\v1.0\;C:\WINDOWS\System32\OpenSSH\;C:\Program Files\Java\jdk-11.0.1\bin;C:\Program Files\Git\cmd;C:\Program Files (x86)\Windows Kits\10\Windows Performance Toolkit\;C:\Program Files\Csound6_x64\bin;C:\ProgramData\chocolatey\bin;C:\Users\B\AppData\Local\Programs\Python\Python36\Scripts\;C:\Users\B\AppData\Local\Programs\Python\Python36\;C:\Users\B\scoop\shims;C:\Users\B\AppData\Local\Microsoft\WindowsApps;C:\Users\B\AppData\Local\GitHubDesktop\bin;C:\Users\B\AppData\Local\atom\bin;C:\Users\B\AppData\Local\Programs\Microsoft VS Code\bin
USERNAME=B
OS=Windows_NT
PROCESSOR_IDENTIFIER=Intel64 Family 6 Model 58 Stepping 9, GenuineIntel



---------------  S Y S T E M  ---------------

OS: Windows 10 , 64 bit Build 17134 (10.0.17134.753)

CPU:total 4 (initial active 4) (2 cores per cpu, 2 threads per core) family 6 model 58 stepping 9, cmov, cx8, fxsr, mmx, sse, sse2, sse3, ssse3, sse4.1, sse4.2, popcnt, avx, clmul, erms, ht, tsc, tscinvbit, tscinv

Memory: 4k page, system-wide physical 8089M (1760M free)
TotalPageFile size 11250M (AvailPageFile size 2218M)
current process WorkingSet (physical memory assigned to process): 134M, peak: 142M
current process commit charge ("private bytes"): 284M, peak: 293M

vm_info: Java HotSpot(TM) 64-Bit Server VM (11.0.1+13-LTS) for windows-amd64 JRE (11.0.1+13-LTS), built on Oct  6 2018 13:20:16 by "mach5one" with MS VC++ 15.5 (VS2017)

END.
