#
# A fatal error has been detected by the Java Runtime Environment:
#
#  EXCEPTION_ACCESS_VIOLATION (0xc0000005) at pc=0x00007ff9a20b3330, pid=5960, tid=9868
#
# JRE version: Java(TM) SE Runtime Environment (11.0.1+13) (build 11.0.1+13-LTS)
# Java VM: Java HotSpot(TM) 64-Bit Server VM (11.0.1+13-LTS, mixed mode, tiered, compressed oops, g1 gc, windows-amd64)
# Problematic frame:
# C  [ig7icd64.dll+0x93330]
#
# No core dump will be written. Minidumps are not enabled by default on client versions of Windows
#
# If you would like to submit a bug report, please visit:
#   http://bugreport.java.com/bugreport/crash.jsp
# The crash happened outside the Java Virtual Machine in native code.
# See problematic frame for where to report the bug.
#

---------------  S U M M A R Y ------------

Command Line: -Dfile.encoding=UTF-8 DabEngine.ModelTest

Host: Intel(R) Core(TM) i3-3110M CPU @ 2.40GHz, 4 cores, 7G,  Windows 10 , 64 bit Build 17134 (10.0.17134.753)
Time: Sun Aug 18 01:32:09 2019 GMT Daylight Time elapsed time: 5 seconds (0d 0h 0m 5s)

---------------  T H R E A D  ---------------

Current thread (0x0000021cdb38f000):  JavaThread "main" [_thread_in_native, id=9868, stack(0x000000da25a00000,0x000000da25b00000)]

Stack: [0x000000da25a00000,0x000000da25b00000],  sp=0x000000da25af9710,  free space=997k
Native frames: (J=compiled Java code, j=interpreted, Vv=VM code, C=native code)
C  [ig7icd64.dll+0x93330]

Java frames: (J=compiled Java code, j=interpreted, Vv=VM code)
j  org.lwjgl.opengl.GL11C.glDrawArrays(III)V+0
j  org.lwjgl.opengl.GL11.glDrawArrays(III)V+3
j  DabEngine.Graphics.Models.VertexBuffer.draw(III)V+25
j  DabEngine.Graphics.Batch.Batch.flush()V+92
j  DabEngine.Graphics.Batch.Batch.changeTexture([LDabEngine/Utils/Pair;)V+44
j  DabEngine.Graphics.Batch.Batch.setTexture([LDabEngine/Utils/Pair;)V+2
j  DabEngine.Graphics.Models.Mesh.draw(LDabEngine/Graphics/Graphics;FFFFFLorg/joml/Vector3f;)V+170
j  DabEngine.Graphics.Models.Model.draw(LDabEngine/Graphics/Graphics;FFFFFLorg/joml/Vector3f;)V+37
j  DabEngine.ModelTest.render()V+140
j  DabEngine.Core.Engine.run()V+66
j  DabEngine.ModelTest.main([Ljava/lang/String;)V+16
v  ~StubRoutines::call_stub

siginfo: EXCEPTION_ACCESS_VIOLATION (0xc0000005), reading address 0x0000000000000000


Register to memory mapping:

RIP=0x00007ff9a20b3330 ig7icd64.dll
RAX=0x0 is NULL
RBX=0x0000021cfb3534c0 points into unknown readable memory
RCX=0x0 is NULL
RDX=0x0 is NULL
RSP=0x000000da25af9710 is pointing into the stack for thread: 0x0000021cdb38f000
RBP=0x000000da25af9840 is pointing into the stack for thread: 0x0000021cdb38f000
RSI=0x0 is NULL
RDI=0x0000021cfd8df000 points into unknown readable memory
R8 =0x000000000001c92c is an unknown value
R9 =0x0000000000000392 is an unknown value
R10=0x0 is NULL
R11=0x0000000000000246 is an unknown value
R12=0x000000da25af9e8c is pointing into the stack for thread: 0x0000021cdb38f000
R13=0x000000000001c92c is an unknown value
R14=0x0000021c80593fb0 points into unknown readable memory
R15=0x0000021cfb36f7c0 points into unknown readable memory


Registers:
RAX=0x0000000000000000, RBX=0x0000021cfb3534c0, RCX=0x0000000000000000, RDX=0x0000000000000000
RSP=0x000000da25af9710, RBP=0x000000da25af9840, RSI=0x0000000000000000, RDI=0x0000021cfd8df000
R8 =0x000000000001c92c, R9 =0x0000000000000392, R10=0x0000000000000000, R11=0x0000000000000246
R12=0x000000da25af9e8c, R13=0x000000000001c92c, R14=0x0000021c80593fb0, R15=0x0000021cfb36f7c0
RIP=0x00007ff9a20b3330, EFLAGS=0x0000000000010202

Top of Stack: (sp=0x000000da25af9710)
0x000000da25af9710:   0000000000000000 0000000000000000
0x000000da25af9720:   0000000000000000 0000000000000000
0x000000da25af9730:   000000da25af9e88 00007ff9a219b4b2
0x000000da25af9740:   000000da25af9840 000000da25af9e8c
0x000000da25af9750:   0000021cfb3534c0 000000000000000c
0x000000da25af9760:   00007ff900000000 000000da25af9e8c
0x000000da25af9770:   000000da25af9e88 000000da25af9e80
0x000000da25af9780:   000000da25afa518 00007ff9f983d6a0
0x000000da25af9790:   0000021cfb36f7c0 0001c95000000000
0x000000da25af97a0:   000000da25af9e80 0000000000000001
0x000000da25af97b0:   0000000000000000 0000021cfbeb0054
0x000000da25af97c0:   0000021cfbeb0058 0000000000000000
0x000000da25af97d0:   0000000000000000 00007ff900000040
0x000000da25af97e0:   0000021c802d8b60 0000000000000000
0x000000da25af97f0:   0000021cfbeb0078 00007ff900000024
0x000000da25af9800:   0000000000000000 0000000000000003 

Instructions: (pc=0x00007ff9a20b3330)
0x00007ff9a20b3310:   c2 10 66 0f e7 47 f0 49 3b c2 72 e4 e9 ab 00 00
0x00007ff9a20b3320:   00 4d 85 c9 74 6c 66 66 0f 1f 84 00 00 00 00 00
0x00007ff9a20b3330:   66 0f 6f 3a 66 0f 6f 72 10 66 0f 6f 6a 20 41 ff
0x00007ff9a20b3340:   c2 48 83 ef 80 41 8b c2 66 0f 6f 62 30 66 0f 6f 



---------------  P R O C E S S  ---------------

Threads class SMR info:
_java_thread_list=0x0000021c80e55180, length=13, elements={
0x0000021cdb38f000, 0x0000021cf96ef800, 0x0000021cf96f0800, 0x0000021cfa051800,
0x0000021cfa052800, 0x0000021cf9706800, 0x0000021cf970b800, 0x0000021cfa00e800,
0x0000021cfa338000, 0x0000021cfa34b800, 0x0000021c80767800, 0x0000021c80f06000,
0x0000021c80727000
}

Java Threads: ( => current thread )
=>0x0000021cdb38f000 JavaThread "main" [_thread_in_native, id=9868, stack(0x000000da25a00000,0x000000da25b00000)]
  0x0000021cf96ef800 JavaThread "Reference Handler" daemon [_thread_blocked, id=10996, stack(0x000000da26100000,0x000000da26200000)]
  0x0000021cf96f0800 JavaThread "Finalizer" daemon [_thread_blocked, id=12592, stack(0x000000da26200000,0x000000da26300000)]
  0x0000021cfa051800 JavaThread "Signal Dispatcher" daemon [_thread_blocked, id=15056, stack(0x000000da26300000,0x000000da26400000)]
  0x0000021cfa052800 JavaThread "Attach Listener" daemon [_thread_blocked, id=10296, stack(0x000000da26400000,0x000000da26500000)]
  0x0000021cf9706800 JavaThread "C2 CompilerThread0" daemon [_thread_blocked, id=4028, stack(0x000000da26500000,0x000000da26600000)]
  0x0000021cf970b800 JavaThread "C1 CompilerThread0" daemon [_thread_blocked, id=17628, stack(0x000000da26600000,0x000000da26700000)]
  0x0000021cfa00e800 JavaThread "Sweeper thread" daemon [_thread_blocked, id=2736, stack(0x000000da26700000,0x000000da26800000)]
  0x0000021cfa338000 JavaThread "Service Thread" daemon [_thread_blocked, id=4584, stack(0x000000da26800000,0x000000da26900000)]
  0x0000021cfa34b800 JavaThread "Common-Cleaner" daemon [_thread_blocked, id=18888, stack(0x000000da26a00000,0x000000da26b00000)]
  0x0000021c80767800 JavaThread "Thread-0" daemon [_thread_blocked, id=10288, stack(0x000000da27100000,0x000000da27200000)]
  0x0000021c80f06000 JavaThread "Java2D Disposer" daemon [_thread_blocked, id=18136, stack(0x000000da26d00000,0x000000da26e00000)]
  0x0000021c80727000 JavaThread "C2 CompilerThread1" daemon [_thread_blocked, id=14408, stack(0x000000da27200000,0x000000da27300000)]

Other Threads:
  0x0000021cf96cb000 VMThread "VM Thread" [stack: 0x000000da26000000,0x000000da26100000] [id=4968]
  0x0000021cfa344000 WatcherThread [stack: 0x000000da26900000,0x000000da26a00000] [id=404]
  0x0000021cdb3a7000 GCTaskThread "GC Thread#0" [stack: 0x000000da25b00000,0x000000da25c00000] [id=12376]
  0x0000021cfa8e9800 GCTaskThread "GC Thread#1" [stack: 0x000000da26b00000,0x000000da26c00000] [id=2676]
  0x0000021cfa8ea800 GCTaskThread "GC Thread#2" [stack: 0x000000da26c00000,0x000000da26d00000] [id=12468]
  0x0000021cdb3d6800 ConcurrentGCThread "G1 Main Marker" [stack: 0x000000da25c00000,0x000000da25d00000] [id=12308]
  0x0000021cdb3d8800 ConcurrentGCThread "G1 Conc#0" [stack: 0x000000da25d00000,0x000000da25e00000] [id=12852]
  0x0000021cf9531800 ConcurrentGCThread "G1 Refine#0" [stack: 0x000000da25e00000,0x000000da25f00000] [id=16308]
  0x0000021cdb44c000 ConcurrentGCThread "G1 Young RemSet Sampling" [stack: 0x000000da25f00000,0x000000da26000000] [id=4972]

Threads with active compile tasks:

VM state:not at safepoint (normal execution)

VM Mutex/Monitor currently owned by a thread: None

Heap address: 0x0000000081800000, size: 2024 MB, Compressed Oops mode: 32-bit
Narrow klass base: 0x0000000000000000, Narrow klass shift: 3
Compressed class space size: 1073741824 Address: 0x0000000100000000

Heap:
 garbage-first heap   total 131072K, used 29669K [0x0000000081800000, 0x0000000100000000)
  region size 1024K, 9 young (9216K), 2 survivors (2048K)
 Metaspace       used 15905K, capacity 16150K, committed 16512K, reserved 1064960K
  class space    used 1189K, capacity 1287K, committed 1408K, reserved 1048576K
Heap Regions: E=young(eden), S=young(survivor), O=old, HS=humongous(starts), HC=humongous(continues), CS=collection set, F=free, A=archive, TAMS=top-at-mark-start (previous, next)
|   0|0x0000000081800000, 0x0000000081900000, 0x0000000081900000|100%|HS|  |TAMS 0x0000000081800000, 0x0000000081800000| Complete 
|   1|0x0000000081900000, 0x0000000081a00000, 0x0000000081a00000|100%|HC|  |TAMS 0x0000000081900000, 0x0000000081900000| Complete 
|   2|0x0000000081a00000, 0x0000000081b00000, 0x0000000081b00000|100%| O|  |TAMS 0x0000000081a00000, 0x0000000081a00000| Untracked 
|   3|0x0000000081b00000, 0x0000000081c00000, 0x0000000081c00000|100%| O|  |TAMS 0x0000000081b00000, 0x0000000081b00000| Untracked 
|   4|0x0000000081c00000, 0x0000000081d00000, 0x0000000081d00000|100%| O|  |TAMS 0x0000000081c00000, 0x0000000081c00000| Untracked 
|   5|0x0000000081d00000, 0x0000000081e00000, 0x0000000081e00000|100%| O|  |TAMS 0x0000000081d00000, 0x0000000081d00000| Untracked 
|   6|0x0000000081e00000, 0x0000000081f00000, 0x0000000081f00000|100%|HS|  |TAMS 0x0000000081e00000, 0x0000000081e00000| Complete 
|   7|0x0000000081f00000, 0x0000000082000000, 0x0000000082000000|100%|HC|  |TAMS 0x0000000081f00000, 0x0000000081f00000| Complete 
|   8|0x0000000082000000, 0x0000000082100000, 0x0000000082100000|100%|HC|  |TAMS 0x0000000082000000, 0x0000000082000000| Complete 
|   9|0x0000000082100000, 0x0000000082200000, 0x0000000082200000|100%|HC|  |TAMS 0x0000000082100000, 0x0000000082100000| Complete 
|  10|0x0000000082200000, 0x0000000082300000, 0x0000000082300000|100%|HC|  |TAMS 0x0000000082200000, 0x0000000082200000| Complete 
|  11|0x0000000082300000, 0x0000000082400000, 0x0000000082400000|100%|HS|  |TAMS 0x0000000082300000, 0x0000000082300000| Complete 
|  12|0x0000000082400000, 0x0000000082500000, 0x0000000082500000|100%|HC|  |TAMS 0x0000000082400000, 0x0000000082400000| Complete 
|  13|0x0000000082500000, 0x0000000082600000, 0x0000000082600000|100%|HC|  |TAMS 0x0000000082500000, 0x0000000082500000| Complete 
|  14|0x0000000082600000, 0x0000000082700000, 0x0000000082700000|100%|HC|  |TAMS 0x0000000082600000, 0x0000000082600000| Complete 
|  15|0x0000000082700000, 0x0000000082800000, 0x0000000082800000|100%|HC|  |TAMS 0x0000000082700000, 0x0000000082700000| Complete 
|  16|0x0000000082800000, 0x0000000082900000, 0x0000000082900000|100%|HS|  |TAMS 0x0000000082800000, 0x0000000082800000| Complete 
|  17|0x0000000082900000, 0x0000000082a00000, 0x0000000082a00000|100%|HC|  |TAMS 0x0000000082900000, 0x0000000082900000| Complete 
|  18|0x0000000082a00000, 0x0000000082b00000, 0x0000000082b00000|100%|HC|  |TAMS 0x0000000082a00000, 0x0000000082a00000| Complete 
|  19|0x0000000082b00000, 0x0000000082c00000, 0x0000000082c00000|100%|HC|  |TAMS 0x0000000082b00000, 0x0000000082b00000| Complete 
|  20|0x0000000082c00000, 0x0000000082d00000, 0x0000000082d00000|100%|HC|  |TAMS 0x0000000082c00000, 0x0000000082c00000| Complete 
|  21|0x0000000082d00000, 0x0000000082d00000, 0x0000000082e00000|  0%| F|  |TAMS 0x0000000082d00000, 0x0000000082d00000| Untracked 
|  22|0x0000000082e00000, 0x0000000082e00000, 0x0000000082f00000|  0%| F|  |TAMS 0x0000000082e00000, 0x0000000082e00000| Untracked 
|  23|0x0000000082f00000, 0x0000000082f00000, 0x0000000083000000|  0%| F|  |TAMS 0x0000000082f00000, 0x0000000082f00000| Untracked 
|  24|0x0000000083000000, 0x0000000083000000, 0x0000000083100000|  0%| F|  |TAMS 0x0000000083000000, 0x0000000083000000| Untracked 
|  25|0x0000000083100000, 0x0000000083100000, 0x0000000083200000|  0%| F|  |TAMS 0x0000000083100000, 0x0000000083100000| Untracked 
|  26|0x0000000083200000, 0x0000000083200000, 0x0000000083300000|  0%| F|  |TAMS 0x0000000083200000, 0x0000000083200000| Untracked 
|  27|0x0000000083300000, 0x0000000083300000, 0x0000000083400000|  0%| F|  |TAMS 0x0000000083300000, 0x0000000083300000| Untracked 
|  28|0x0000000083400000, 0x0000000083400000, 0x0000000083500000|  0%| F|  |TAMS 0x0000000083400000, 0x0000000083400000| Untracked 
|  29|0x0000000083500000, 0x0000000083500000, 0x0000000083600000|  0%| F|  |TAMS 0x0000000083500000, 0x0000000083500000| Untracked 
|  30|0x0000000083600000, 0x0000000083600000, 0x0000000083700000|  0%| F|  |TAMS 0x0000000083600000, 0x0000000083600000| Untracked 
|  31|0x0000000083700000, 0x0000000083700000, 0x0000000083800000|  0%| F|  |TAMS 0x0000000083700000, 0x0000000083700000| Untracked 
|  32|0x0000000083800000, 0x0000000083800000, 0x0000000083900000|  0%| F|  |TAMS 0x0000000083800000, 0x0000000083800000| Untracked 
|  33|0x0000000083900000, 0x0000000083900000, 0x0000000083a00000|  0%| F|  |TAMS 0x0000000083900000, 0x0000000083900000| Untracked 
|  34|0x0000000083a00000, 0x0000000083a00000, 0x0000000083b00000|  0%| F|  |TAMS 0x0000000083a00000, 0x0000000083a00000| Untracked 
|  35|0x0000000083b00000, 0x0000000083b00000, 0x0000000083c00000|  0%| F|  |TAMS 0x0000000083b00000, 0x0000000083b00000| Untracked 
|  36|0x0000000083c00000, 0x0000000083c00000, 0x0000000083d00000|  0%| F|  |TAMS 0x0000000083c00000, 0x0000000083c00000| Untracked 
|  37|0x0000000083d00000, 0x0000000083d00000, 0x0000000083e00000|  0%| F|  |TAMS 0x0000000083d00000, 0x0000000083d00000| Untracked 
|  38|0x0000000083e00000, 0x0000000083e00000, 0x0000000083f00000|  0%| F|  |TAMS 0x0000000083e00000, 0x0000000083e00000| Untracked 
|  39|0x0000000083f00000, 0x0000000083f00000, 0x0000000084000000|  0%| F|  |TAMS 0x0000000083f00000, 0x0000000083f00000| Untracked 
|  40|0x0000000084000000, 0x0000000084000000, 0x0000000084100000|  0%| F|  |TAMS 0x0000000084000000, 0x0000000084000000| Untracked 
|  41|0x0000000084100000, 0x0000000084100000, 0x0000000084200000|  0%| F|  |TAMS 0x0000000084100000, 0x0000000084100000| Untracked 
|  42|0x0000000084200000, 0x0000000084200000, 0x0000000084300000|  0%| F|  |TAMS 0x0000000084200000, 0x0000000084200000| Untracked 
|  43|0x0000000084300000, 0x0000000084300000, 0x0000000084400000|  0%| F|  |TAMS 0x0000000084300000, 0x0000000084300000| Untracked 
|  44|0x0000000084400000, 0x0000000084400000, 0x0000000084500000|  0%| F|  |TAMS 0x0000000084400000, 0x0000000084400000| Untracked 
|  45|0x0000000084500000, 0x0000000084500000, 0x0000000084600000|  0%| F|  |TAMS 0x0000000084500000, 0x0000000084500000| Untracked 
|  46|0x0000000084600000, 0x0000000084600000, 0x0000000084700000|  0%| F|  |TAMS 0x0000000084600000, 0x0000000084600000| Untracked 
|  47|0x0000000084700000, 0x0000000084700000, 0x0000000084800000|  0%| F|  |TAMS 0x0000000084700000, 0x0000000084700000| Untracked 
|  48|0x0000000084800000, 0x0000000084800000, 0x0000000084900000|  0%| F|  |TAMS 0x0000000084800000, 0x0000000084800000| Untracked 
|  49|0x0000000084900000, 0x0000000084900000, 0x0000000084a00000|  0%| F|  |TAMS 0x0000000084900000, 0x0000000084900000| Untracked 
|  50|0x0000000084a00000, 0x0000000084a00000, 0x0000000084b00000|  0%| F|  |TAMS 0x0000000084a00000, 0x0000000084a00000| Untracked 
|  51|0x0000000084b00000, 0x0000000084b00000, 0x0000000084c00000|  0%| F|  |TAMS 0x0000000084b00000, 0x0000000084b00000| Untracked 
|  52|0x0000000084c00000, 0x0000000084c00000, 0x0000000084d00000|  0%| F|  |TAMS 0x0000000084c00000, 0x0000000084c00000| Untracked 
|  53|0x0000000084d00000, 0x0000000084d00000, 0x0000000084e00000|  0%| F|  |TAMS 0x0000000084d00000, 0x0000000084d00000| Untracked 
|  54|0x0000000084e00000, 0x0000000084e00000, 0x0000000084f00000|  0%| F|  |TAMS 0x0000000084e00000, 0x0000000084e00000| Untracked 
|  55|0x0000000084f00000, 0x0000000084f00000, 0x0000000085000000|  0%| F|  |TAMS 0x0000000084f00000, 0x0000000084f00000| Untracked 
|  56|0x0000000085000000, 0x0000000085000000, 0x0000000085100000|  0%| F|  |TAMS 0x0000000085000000, 0x0000000085000000| Untracked 
|  57|0x0000000085100000, 0x0000000085100000, 0x0000000085200000|  0%| F|  |TAMS 0x0000000085100000, 0x0000000085100000| Untracked 
|  58|0x0000000085200000, 0x0000000085200000, 0x0000000085300000|  0%| F|  |TAMS 0x0000000085200000, 0x0000000085200000| Untracked 
|  59|0x0000000085300000, 0x0000000085300000, 0x0000000085400000|  0%| F|  |TAMS 0x0000000085300000, 0x0000000085300000| Untracked 
|  60|0x0000000085400000, 0x0000000085400000, 0x0000000085500000|  0%| F|  |TAMS 0x0000000085400000, 0x0000000085400000| Untracked 
|  61|0x0000000085500000, 0x0000000085500000, 0x0000000085600000|  0%| F|  |TAMS 0x0000000085500000, 0x0000000085500000| Untracked 
|  62|0x0000000085600000, 0x0000000085600000, 0x0000000085700000|  0%| F|  |TAMS 0x0000000085600000, 0x0000000085600000| Untracked 
|  63|0x0000000085700000, 0x0000000085700000, 0x0000000085800000|  0%| F|  |TAMS 0x0000000085700000, 0x0000000085700000| Untracked 
|  64|0x0000000085800000, 0x0000000085800000, 0x0000000085900000|  0%| F|  |TAMS 0x0000000085800000, 0x0000000085800000| Untracked 
|  65|0x0000000085900000, 0x0000000085900000, 0x0000000085a00000|  0%| F|  |TAMS 0x0000000085900000, 0x0000000085900000| Untracked 
|  66|0x0000000085a00000, 0x0000000085a00000, 0x0000000085b00000|  0%| F|  |TAMS 0x0000000085a00000, 0x0000000085a00000| Untracked 
|  67|0x0000000085b00000, 0x0000000085b00000, 0x0000000085c00000|  0%| F|  |TAMS 0x0000000085b00000, 0x0000000085b00000| Untracked 
|  68|0x0000000085c00000, 0x0000000085c00000, 0x0000000085d00000|  0%| F|  |TAMS 0x0000000085c00000, 0x0000000085c00000| Untracked 
|  69|0x0000000085d00000, 0x0000000085d00000, 0x0000000085e00000|  0%| F|  |TAMS 0x0000000085d00000, 0x0000000085d00000| Untracked 
|  70|0x0000000085e00000, 0x0000000085e00000, 0x0000000085f00000|  0%| F|  |TAMS 0x0000000085e00000, 0x0000000085e00000| Untracked 
|  71|0x0000000085f00000, 0x0000000085f00000, 0x0000000086000000|  0%| F|  |TAMS 0x0000000085f00000, 0x0000000085f00000| Untracked 
|  72|0x0000000086000000, 0x0000000086000000, 0x0000000086100000|  0%| F|  |TAMS 0x0000000086000000, 0x0000000086000000| Untracked 
|  73|0x0000000086100000, 0x0000000086100000, 0x0000000086200000|  0%| F|  |TAMS 0x0000000086100000, 0x0000000086100000| Untracked 
|  74|0x0000000086200000, 0x0000000086200000, 0x0000000086300000|  0%| F|  |TAMS 0x0000000086200000, 0x0000000086200000| Untracked 
|  75|0x0000000086300000, 0x0000000086300000, 0x0000000086400000|  0%| F|  |TAMS 0x0000000086300000, 0x0000000086300000| Untracked 
|  76|0x0000000086400000, 0x0000000086400000, 0x0000000086500000|  0%| F|  |TAMS 0x0000000086400000, 0x0000000086400000| Untracked 
|  77|0x0000000086500000, 0x0000000086500000, 0x0000000086600000|  0%| F|  |TAMS 0x0000000086500000, 0x0000000086500000| Untracked 
|  78|0x0000000086600000, 0x0000000086600000, 0x0000000086700000|  0%| F|  |TAMS 0x0000000086600000, 0x0000000086600000| Untracked 
|  79|0x0000000086700000, 0x0000000086700000, 0x0000000086800000|  0%| F|  |TAMS 0x0000000086700000, 0x0000000086700000| Untracked 
|  80|0x0000000086800000, 0x0000000086800000, 0x0000000086900000|  0%| F|  |TAMS 0x0000000086800000, 0x0000000086800000| Untracked 
|  81|0x0000000086900000, 0x0000000086900000, 0x0000000086a00000|  0%| F|  |TAMS 0x0000000086900000, 0x0000000086900000| Untracked 
|  82|0x0000000086a00000, 0x0000000086a00000, 0x0000000086b00000|  0%| F|  |TAMS 0x0000000086a00000, 0x0000000086a00000| Untracked 
|  83|0x0000000086b00000, 0x0000000086b00000, 0x0000000086c00000|  0%| F|  |TAMS 0x0000000086b00000, 0x0000000086b00000| Untracked 
|  84|0x0000000086c00000, 0x0000000086c00000, 0x0000000086d00000|  0%| F|  |TAMS 0x0000000086c00000, 0x0000000086c00000| Untracked 
|  85|0x0000000086d00000, 0x0000000086d00000, 0x0000000086e00000|  0%| F|  |TAMS 0x0000000086d00000, 0x0000000086d00000| Untracked 
|  86|0x0000000086e00000, 0x0000000086e00000, 0x0000000086f00000|  0%| F|  |TAMS 0x0000000086e00000, 0x0000000086e00000| Untracked 
|  87|0x0000000086f00000, 0x0000000086f00000, 0x0000000087000000|  0%| F|  |TAMS 0x0000000086f00000, 0x0000000086f00000| Untracked 
|  88|0x0000000087000000, 0x0000000087000000, 0x0000000087100000|  0%| F|  |TAMS 0x0000000087000000, 0x0000000087000000| Untracked 
|  89|0x0000000087100000, 0x0000000087100000, 0x0000000087200000|  0%| F|  |TAMS 0x0000000087100000, 0x0000000087100000| Untracked 
|  90|0x0000000087200000, 0x0000000087200000, 0x0000000087300000|  0%| F|  |TAMS 0x0000000087200000, 0x0000000087200000| Untracked 
|  91|0x0000000087300000, 0x0000000087300000, 0x0000000087400000|  0%| F|  |TAMS 0x0000000087300000, 0x0000000087300000| Untracked 
|  92|0x0000000087400000, 0x0000000087400000, 0x0000000087500000|  0%| F|  |TAMS 0x0000000087400000, 0x0000000087400000| Untracked 
|  93|0x0000000087500000, 0x0000000087500000, 0x0000000087600000|  0%| F|  |TAMS 0x0000000087500000, 0x0000000087500000| Untracked 
|  94|0x0000000087600000, 0x0000000087600000, 0x0000000087700000|  0%| F|  |TAMS 0x0000000087600000, 0x0000000087600000| Untracked 
|  95|0x0000000087700000, 0x0000000087700000, 0x0000000087800000|  0%| F|  |TAMS 0x0000000087700000, 0x0000000087700000| Untracked 
|  96|0x0000000087800000, 0x0000000087800000, 0x0000000087900000|  0%| F|  |TAMS 0x0000000087800000, 0x0000000087800000| Untracked 
|  97|0x0000000087900000, 0x0000000087900000, 0x0000000087a00000|  0%| F|  |TAMS 0x0000000087900000, 0x0000000087900000| Untracked 
|  98|0x0000000087a00000, 0x0000000087af9598, 0x0000000087b00000| 97%| S|CS|TAMS 0x0000000087a00000, 0x0000000087a00000| Complete 
|  99|0x0000000087b00000, 0x0000000087c00000, 0x0000000087c00000|100%| S|CS|TAMS 0x0000000087b00000, 0x0000000087b00000| Complete 
| 100|0x0000000087c00000, 0x0000000087c00000, 0x0000000087d00000|  0%| F|  |TAMS 0x0000000087c00000, 0x0000000087c00000| Untracked 
| 101|0x0000000087d00000, 0x0000000087d00000, 0x0000000087e00000|  0%| F|  |TAMS 0x0000000087d00000, 0x0000000087d00000| Untracked 
| 102|0x0000000087e00000, 0x0000000087e00000, 0x0000000087f00000|  0%| F|  |TAMS 0x0000000087e00000, 0x0000000087e00000| Untracked 
| 103|0x0000000087f00000, 0x0000000087f00000, 0x0000000088000000|  0%| F|  |TAMS 0x0000000087f00000, 0x0000000087f00000| Untracked 
| 104|0x0000000088000000, 0x0000000088000000, 0x0000000088100000|  0%| F|  |TAMS 0x0000000088000000, 0x0000000088000000| Untracked 
| 105|0x0000000088100000, 0x0000000088100000, 0x0000000088200000|  0%| F|  |TAMS 0x0000000088100000, 0x0000000088100000| Untracked 
| 106|0x0000000088200000, 0x0000000088200000, 0x0000000088300000|  0%| F|  |TAMS 0x0000000088200000, 0x0000000088200000| Untracked 
| 107|0x0000000088300000, 0x0000000088300000, 0x0000000088400000|  0%| F|  |TAMS 0x0000000088300000, 0x0000000088300000| Untracked 
| 108|0x0000000088400000, 0x0000000088400000, 0x0000000088500000|  0%| F|  |TAMS 0x0000000088400000, 0x0000000088400000| Untracked 
| 109|0x0000000088500000, 0x0000000088500000, 0x0000000088600000|  0%| F|  |TAMS 0x0000000088500000, 0x0000000088500000| Untracked 
| 110|0x0000000088600000, 0x0000000088600000, 0x0000000088700000|  0%| F|  |TAMS 0x0000000088600000, 0x0000000088600000| Untracked 
| 111|0x0000000088700000, 0x0000000088700000, 0x0000000088800000|  0%| F|  |TAMS 0x0000000088700000, 0x0000000088700000| Untracked 
| 112|0x0000000088800000, 0x0000000088800000, 0x0000000088900000|  0%| F|  |TAMS 0x0000000088800000, 0x0000000088800000| Untracked 
| 113|0x0000000088900000, 0x0000000088900000, 0x0000000088a00000|  0%| F|  |TAMS 0x0000000088900000, 0x0000000088900000| Untracked 
| 114|0x0000000088a00000, 0x0000000088a00000, 0x0000000088b00000|  0%| F|  |TAMS 0x0000000088a00000, 0x0000000088a00000| Untracked 
| 115|0x0000000088b00000, 0x0000000088b00000, 0x0000000088c00000|  0%| F|  |TAMS 0x0000000088b00000, 0x0000000088b00000| Untracked 
| 116|0x0000000088c00000, 0x0000000088c00000, 0x0000000088d00000|  0%| F|  |TAMS 0x0000000088c00000, 0x0000000088c00000| Untracked 
| 117|0x0000000088d00000, 0x0000000088d00000, 0x0000000088e00000|  0%| F|  |TAMS 0x0000000088d00000, 0x0000000088d00000| Untracked 
| 118|0x0000000088e00000, 0x0000000088e00000, 0x0000000088f00000|  0%| F|  |TAMS 0x0000000088e00000, 0x0000000088e00000| Untracked 
| 119|0x0000000088f00000, 0x0000000088f00000, 0x0000000089000000|  0%| F|  |TAMS 0x0000000088f00000, 0x0000000088f00000| Untracked 
| 120|0x0000000089000000, 0x0000000089000000, 0x0000000089100000|  0%| F|  |TAMS 0x0000000089000000, 0x0000000089000000| Untracked 
| 121|0x0000000089100000, 0x0000000089184010, 0x0000000089200000| 51%| E|  |TAMS 0x0000000089100000, 0x0000000089100000| Complete 
| 122|0x0000000089200000, 0x0000000089300000, 0x0000000089300000|100%| E|CS|TAMS 0x0000000089200000, 0x0000000089200000| Complete 
| 123|0x0000000089300000, 0x0000000089400000, 0x0000000089400000|100%| E|CS|TAMS 0x0000000089300000, 0x0000000089300000| Complete 
| 124|0x0000000089400000, 0x0000000089500000, 0x0000000089500000|100%| E|CS|TAMS 0x0000000089400000, 0x0000000089400000| Complete 
| 125|0x0000000089500000, 0x0000000089600000, 0x0000000089600000|100%| E|CS|TAMS 0x0000000089500000, 0x0000000089500000| Complete 
| 126|0x0000000089600000, 0x0000000089700000, 0x0000000089700000|100%| E|CS|TAMS 0x0000000089600000, 0x0000000089600000| Complete 
| 127|0x0000000089700000, 0x0000000089800000, 0x0000000089800000|100%| E|CS|TAMS 0x0000000089700000, 0x0000000089700000| Complete 

Card table byte_map: [0x0000021cf2aa0000,0x0000021cf2ea0000] _byte_map_base: 0x0000021cf2694000

Marking Bits (Prev, Next): (CMBitMap*) 0x0000021cdb3cd988, (CMBitMap*) 0x0000021cdb3cd9c0
 Prev Bits: [0x0000021cf32a0000, 0x0000021cf5240000)
 Next Bits: [0x0000021cf5240000, 0x0000021cf71e0000)

Polling page: 0x0000021cd92d0000

Metaspace:

Usage:
  Non-class:     14.51 MB capacity,    14.37 MB (>99%) used,   120.38 KB ( <1%) free+waste,    26.25 KB ( <1%) overhead. 
      Class:      1.26 MB capacity,     1.16 MB ( 92%) used,    86.09 KB (  7%) free+waste,    11.31 KB ( <1%) overhead. 
       Both:     15.77 MB capacity,    15.53 MB ( 98%) used,   206.47 KB (  1%) free+waste,    37.56 KB ( <1%) overhead. 

Virtual space:
  Non-class space:       16.00 MB reserved,      14.75 MB ( 92%) committed 
      Class space:        1.00 GB reserved,       1.38 MB ( <1%) committed 
             Both:        1.02 GB reserved,      16.13 MB (  2%) committed 

Chunk freelists:
   Non-Class:  6.13 KB
       Class:  3.13 KB
        Both:  9.25 KB

CodeHeap 'non-profiled nmethods': size=120064Kb used=609Kb max_used=609Kb free=119454Kb
 bounds [0x0000021ceb160000, 0x0000021ceb3d0000, 0x0000021cf26a0000]
CodeHeap 'profiled nmethods': size=120000Kb used=2671Kb max_used=2671Kb free=117328Kb
 bounds [0x0000021ce3c30000, 0x0000021ce3ed0000, 0x0000021ceb160000]
CodeHeap 'non-nmethods': size=5696Kb used=1492Kb max_used=1544Kb free=4203Kb
 bounds [0x0000021ce36a0000, 0x0000021ce3910000, 0x0000021ce3c30000]
 total_blobs=2768 nmethods=1384 adapters=926
 compilation: enabled
              stopped_count=0, restarted_count=0
 full_count=0

Compilation events (10 events):
Event: 5.700 Thread 0x0000021cf970b800 1382       3       jdk.internal.misc.Unsafe::putFloat (8 bytes)
Event: 5.700 Thread 0x0000021cf970b800 nmethod 1382 0x0000021ce3ecaf90 code [0x0000021ce3ecb140, 0x0000021ce3ecb2b8]
Event: 5.700 Thread 0x0000021cf970b800 1383       3       DabEngine.Graphics.Models.VertexBuffer::put (11 bytes)
Event: 5.700 Thread 0x0000021cf970b800 nmethod 1383 0x0000021ce3ecb390 code [0x0000021ce3ecb560, 0x0000021ce3ecb790]
Event: 5.702 Thread 0x0000021cf970b800 1385       3       DabEngine.Graphics.Batch.Batch::checkSize (16 bytes)
Event: 5.702 Thread 0x0000021cf9706800 1386       4       DabEngine.Graphics.Models.VertexBuffer::put (11 bytes)
Event: 5.702 Thread 0x0000021cf970b800 nmethod 1385 0x0000021ce3ecb890 code [0x0000021ce3ecba60, 0x0000021ce3ecbc50]
Event: 5.702 Thread 0x0000021c80727000 1387   !   4       java.nio.DirectFloatBufferU::put (31 bytes)
Event: 5.704 Thread 0x0000021c80727000 nmethod 1387 0x0000021ceb1f8110 code [0x0000021ceb1f82a0, 0x0000021ceb1f8358]
Event: 5.704 Thread 0x0000021cf9706800 nmethod 1386 0x0000021ceb1f8410 code [0x0000021ceb1f85a0, 0x0000021ceb1f8678]

GC Heap History (6 events):
Event: 1.368 GC heap before
{Heap before GC invocations=0 (full 0):
 garbage-first heap   total 131072K, used 16384K [0x0000000081800000, 0x0000000100000000)
  region size 1024K, 14 young (14336K), 0 survivors (0K)
 Metaspace       used 7298K, capacity 7410K, committed 7680K, reserved 1056768K
  class space    used 632K, capacity 681K, committed 768K, reserved 1048576K
}
Event: 1.376 GC heap after
{Heap after GC invocations=1 (full 0):
 garbage-first heap   total 131072K, used 6142K [0x0000000081800000, 0x0000000100000000)
  region size 1024K, 2 young (2048K), 2 survivors (2048K)
 Metaspace       used 7298K, capacity 7410K, committed 7680K, reserved 1056768K
  class space    used 632K, capacity 681K, committed 768K, reserved 1048576K
}
Event: 2.258 GC heap before
{Heap before GC invocations=1 (full 0):
 garbage-first heap   total 131072K, used 16382K [0x0000000081800000, 0x0000000100000000)
  region size 1024K, 12 young (12288K), 2 survivors (2048K)
 Metaspace       used 9350K, capacity 9504K, committed 9600K, reserved 1058816K
  class space    used 808K, capacity 850K, committed 896K, reserved 1048576K
}
Event: 2.264 GC heap after
{Heap after GC invocations=2 (full 0):
 garbage-first heap   total 131072K, used 6569K [0x0000000081800000, 0x0000000100000000)
  region size 1024K, 1 young (1024K), 1 survivors (1024K)
 Metaspace       used 9350K, capacity 9504K, committed 9600K, reserved 1058816K
  class space    used 808K, capacity 850K, committed 896K, reserved 1048576K
}
Event: 5.050 GC heap before
{Heap before GC invocations=2 (full 0):
 garbage-first heap   total 131072K, used 39337K [0x0000000081800000, 0x0000000100000000)
  region size 1024K, 28 young (28672K), 1 survivors (1024K)
 Metaspace       used 15694K, capacity 15945K, committed 16256K, reserved 1064960K
  class space    used 1175K, capacity 1281K, committed 1408K, reserved 1048576K
}
Event: 5.055 GC heap after
{Heap after GC invocations=3 (full 0):
 garbage-first heap   total 131072K, used 13285K [0x0000000081800000, 0x0000000100000000)
  region size 1024K, 2 young (2048K), 2 survivors (2048K)
 Metaspace       used 15694K, capacity 15945K, committed 16256K, reserved 1064960K
  class space    used 1175K, capacity 1281K, committed 1408K, reserved 1048576K
}

Deoptimization events (10 events):
Event: 1.878 Thread 0x0000021cdb38f000 Uncommon trap: reason=class_check action=maybe_recompile pc=0x0000021ceb18c590 method=java.util.HashMap.getNode(ILjava/lang/Object;)Ljava/util/HashMap$Node; @ 59 c2
Event: 1.980 Thread 0x0000021cdb38f000 Uncommon trap: reason=unstable_if action=reinterpret pc=0x0000021ceb1a1ba8 method=java.util.jar.JarFile.getVersionedEntry(Ljava/lang/String;Ljava/util/jar/JarEntry;)Ljava/util/jar/JarEntry; @ 67 c2
Event: 2.969 Thread 0x0000021cdb38f000 Uncommon trap: reason=unstable_if action=reinterpret pc=0x0000021ceb182680 method=java.io.BufferedReader.readLine(Z)Ljava/lang/String; @ 66 c2
Event: 5.230 Thread 0x0000021cdb38f000 Uncommon trap: reason=speculate_class_check action=maybe_recompile pc=0x0000021ceb1e06a0 method=java.util.zip.InflaterInputStream.read([BII)I @ 100 c2
Event: 5.231 Thread 0x0000021cdb38f000 Uncommon trap: reason=speculate_class_check action=maybe_recompile pc=0x0000021ceb1e06a0 method=java.util.zip.InflaterInputStream.read([BII)I @ 100 c2
Event: 5.231 Thread 0x0000021cdb38f000 Uncommon trap: reason=speculate_class_check action=maybe_recompile pc=0x0000021ceb1e06a0 method=java.util.zip.InflaterInputStream.read([BII)I @ 100 c2
Event: 5.231 Thread 0x0000021cdb38f000 Uncommon trap: reason=speculate_class_check action=maybe_recompile pc=0x0000021ceb1e06a0 method=java.util.zip.InflaterInputStream.read([BII)I @ 100 c2
Event: 5.615 Thread 0x0000021cdb38f000 Uncommon trap: reason=unstable_if action=reinterpret pc=0x0000021ceb1e51f0 method=java.awt.image.ComponentColorModel.getRGB(Ljava/lang/Object;)I @ 4 c2
Event: 5.615 Thread 0x0000021cdb38f000 Uncommon trap: reason=unstable_if action=reinterpret pc=0x0000021ceb1e5ae8 method=java.awt.image.ComponentColorModel.getAlpha(Ljava/lang/Object;)I @ 4 c2
Event: 5.615 Thread 0x0000021cdb38f000 Uncommon trap: reason=unstable_if action=reinterpret pc=0x0000021ceb1e43ec method=java.awt.image.ComponentColorModel.extractComponent(Ljava/lang/Object;II)I @ 4 c2

Classes redefined (0 events):
No events

Internal exceptions (10 events):
Event: 4.150 Thread 0x0000021cdb38f000 Exception <a 'java/lang/NullPointerException'{0x0000000087f94740}> (0x0000000087f94740) thrown at [t:/workspace/open/src/hotspot/share/interpreter/linkResolver.cpp, line 1372]
Event: 4.579 Thread 0x0000021cdb38f000 Exception <a 'java/lang/ClassNotFoundException'{0x0000000087fb08d8}: sun/awt/resources/spi/awtProvider> (0x0000000087fb08d8) thrown at [t:/workspace/open/src/hotspot/share/classfile/systemDictionary.cpp, line 231]
Event: 4.685 Thread 0x0000021cdb38f000 Exception <a 'java/io/FileNotFoundException'{0x0000000087e21020}> (0x0000000087e21020) thrown at [t:/workspace/open/src/hotspot/share/prims/jni.cpp, line 615]
Event: 4.709 Thread 0x0000021cdb38f000 Exception <a 'java/lang/NoSuchMethodError'{0x0000000087e7bde0}: java.lang.invoke.DirectMethodHandle$Holder.invokeStatic(Ljava/lang/Object;Ljava/lang/Object;Ljava/lang/Object;Ljava/lang/Object;Ljava/lang/Object;Ljava/lang/Object;Ljava/lang/Object;Ljava/lan
Event: 4.716 Thread 0x0000021cdb38f000 Exception <a 'java/lang/NoSuchMethodError'{0x0000000087e89c50}: java.lang.invoke.DirectMethodHandle$Holder.invokeStatic(Ljava/lang/Object;Ljava/lang/Object;Ljava/lang/Object;Ljava/lang/Object;Ljava/lang/Object;Ljava/lang/Object;Ljava/lang/Object;Ljava/lan
Event: 4.720 Thread 0x0000021cdb38f000 Exception <a 'java/lang/NoSuchMethodError'{0x0000000087e978b8}: java.lang.invoke.DirectMethodHandle$Holder.invokeSpecial(Ljava/lang/Object;Ljava/lang/Object;IILjava/lang/Object;Ljava/lang/Object;Ljava/lang/Object;)Ljava/lang/Object;> (0x0000000087e978b8) 
Event: 4.721 Thread 0x0000021cdb38f000 Exception <a 'java/lang/NoSuchMethodError'{0x0000000087e9ae40}: java.lang.invoke.DelegatingMethodHandle$Holder.reinvoke_L(Ljava/lang/Object;IILjava/lang/Object;Ljava/lang/Object;Ljava/lang/Object;)Ljava/lang/Object;> (0x0000000087e9ae40) thrown at [t:/wor
Event: 4.722 Thread 0x0000021cdb38f000 Exception <a 'java/lang/NoSuchMethodError'{0x0000000087e9f0c8}: java.lang.invoke.DirectMethodHandle$Holder.invokeStatic(Ljava/lang/Object;Ljava/lang/Object;Ljava/lang/Object;Ljava/lang/Object;I)Ljava/lang/Object;> (0x0000000087e9f0c8) thrown at [t:/worksp
Event: 4.744 Thread 0x0000021cdb38f000 Exception <a 'java/io/FileNotFoundException'{0x0000000087d01dc0}> (0x0000000087d01dc0) thrown at [t:/workspace/open/src/hotspot/share/prims/jni.cpp, line 615]
Event: 5.630 Thread 0x0000021cdb38f000 Exception <a 'java/lang/NoSuchMethodError'{0x00000000892e65a8}: java.lang.invoke.DirectMethodHandle$Holder.invokeStaticInit(Ljava/lang/Object;)V> (0x00000000892e65a8) thrown at [t:/workspace/open/src/hotspot/share/interpreter/linkResolver.cpp, line 772]

Events (10 events):
Event: 5.630 loading class DabEngine/Utils/Procedure
Event: 5.630 loading class DabEngine/Utils/Procedure done
Event: 5.632 loading class DabEngine/Utils/Procedure
Event: 5.632 loading class DabEngine/Utils/Procedure done
Event: 5.632 loading class DabEngine/Utils/Procedure
Event: 5.632 loading class DabEngine/Utils/Procedure done
Event: 5.633 loading class DabEngine/Utils/Procedure
Event: 5.633 loading class DabEngine/Utils/Procedure done
Event: 5.634 loading class org/joml/Math
Event: 5.634 loading class org/joml/Math done


Dynamic libraries:
0x00007ff7c9f60000 - 0x00007ff7c9fa7000 	C:\Program Files\Java\jdk-11.0.1\bin\java.exe
0x00007ff9f7c80000 - 0x00007ff9f7e61000 	C:\WINDOWS\SYSTEM32\ntdll.dll
0x00007ff9f5d70000 - 0x00007ff9f5e21000 	C:\WINDOWS\System32\KERNEL32.DLL
0x00007ff9f4050000 - 0x00007ff9f42c3000 	C:\WINDOWS\System32\KERNELBASE.dll
0x00007ff9f6410000 - 0x00007ff9f64b1000 	C:\WINDOWS\System32\ADVAPI32.dll
0x00007ff9f59e0000 - 0x00007ff9f5a7e000 	C:\WINDOWS\System32\msvcrt.dll
0x00007ff9f6090000 - 0x00007ff9f60eb000 	C:\WINDOWS\System32\sechost.dll
0x00007ff9f64c0000 - 0x00007ff9f65e4000 	C:\WINDOWS\System32\RPCRT4.dll
0x00007ff9f5f00000 - 0x00007ff9f6090000 	C:\WINDOWS\System32\USER32.dll
0x00007ff9f4450000 - 0x00007ff9f4470000 	C:\WINDOWS\System32\win32u.dll
0x00007ff9f5d40000 - 0x00007ff9f5d68000 	C:\WINDOWS\System32\GDI32.dll
0x00007ff9f4470000 - 0x00007ff9f4601000 	C:\WINDOWS\System32\gdi32full.dll
0x00007ff9f4860000 - 0x00007ff9f48ff000 	C:\WINDOWS\System32\msvcp_win.dll
0x00007ff9f5010000 - 0x00007ff9f5108000 	C:\WINDOWS\System32\ucrtbase.dll
0x00007ff9e71e0000 - 0x00007ff9e7449000 	C:\WINDOWS\WinSxS\amd64_microsoft.windows.common-controls_6595b64144ccf1df_6.0.17134.950_none_fb3da4273069d3e0\COMCTL32.dll
0x00007ff9e5260000 - 0x00007ff9e526a000 	C:\WINDOWS\SYSTEM32\VERSION.dll
0x00007ff9f5170000 - 0x00007ff9f5492000 	C:\WINDOWS\System32\combase.dll
0x00007ff9f4320000 - 0x00007ff9f4399000 	C:\WINDOWS\System32\bcryptPrimitives.dll
0x00007ff9f7c10000 - 0x00007ff9f7c3d000 	C:\WINDOWS\System32\IMM32.DLL
0x00007ff9c3a40000 - 0x00007ff9c3a56000 	C:\Program Files\Java\jdk-11.0.1\bin\vcruntime140.dll
0x00007ff9c07e0000 - 0x00007ff9c088a000 	C:\Program Files\Java\jdk-11.0.1\bin\msvcp140.dll
0x00007ff9a5b20000 - 0x00007ff9a6662000 	C:\Program Files\Java\jdk-11.0.1\bin\server\jvm.dll
0x00007ff9f5a80000 - 0x00007ff9f5a88000 	C:\WINDOWS\System32\PSAPI.DLL
0x00007ff9cd800000 - 0x00007ff9cd809000 	C:\WINDOWS\SYSTEM32\WSOCK32.dll
0x00007ff9f5970000 - 0x00007ff9f59dc000 	C:\WINDOWS\System32\WS2_32.dll
0x00007ff9f0200000 - 0x00007ff9f0223000 	C:\WINDOWS\SYSTEM32\WINMM.dll
0x00007ff9f01d0000 - 0x00007ff9f01fa000 	C:\WINDOWS\SYSTEM32\WINMMBASE.dll
0x00007ff9f42d0000 - 0x00007ff9f4319000 	C:\WINDOWS\System32\cfgmgr32.dll
0x00007ff9f4030000 - 0x00007ff9f4041000 	C:\WINDOWS\System32\kernel.appcore.dll
0x00007ff9c3a20000 - 0x00007ff9c3a31000 	C:\Program Files\Java\jdk-11.0.1\bin\verify.dll
0x00007ff9de4a0000 - 0x00007ff9de669000 	C:\WINDOWS\SYSTEM32\DBGHELP.DLL
0x00007ff9def10000 - 0x00007ff9def39000 	C:\WINDOWS\SYSTEM32\dbgcore.DLL
0x00007ff9c2ce0000 - 0x00007ff9c2d09000 	C:\Program Files\Java\jdk-11.0.1\bin\java.dll
0x00007ff9c3060000 - 0x00007ff9c3076000 	C:\Program Files\Java\jdk-11.0.1\bin\zip.dll
0x00007ff9c8140000 - 0x00007ff9c814a000 	C:\Program Files\Java\jdk-11.0.1\bin\jimage.dll
0x00007ff9f65f0000 - 0x00007ff9f7a30000 	C:\WINDOWS\System32\SHELL32.dll
0x00007ff9f60f0000 - 0x00007ff9f6199000 	C:\WINDOWS\System32\shcore.dll
0x00007ff9f4900000 - 0x00007ff9f500d000 	C:\WINDOWS\System32\windows.storage.dll
0x00007ff9f5aa0000 - 0x00007ff9f5af1000 	C:\WINDOWS\System32\shlwapi.dll
0x00007ff9f3f90000 - 0x00007ff9f3faf000 	C:\WINDOWS\System32\profapi.dll
0x00007ff9f3fd0000 - 0x00007ff9f401c000 	C:\WINDOWS\System32\powrprof.dll
0x00007ff9f4020000 - 0x00007ff9f402a000 	C:\WINDOWS\System32\FLTLIB.DLL
0x00007ff9c2cc0000 - 0x00007ff9c2cd9000 	C:\Program Files\Java\jdk-11.0.1\bin\net.dll
0x00007ff9eae70000 - 0x00007ff9eaf4d000 	C:\WINDOWS\SYSTEM32\WINHTTP.dll
0x00007ff9f37b0000 - 0x00007ff9f3816000 	C:\WINDOWS\system32\mswsock.dll
0x00007ff9c0790000 - 0x00007ff9c07a3000 	C:\Program Files\Java\jdk-11.0.1\bin\nio.dll
0x00007ff9cadd0000 - 0x00007ff9cae42000 	C:\Users\B\AppData\Local\Temp\lwjglB\3.2.2-build-10\lwjgl.dll
0x00007ff9c8190000 - 0x00007ff9c81ee000 	C:\Users\B\AppData\Local\Temp\lwjglB\3.2.2-build-10\glfw.dll
0x00007ff9f23b0000 - 0x00007ff9f2448000 	C:\WINDOWS\system32\uxtheme.dll
0x00007ff9d97e0000 - 0x00007ff9d9823000 	C:\WINDOWS\SYSTEM32\dinput8.dll
0x00007ff9f10f0000 - 0x00007ff9f1100000 	C:\WINDOWS\SYSTEM32\xinput1_4.dll
0x00007ff9f3d40000 - 0x00007ff9f3d67000 	C:\WINDOWS\SYSTEM32\DEVOBJ.dll
0x00007ff9f2640000 - 0x00007ff9f2669000 	C:\WINDOWS\SYSTEM32\dwmapi.dll
0x00007ff9e9a20000 - 0x00007ff9e9a99000 	C:\WINDOWS\SYSTEM32\inputhost.dll
0x00007ff9eeba0000 - 0x00007ff9eec7a000 	C:\WINDOWS\SYSTEM32\CoreMessaging.dll
0x00007ff9f1a50000 - 0x00007ff9f1b9d000 	C:\WINDOWS\SYSTEM32\wintypes.dll
0x00007ff9ecdc0000 - 0x00007ff9ed0de000 	C:\WINDOWS\SYSTEM32\CoreUIComponents.dll
0x00007ff9f3050000 - 0x00007ff9f3081000 	C:\WINDOWS\SYSTEM32\ntmarta.dll
0x00007ff9f7a90000 - 0x00007ff9f7c03000 	C:\WINDOWS\System32\MSCTF.dll
0x00007ff9f5e30000 - 0x00007ff9f5ef2000 	C:\WINDOWS\System32\OLEAUT32.dll
0x00007ff9f2c90000 - 0x00007ff9f2c9c000 	C:\WINDOWS\SYSTEM32\HID.DLL
0x00007ff9f54a0000 - 0x00007ff9f58eb000 	C:\WINDOWS\System32\SETUPAPI.DLL
0x00007ff9f4610000 - 0x00007ff9f4667000 	C:\WINDOWS\System32\WINTRUST.dll
0x00007ff9f3fb0000 - 0x00007ff9f3fc2000 	C:\WINDOWS\System32\MSASN1.dll
0x00007ff9f4670000 - 0x00007ff9f4852000 	C:\WINDOWS\System32\CRYPT32.dll
0x00007ff9cca80000 - 0x00007ff9ccba0000 	C:\WINDOWS\SYSTEM32\opengl32.dll
0x00007ff9ce4a0000 - 0x00007ff9ce4cc000 	C:\WINDOWS\SYSTEM32\GLU32.dll
0x00007ff9a2020000 - 0x00007ff9a2851000 	C:\WINDOWS\SYSTEM32\ig7icd64.dll
0x00007ff9eb2a0000 - 0x00007ff9eb705000 	C:\WINDOWS\SYSTEM32\igdusc64.dll
0x00007ff9f0230000 - 0x00007ff9f0243000 	C:\WINDOWS\SYSTEM32\WTSAPI32.dll
0x00007ff9f2d20000 - 0x00007ff9f2ddb000 	C:\WINDOWS\SYSTEM32\dxgi.dll
0x00007ff9f13d0000 - 0x00007ff9f16db000 	C:\WINDOWS\SYSTEM32\d3d11.dll
0x00007ff9ebfc0000 - 0x00007ff9ecb62000 	C:\WINDOWS\SYSTEM32\igd10iumd64.dll
0x00007ff9f62b0000 - 0x00007ff9f6401000 	C:\WINDOWS\System32\ole32.dll
0x00007ff9f3a90000 - 0x00007ff9f3ab5000 	C:\WINDOWS\SYSTEM32\bcrypt.dll
0x00007ff9f3a60000 - 0x00007ff9f3a86000 	C:\WINDOWS\SYSTEM32\ncrypt.dll
0x00007ff9f3a20000 - 0x00007ff9f3a56000 	C:\WINDOWS\SYSTEM32\NTASN1.dll
0x00007ff9e9aa0000 - 0x00007ff9e9b36000 	C:\WINDOWS\System32\TextInputFramework.dll
0x00007ff9c5610000 - 0x00007ff9c5668000 	C:\Users\B\AppData\Local\Temp\lwjglB\3.2.2-build-10\lwjgl_opengl.dll
0x00007ff9b7020000 - 0x00007ff9b7271000 	C:\Users\B\AppData\Local\Temp\lwjglB\3.2.2-build-10\jemalloc.dll
0x00007ff9a1330000 - 0x00007ff9a1a04000 	C:\Users\B\AppData\Local\Temp\lwjglB\3.2.2-build-10\assimp.dll
0x00007ff999550000 - 0x00007ff9996ef000 	C:\Program Files\Java\jdk-11.0.1\bin\awt.dll
0x00007ff9ede80000 - 0x00007ff9ee447000 	C:\WINDOWS\SYSTEM32\d2d1.dll
0x00007ff9f0a60000 - 0x00007ff9f0aeb000 	C:\WINDOWS\SYSTEM32\apphelp.dll

dbghelp: loaded successfully - version: 4.0.5 - missing functions: none
symbol engine: initialized successfully - sym options: 0x614 - pdb path: .;C:\Program Files\Java\jdk-11.0.1\bin;C:\WINDOWS\SYSTEM32;C:\WINDOWS\WinSxS\amd64_microsoft.windows.common-controls_6595b64144ccf1df_6.0.17134.950_none_fb3da4273069d3e0;C:\Program Files\Java\jdk-11.0.1\bin\server;C:\Users\B\AppData\Local\Temp\lwjglB\3.2.2-build-10

VM Arguments:
jvm_args: -Dfile.encoding=UTF-8 
java_command: DabEngine.ModelTest
java_class_path (initial): C:\Users\B\Documents\DabEngine\bin\main;C:\Users\B\Documents\DabEngine\bin\test;C:\Users\B\.gradle\caches\modules-2\files-2.1\org.apache.commons\commons-math3\3.6.1\e4ba98f1d4b3c80ec46392f25e094a6a2e58fcbf\commons-math3-3.6.1.jar;C:\Users\B\.gradle\caches\modules-2\files-2.1\com.google.guava\guava\27.0.1-jre\bd41a290787b5301e63929676d792c507bbc00ae\guava-27.0.1-jre.jar;C:\Users\B\Documents\DabEngine\libs\jython-standalone-2.7.0.jar;C:\Users\B\.gradle\caches\modules-2\files-2.1\com.googlecode.json-simple\json-simple\1.1.1\c9ad4a0850ab676c5c64461a05ca524cdfff59f1\json-simple-1.1.1.jar;C:\Users\B\.gradle\caches\modules-2\files-2.1\com.google.guava\failureaccess\1.0.1\1dcf1de382a0bf95a3d8b0849546c88bac1292c9\failureaccess-1.0.1.jar;C:\Users\B\.gradle\caches\modules-2\files-2.1\com.google.guava\listenablefuture\9999.0-empty-to-avoid-conflict-with-guava\b421526c5f297295adef1c886e5246c39d4ac629\listenablefuture-9999.0-empty-to-avoid-conflict-with-guava.jar;C:\Users\B\.gradle\caches\modules-2\files-2.1\com.google.code.findbugs\jsr305\3.0.2\25ea2e8b0c338a877313bd4672d3fe056ea78f0d\jsr305-3.0.2.jar;C:\Users\B\.gradle\caches\modules-2\files-2.1\org.checkerframework\checker-qual\2.5.2\cea74543d5904a30861a61b4643a5f2bb372efc4\checker-qual-2.5.2.jar;C:\Users\B\.gradle\caches\modules-2\files-2.1\com.google.errorprone\error_prone_annotations\2.2.0\88e3c593e9b3586e1c6177f89267da6fc6986f0c\error_prone_annotations-2.2.0.jar;C:\Users\B\.gradle\caches\modules-2\files-2.1\com.google.j2objc\j2objc-annotations\1.1\ed28ded51a8b1c6b112568def5f4b455e6809019\j2objc-annotations-1.1.jar;C:\Users\B\.gradle\caches\modules-2\files-2.1\org.codehaus.mojo\animal-sniffer-annotations\1.17\f97ce6decaea32b36101e37979f8b647f00681fb\animal-sniffer-annotations-1.17.jar;C:\Users\B\.gradle\caches\modules-2\files-2.1\junit\junit\4.10\e4f1766ce7404a08f45d859fb9c226fc9e41a861\junit-4.10.jar;C:\Users\B\.gradle\caches\modules-2\files-2.1\org.hamcrest\hamcrest-core\1.1\860340562250678d1a
Launcher Type: SUN_STANDARD

[Global flags]
     intx CICompilerCount                          = 3                                         {product} {ergonomic}
     uint ConcGCThreads                            = 1                                         {product} {ergonomic}
     uint G1ConcRefinementThreads                  = 4                                         {product} {ergonomic}
   size_t G1HeapRegionSize                         = 1048576                                   {product} {ergonomic}
    uintx GCDrainStackTargetSize                   = 64                                        {product} {ergonomic}
   size_t InitialHeapSize                          = 134217728                                 {product} {ergonomic}
   size_t MarkStackSize                            = 4194304                                   {product} {ergonomic}
   size_t MaxHeapSize                              = 2122317824                                {product} {ergonomic}
   size_t MaxNewSize                               = 1272971264                                {product} {ergonomic}
   size_t MinHeapDeltaBytes                        = 1048576                                   {product} {ergonomic}
    uintx NonNMethodCodeHeapSize                   = 5830092                                {pd product} {ergonomic}
    uintx NonProfiledCodeHeapSize                  = 122914074                              {pd product} {ergonomic}
    uintx ProfiledCodeHeapSize                     = 122914074                              {pd product} {ergonomic}
    uintx ReservedCodeCacheSize                    = 251658240                              {pd product} {ergonomic}
     bool SegmentedCodeCache                       = true                                      {product} {ergonomic}
     bool UseCompressedClassPointers               = true                                 {lp64_product} {ergonomic}
     bool UseCompressedOops                        = true                                 {lp64_product} {ergonomic}
     bool UseG1GC                                  = true                                      {product} {ergonomic}
     bool UseLargePagesIndividualAllocation        = false                                  {pd product} {ergonomic}

Logging:
Log output configuration:
 #0: stdout all=warning uptime,level,tags
 #1: stderr all=off uptime,level,tags

Environment Variables:
CLASSPATH=.;.;C:\PROGRA~2\JMF21~1.1E\lib\sound.jar;C:\PROGRA~2\JMF21~1.1E\lib\jmf.jar;C:\PROGRA~2\JMF21~1.1E\lib;
PATH=C:\Program Files (x86)\Common Files\Intel\Shared Libraries\redist\intel64\compiler;C:\WINDOWS\system32;C:\WINDOWS;C:\WINDOWS\System32\Wbem;C:\WINDOWS\System32\WindowsPowerShell\v1.0\;C:\WINDOWS\System32\OpenSSH\;C:\Program Files\Java\jdk-11.0.1\bin;C:\Program Files\Git\cmd;C:\Program Files (x86)\Windows Kits\10\Windows Performance Toolkit\;C:\Program Files\Csound6_x64\bin;C:\ProgramData\chocolatey\bin;C:\Users\B\AppData\Local\Programs\Python\Python36\Scripts\;C:\Users\B\AppData\Local\Programs\Python\Python36\;C:\Users\B\scoop\shims;C:\Users\B\AppData\Local\Microsoft\WindowsApps;C:\Users\B\AppData\Local\GitHubDesktop\bin;C:\Users\B\AppData\Local\atom\bin;C:\Users\B\AppData\Local\Programs\Microsoft VS Code\bin
USERNAME=B
OS=Windows_NT
PROCESSOR_IDENTIFIER=Intel64 Family 6 Model 58 Stepping 9, GenuineIntel



---------------  S Y S T E M  ---------------

OS: Windows 10 , 64 bit Build 17134 (10.0.17134.753)

CPU:total 4 (initial active 4) (2 cores per cpu, 2 threads per core) family 6 model 58 stepping 9, cmov, cx8, fxsr, mmx, sse, sse2, sse3, ssse3, sse4.1, sse4.2, popcnt, avx, clmul, erms, ht, tsc, tscinvbit, tscinv

Memory: 4k page, system-wide physical 8089M (2162M free)
TotalPageFile size 16532M (AvailPageFile size 3577M)
current process WorkingSet (physical memory assigned to process): 168M, peak: 168M
current process commit charge ("private bytes"): 304M, peak: 325M

vm_info: Java HotSpot(TM) 64-Bit Server VM (11.0.1+13-LTS) for windows-amd64 JRE (11.0.1+13-LTS), built on Oct  6 2018 13:20:16 by "mach5one" with MS VC++ 15.5 (VS2017)

END.
