#
# A fatal error has been detected by the Java Runtime Environment:
#
#  EXCEPTION_ACCESS_VIOLATION (0xc0000005) at pc=0x00007ffc84db86aa, pid=15236, tid=5748
#
# JRE version: Java(TM) SE Runtime Environment (11.0.1+13) (build 11.0.1+13-LTS)
# Java VM: Java HotSpot(TM) 64-Bit Server VM (11.0.1+13-LTS, mixed mode, tiered, compressed oops, g1 gc, windows-amd64)
# Problematic frame:
# V  [jvm.dll+0x7586aa]
#
# No core dump will be written. Minidumps are not enabled by default on client versions of Windows
#
# If you would like to submit a bug report, please visit:
#   http://bugreport.java.com/bugreport/crash.jsp
#

---------------  S U M M A R Y ------------

Command Line: -Xdebug -Xnoagent -Djava.compiler=NONE -Xrunjdwp:transport=dt_socket,address=localhost:49475,server=n,suspend=y -Xmx2G -Dfile.encoding=UTF-8 DabEngine.ModelTest

Host: Intel(R) Core(TM) i3-3110M CPU @ 2.40GHz, 4 cores, 7G,  Windows 10 , 64 bit Build 17134 (10.0.17134.753)
Time: Sun Aug 11 02:16:13 2019 GMT Daylight Time elapsed time: 38 seconds (0d 0h 0m 38s)

---------------  T H R E A D  ---------------

Current thread (0x000001c0f023f000):  JavaThread "main" [_thread_in_vm, id=5748, stack(0x00000009fce00000,0x00000009fcf00000)]

Stack: [0x00000009fce00000,0x00000009fcf00000],  sp=0x00000009fcefec50,  free space=1019k
Native frames: (J=compiled Java code, j=interpreted, Vv=VM code, C=native code)
V  [jvm.dll+0x7586aa]
C  0x000001c080015bd6

Java frames: (J=compiled Java code, j=interpreted, Vv=VM code)
j  jdk.internal.misc.Unsafe.getFloat(Ljava/lang/Object;J)F+0 java.base@11.0.1
j  sun.misc.Unsafe.getFloat(Ljava/lang/Object;J)F+5 jdk.unsupported@11.0.1
j  org.lwjgl.assimp.AIColor4D.nr(J)F+10
j  org.lwjgl.assimp.AIColor4D.r()F+4
j  DabEngine.Graphics.Models.MeshLoader.processMesh(Lorg/lwjgl/assimp/AIMesh;Lorg/lwjgl/assimp/AIScene;)LDabEngine/Graphics/Models/Mesh;+181
j  DabEngine.Graphics.Models.MeshLoader.processNode(Lorg/lwjgl/assimp/AINode;Lorg/lwjgl/assimp/AIScene;)V+33
j  DabEngine.Graphics.Models.MeshLoader.processNode(Lorg/lwjgl/assimp/AINode;Lorg/lwjgl/assimp/AIScene;)V+69
j  DabEngine.Graphics.Models.MeshLoader.<init>(Ljava/lang/String;)V+74
j  DabEngine.ModelTest.init()V+46
j  DabEngine.Core.Engine.init(LDabEngine/Core/App;)V+138
j  DabEngine.ModelTest.main([Ljava/lang/String;)V+10
v  ~StubRoutines::call_stub

siginfo: EXCEPTION_ACCESS_VIOLATION (0xc0000005), reading address 0x0000000000000000


Register to memory mapping:

RIP=0x00007ffc84db86aa jvm.dll
RAX=0x0 is NULL
RBX=0x000001c0f023f000 is a thread
RCX=0x000001c0f023f000 is a thread
RDX=0x00000009fcefed50 is pointing into the stack for thread: 0x000001c0f023f000
RSP=0x00000009fcefec50 is pointing into the stack for thread: 0x000001c0f023f000
RBP=0x0 is NULL
RSI=0x000001c0f023f000 is a thread
RDI=0x000001c08000c900 is at code_begin+7392 in an Interpreter codelet
invoke return entry points  [0x000001c08000ac20, 0x000001c08000cc60]  8256 bytes
R8 =0x0 is NULL
R9 =0x0 is NULL
R10=0x000001c080015ba7 is at code_begin+1959 in an Interpreter codelet
method entry point (kind = native)  [0x000001c080015400, 0x000001c0800167a0]  5024 bytes
R11=0x0000000000000101 is an unknown value
R12=0x0 is NULL
R13=0x000001c0ff6e2dd0 is pointing into metadata
R14=0x0 is NULL
R15=0x000001c0f023f000 is a thread


Registers:
RAX=0x0000000000000000, RBX=0x000001c0f023f000, RCX=0x000001c0f023f000, RDX=0x00000009fcefed50
RSP=0x00000009fcefec50, RBP=0x0000000000000000, RSI=0x000001c0f023f000, RDI=0x000001c08000c900
R8 =0x0000000000000000, R9 =0x0000000000000000, R10=0x000001c080015ba7, R11=0x0000000000000101
R12=0x0000000000000000, R13=0x000001c0ff6e2dd0, R14=0x0000000000000000, R15=0x000001c0f023f000
RIP=0x00007ffc84db86aa, EFLAGS=0x0000000000010246

Top of Stack: (sp=0x00000009fcefec50)
0x00000009fcefec50:   00000009fcefed18 00000009fcefecd0
0x00000009fcefec60:   00000009fcefecd0 000001c080015669
0x00000009fcefec70:   0000000000000000 0000000000000000
0x00000009fcefec80:   00000009fcefed50 000001c080015bd6
0x00000009fcefec90:   000001c0ff6e2dd8 00000009fcefed18
0x00000009fcefeca0:   0000000000000000 000001c08000c948
0x00000009fcefecb0:   000001c08000c948 00000009fcefed58
0x00000009fcefecc0:   00000009fcefed58 000001c080015669
0x00000009fcefecd0:   00000009fcefecd0 000001c0ff6e2dd0
0x00000009fcefece0:   00000009fcefed50 000001c0ff7353c8
0x00000009fcefecf0:   0000000000000000 00000000871448a8
0x00000009fcefed00:   000001c0ff6e2dd8 0000000000000000
0x00000009fcefed10:   00000009fcefed38 00000009fcefeda0
0x00000009fcefed20:   000001c08000be6e 0000000000000000
0x00000009fcefed30:   000001c080010b99 0000000000000000
0x00000009fcefed40:   0000000000000000 0000000000000000 

Instructions: (pc=0x00007ffc84db86aa)
0x00007ffc84db868a:   d2 58 cb ff eb 06 ff 15 5a eb 2a 00 48 85 c0 74
0x00007ffc84db869a:   08 f3 42 0f 10 34 30 eb 13 c6 83 dc 03 00 00 01
0x00007ffc84db86aa:   f3 41 0f 10 36 c6 83 dc 03 00 00 00 48 8b bb f0
0x00007ffc84db86ba:   00 00 00 48 8b 47 10 48 8b 77 08 48 83 38 00 74 



---------------  P R O C E S S  ---------------

Threads class SMR info:
_java_thread_list=0x000001c092a8ee80, length=13, elements={
0x000001c0f023f000, 0x000001c0ff603800, 0x000001c0ff604800, 0x000001c0ff61a800,
0x000001c0ff61d800, 0x000001c0ff622800, 0x000001c09104a800, 0x000001c09104d800,
0x000001c091311800, 0x000001c091315000, 0x000001c091316800, 0x000001c091329800,
0x000001c09132c800
}

Java Threads: ( => current thread )
=>0x000001c0f023f000 JavaThread "main" [_thread_in_vm, id=5748, stack(0x00000009fce00000,0x00000009fcf00000)]
  0x000001c0ff603800 JavaThread "Reference Handler" daemon [_thread_blocked, id=14388, stack(0x00000009fd500000,0x00000009fd600000)]
  0x000001c0ff604800 JavaThread "Finalizer" daemon [_thread_blocked, id=16360, stack(0x00000009fd600000,0x00000009fd700000)]
  0x000001c0ff61a800 JavaThread "Signal Dispatcher" daemon [_thread_blocked, id=16124, stack(0x00000009fd700000,0x00000009fd800000)]
  0x000001c0ff61d800 JavaThread "Attach Listener" daemon [_thread_blocked, id=15588, stack(0x00000009fd800000,0x00000009fd900000)]
  0x000001c0ff622800 JavaThread "C2 CompilerThread0" daemon [_thread_blocked, id=14760, stack(0x00000009fd900000,0x00000009fda00000)]
  0x000001c09104a800 JavaThread "C1 CompilerThread0" daemon [_thread_blocked, id=9788, stack(0x00000009fda00000,0x00000009fdb00000)]
  0x000001c09104d800 JavaThread "Sweeper thread" daemon [_thread_blocked, id=7668, stack(0x00000009fdb00000,0x00000009fdc00000)]
  0x000001c091311800 JavaThread "JDWP Transport Listener: dt_socket" daemon [_thread_blocked, id=12972, stack(0x00000009fdc00000,0x00000009fdd00000)]
  0x000001c091315000 JavaThread "JDWP Event Helper Thread" daemon [_thread_blocked, id=15380, stack(0x00000009fdd00000,0x00000009fde00000)]
  0x000001c091316800 JavaThread "JDWP Command Reader" daemon [_thread_in_native, id=14372, stack(0x00000009fde00000,0x00000009fdf00000)]
  0x000001c091329800 JavaThread "Service Thread" daemon [_thread_blocked, id=16328, stack(0x00000009fdf00000,0x00000009fe000000)]
  0x000001c09132c800 JavaThread "Common-Cleaner" daemon [_thread_blocked, id=11272, stack(0x00000009fe100000,0x00000009fe200000)]

Other Threads:
  0x000001c0ff5ff000 VMThread "VM Thread" [stack: 0x00000009fd400000,0x00000009fd500000] [id=8136]
  0x000001c09132f800 WatcherThread [stack: 0x00000009fe000000,0x00000009fe100000] [id=14480]
  0x000001c0f0257000 GCTaskThread "GC Thread#0" [stack: 0x00000009fcf00000,0x00000009fd000000] [id=4928]
  0x000001c091fbd000 GCTaskThread "GC Thread#1" [stack: 0x00000009fe200000,0x00000009fe300000] [id=6192]
  0x000001c091fbe000 GCTaskThread "GC Thread#2" [stack: 0x00000009fe300000,0x00000009fe400000] [id=13032]
  0x000001c0f0288000 ConcurrentGCThread "G1 Main Marker" [stack: 0x00000009fd000000,0x00000009fd100000] [id=10404]
  0x000001c0f0289800 ConcurrentGCThread "G1 Conc#0" [stack: 0x00000009fd100000,0x00000009fd200000] [id=11000]
  0x000001c0ff451800 ConcurrentGCThread "G1 Refine#0" [stack: 0x00000009fd200000,0x00000009fd300000] [id=14032]
  0x000001c0f02fb000 ConcurrentGCThread "G1 Young RemSet Sampling" [stack: 0x00000009fd300000,0x00000009fd400000] [id=12920]

Threads with active compile tasks:

VM state:not at safepoint (normal execution)

VM Mutex/Monitor currently owned by a thread: None

Heap address: 0x0000000080000000, size: 2048 MB, Compressed Oops mode: 32-bit
Narrow klass base: 0x0000000000000000, Narrow klass shift: 3
Compressed class space size: 1073741824 Address: 0x0000000100000000

Heap:
 garbage-first heap   total 131072K, used 39883K [0x0000000080000000, 0x0000000100000000)
  region size 1024K, 36 young (36864K), 2 survivors (2048K)
 Metaspace       used 14013K, capacity 14188K, committed 14464K, reserved 1062912K
  class space    used 987K, capacity 1048K, committed 1152K, reserved 1048576K
Heap Regions: E=young(eden), S=young(survivor), O=old, HS=humongous(starts), HC=humongous(continues), CS=collection set, F=free, A=archive, TAMS=top-at-mark-start (previous, next)
|   0|0x0000000080000000, 0x0000000080100000, 0x0000000080100000|100%|HS|  |TAMS 0x0000000080000000, 0x0000000080000000| Complete 
|   1|0x0000000080100000, 0x0000000080200000, 0x0000000080200000|100%|HC|  |TAMS 0x0000000080100000, 0x0000000080100000| Complete 
|   2|0x0000000080200000, 0x0000000080300000, 0x0000000080300000|100%| O|  |TAMS 0x0000000080200000, 0x0000000080200000| Untracked 
|   3|0x0000000080300000, 0x00000000803f2e00, 0x0000000080400000| 94%| O|  |TAMS 0x0000000080300000, 0x0000000080300000| Untracked 
|   4|0x0000000080400000, 0x0000000080500000, 0x0000000080500000|100%|HS|  |TAMS 0x0000000080400000, 0x0000000080400000| Complete 
|   5|0x0000000080500000, 0x0000000080500000, 0x0000000080600000|  0%| F|  |TAMS 0x0000000080500000, 0x0000000080500000| Untracked 
|   6|0x0000000080600000, 0x0000000080600000, 0x0000000080700000|  0%| F|  |TAMS 0x0000000080600000, 0x0000000080600000| Untracked 
|   7|0x0000000080700000, 0x0000000080700000, 0x0000000080800000|  0%| F|  |TAMS 0x0000000080700000, 0x0000000080700000| Untracked 
|   8|0x0000000080800000, 0x0000000080800000, 0x0000000080900000|  0%| F|  |TAMS 0x0000000080800000, 0x0000000080800000| Untracked 
|   9|0x0000000080900000, 0x0000000080900000, 0x0000000080a00000|  0%| F|  |TAMS 0x0000000080900000, 0x0000000080900000| Untracked 
|  10|0x0000000080a00000, 0x0000000080a00000, 0x0000000080b00000|  0%| F|  |TAMS 0x0000000080a00000, 0x0000000080a00000| Untracked 
|  11|0x0000000080b00000, 0x0000000080b00000, 0x0000000080c00000|  0%| F|  |TAMS 0x0000000080b00000, 0x0000000080b00000| Untracked 
|  12|0x0000000080c00000, 0x0000000080c00000, 0x0000000080d00000|  0%| F|  |TAMS 0x0000000080c00000, 0x0000000080c00000| Untracked 
|  13|0x0000000080d00000, 0x0000000080d00000, 0x0000000080e00000|  0%| F|  |TAMS 0x0000000080d00000, 0x0000000080d00000| Untracked 
|  14|0x0000000080e00000, 0x0000000080e00000, 0x0000000080f00000|  0%| F|  |TAMS 0x0000000080e00000, 0x0000000080e00000| Untracked 
|  15|0x0000000080f00000, 0x0000000080f00000, 0x0000000081000000|  0%| F|  |TAMS 0x0000000080f00000, 0x0000000080f00000| Untracked 
|  16|0x0000000081000000, 0x0000000081000000, 0x0000000081100000|  0%| F|  |TAMS 0x0000000081000000, 0x0000000081000000| Untracked 
|  17|0x0000000081100000, 0x0000000081100000, 0x0000000081200000|  0%| F|  |TAMS 0x0000000081100000, 0x0000000081100000| Untracked 
|  18|0x0000000081200000, 0x0000000081200000, 0x0000000081300000|  0%| F|  |TAMS 0x0000000081200000, 0x0000000081200000| Untracked 
|  19|0x0000000081300000, 0x0000000081300000, 0x0000000081400000|  0%| F|  |TAMS 0x0000000081300000, 0x0000000081300000| Untracked 
|  20|0x0000000081400000, 0x0000000081400000, 0x0000000081500000|  0%| F|  |TAMS 0x0000000081400000, 0x0000000081400000| Untracked 
|  21|0x0000000081500000, 0x0000000081500000, 0x0000000081600000|  0%| F|  |TAMS 0x0000000081500000, 0x0000000081500000| Untracked 
|  22|0x0000000081600000, 0x0000000081600000, 0x0000000081700000|  0%| F|  |TAMS 0x0000000081600000, 0x0000000081600000| Untracked 
|  23|0x0000000081700000, 0x0000000081700000, 0x0000000081800000|  0%| F|  |TAMS 0x0000000081700000, 0x0000000081700000| Untracked 
|  24|0x0000000081800000, 0x0000000081800000, 0x0000000081900000|  0%| F|  |TAMS 0x0000000081800000, 0x0000000081800000| Untracked 
|  25|0x0000000081900000, 0x0000000081900000, 0x0000000081a00000|  0%| F|  |TAMS 0x0000000081900000, 0x0000000081900000| Untracked 
|  26|0x0000000081a00000, 0x0000000081a00000, 0x0000000081b00000|  0%| F|  |TAMS 0x0000000081a00000, 0x0000000081a00000| Untracked 
|  27|0x0000000081b00000, 0x0000000081b00000, 0x0000000081c00000|  0%| F|  |TAMS 0x0000000081b00000, 0x0000000081b00000| Untracked 
|  28|0x0000000081c00000, 0x0000000081c00000, 0x0000000081d00000|  0%| F|  |TAMS 0x0000000081c00000, 0x0000000081c00000| Untracked 
|  29|0x0000000081d00000, 0x0000000081d00000, 0x0000000081e00000|  0%| F|  |TAMS 0x0000000081d00000, 0x0000000081d00000| Untracked 
|  30|0x0000000081e00000, 0x0000000081e00000, 0x0000000081f00000|  0%| F|  |TAMS 0x0000000081e00000, 0x0000000081e00000| Untracked 
|  31|0x0000000081f00000, 0x0000000081f00000, 0x0000000082000000|  0%| F|  |TAMS 0x0000000081f00000, 0x0000000081f00000| Untracked 
|  32|0x0000000082000000, 0x0000000082000000, 0x0000000082100000|  0%| F|  |TAMS 0x0000000082000000, 0x0000000082000000| Untracked 
|  33|0x0000000082100000, 0x0000000082100000, 0x0000000082200000|  0%| F|  |TAMS 0x0000000082100000, 0x0000000082100000| Untracked 
|  34|0x0000000082200000, 0x0000000082200000, 0x0000000082300000|  0%| F|  |TAMS 0x0000000082200000, 0x0000000082200000| Untracked 
|  35|0x0000000082300000, 0x0000000082300000, 0x0000000082400000|  0%| F|  |TAMS 0x0000000082300000, 0x0000000082300000| Untracked 
|  36|0x0000000082400000, 0x0000000082400000, 0x0000000082500000|  0%| F|  |TAMS 0x0000000082400000, 0x0000000082400000| Untracked 
|  37|0x0000000082500000, 0x0000000082500000, 0x0000000082600000|  0%| F|  |TAMS 0x0000000082500000, 0x0000000082500000| Untracked 
|  38|0x0000000082600000, 0x0000000082600000, 0x0000000082700000|  0%| F|  |TAMS 0x0000000082600000, 0x0000000082600000| Untracked 
|  39|0x0000000082700000, 0x0000000082700000, 0x0000000082800000|  0%| F|  |TAMS 0x0000000082700000, 0x0000000082700000| Untracked 
|  40|0x0000000082800000, 0x0000000082800000, 0x0000000082900000|  0%| F|  |TAMS 0x0000000082800000, 0x0000000082800000| Untracked 
|  41|0x0000000082900000, 0x0000000082900000, 0x0000000082a00000|  0%| F|  |TAMS 0x0000000082900000, 0x0000000082900000| Untracked 
|  42|0x0000000082a00000, 0x0000000082a00000, 0x0000000082b00000|  0%| F|  |TAMS 0x0000000082a00000, 0x0000000082a00000| Untracked 
|  43|0x0000000082b00000, 0x0000000082b00000, 0x0000000082c00000|  0%| F|  |TAMS 0x0000000082b00000, 0x0000000082b00000| Untracked 
|  44|0x0000000082c00000, 0x0000000082c00000, 0x0000000082d00000|  0%| F|  |TAMS 0x0000000082c00000, 0x0000000082c00000| Untracked 
|  45|0x0000000082d00000, 0x0000000082d00000, 0x0000000082e00000|  0%| F|  |TAMS 0x0000000082d00000, 0x0000000082d00000| Untracked 
|  46|0x0000000082e00000, 0x0000000082e00000, 0x0000000082f00000|  0%| F|  |TAMS 0x0000000082e00000, 0x0000000082e00000| Untracked 
|  47|0x0000000082f00000, 0x0000000082f00000, 0x0000000083000000|  0%| F|  |TAMS 0x0000000082f00000, 0x0000000082f00000| Untracked 
|  48|0x0000000083000000, 0x0000000083000000, 0x0000000083100000|  0%| F|  |TAMS 0x0000000083000000, 0x0000000083000000| Untracked 
|  49|0x0000000083100000, 0x0000000083100000, 0x0000000083200000|  0%| F|  |TAMS 0x0000000083100000, 0x0000000083100000| Untracked 
|  50|0x0000000083200000, 0x0000000083200000, 0x0000000083300000|  0%| F|  |TAMS 0x0000000083200000, 0x0000000083200000| Untracked 
|  51|0x0000000083300000, 0x0000000083300000, 0x0000000083400000|  0%| F|  |TAMS 0x0000000083300000, 0x0000000083300000| Untracked 
|  52|0x0000000083400000, 0x0000000083400000, 0x0000000083500000|  0%| F|  |TAMS 0x0000000083400000, 0x0000000083400000| Untracked 
|  53|0x0000000083500000, 0x0000000083500000, 0x0000000083600000|  0%| F|  |TAMS 0x0000000083500000, 0x0000000083500000| Untracked 
|  54|0x0000000083600000, 0x0000000083600000, 0x0000000083700000|  0%| F|  |TAMS 0x0000000083600000, 0x0000000083600000| Untracked 
|  55|0x0000000083700000, 0x0000000083700000, 0x0000000083800000|  0%| F|  |TAMS 0x0000000083700000, 0x0000000083700000| Untracked 
|  56|0x0000000083800000, 0x0000000083800000, 0x0000000083900000|  0%| F|  |TAMS 0x0000000083800000, 0x0000000083800000| Untracked 
|  57|0x0000000083900000, 0x0000000083900000, 0x0000000083a00000|  0%| F|  |TAMS 0x0000000083900000, 0x0000000083900000| Untracked 
|  58|0x0000000083a00000, 0x0000000083a00000, 0x0000000083b00000|  0%| F|  |TAMS 0x0000000083a00000, 0x0000000083a00000| Untracked 
|  59|0x0000000083b00000, 0x0000000083b00000, 0x0000000083c00000|  0%| F|  |TAMS 0x0000000083b00000, 0x0000000083b00000| Untracked 
|  60|0x0000000083c00000, 0x0000000083c00000, 0x0000000083d00000|  0%| F|  |TAMS 0x0000000083c00000, 0x0000000083c00000| Untracked 
|  61|0x0000000083d00000, 0x0000000083d00000, 0x0000000083e00000|  0%| F|  |TAMS 0x0000000083d00000, 0x0000000083d00000| Untracked 
|  62|0x0000000083e00000, 0x0000000083e00000, 0x0000000083f00000|  0%| F|  |TAMS 0x0000000083e00000, 0x0000000083e00000| Untracked 
|  63|0x0000000083f00000, 0x0000000083f00000, 0x0000000084000000|  0%| F|  |TAMS 0x0000000083f00000, 0x0000000083f00000| Untracked 
|  64|0x0000000084000000, 0x0000000084000000, 0x0000000084100000|  0%| F|  |TAMS 0x0000000084000000, 0x0000000084000000| Untracked 
|  65|0x0000000084100000, 0x0000000084100000, 0x0000000084200000|  0%| F|  |TAMS 0x0000000084100000, 0x0000000084100000| Untracked 
|  66|0x0000000084200000, 0x0000000084200000, 0x0000000084300000|  0%| F|  |TAMS 0x0000000084200000, 0x0000000084200000| Untracked 
|  67|0x0000000084300000, 0x0000000084300000, 0x0000000084400000|  0%| F|  |TAMS 0x0000000084300000, 0x0000000084300000| Untracked 
|  68|0x0000000084400000, 0x0000000084400000, 0x0000000084500000|  0%| F|  |TAMS 0x0000000084400000, 0x0000000084400000| Untracked 
|  69|0x0000000084500000, 0x0000000084500000, 0x0000000084600000|  0%| F|  |TAMS 0x0000000084500000, 0x0000000084500000| Untracked 
|  70|0x0000000084600000, 0x0000000084600000, 0x0000000084700000|  0%| F|  |TAMS 0x0000000084600000, 0x0000000084600000| Untracked 
|  71|0x0000000084700000, 0x0000000084700000, 0x0000000084800000|  0%| F|  |TAMS 0x0000000084700000, 0x0000000084700000| Untracked 
|  72|0x0000000084800000, 0x0000000084800000, 0x0000000084900000|  0%| F|  |TAMS 0x0000000084800000, 0x0000000084800000| Untracked 
|  73|0x0000000084900000, 0x0000000084900000, 0x0000000084a00000|  0%| F|  |TAMS 0x0000000084900000, 0x0000000084900000| Untracked 
|  74|0x0000000084a00000, 0x0000000084a00000, 0x0000000084b00000|  0%| F|  |TAMS 0x0000000084a00000, 0x0000000084a00000| Untracked 
|  75|0x0000000084b00000, 0x0000000084b00000, 0x0000000084c00000|  0%| F|  |TAMS 0x0000000084b00000, 0x0000000084b00000| Untracked 
|  76|0x0000000084c00000, 0x0000000084c00000, 0x0000000084d00000|  0%| F|  |TAMS 0x0000000084c00000, 0x0000000084c00000| Untracked 
|  77|0x0000000084d00000, 0x0000000084d00000, 0x0000000084e00000|  0%| F|  |TAMS 0x0000000084d00000, 0x0000000084d00000| Untracked 
|  78|0x0000000084e00000, 0x0000000084e00000, 0x0000000084f00000|  0%| F|  |TAMS 0x0000000084e00000, 0x0000000084e00000| Untracked 
|  79|0x0000000084f00000, 0x0000000084f00000, 0x0000000085000000|  0%| F|  |TAMS 0x0000000084f00000, 0x0000000084f00000| Untracked 
|  80|0x0000000085000000, 0x0000000085000000, 0x0000000085100000|  0%| F|  |TAMS 0x0000000085000000, 0x0000000085000000| Untracked 
|  81|0x0000000085100000, 0x0000000085100000, 0x0000000085200000|  0%| F|  |TAMS 0x0000000085100000, 0x0000000085100000| Untracked 
|  82|0x0000000085200000, 0x0000000085200000, 0x0000000085300000|  0%| F|  |TAMS 0x0000000085200000, 0x0000000085200000| Untracked 
|  83|0x0000000085300000, 0x0000000085300000, 0x0000000085400000|  0%| F|  |TAMS 0x0000000085300000, 0x0000000085300000| Untracked 
|  84|0x0000000085400000, 0x0000000085400000, 0x0000000085500000|  0%| F|  |TAMS 0x0000000085400000, 0x0000000085400000| Untracked 
|  85|0x0000000085500000, 0x0000000085500000, 0x0000000085600000|  0%| F|  |TAMS 0x0000000085500000, 0x0000000085500000| Untracked 
|  86|0x0000000085600000, 0x0000000085600000, 0x0000000085700000|  0%| F|  |TAMS 0x0000000085600000, 0x0000000085600000| Untracked 
|  87|0x0000000085700000, 0x0000000085700000, 0x0000000085800000|  0%| F|  |TAMS 0x0000000085700000, 0x0000000085700000| Untracked 
|  88|0x0000000085800000, 0x0000000085800000, 0x0000000085900000|  0%| F|  |TAMS 0x0000000085800000, 0x0000000085800000| Untracked 
|  89|0x0000000085900000, 0x0000000085900000, 0x0000000085a00000|  0%| F|  |TAMS 0x0000000085900000, 0x0000000085900000| Untracked 
|  90|0x0000000085a00000, 0x0000000085a00000, 0x0000000085b00000|  0%| F|  |TAMS 0x0000000085a00000, 0x0000000085a00000| Untracked 
|  91|0x0000000085b00000, 0x0000000085b00000, 0x0000000085c00000|  0%| F|  |TAMS 0x0000000085b00000, 0x0000000085b00000| Untracked 
|  92|0x0000000085c00000, 0x0000000085d00000, 0x0000000085d00000|100%| E|  |TAMS 0x0000000085c00000, 0x0000000085c00000| Complete 
|  93|0x0000000085d00000, 0x0000000085e00000, 0x0000000085e00000|100%| E|CS|TAMS 0x0000000085d00000, 0x0000000085d00000| Complete 
|  94|0x0000000085e00000, 0x0000000085f00000, 0x0000000085f00000|100%| E|CS|TAMS 0x0000000085e00000, 0x0000000085e00000| Complete 
|  95|0x0000000085f00000, 0x0000000086000000, 0x0000000086000000|100%| E|CS|TAMS 0x0000000085f00000, 0x0000000085f00000| Complete 
|  96|0x0000000086000000, 0x0000000086100000, 0x0000000086100000|100%| E|CS|TAMS 0x0000000086000000, 0x0000000086000000| Complete 
|  97|0x0000000086100000, 0x0000000086200000, 0x0000000086200000|100%| E|CS|TAMS 0x0000000086100000, 0x0000000086100000| Complete 
|  98|0x0000000086200000, 0x0000000086300000, 0x0000000086300000|100%| E|CS|TAMS 0x0000000086200000, 0x0000000086200000| Complete 
|  99|0x0000000086300000, 0x0000000086400000, 0x0000000086400000|100%| E|  |TAMS 0x0000000086300000, 0x0000000086300000| Complete 
| 100|0x0000000086400000, 0x0000000086500000, 0x0000000086500000|100%| E|CS|TAMS 0x0000000086400000, 0x0000000086400000| Complete 
| 101|0x0000000086500000, 0x0000000086600000, 0x0000000086600000|100%| E|CS|TAMS 0x0000000086500000, 0x0000000086500000| Complete 
| 102|0x0000000086600000, 0x0000000086700000, 0x0000000086700000|100%| E|CS|TAMS 0x0000000086600000, 0x0000000086600000| Complete 
| 103|0x0000000086700000, 0x0000000086800000, 0x0000000086800000|100%| E|CS|TAMS 0x0000000086700000, 0x0000000086700000| Complete 
| 104|0x0000000086800000, 0x0000000086900000, 0x0000000086900000|100%| E|CS|TAMS 0x0000000086800000, 0x0000000086800000| Complete 
| 105|0x0000000086900000, 0x0000000086a00000, 0x0000000086a00000|100%| E|CS|TAMS 0x0000000086900000, 0x0000000086900000| Complete 
| 106|0x0000000086a00000, 0x0000000086b00000, 0x0000000086b00000|100%| E|CS|TAMS 0x0000000086a00000, 0x0000000086a00000| Complete 
| 107|0x0000000086b00000, 0x0000000086c00000, 0x0000000086c00000|100%| E|CS|TAMS 0x0000000086b00000, 0x0000000086b00000| Complete 
| 108|0x0000000086c00000, 0x0000000086d00000, 0x0000000086d00000|100%| E|CS|TAMS 0x0000000086c00000, 0x0000000086c00000| Complete 
| 109|0x0000000086d00000, 0x0000000086e00000, 0x0000000086e00000|100%| E|CS|TAMS 0x0000000086d00000, 0x0000000086d00000| Complete 
| 110|0x0000000086e00000, 0x0000000086f00000, 0x0000000086f00000|100%| E|CS|TAMS 0x0000000086e00000, 0x0000000086e00000| Complete 
| 111|0x0000000086f00000, 0x0000000087000000, 0x0000000087000000|100%| E|CS|TAMS 0x0000000086f00000, 0x0000000086f00000| Complete 
| 112|0x0000000087000000, 0x0000000087100000, 0x0000000087100000|100%| S|CS|TAMS 0x0000000087000000, 0x0000000087000000| Complete 
| 113|0x0000000087100000, 0x0000000087200000, 0x0000000087200000|100%| S|CS|TAMS 0x0000000087100000, 0x0000000087100000| Complete 
| 114|0x0000000087200000, 0x0000000087300000, 0x0000000087300000|100%| E|CS|TAMS 0x0000000087200000, 0x0000000087200000| Complete 
| 115|0x0000000087300000, 0x0000000087400000, 0x0000000087400000|100%| E|CS|TAMS 0x0000000087300000, 0x0000000087300000| Complete 
| 116|0x0000000087400000, 0x0000000087500000, 0x0000000087500000|100%| E|CS|TAMS 0x0000000087400000, 0x0000000087400000| Complete 
| 117|0x0000000087500000, 0x0000000087600000, 0x0000000087600000|100%| E|CS|TAMS 0x0000000087500000, 0x0000000087500000| Complete 
| 118|0x0000000087600000, 0x0000000087700000, 0x0000000087700000|100%| E|CS|TAMS 0x0000000087600000, 0x0000000087600000| Complete 
| 119|0x0000000087700000, 0x0000000087800000, 0x0000000087800000|100%| E|CS|TAMS 0x0000000087700000, 0x0000000087700000| Complete 
| 120|0x0000000087800000, 0x0000000087900000, 0x0000000087900000|100%| E|CS|TAMS 0x0000000087800000, 0x0000000087800000| Complete 
| 121|0x0000000087900000, 0x0000000087a00000, 0x0000000087a00000|100%| E|CS|TAMS 0x0000000087900000, 0x0000000087900000| Complete 
| 122|0x0000000087a00000, 0x0000000087b00000, 0x0000000087b00000|100%| E|CS|TAMS 0x0000000087a00000, 0x0000000087a00000| Complete 
| 123|0x0000000087b00000, 0x0000000087c00000, 0x0000000087c00000|100%| E|CS|TAMS 0x0000000087b00000, 0x0000000087b00000| Complete 
| 124|0x0000000087c00000, 0x0000000087d00000, 0x0000000087d00000|100%| E|CS|TAMS 0x0000000087c00000, 0x0000000087c00000| Complete 
| 125|0x0000000087d00000, 0x0000000087e00000, 0x0000000087e00000|100%| E|CS|TAMS 0x0000000087d00000, 0x0000000087d00000| Complete 
| 126|0x0000000087e00000, 0x0000000087f00000, 0x0000000087f00000|100%| E|CS|TAMS 0x0000000087e00000, 0x0000000087e00000| Complete 
| 127|0x0000000087f00000, 0x0000000088000000, 0x0000000088000000|100%| E|CS|TAMS 0x0000000087f00000, 0x0000000087f00000| Complete 

Card table byte_map: [0x000001c0fa780000,0x000001c0fab80000] _byte_map_base: 0x000001c0fa380000

Marking Bits (Prev, Next): (CMBitMap*) 0x000001c0f027f788, (CMBitMap*) 0x000001c0f027f7c0
 Prev Bits: [0x000001c0faf80000, 0x000001c0fcf80000)
 Next Bits: [0x000001c0fcf80000, 0x000001c0fef80000)

Polling page: 0x000001c0f0300000

Metaspace:

Usage:
  Non-class:     12.83 MB capacity,    12.72 MB (>99%) used,    97.18 KB ( <1%) free+waste,    16.81 KB ( <1%) overhead. 
      Class:      1.02 MB capacity,   987.16 KB ( 94%) used,    54.78 KB (  5%) free+waste,     6.06 KB ( <1%) overhead. 
       Both:     13.86 MB capacity,    13.68 MB ( 99%) used,   151.96 KB (  1%) free+waste,    22.88 KB ( <1%) overhead. 

Virtual space:
  Non-class space:       14.00 MB reserved,      13.00 MB ( 93%) committed 
      Class space:        1.00 GB reserved,       1.13 MB ( <1%) committed 
             Both:        1.01 GB reserved,      14.13 MB (  1%) committed 

Chunk freelists:
   Non-Class:  13.50 KB
       Class:  1.00 KB
        Both:  14.50 KB

CodeHeap 'non-profiled nmethods': size=120064Kb used=472Kb max_used=472Kb free=119591Kb
 bounds [0x000001c087ac0000, 0x000001c087d30000, 0x000001c08f000000]
CodeHeap 'profiled nmethods': size=120000Kb used=2048Kb max_used=2059Kb free=117951Kb
 bounds [0x000001c080590000, 0x000001c080800000, 0x000001c087ac0000]
CodeHeap 'non-nmethods': size=5696Kb used=1536Kb max_used=1543Kb free=4159Kb
 bounds [0x000001c080000000, 0x000001c080270000, 0x000001c080590000]
 total_blobs=2230 nmethods=998 adapters=883
 compilation: enabled
              stopped_count=0, restarted_count=0
 full_count=0

Compilation events (10 events):
Event: 4.483 Thread 0x000001c09104a800 nmethod 1002 0x000001c08078cf90 code [0x000001c08078d140, 0x000001c08078d2f0]
Event: 4.483 Thread 0x000001c09104a800 1004   !   3       jdk.internal.loader.Resource::getBytes (242 bytes)
Event: 4.487 Thread 0x000001c09104a800 nmethod 1004 0x000001c08078d390 code [0x000001c08078d6e0, 0x000001c08078f250]
Event: 4.487 Thread 0x000001c09104a800 1003   !   3       jdk.internal.loader.BuiltinClassLoader::defineOrCheckPackage (93 bytes)
Event: 4.488 Thread 0x000001c09104a800 nmethod 1003 0x000001c08078fd90 code [0x000001c080790040, 0x000001c080790c00]
Event: 4.495 Thread 0x000001c0ff622800 nmethod 1000 0x000001c087b35c10 code [0x000001c087b35da0, 0x000001c087b361b8]
Event: 4.501 Thread 0x000001c09104a800 1005       3       java.security.SecureClassLoader$CodeSourceKey::equals (56 bytes)
Event: 4.502 Thread 0x000001c09104a800 nmethod 1005 0x000001c080791010 code [0x000001c080791220, 0x000001c0807918a0]
Event: 4.502 Thread 0x000001c09104a800 1006       3       java.security.CodeSource::matchCerts (254 bytes)
Event: 4.505 Thread 0x000001c09104a800 nmethod 1006 0x000001c080791a90 code [0x000001c080791ce0, 0x000001c080792800]

GC Heap History (2 events):
Event: 2.289 GC heap before
{Heap before GC invocations=0 (full 0):
 garbage-first heap   total 131072K, used 16384K [0x0000000080000000, 0x0000000100000000)
  region size 1024K, 14 young (14336K), 0 survivors (0K)
 Metaspace       used 7307K, capacity 7414K, committed 7680K, reserved 1056768K
  class space    used 629K, capacity 681K, committed 768K, reserved 1048576K
}
Event: 2.379 GC heap after
{Heap after GC invocations=1 (full 0):
 garbage-first heap   total 131072K, used 6091K [0x0000000080000000, 0x0000000100000000)
  region size 1024K, 2 young (2048K), 2 survivors (2048K)
 Metaspace       used 7307K, capacity 7414K, committed 7680K, reserved 1056768K
  class space    used 629K, capacity 681K, committed 768K, reserved 1048576K
}

Deoptimization events (10 events):
Event: 0.978 Thread 0x000001c0f023f000 Uncommon trap: reason=unstable_if action=reinterpret pc=0x000001c087ac5cb0 method=java.lang.String.hashCode()I @ 14 c2
Event: 0.993 Thread 0x000001c0f023f000 Uncommon trap: reason=unstable_if action=reinterpret pc=0x000001c087ac1578 method=java.lang.String.isLatin1()Z @ 10 c2
Event: 1.125 Thread 0x000001c0f023f000 Uncommon trap: reason=unstable_if action=reinterpret pc=0x000001c087ac2c20 method=java.lang.StringLatin1.indexOf([BII)I @ 47 c2
Event: 2.511 Thread 0x000001c0f023f000 Uncommon trap: reason=class_check action=maybe_recompile pc=0x000001c087af0b2c method=java.util.HashMap.getNode(ILjava/lang/Object;)Ljava/util/HashMap$Node; @ 126 c2
Event: 2.536 Thread 0x000001c0f023f000 Uncommon trap: reason=class_check action=maybe_recompile pc=0x000001c087af0ac8 method=java.util.HashMap.getNode(ILjava/lang/Object;)Ljava/util/HashMap$Node; @ 59 c2
Event: 2.644 Thread 0x000001c0f023f000 Uncommon trap: reason=unstable_if action=reinterpret pc=0x000001c087af1ff4 method=java.lang.String.startsWith(Ljava/lang/String;I)Z @ 14 c2
Event: 2.645 Thread 0x000001c0f023f000 Uncommon trap: reason=class_check action=maybe_recompile pc=0x000001c087af0ac8 method=java.util.HashMap.getNode(ILjava/lang/Object;)Ljava/util/HashMap$Node; @ 59 c2
Event: 2.827 Thread 0x000001c0f023f000 Uncommon trap: reason=class_check action=maybe_recompile pc=0x000001c087af0ac8 method=java.util.HashMap.getNode(ILjava/lang/Object;)Ljava/util/HashMap$Node; @ 59 c2
Event: 3.008 Thread 0x000001c0f023f000 Uncommon trap: reason=unstable_if action=reinterpret pc=0x000001c087b04834 method=java.util.jar.JarFile.getVersionedEntry(Ljava/lang/String;Ljava/util/jar/JarEntry;)Ljava/util/jar/JarEntry; @ 67 c2
Event: 4.238 Thread 0x000001c0f023f000 Uncommon trap: reason=unstable_if action=reinterpret pc=0x000001c087ae19b4 method=java.io.BufferedReader.readLine(Z)Ljava/lang/String; @ 66 c2

Classes redefined (0 events):
No events

Internal exceptions (4 events):
Event: 2.438 Thread 0x000001c0f023f000 Exception <a 'java/lang/NoSuchMethodError'{0x0000000087d6f618}: java.lang.invoke.DelegatingMethodHandle$Holder.delegate(Ljava/lang/Object;Ljava/lang/Object;ILjava/lang/Object;)V> (0x0000000087d6f618) thrown at [t:/workspace/open/src/hotspot/share/interpre
Event: 2.443 Thread 0x000001c0f023f000 Exception <a 'java/lang/NoSuchMethodError'{0x0000000087d76b18}: java.lang.invoke.DirectMethodHandle$Holder.invokeStaticInit(Ljava/lang/Object;Ljava/lang/Object;Ljava/lang/Object;)Ljava/lang/Object;> (0x0000000087d76b18) thrown at [t:/workspace/open/src/ho
Event: 3.602 Thread 0x000001c0f023f000 Exception <a 'sun/nio/fs/WindowsException'{0x000000008758f5f8}> (0x000000008758f5f8) thrown at [t:/workspace/open/src/hotspot/share/prims/jni.cpp, line 615]
Event: 3.603 Thread 0x000001c0f023f000 Exception <a 'sun/nio/fs/WindowsException'{0x000000008758fab0}> (0x000000008758fab0) thrown at [t:/workspace/open/src/hotspot/share/prims/jni.cpp, line 615]

Events (10 events):
Event: 38.251 Executing VM operation: ChangeSingleStep
Event: 38.251 Executing VM operation: ChangeSingleStep done
Event: 38.251 loading class DabEngine/Graphics/Models/Mesh
Event: 38.251 loading class DabEngine/Graphics/Models/Mesh done
Event: 38.259 loading class org/lwjgl/assimp/AIVector3D
Event: 38.259 loading class org/lwjgl/assimp/AIVector3D done
Event: 38.278 loading class org/lwjgl/assimp/AIVector3D$Buffer
Event: 38.278 loading class org/lwjgl/assimp/AIVector3D$Buffer done
Event: 38.296 loading class org/lwjgl/assimp/AIColor4D
Event: 38.296 loading class org/lwjgl/assimp/AIColor4D done


Dynamic libraries:
0x00007ff72b750000 - 0x00007ff72b797000 	C:\Program Files\Java\jdk-11.0.1\bin\java.exe
0x00007ffcc3770000 - 0x00007ffcc3951000 	C:\WINDOWS\SYSTEM32\ntdll.dll
0x00007ffcc0f20000 - 0x00007ffcc0fd1000 	C:\WINDOWS\System32\KERNEL32.DLL
0x00007ffcc0920000 - 0x00007ffcc0b93000 	C:\WINDOWS\System32\KERNELBASE.dll
0x00007ffcc20c0000 - 0x00007ffcc2161000 	C:\WINDOWS\System32\ADVAPI32.dll
0x00007ffcc2020000 - 0x00007ffcc20be000 	C:\WINDOWS\System32\msvcrt.dll
0x00007ffcc1a30000 - 0x00007ffcc1a8b000 	C:\WINDOWS\System32\sechost.dll
0x00007ffcc1900000 - 0x00007ffcc1a24000 	C:\WINDOWS\System32\RPCRT4.dll
0x00007ffcc2170000 - 0x00007ffcc2300000 	C:\WINDOWS\System32\USER32.dll
0x00007ffcc04f0000 - 0x00007ffcc0510000 	C:\WINDOWS\System32\win32u.dll
0x00007ffcc1f10000 - 0x00007ffcc1f38000 	C:\WINDOWS\System32\GDI32.dll
0x00007ffcc0510000 - 0x00007ffcc06a1000 	C:\WINDOWS\System32\gdi32full.dll
0x00007ffcbfc40000 - 0x00007ffcbfcdf000 	C:\WINDOWS\System32\msvcp_win.dll
0x00007ffcc03f0000 - 0x00007ffcc04e8000 	C:\WINDOWS\System32\ucrtbase.dll
0x00007ffcb11b0000 - 0x00007ffcb1419000 	C:\WINDOWS\WinSxS\amd64_microsoft.windows.common-controls_6595b64144ccf1df_6.0.17134.885_none_fb42a3473065565f\COMCTL32.dll
0x00007ffcc1060000 - 0x00007ffcc1382000 	C:\WINDOWS\System32\combase.dll
0x00007ffcc08a0000 - 0x00007ffcc0919000 	C:\WINDOWS\System32\bcryptPrimitives.dll
0x00007ffcb0da0000 - 0x00007ffcb0daa000 	C:\WINDOWS\SYSTEM32\VERSION.dll
0x00007ffcc1e80000 - 0x00007ffcc1ead000 	C:\WINDOWS\System32\IMM32.DLL
0x00007ffca6d40000 - 0x00007ffca6d56000 	C:\Program Files\Java\jdk-11.0.1\bin\vcruntime140.dll
0x00007ffca6bd0000 - 0x00007ffca6c7a000 	C:\Program Files\Java\jdk-11.0.1\bin\msvcp140.dll
0x00007ffc84660000 - 0x00007ffc851a2000 	C:\Program Files\Java\jdk-11.0.1\bin\server\jvm.dll
0x00007ffcc17e0000 - 0x00007ffcc17e8000 	C:\WINDOWS\System32\PSAPI.DLL
0x00007ffcb8f50000 - 0x00007ffcb8f59000 	C:\WINDOWS\SYSTEM32\WSOCK32.dll
0x00007ffcc1890000 - 0x00007ffcc18fc000 	C:\WINDOWS\System32\WS2_32.dll
0x00007ffcb7170000 - 0x00007ffcb7193000 	C:\WINDOWS\SYSTEM32\WINMM.dll
0x00007ffcb7140000 - 0x00007ffcb716a000 	C:\WINDOWS\SYSTEM32\WINMMBASE.dll
0x00007ffcbfbf0000 - 0x00007ffcbfc39000 	C:\WINDOWS\System32\cfgmgr32.dll
0x00007ffcbfb00000 - 0x00007ffcbfb11000 	C:\WINDOWS\System32\kernel.appcore.dll
0x00007ffca6d20000 - 0x00007ffca6d31000 	C:\Program Files\Java\jdk-11.0.1\bin\verify.dll
0x00007ffcbf5d0000 - 0x00007ffcbf799000 	C:\WINDOWS\SYSTEM32\DBGHELP.DLL
0x00007ffcbf500000 - 0x00007ffcbf529000 	C:\WINDOWS\SYSTEM32\dbgcore.DLL
0x00007ffca6ba0000 - 0x00007ffca6bc9000 	C:\Program Files\Java\jdk-11.0.1\bin\java.dll
0x00007ffca6fc0000 - 0x00007ffca6ff7000 	C:\Program Files\Java\jdk-11.0.1\bin\jdwp.dll
0x00007ffca6d00000 - 0x00007ffca6d16000 	C:\Program Files\Java\jdk-11.0.1\bin\zip.dll
0x00007ffcbf550000 - 0x00007ffcbf55a000 	C:\Program Files\Java\jdk-11.0.1\bin\jimage.dll
0x00007ffcc2300000 - 0x00007ffcc3740000 	C:\WINDOWS\System32\SHELL32.dll
0x00007ffcc1c70000 - 0x00007ffcc1d19000 	C:\WINDOWS\System32\shcore.dll
0x00007ffcbfce0000 - 0x00007ffcc03ed000 	C:\WINDOWS\System32\windows.storage.dll
0x00007ffcc1fc0000 - 0x00007ffcc2011000 	C:\WINDOWS\System32\shlwapi.dll
0x00007ffcbfa80000 - 0x00007ffcbfa9f000 	C:\WINDOWS\System32\profapi.dll
0x00007ffcbfaa0000 - 0x00007ffcbfaec000 	C:\WINDOWS\System32\powrprof.dll
0x00007ffcbfaf0000 - 0x00007ffcbfafa000 	C:\WINDOWS\System32\FLTLIB.DLL
0x00007ffcbe4c0000 - 0x00007ffcbe4ca000 	C:\Program Files\Java\jdk-11.0.1\bin\dt_socket.dll
0x00007ffcbef40000 - 0x00007ffcbefa6000 	C:\WINDOWS\System32\mswsock.dll
0x00007ffcbed10000 - 0x00007ffcbedce000 	C:\WINDOWS\SYSTEM32\DNSAPI.dll
0x00007ffcc1f40000 - 0x00007ffcc1f48000 	C:\WINDOWS\System32\NSI.dll
0x00007ffcbecd0000 - 0x00007ffcbed08000 	C:\WINDOWS\SYSTEM32\IPHLPAPI.DLL
0x00007ffcb53d0000 - 0x00007ffcb5442000 	C:\WINDOWS\System32\fwpuclnt.dll
0x00007ffcbf5a0000 - 0x00007ffcbf5c5000 	C:\WINDOWS\SYSTEM32\bcrypt.dll
0x00007ffcb7310000 - 0x00007ffcb731a000 	C:\Windows\System32\rasadhlp.dll
0x00007ffca6b80000 - 0x00007ffca6b99000 	C:\Program Files\Java\jdk-11.0.1\bin\net.dll
0x00007ffcb8820000 - 0x00007ffcb88fd000 	C:\WINDOWS\SYSTEM32\WINHTTP.dll
0x00007ffca6b60000 - 0x00007ffca6b73000 	C:\Program Files\Java\jdk-11.0.1\bin\nio.dll
0x00007ffca6f40000 - 0x00007ffca6fb2000 	C:\Users\B\AppData\Local\Temp\lwjglB\3.2.2-build-10\lwjgl.dll
0x00007ffca6e20000 - 0x00007ffca6e7e000 	C:\Users\B\AppData\Local\Temp\lwjglB\3.2.2-build-10\glfw.dll
0x00007ffcbd540000 - 0x00007ffcbd5d8000 	C:\WINDOWS\system32\uxtheme.dll
0x00007ffca6d70000 - 0x00007ffca6db3000 	C:\WINDOWS\SYSTEM32\dinput8.dll
0x00007ffcbe530000 - 0x00007ffcbe540000 	C:\WINDOWS\SYSTEM32\xinput1_4.dll
0x00007ffcbf890000 - 0x00007ffcbf8b7000 	C:\WINDOWS\SYSTEM32\DEVOBJ.dll
0x00007ffcbd6f0000 - 0x00007ffcbd719000 	C:\WINDOWS\SYSTEM32\dwmapi.dll
0x00007ffcc0da0000 - 0x00007ffcc0f13000 	C:\WINDOWS\System32\MSCTF.dll
0x00007ffcc1a90000 - 0x00007ffcc1b52000 	C:\WINDOWS\System32\OLEAUT32.dll
0x00007ffcbdd50000 - 0x00007ffcbdd5c000 	C:\WINDOWS\SYSTEM32\HID.DLL
0x00007ffcc1390000 - 0x00007ffcc17db000 	C:\WINDOWS\System32\SETUPAPI.DLL
0x00007ffcc0ba0000 - 0x00007ffcc0bf7000 	C:\WINDOWS\System32\WINTRUST.dll
0x00007ffcbfb20000 - 0x00007ffcbfb32000 	C:\WINDOWS\System32\MSASN1.dll
0x00007ffcc06b0000 - 0x00007ffcc0892000 	C:\WINDOWS\System32\CRYPT32.dll
0x00007ffc967a0000 - 0x00007ffc968c0000 	C:\WINDOWS\SYSTEM32\opengl32.dll
0x00007ffc96770000 - 0x00007ffc9679c000 	C:\WINDOWS\SYSTEM32\GLU32.dll
0x00007ffc6b470000 - 0x00007ffc6bca1000 	C:\WINDOWS\SYSTEM32\ig7icd64.dll
0x00007ffcb4830000 - 0x00007ffcb4c95000 	C:\WINDOWS\SYSTEM32\igdusc64.dll
0x00007ffcb9320000 - 0x00007ffcb9333000 	C:\WINDOWS\SYSTEM32\WTSAPI32.dll
0x00007ffcbdde0000 - 0x00007ffcbde9b000 	C:\WINDOWS\SYSTEM32\dxgi.dll
0x00007ffcbbfd0000 - 0x00007ffcbc2db000 	C:\WINDOWS\SYSTEM32\d3d11.dll
0x00007ffcb5450000 - 0x00007ffcb5ff2000 	C:\WINDOWS\SYSTEM32\igd10iumd64.dll
0x00007ffcc1d20000 - 0x00007ffcc1e71000 	C:\WINDOWS\System32\ole32.dll
0x00007ffcbf220000 - 0x00007ffcbf246000 	C:\WINDOWS\SYSTEM32\ncrypt.dll
0x00007ffcbf1e0000 - 0x00007ffcbf216000 	C:\WINDOWS\SYSTEM32\NTASN1.dll
0x00007ffcb62d0000 - 0x00007ffcb6349000 	C:\WINDOWS\SYSTEM32\inputhost.dll
0x00007ffcbce80000 - 0x00007ffcbcf5a000 	C:\WINDOWS\SYSTEM32\CoreMessaging.dll
0x00007ffcbb510000 - 0x00007ffcbb65d000 	C:\WINDOWS\SYSTEM32\wintypes.dll
0x00007ffcb65e0000 - 0x00007ffcb68fe000 	C:\WINDOWS\SYSTEM32\CoreUIComponents.dll
0x00007ffcbe7f0000 - 0x00007ffcbe821000 	C:\WINDOWS\SYSTEM32\ntmarta.dll
0x00007ffcb6230000 - 0x00007ffcb62c6000 	C:\WINDOWS\System32\TextInputFramework.dll
0x00007ffca68a0000 - 0x00007ffca68f8000 	C:\Users\B\AppData\Local\Temp\lwjglB\3.2.2-build-10\lwjgl_opengl.dll
0x00007ffc8b8f0000 - 0x00007ffc8bb41000 	C:\Users\B\AppData\Local\Temp\lwjglB\3.2.2-build-10\jemalloc.dll
0x00007ffc6ad90000 - 0x00007ffc6b464000 	C:\Users\B\AppData\Local\Temp\lwjglB\3.2.2-build-10\assimp.dll

dbghelp: loaded successfully - version: 4.0.5 - missing functions: none
symbol engine: initialized successfully - sym options: 0x614 - pdb path: .;C:\Program Files\Java\jdk-11.0.1\bin;C:\WINDOWS\SYSTEM32;C:\WINDOWS\WinSxS\amd64_microsoft.windows.common-controls_6595b64144ccf1df_6.0.17134.885_none_fb42a3473065565f;C:\Program Files\Java\jdk-11.0.1\bin\server;C:\Users\B\AppData\Local\Temp\lwjglB\3.2.2-build-10

VM Arguments:
jvm_args: -Xdebug -Xnoagent -Djava.compiler=NONE -Xrunjdwp:transport=dt_socket,address=localhost:49475,server=n,suspend=y -Xmx2G -Dfile.encoding=UTF-8 
java_command: DabEngine.ModelTest
java_class_path (initial): C:\Users\B\Documents\DabEngine\bin\main;C:\Users\B\Documents\DabEngine\bin\test;C:\Users\B\.gradle\caches\modules-2\files-2.1\org.apache.commons\commons-math3\3.6.1\e4ba98f1d4b3c80ec46392f25e094a6a2e58fcbf\commons-math3-3.6.1.jar;C:\Users\B\.gradle\caches\modules-2\files-2.1\com.google.guava\guava\27.0.1-jre\bd41a290787b5301e63929676d792c507bbc00ae\guava-27.0.1-jre.jar;C:\Users\B\Documents\DabEngine\libs\jython-standalone-2.7.0.jar;C:\Users\B\.gradle\caches\modules-2\files-2.1\com.googlecode.json-simple\json-simple\1.1.1\c9ad4a0850ab676c5c64461a05ca524cdfff59f1\json-simple-1.1.1.jar;C:\Users\B\.gradle\caches\modules-2\files-2.1\com.google.guava\failureaccess\1.0.1\1dcf1de382a0bf95a3d8b0849546c88bac1292c9\failureaccess-1.0.1.jar;C:\Users\B\.gradle\caches\modules-2\files-2.1\com.google.guava\listenablefuture\9999.0-empty-to-avoid-conflict-with-guava\b421526c5f297295adef1c886e5246c39d4ac629\listenablefuture-9999.0-empty-to-avoid-conflict-with-guava.jar;C:\Users\B\.gradle\caches\modules-2\files-2.1\com.google.code.findbugs\jsr305\3.0.2\25ea2e8b0c338a877313bd4672d3fe056ea78f0d\jsr305-3.0.2.jar;C:\Users\B\.gradle\caches\modules-2\files-2.1\org.checkerframework\checker-qual\2.5.2\cea74543d5904a30861a61b4643a5f2bb372efc4\checker-qual-2.5.2.jar;C:\Users\B\.gradle\caches\modules-2\files-2.1\com.google.errorprone\error_prone_annotations\2.2.0\88e3c593e9b3586e1c6177f89267da6fc6986f0c\error_prone_annotations-2.2.0.jar;C:\Users\B\.gradle\caches\modules-2\files-2.1\com.google.j2objc\j2objc-annotations\1.1\ed28ded51a8b1c6b112568def5f4b455e6809019\j2objc-annotations-1.1.jar;C:\Users\B\.gradle\caches\modules-2\files-2.1\org.codehaus.mojo\animal-sniffer-annotations\1.17\f97ce6decaea32b36101e37979f8b647f00681fb\animal-sniffer-annotations-1.17.jar;C:\Users\B\.gradle\caches\modules-2\files-2.1\junit\junit\4.10\e4f1766ce7404a08f45d859fb9c226fc9e41a861\junit-4.10.jar;C:\Users\B\.gradle\caches\modules-2\files-2.1\org.hamcrest\hamcrest-core\1.1\860340562250678d1a
Launcher Type: SUN_STANDARD

[Global flags]
     intx CICompilerCount                          = 3                                         {product} {ergonomic}
     uint ConcGCThreads                            = 1                                         {product} {ergonomic}
     uint G1ConcRefinementThreads                  = 4                                         {product} {ergonomic}
   size_t G1HeapRegionSize                         = 1048576                                   {product} {ergonomic}
    uintx GCDrainStackTargetSize                   = 64                                        {product} {ergonomic}
   size_t InitialHeapSize                          = 134217728                                 {product} {ergonomic}
   size_t MarkStackSize                            = 4194304                                   {product} {ergonomic}
   size_t MaxHeapSize                              = 2147483648                                {product} {command line}
   size_t MaxNewSize                               = 1287651328                                {product} {ergonomic}
   size_t MinHeapDeltaBytes                        = 1048576                                   {product} {ergonomic}
    uintx NonNMethodCodeHeapSize                   = 5830092                                {pd product} {ergonomic}
    uintx NonProfiledCodeHeapSize                  = 122914074                              {pd product} {ergonomic}
    uintx ProfiledCodeHeapSize                     = 122914074                              {pd product} {ergonomic}
    uintx ReservedCodeCacheSize                    = 251658240                              {pd product} {ergonomic}
     bool SegmentedCodeCache                       = true                                      {product} {ergonomic}
     bool UseCompressedClassPointers               = true                                 {lp64_product} {ergonomic}
     bool UseCompressedOops                        = true                                 {lp64_product} {ergonomic}
     bool UseG1GC                                  = true                                      {product} {ergonomic}
     bool UseLargePagesIndividualAllocation        = false                                  {pd product} {ergonomic}

Logging:
Log output configuration:
 #0: stdout all=warning uptime,level,tags
 #1: stderr all=off uptime,level,tags

Environment Variables:
CLASSPATH=.;.;C:\PROGRA~2\JMF21~1.1E\lib\sound.jar;C:\PROGRA~2\JMF21~1.1E\lib\jmf.jar;C:\PROGRA~2\JMF21~1.1E\lib;
PATH=C:\Program Files (x86)\Common Files\Intel\Shared Libraries\redist\intel64\compiler;C:\WINDOWS\system32;C:\WINDOWS;C:\WINDOWS\System32\Wbem;C:\WINDOWS\System32\WindowsPowerShell\v1.0\;C:\WINDOWS\System32\OpenSSH\;C:\Program Files\Java\jdk-11.0.1\bin;C:\Program Files\Git\cmd;C:\Program Files (x86)\Windows Kits\10\Windows Performance Toolkit\;C:\Program Files\Csound6_x64\bin;C:\ProgramData\chocolatey\bin;C:\Users\B\AppData\Local\Programs\Python\Python36\Scripts\;C:\Users\B\AppData\Local\Programs\Python\Python36\;C:\Users\B\scoop\shims;C:\Users\B\AppData\Local\Microsoft\WindowsApps;C:\Users\B\AppData\Local\GitHubDesktop\bin;C:\Users\B\AppData\Local\atom\bin;C:\Users\B\AppData\Local\Programs\Microsoft VS Code\bin
USERNAME=B
OS=Windows_NT
PROCESSOR_IDENTIFIER=Intel64 Family 6 Model 58 Stepping 9, GenuineIntel



---------------  S Y S T E M  ---------------

OS: Windows 10 , 64 bit Build 17134 (10.0.17134.753)

CPU:total 4 (initial active 4) (2 cores per cpu, 2 threads per core) family 6 model 58 stepping 9, cmov, cx8, fxsr, mmx, sse, sse2, sse3, ssse3, sse4.1, sse4.2, popcnt, avx, clmul, erms, ht, tsc, tscinvbit, tscinv

Memory: 4k page, system-wide physical 8089M (1220M free)
TotalPageFile size 13956M (AvailPageFile size 1845M)
current process WorkingSet (physical memory assigned to process): 116M, peak: 129M
current process commit charge ("private bytes"): 254M, peak: 269M

vm_info: Java HotSpot(TM) 64-Bit Server VM (11.0.1+13-LTS) for windows-amd64 JRE (11.0.1+13-LTS), built on Oct  6 2018 13:20:16 by "mach5one" with MS VC++ 15.5 (VS2017)

END.
