#
# A fatal error has been detected by the Java Runtime Environment:
#
#  EXCEPTION_ACCESS_VIOLATION (0xc0000005) at pc=0x0000000000000000, pid=16640, tid=15856
#
# JRE version: Java(TM) SE Runtime Environment (11.0.1+13) (build 11.0.1+13-LTS)
# Java VM: Java HotSpot(TM) 64-Bit Server VM (11.0.1+13-LTS, mixed mode, tiered, compressed oops, g1 gc, windows-amd64)
# Problematic frame:
# C  0x0000000000000000
#
# No core dump will be written. Minidumps are not enabled by default on client versions of Windows
#
# If you would like to submit a bug report, please visit:
#   http://bugreport.java.com/bugreport/crash.jsp
# The crash happened outside the Java Virtual Machine in native code.
# See problematic frame for where to report the bug.
#

---------------  S U M M A R Y ------------

Command Line: -javaagent:C:\Program Files\JetBrains\IntelliJ IDEA Community Edition 2018.2.5\lib\idea_rt.jar=55704:C:\Program Files\JetBrains\IntelliJ IDEA Community Edition 2018.2.5\bin -Dfile.encoding=UTF-8 Test3D

Host: Intel(R) Core(TM) i3-3110M CPU @ 2.40GHz, 4 cores, 7G,  Windows 10 , 64 bit Build 17134 (10.0.17134.1)
Time: Sat Nov 24 18:17:36 2018 GMT Standard Time elapsed time: 13 seconds (0d 0h 0m 13s)

---------------  T H R E A D  ---------------

Current thread (0x000001fd960ab800):  JavaThread "gameThread" [_thread_in_native, id=15856, stack(0x0000003985800000,0x0000003985900000)]

Stack: [0x0000003985800000,0x0000003985900000],  sp=0x00000039858feec8,  free space=1019k
Native frames: (J=compiled Java code, j=interpreted, Vv=VM code, C=native code)

Java frames: (J=compiled Java code, j=interpreted, Vv=VM code)
j  org.lwjgl.nuklear.Nuklear.nnk_init(JJJ)I+0
j  org.lwjgl.nuklear.Nuklear.nk_init(Lorg/lwjgl/nuklear/NkContext;Lorg/lwjgl/nuklear/NkAllocator;Lorg/lwjgl/nuklear/NkUserFont;)Z+12
j  Menu.<init>()V+48
j  Test3D.initWindow()V+160
j  Core.Engine.run()V+23
j  java.lang.Thread.run()V+11 java.base@11.0.1
v  ~StubRoutines::call_stub

siginfo: EXCEPTION_ACCESS_VIOLATION (0xc0000005), data execution prevention violation at address 0x0000000000000000


Register to memory mapping:

RIP=0x0 is NULL
RAX=0x000001fd984269b0 points into unknown readable memory
RBX=0x000001fd98424ad0 points into unknown readable memory
RCX=0x0 is NULL
RDX=0x0 is NULL
RSP=0x00000039858feec8 is pointing into the stack for thread: 0x000001fd960ab800
RBP=0x00000039858fefa0 is pointing into the stack for thread: 0x000001fd960ab800
RSI=0x000001fd9883db40 points into unknown readable memory
RDI=0x000001fd984269b0 points into unknown readable memory
R8 =0x0000000000001000 is an unknown value
R9 =0x0 is NULL
R10=0x401709d120000000 is an unknown value
R11=0x000001fd984269b0 points into unknown readable memory
R12=0x0 is NULL
R13=0x000001fd9abd27a0 is pointing into metadata
R14=0x00000039858fefe8 is pointing into the stack for thread: 0x000001fd960ab800
R15=0x000001fd960ab800 is a thread


Registers:
RAX=0x000001fd984269b0, RBX=0x000001fd98424ad0, RCX=0x0000000000000000, RDX=0x0000000000000000
RSP=0x00000039858feec8, RBP=0x00000039858fefa0, RSI=0x000001fd9883db40, RDI=0x000001fd984269b0
R8 =0x0000000000001000, R9 =0x0000000000000000, R10=0x401709d120000000, R11=0x000001fd984269b0
R12=0x0000000000000000, R13=0x000001fd9abd27a0, R14=0x00000039858fefe8, R15=0x000001fd960ab800
RIP=0x0000000000000000, EFLAGS=0x0000000000010246

Top of Stack: (sp=0x00000039858feec8)
0x00000039858feec8:   00007fff5f3a017c 000001fd98424ad0
0x00000039858feed8:   0000000000000e1c 0000000000000000
0x00000039858feee8:   000001fd960ab800 0000000000000140
0x00000039858feef8:   000001fd8000efb7 0000000000000e1c
0x00000039858fef08:   000001fd9abaff40 000001fd9ac27a60
0x00000039858fef18:   00007fff3b77415f 000001fd98638060
0x00000039858fef28:   000001fd8000ecb2 000001fd960ab800
0x00000039858fef38:   000001fd9abaff40 0000000000000140
0x00000039858fef48:   00007fff3b76d964 000001fd8000ec56
0x00000039858fef58:   00000039858fef58 000001fd9abd27a0
0x00000039858fef68:   00000039858fefe8 000001fd9ac22c58
0x00000039858fef78:   0000000000000000 0000000087ff68d0
0x00000039858fef88:   000001fd9abaff40 0000000000000000
0x00000039858fef98:   00000039858fefc0 00000039858ff038
0x00000039858fefa8:   000001fd80009840 0000000087ff68d0
0x00000039858fefb8:   000001fd8000bf96 000001fd98638060 

Instructions: (pc=0x0000000000000000)
0xffffffffffffffe0:   



---------------  P R O C E S S  ---------------

Threads class SMR info:
_java_thread_list=0x000001fd984f8b70, length=13, elements={
0x000001fdffc1a000, 0x000001fdffc44000, 0x000001fd95793800, 0x000001fdffc52800,
0x000001fdffc54000, 0x000001fdffc58000, 0x000001fdffc5d800, 0x000001fdffbd3000,
0x000001fd95f8a000, 0x000001fd95f8b000, 0x000001fd960ab800, 0x000001fdf681d000,
0x000001fd98264800
}

Java Threads: ( => current thread )
  0x000001fdffc1a000 JavaThread "Reference Handler" daemon [_thread_blocked, id=8556, stack(0x0000003984d00000,0x0000003984e00000)]
  0x000001fdffc44000 JavaThread "Finalizer" daemon [_thread_blocked, id=15596, stack(0x0000003984e00000,0x0000003984f00000)]
  0x000001fd95793800 JavaThread "Signal Dispatcher" daemon [_thread_blocked, id=3128, stack(0x0000003984f00000,0x0000003985000000)]
  0x000001fdffc52800 JavaThread "Attach Listener" daemon [_thread_blocked, id=15384, stack(0x0000003985000000,0x0000003985100000)]
  0x000001fdffc54000 JavaThread "C2 CompilerThread0" daemon [_thread_blocked, id=2764, stack(0x0000003985100000,0x0000003985200000)]
  0x000001fdffc58000 JavaThread "C1 CompilerThread0" daemon [_thread_blocked, id=6036, stack(0x0000003985200000,0x0000003985300000)]
  0x000001fdffc5d800 JavaThread "Sweeper thread" daemon [_thread_blocked, id=16896, stack(0x0000003985300000,0x0000003985400000)]
  0x000001fdffbd3000 JavaThread "Common-Cleaner" daemon [_thread_blocked, id=13924, stack(0x0000003985400000,0x0000003985500000)]
  0x000001fd95f8a000 JavaThread "Monitor Ctrl-Break" daemon [_thread_in_native, id=12700, stack(0x0000003985500000,0x0000003985600000)]
  0x000001fd95f8b000 JavaThread "Service Thread" daemon [_thread_blocked, id=8732, stack(0x0000003985600000,0x0000003985700000)]
=>0x000001fd960ab800 JavaThread "gameThread" [_thread_in_native, id=15856, stack(0x0000003985800000,0x0000003985900000)]
  0x000001fdf681d000 JavaThread "DestroyJavaVM" [_thread_blocked, id=4616, stack(0x0000003984600000,0x0000003984700000)]
  0x000001fd98264800 JavaThread "Java2D Disposer" daemon [_thread_blocked, id=12508, stack(0x0000003986300000,0x0000003986400000)]

Other Threads:
  0x000001fdffc16000 VMThread "VM Thread" [stack: 0x0000003984c00000,0x0000003984d00000] [id=7832]
  0x000001fd96146000 WatcherThread [stack: 0x0000003985700000,0x0000003985800000] [id=13836]
  0x000001fdf6835000 GCTaskThread "GC Thread#0" [stack: 0x0000003984700000,0x0000003984800000] [id=5920]
  0x000001fd983d8000 GCTaskThread "GC Thread#1" [stack: 0x0000003986000000,0x0000003986100000] [id=7860]
  0x000001fd983da000 GCTaskThread "GC Thread#2" [stack: 0x0000003986100000,0x0000003986200000] [id=15796]
  0x000001fd983d5000 GCTaskThread "GC Thread#3" [stack: 0x0000003986200000,0x0000003986300000] [id=17292]
  0x000001fdf6864000 ConcurrentGCThread "G1 Test3D Marker" [stack: 0x0000003984800000,0x0000003984900000] [id=9848]
  0x000001fdf6867800 ConcurrentGCThread "G1 Conc#0" [stack: 0x0000003984900000,0x0000003984a00000] [id=12524]
  0x000001fdffa81800 ConcurrentGCThread "G1 Refine#0" [stack: 0x0000003984a00000,0x0000003984b00000] [id=8204]
  0x000001fdf68db800 ConcurrentGCThread "G1 Young RemSet Sampling" [stack: 0x0000003984b00000,0x0000003984c00000] [id=8312]

Threads with active compile tasks:

VM state:not at safepoint (normal execution)

VM Mutex/Monitor currently owned by a thread: None

Heap address: 0x0000000081800000, size: 2024 MB, Compressed Oops mode: 32-bit
Narrow klass base: 0x0000000000000000, Narrow klass shift: 3
Compressed class space size: 1073741824 Address: 0x0000000100000000

Heap:
 garbage-first heap   total 131072K, used 26820K [0x0000000081800000, 0x0000000100000000)
  region size 1024K, 26 young (26624K), 2 survivors (2048K)
 Metaspace       used 15253K, capacity 15492K, committed 15744K, reserved 1062912K
  class space    used 1166K, capacity 1284K, committed 1408K, reserved 1048576K
Heap Regions: E=young(eden), S=young(survivor), O=old, HS=humongous(starts), HC=humongous(continues), CS=collection set, F=free, A=archive, TAMS=top-at-mark-start (previous, next)
|   0|0x0000000081800000, 0x0000000081900000, 0x0000000081900000|100%| O|  |TAMS 0x0000000081800000, 0x0000000081800000| Untracked 
|   1|0x0000000081900000, 0x0000000081931000, 0x0000000081a00000| 19%| O|  |TAMS 0x0000000081900000, 0x0000000081900000| Untracked 
|   2|0x0000000081a00000, 0x0000000081a00000, 0x0000000081b00000|  0%| F|  |TAMS 0x0000000081a00000, 0x0000000081a00000| Untracked 
|   3|0x0000000081b00000, 0x0000000081b00000, 0x0000000081c00000|  0%| F|  |TAMS 0x0000000081b00000, 0x0000000081b00000| Untracked 
|   4|0x0000000081c00000, 0x0000000081c00000, 0x0000000081d00000|  0%| F|  |TAMS 0x0000000081c00000, 0x0000000081c00000| Untracked 
|   5|0x0000000081d00000, 0x0000000081d00000, 0x0000000081e00000|  0%| F|  |TAMS 0x0000000081d00000, 0x0000000081d00000| Untracked 
|   6|0x0000000081e00000, 0x0000000081e00000, 0x0000000081f00000|  0%| F|  |TAMS 0x0000000081e00000, 0x0000000081e00000| Untracked 
|   7|0x0000000081f00000, 0x0000000081f00000, 0x0000000082000000|  0%| F|  |TAMS 0x0000000081f00000, 0x0000000081f00000| Untracked 
|   8|0x0000000082000000, 0x0000000082000000, 0x0000000082100000|  0%| F|  |TAMS 0x0000000082000000, 0x0000000082000000| Untracked 
|   9|0x0000000082100000, 0x0000000082100000, 0x0000000082200000|  0%| F|  |TAMS 0x0000000082100000, 0x0000000082100000| Untracked 
|  10|0x0000000082200000, 0x0000000082200000, 0x0000000082300000|  0%| F|  |TAMS 0x0000000082200000, 0x0000000082200000| Untracked 
|  11|0x0000000082300000, 0x0000000082300000, 0x0000000082400000|  0%| F|  |TAMS 0x0000000082300000, 0x0000000082300000| Untracked 
|  12|0x0000000082400000, 0x0000000082400000, 0x0000000082500000|  0%| F|  |TAMS 0x0000000082400000, 0x0000000082400000| Untracked 
|  13|0x0000000082500000, 0x0000000082500000, 0x0000000082600000|  0%| F|  |TAMS 0x0000000082500000, 0x0000000082500000| Untracked 
|  14|0x0000000082600000, 0x0000000082600000, 0x0000000082700000|  0%| F|  |TAMS 0x0000000082600000, 0x0000000082600000| Untracked 
|  15|0x0000000082700000, 0x0000000082700000, 0x0000000082800000|  0%| F|  |TAMS 0x0000000082700000, 0x0000000082700000| Untracked 
|  16|0x0000000082800000, 0x0000000082800000, 0x0000000082900000|  0%| F|  |TAMS 0x0000000082800000, 0x0000000082800000| Untracked 
|  17|0x0000000082900000, 0x0000000082900000, 0x0000000082a00000|  0%| F|  |TAMS 0x0000000082900000, 0x0000000082900000| Untracked 
|  18|0x0000000082a00000, 0x0000000082a00000, 0x0000000082b00000|  0%| F|  |TAMS 0x0000000082a00000, 0x0000000082a00000| Untracked 
|  19|0x0000000082b00000, 0x0000000082b00000, 0x0000000082c00000|  0%| F|  |TAMS 0x0000000082b00000, 0x0000000082b00000| Untracked 
|  20|0x0000000082c00000, 0x0000000082c00000, 0x0000000082d00000|  0%| F|  |TAMS 0x0000000082c00000, 0x0000000082c00000| Untracked 
|  21|0x0000000082d00000, 0x0000000082d00000, 0x0000000082e00000|  0%| F|  |TAMS 0x0000000082d00000, 0x0000000082d00000| Untracked 
|  22|0x0000000082e00000, 0x0000000082e00000, 0x0000000082f00000|  0%| F|  |TAMS 0x0000000082e00000, 0x0000000082e00000| Untracked 
|  23|0x0000000082f00000, 0x0000000082f00000, 0x0000000083000000|  0%| F|  |TAMS 0x0000000082f00000, 0x0000000082f00000| Untracked 
|  24|0x0000000083000000, 0x0000000083000000, 0x0000000083100000|  0%| F|  |TAMS 0x0000000083000000, 0x0000000083000000| Untracked 
|  25|0x0000000083100000, 0x0000000083100000, 0x0000000083200000|  0%| F|  |TAMS 0x0000000083100000, 0x0000000083100000| Untracked 
|  26|0x0000000083200000, 0x0000000083200000, 0x0000000083300000|  0%| F|  |TAMS 0x0000000083200000, 0x0000000083200000| Untracked 
|  27|0x0000000083300000, 0x0000000083300000, 0x0000000083400000|  0%| F|  |TAMS 0x0000000083300000, 0x0000000083300000| Untracked 
|  28|0x0000000083400000, 0x0000000083400000, 0x0000000083500000|  0%| F|  |TAMS 0x0000000083400000, 0x0000000083400000| Untracked 
|  29|0x0000000083500000, 0x0000000083500000, 0x0000000083600000|  0%| F|  |TAMS 0x0000000083500000, 0x0000000083500000| Untracked 
|  30|0x0000000083600000, 0x0000000083600000, 0x0000000083700000|  0%| F|  |TAMS 0x0000000083600000, 0x0000000083600000| Untracked 
|  31|0x0000000083700000, 0x0000000083700000, 0x0000000083800000|  0%| F|  |TAMS 0x0000000083700000, 0x0000000083700000| Untracked 
|  32|0x0000000083800000, 0x0000000083800000, 0x0000000083900000|  0%| F|  |TAMS 0x0000000083800000, 0x0000000083800000| Untracked 
|  33|0x0000000083900000, 0x0000000083900000, 0x0000000083a00000|  0%| F|  |TAMS 0x0000000083900000, 0x0000000083900000| Untracked 
|  34|0x0000000083a00000, 0x0000000083a00000, 0x0000000083b00000|  0%| F|  |TAMS 0x0000000083a00000, 0x0000000083a00000| Untracked 
|  35|0x0000000083b00000, 0x0000000083b00000, 0x0000000083c00000|  0%| F|  |TAMS 0x0000000083b00000, 0x0000000083b00000| Untracked 
|  36|0x0000000083c00000, 0x0000000083c00000, 0x0000000083d00000|  0%| F|  |TAMS 0x0000000083c00000, 0x0000000083c00000| Untracked 
|  37|0x0000000083d00000, 0x0000000083d00000, 0x0000000083e00000|  0%| F|  |TAMS 0x0000000083d00000, 0x0000000083d00000| Untracked 
|  38|0x0000000083e00000, 0x0000000083e00000, 0x0000000083f00000|  0%| F|  |TAMS 0x0000000083e00000, 0x0000000083e00000| Untracked 
|  39|0x0000000083f00000, 0x0000000083f00000, 0x0000000084000000|  0%| F|  |TAMS 0x0000000083f00000, 0x0000000083f00000| Untracked 
|  40|0x0000000084000000, 0x0000000084000000, 0x0000000084100000|  0%| F|  |TAMS 0x0000000084000000, 0x0000000084000000| Untracked 
|  41|0x0000000084100000, 0x0000000084100000, 0x0000000084200000|  0%| F|  |TAMS 0x0000000084100000, 0x0000000084100000| Untracked 
|  42|0x0000000084200000, 0x0000000084200000, 0x0000000084300000|  0%| F|  |TAMS 0x0000000084200000, 0x0000000084200000| Untracked 
|  43|0x0000000084300000, 0x0000000084300000, 0x0000000084400000|  0%| F|  |TAMS 0x0000000084300000, 0x0000000084300000| Untracked 
|  44|0x0000000084400000, 0x0000000084400000, 0x0000000084500000|  0%| F|  |TAMS 0x0000000084400000, 0x0000000084400000| Untracked 
|  45|0x0000000084500000, 0x0000000084500000, 0x0000000084600000|  0%| F|  |TAMS 0x0000000084500000, 0x0000000084500000| Untracked 
|  46|0x0000000084600000, 0x0000000084600000, 0x0000000084700000|  0%| F|  |TAMS 0x0000000084600000, 0x0000000084600000| Untracked 
|  47|0x0000000084700000, 0x0000000084700000, 0x0000000084800000|  0%| F|  |TAMS 0x0000000084700000, 0x0000000084700000| Untracked 
|  48|0x0000000084800000, 0x0000000084800000, 0x0000000084900000|  0%| F|  |TAMS 0x0000000084800000, 0x0000000084800000| Untracked 
|  49|0x0000000084900000, 0x0000000084900000, 0x0000000084a00000|  0%| F|  |TAMS 0x0000000084900000, 0x0000000084900000| Untracked 
|  50|0x0000000084a00000, 0x0000000084a00000, 0x0000000084b00000|  0%| F|  |TAMS 0x0000000084a00000, 0x0000000084a00000| Untracked 
|  51|0x0000000084b00000, 0x0000000084b00000, 0x0000000084c00000|  0%| F|  |TAMS 0x0000000084b00000, 0x0000000084b00000| Untracked 
|  52|0x0000000084c00000, 0x0000000084c00000, 0x0000000084d00000|  0%| F|  |TAMS 0x0000000084c00000, 0x0000000084c00000| Untracked 
|  53|0x0000000084d00000, 0x0000000084d00000, 0x0000000084e00000|  0%| F|  |TAMS 0x0000000084d00000, 0x0000000084d00000| Untracked 
|  54|0x0000000084e00000, 0x0000000084e00000, 0x0000000084f00000|  0%| F|  |TAMS 0x0000000084e00000, 0x0000000084e00000| Untracked 
|  55|0x0000000084f00000, 0x0000000084f00000, 0x0000000085000000|  0%| F|  |TAMS 0x0000000084f00000, 0x0000000084f00000| Untracked 
|  56|0x0000000085000000, 0x0000000085000000, 0x0000000085100000|  0%| F|  |TAMS 0x0000000085000000, 0x0000000085000000| Untracked 
|  57|0x0000000085100000, 0x0000000085100000, 0x0000000085200000|  0%| F|  |TAMS 0x0000000085100000, 0x0000000085100000| Untracked 
|  58|0x0000000085200000, 0x0000000085200000, 0x0000000085300000|  0%| F|  |TAMS 0x0000000085200000, 0x0000000085200000| Untracked 
|  59|0x0000000085300000, 0x0000000085300000, 0x0000000085400000|  0%| F|  |TAMS 0x0000000085300000, 0x0000000085300000| Untracked 
|  60|0x0000000085400000, 0x0000000085400000, 0x0000000085500000|  0%| F|  |TAMS 0x0000000085400000, 0x0000000085400000| Untracked 
|  61|0x0000000085500000, 0x0000000085500000, 0x0000000085600000|  0%| F|  |TAMS 0x0000000085500000, 0x0000000085500000| Untracked 
|  62|0x0000000085600000, 0x0000000085600000, 0x0000000085700000|  0%| F|  |TAMS 0x0000000085600000, 0x0000000085600000| Untracked 
|  63|0x0000000085700000, 0x0000000085700000, 0x0000000085800000|  0%| F|  |TAMS 0x0000000085700000, 0x0000000085700000| Untracked 
|  64|0x0000000085800000, 0x0000000085800000, 0x0000000085900000|  0%| F|  |TAMS 0x0000000085800000, 0x0000000085800000| Untracked 
|  65|0x0000000085900000, 0x0000000085900000, 0x0000000085a00000|  0%| F|  |TAMS 0x0000000085900000, 0x0000000085900000| Untracked 
|  66|0x0000000085a00000, 0x0000000085a00000, 0x0000000085b00000|  0%| F|  |TAMS 0x0000000085a00000, 0x0000000085a00000| Untracked 
|  67|0x0000000085b00000, 0x0000000085b00000, 0x0000000085c00000|  0%| F|  |TAMS 0x0000000085b00000, 0x0000000085b00000| Untracked 
|  68|0x0000000085c00000, 0x0000000085c00000, 0x0000000085d00000|  0%| F|  |TAMS 0x0000000085c00000, 0x0000000085c00000| Untracked 
|  69|0x0000000085d00000, 0x0000000085d00000, 0x0000000085e00000|  0%| F|  |TAMS 0x0000000085d00000, 0x0000000085d00000| Untracked 
|  70|0x0000000085e00000, 0x0000000085e00000, 0x0000000085f00000|  0%| F|  |TAMS 0x0000000085e00000, 0x0000000085e00000| Untracked 
|  71|0x0000000085f00000, 0x0000000085f00000, 0x0000000086000000|  0%| F|  |TAMS 0x0000000085f00000, 0x0000000085f00000| Untracked 
|  72|0x0000000086000000, 0x0000000086000000, 0x0000000086100000|  0%| F|  |TAMS 0x0000000086000000, 0x0000000086000000| Untracked 
|  73|0x0000000086100000, 0x0000000086100000, 0x0000000086200000|  0%| F|  |TAMS 0x0000000086100000, 0x0000000086100000| Untracked 
|  74|0x0000000086200000, 0x0000000086200000, 0x0000000086300000|  0%| F|  |TAMS 0x0000000086200000, 0x0000000086200000| Untracked 
|  75|0x0000000086300000, 0x0000000086300000, 0x0000000086400000|  0%| F|  |TAMS 0x0000000086300000, 0x0000000086300000| Untracked 
|  76|0x0000000086400000, 0x0000000086400000, 0x0000000086500000|  0%| F|  |TAMS 0x0000000086400000, 0x0000000086400000| Untracked 
|  77|0x0000000086500000, 0x0000000086500000, 0x0000000086600000|  0%| F|  |TAMS 0x0000000086500000, 0x0000000086500000| Untracked 
|  78|0x0000000086600000, 0x0000000086600000, 0x0000000086700000|  0%| F|  |TAMS 0x0000000086600000, 0x0000000086600000| Untracked 
|  79|0x0000000086700000, 0x0000000086700000, 0x0000000086800000|  0%| F|  |TAMS 0x0000000086700000, 0x0000000086700000| Untracked 
|  80|0x0000000086800000, 0x0000000086800000, 0x0000000086900000|  0%| F|  |TAMS 0x0000000086800000, 0x0000000086800000| Untracked 
|  81|0x0000000086900000, 0x0000000086900000, 0x0000000086a00000|  0%| F|  |TAMS 0x0000000086900000, 0x0000000086900000| Untracked 
|  82|0x0000000086a00000, 0x0000000086a00000, 0x0000000086b00000|  0%| F|  |TAMS 0x0000000086a00000, 0x0000000086a00000| Untracked 
|  83|0x0000000086b00000, 0x0000000086b00000, 0x0000000086c00000|  0%| F|  |TAMS 0x0000000086b00000, 0x0000000086b00000| Untracked 
|  84|0x0000000086c00000, 0x0000000086c00000, 0x0000000086d00000|  0%| F|  |TAMS 0x0000000086c00000, 0x0000000086c00000| Untracked 
|  85|0x0000000086d00000, 0x0000000086d00000, 0x0000000086e00000|  0%| F|  |TAMS 0x0000000086d00000, 0x0000000086d00000| Untracked 
|  86|0x0000000086e00000, 0x0000000086e00000, 0x0000000086f00000|  0%| F|  |TAMS 0x0000000086e00000, 0x0000000086e00000| Untracked 
|  87|0x0000000086f00000, 0x0000000086f00000, 0x0000000087000000|  0%| F|  |TAMS 0x0000000086f00000, 0x0000000086f00000| Untracked 
|  88|0x0000000087000000, 0x0000000087000000, 0x0000000087100000|  0%| F|  |TAMS 0x0000000087000000, 0x0000000087000000| Untracked 
|  89|0x0000000087100000, 0x0000000087100000, 0x0000000087200000|  0%| F|  |TAMS 0x0000000087100000, 0x0000000087100000| Untracked 
|  90|0x0000000087200000, 0x0000000087200000, 0x0000000087300000|  0%| F|  |TAMS 0x0000000087200000, 0x0000000087200000| Untracked 
|  91|0x0000000087300000, 0x0000000087300000, 0x0000000087400000|  0%| F|  |TAMS 0x0000000087300000, 0x0000000087300000| Untracked 
|  92|0x0000000087400000, 0x0000000087400000, 0x0000000087500000|  0%| F|  |TAMS 0x0000000087400000, 0x0000000087400000| Untracked 
|  93|0x0000000087500000, 0x0000000087500000, 0x0000000087600000|  0%| F|  |TAMS 0x0000000087500000, 0x0000000087500000| Untracked 
|  94|0x0000000087600000, 0x0000000087600000, 0x0000000087700000|  0%| F|  |TAMS 0x0000000087600000, 0x0000000087600000| Untracked 
|  95|0x0000000087700000, 0x0000000087700000, 0x0000000087800000|  0%| F|  |TAMS 0x0000000087700000, 0x0000000087700000| Untracked 
|  96|0x0000000087800000, 0x0000000087800000, 0x0000000087900000|  0%| F|  |TAMS 0x0000000087800000, 0x0000000087800000| Untracked 
|  97|0x0000000087900000, 0x0000000087900000, 0x0000000087a00000|  0%| F|  |TAMS 0x0000000087900000, 0x0000000087900000| Untracked 
|  98|0x0000000087a00000, 0x0000000087a00000, 0x0000000087b00000|  0%| F|  |TAMS 0x0000000087a00000, 0x0000000087a00000| Untracked 
|  99|0x0000000087b00000, 0x0000000087b00000, 0x0000000087c00000|  0%| F|  |TAMS 0x0000000087b00000, 0x0000000087b00000| Untracked 
| 100|0x0000000087c00000, 0x0000000087c00000, 0x0000000087d00000|  0%| F|  |TAMS 0x0000000087c00000, 0x0000000087c00000| Untracked 
| 101|0x0000000087d00000, 0x0000000087d00000, 0x0000000087e00000|  0%| F|  |TAMS 0x0000000087d00000, 0x0000000087d00000| Untracked 
| 102|0x0000000087e00000, 0x0000000087eb62b8, 0x0000000087f00000| 71%| E|  |TAMS 0x0000000087e00000, 0x0000000087e00000| Complete 
| 103|0x0000000087f00000, 0x0000000088000000, 0x0000000088000000|100%| E|CS|TAMS 0x0000000087f00000, 0x0000000087f00000| Complete 
| 104|0x0000000088000000, 0x0000000088100000, 0x0000000088100000|100%| E|CS|TAMS 0x0000000088000000, 0x0000000088000000| Complete 
| 105|0x0000000088100000, 0x0000000088200000, 0x0000000088200000|100%| E|CS|TAMS 0x0000000088100000, 0x0000000088100000| Complete 
| 106|0x0000000088200000, 0x0000000088300000, 0x0000000088300000|100%| E|CS|TAMS 0x0000000088200000, 0x0000000088200000| Complete 
| 107|0x0000000088300000, 0x0000000088400000, 0x0000000088400000|100%| E|CS|TAMS 0x0000000088300000, 0x0000000088300000| Complete 
| 108|0x0000000088400000, 0x0000000088500000, 0x0000000088500000|100%| E|CS|TAMS 0x0000000088400000, 0x0000000088400000| Complete 
| 109|0x0000000088500000, 0x0000000088600000, 0x0000000088600000|100%| E|CS|TAMS 0x0000000088500000, 0x0000000088500000| Complete 
| 110|0x0000000088600000, 0x0000000088700000, 0x0000000088700000|100%| E|CS|TAMS 0x0000000088600000, 0x0000000088600000| Complete 
| 111|0x0000000088700000, 0x0000000088800000, 0x0000000088800000|100%| E|CS|TAMS 0x0000000088700000, 0x0000000088700000| Complete 
| 112|0x0000000088800000, 0x0000000088900000, 0x0000000088900000|100%| S|CS|TAMS 0x0000000088800000, 0x0000000088800000| Complete 
| 113|0x0000000088900000, 0x0000000088a00000, 0x0000000088a00000|100%| S|CS|TAMS 0x0000000088900000, 0x0000000088900000| Complete 
| 114|0x0000000088a00000, 0x0000000088b00000, 0x0000000088b00000|100%| E|CS|TAMS 0x0000000088a00000, 0x0000000088a00000| Complete 
| 115|0x0000000088b00000, 0x0000000088c00000, 0x0000000088c00000|100%| E|CS|TAMS 0x0000000088b00000, 0x0000000088b00000| Complete 
| 116|0x0000000088c00000, 0x0000000088d00000, 0x0000000088d00000|100%| E|CS|TAMS 0x0000000088c00000, 0x0000000088c00000| Complete 
| 117|0x0000000088d00000, 0x0000000088e00000, 0x0000000088e00000|100%| E|CS|TAMS 0x0000000088d00000, 0x0000000088d00000| Complete 
| 118|0x0000000088e00000, 0x0000000088f00000, 0x0000000088f00000|100%| E|CS|TAMS 0x0000000088e00000, 0x0000000088e00000| Complete 
| 119|0x0000000088f00000, 0x0000000089000000, 0x0000000089000000|100%| E|CS|TAMS 0x0000000088f00000, 0x0000000088f00000| Complete 
| 120|0x0000000089000000, 0x0000000089100000, 0x0000000089100000|100%| E|CS|TAMS 0x0000000089000000, 0x0000000089000000| Complete 
| 121|0x0000000089100000, 0x0000000089200000, 0x0000000089200000|100%| E|CS|TAMS 0x0000000089100000, 0x0000000089100000| Complete 
| 122|0x0000000089200000, 0x0000000089300000, 0x0000000089300000|100%| E|CS|TAMS 0x0000000089200000, 0x0000000089200000| Complete 
| 123|0x0000000089300000, 0x0000000089400000, 0x0000000089400000|100%| E|CS|TAMS 0x0000000089300000, 0x0000000089300000| Complete 
| 124|0x0000000089400000, 0x0000000089500000, 0x0000000089500000|100%| E|CS|TAMS 0x0000000089400000, 0x0000000089400000| Complete 
| 125|0x0000000089500000, 0x0000000089600000, 0x0000000089600000|100%| E|CS|TAMS 0x0000000089500000, 0x0000000089500000| Complete 
| 126|0x0000000089600000, 0x0000000089700000, 0x0000000089700000|100%| E|CS|TAMS 0x0000000089600000, 0x0000000089600000| Complete 
| 127|0x0000000089700000, 0x0000000089800000, 0x0000000089800000|100%| E|CS|TAMS 0x0000000089700000, 0x0000000089700000| Complete 

Card table byte_map: [0x000001fdfef30000,0x000001fdff330000] _byte_map_base: 0x000001fdfeb24000

Marking Bits (Prev, Next): (CMBitMap*) 0x000001fdf685b668, (CMBitMap*) 0x000001fdf685b6a0
 Prev Bits: [0x000001fd8f000000, 0x000001fd90fa0000)
 Next Bits: [0x000001fd90fa0000, 0x000001fd92f40000)

Polling page: 0x000001fdf4570000

Metaspace:

Usage:
  Non-class:     13.88 MB capacity,    13.76 MB (>99%) used,    95.95 KB ( <1%) free+waste,    25.19 KB ( <1%) overhead. 
      Class:      1.25 MB capacity,     1.14 MB ( 91%) used,   106.03 KB (  8%) free+waste,    11.13 KB ( <1%) overhead. 
       Both:     15.13 MB capacity,    14.90 MB ( 98%) used,   201.98 KB (  1%) free+waste,    36.31 KB ( <1%) overhead. 

Virtual space:
  Non-class space:       14.00 MB reserved,      14.00 MB (100%) committed 
      Class space:        1.00 GB reserved,       1.38 MB ( <1%) committed 
             Both:        1.01 GB reserved,      15.38 MB (  1%) committed 

Chunk freelists:
   Non-Class:  0 bytes
       Class:  3.50 KB
        Both:  3.50 KB

CodeHeap 'non-profiled nmethods': size=120064Kb used=433Kb max_used=433Kb free=119630Kb
 bounds [0x000001fd87ac0000, 0x000001fd87d30000, 0x000001fd8f000000]
CodeHeap 'profiled nmethods': size=120000Kb used=2286Kb max_used=2286Kb free=117713Kb
 bounds [0x000001fd80590000, 0x000001fd80800000, 0x000001fd87ac0000]
CodeHeap 'non-nmethods': size=5696Kb used=1507Kb max_used=1518Kb free=4188Kb
 bounds [0x000001fd80000000, 0x000001fd80270000, 0x000001fd80590000]
 total_blobs=2534 nmethods=1210 adapters=957
 compilation: enabled
              stopped_count=0, restarted_count=0
 full_count=0

Compilation events (10 events):
Event: 12.617 Thread 0x000001fdffc54000 1206       4       java.nio.Buffer::position (55 bytes)
Event: 12.619 Thread 0x000001fdffc54000 nmethod 1206 0x000001fd87b2be90 code [0x000001fd87b2c020, 0x000001fd87b2c0f8]
Event: 12.620 Thread 0x000001fdffc58000 1207       3       java.nio.channels.spi.AbstractInterruptibleChannel::isOpen (13 bytes)
Event: 12.621 Thread 0x000001fdffc58000 nmethod 1207 0x000001fd807cac10 code [0x000001fd807cadc0, 0x000001fd807caf78]
Event: 13.549 Thread 0x000001fdffc54000 1208       4       java.lang.String::lastIndexOf (12 bytes)
Event: 13.557 Thread 0x000001fdffc54000 nmethod 1208 0x000001fd87b2c210 code [0x000001fd87b2c3a0, 0x000001fd87b2c5b8]
Event: 13.591 Thread 0x000001fdffc58000 1209       3       java.util.zip.InflaterInputStream::read (32 bytes)
Event: 13.591 Thread 0x000001fdffc58000 nmethod 1209 0x000001fd807cb010 code [0x000001fd807cb200, 0x000001fd807cb680]
Event: 13.591 Thread 0x000001fdffc58000 1210       3       java.lang.Byte::toUnsignedInt (6 bytes)
Event: 13.591 Thread 0x000001fdffc58000 nmethod 1210 0x000001fd807cb810 code [0x000001fd807cb9c0, 0x000001fd807cbaf8]

GC Heap History (2 events):
Event: 8.423 GC heap before
{Heap before GC invocations=0 (full 0):
 garbage-first heap   total 131072K, used 13312K [0x0000000081800000, 0x0000000100000000)
  region size 1024K, 14 young (14336K), 0 survivors (0K)
 Metaspace       used 9189K, capacity 9386K, committed 9600K, reserved 1058816K
  class space    used 792K, capacity 833K, committed 896K, reserved 1048576K
}
Event: 8.452 GC heap after
{Heap after GC invocations=1 (full 0):
 garbage-first heap   total 131072K, used 3268K [0x0000000081800000, 0x0000000100000000)
  region size 1024K, 2 young (2048K), 2 survivors (2048K)
 Metaspace       used 9189K, capacity 9386K, committed 9600K, reserved 1058816K
  class space    used 792K, capacity 833K, committed 896K, reserved 1048576K
}

Deoptimization events (10 events):
Event: 1.245 Thread 0x000001fdf681d000 Uncommon trap: reason=unstable_if action=reinterpret pc=0x000001fd87ac1c10 method=java.lang.String.isLatin1()Z @ 10 c2
Event: 1.500 Thread 0x000001fd960ab800 Uncommon trap: reason=class_check action=maybe_recompile pc=0x000001fd87ae8ebc method=java.util.HashMap.getNode(ILjava/lang/Object;)Ljava/util/HashMap$Node; @ 59 c2
Event: 5.071 Thread 0x000001fd960ab800 Uncommon trap: reason=class_check action=maybe_recompile pc=0x000001fd87ae8ebc method=java.util.HashMap.getNode(ILjava/lang/Object;)Ljava/util/HashMap$Node; @ 59 c2
Event: 5.745 Thread 0x000001fd960ab800 Uncommon trap: reason=class_check action=maybe_recompile pc=0x000001fd87ae8ebc method=java.util.HashMap.getNode(ILjava/lang/Object;)Ljava/util/HashMap$Node; @ 59 c2
Event: 6.018 Thread 0x000001fd960ab800 Uncommon trap: reason=class_check action=maybe_recompile pc=0x000001fd87ae8ebc method=java.util.HashMap.getNode(ILjava/lang/Object;)Ljava/util/HashMap$Node; @ 59 c2
Event: 8.352 Thread 0x000001fd960ab800 Uncommon trap: reason=class_check action=maybe_recompile pc=0x000001fd87af63f8 method=java.util.HashMap.getNode(ILjava/lang/Object;)Ljava/util/HashMap$Node; @ 126 c2
Event: 9.919 Thread 0x000001fd960ab800 Uncommon trap: reason=unstable_if action=reinterpret pc=0x000001fd87ae5fa4 method=java.io.BufferedReader.readLine(Z)Ljava/lang/String; @ 66 c2
Event: 10.770 Thread 0x000001fd960ab800 Uncommon trap: reason=unstable_if action=reinterpret pc=0x000001fd87b09d64 method=java.util.jar.JarFile.getVersionedEntry(Ljava/lang/String;Ljava/util/jar/JarEntry;)Ljava/util/jar/JarEntry; @ 16 c2
Event: 12.599 Thread 0x000001fd960ab800 Uncommon trap: reason=class_check action=maybe_recompile pc=0x000001fd87af63f8 method=java.util.HashMap.getNode(ILjava/lang/Object;)Ljava/util/HashMap$Node; @ 126 c2
Event: 13.590 Thread 0x000001fd960ab800 Uncommon trap: reason=class_check action=maybe_recompile pc=0x000001fd87add788 method=java.util.HashMap.getNode(ILjava/lang/Object;)Ljava/util/HashMap$Node; @ 59 c2

Classes redefined (0 events):
No events

Internal exceptions (10 events):
Event: 11.179 Thread 0x000001fd960ab800 Exception <a 'java/lang/NoSuchMethodError'{0x00000000886b57a0}: java.lang.invoke.DirectMethodHandle$Holder.invokeStatic(Ljava/lang/Object;Ljava/lang/Object;Ljava/lang/Object;Ljava/lang/Object;Ljava/lang/Object;Ljava/lang/Object;Ljava/lang/Object;Ljava/lan
Event: 11.182 Thread 0x000001fd960ab800 Exception <a 'java/lang/NoSuchMethodError'{0x00000000886c3350}: java.lang.invoke.DirectMethodHandle$Holder.invokeStatic(Ljava/lang/Object;Ljava/lang/Object;Ljava/lang/Object;Ljava/lang/Object;Ljava/lang/Object;Ljava/lang/Object;Ljava/lang/Object;Ljava/lan
Event: 11.185 Thread 0x000001fd960ab800 Exception <a 'java/lang/NoSuchMethodError'{0x00000000886d1378}: java.lang.invoke.DirectMethodHandle$Holder.invokeSpecial(Ljava/lang/Object;Ljava/lang/Object;IILjava/lang/Object;Ljava/lang/Object;Ljava/lang/Object;)Ljava/lang/Object;> (0x00000000886d1378) 
Event: 11.186 Thread 0x000001fd960ab800 Exception <a 'java/lang/NoSuchMethodError'{0x00000000886d4900}: java.lang.invoke.DelegatingMethodHandle$Holder.reinvoke_L(Ljava/lang/Object;IILjava/lang/Object;Ljava/lang/Object;Ljava/lang/Object;)Ljava/lang/Object;> (0x00000000886d4900) thrown at [t:/wor
Event: 11.187 Thread 0x000001fd960ab800 Exception <a 'java/lang/NoSuchMethodError'{0x00000000886d8b88}: java.lang.invoke.DirectMethodHandle$Holder.invokeStatic(Ljava/lang/Object;Ljava/lang/Object;Ljava/lang/Object;Ljava/lang/Object;I)Ljava/lang/Object;> (0x00000000886d8b88) thrown at [t:/worksp
Event: 11.205 Thread 0x000001fd960ab800 Exception <a 'java/io/FileNotFoundException'{0x000000008853b8c0}> (0x000000008853b8c0) thrown at [t:/workspace/open/src/hotspot/share/prims/jni.cpp, line 615]
Event: 12.597 Thread 0x000001fd960ab800 Exception <a 'sun/nio/fs/WindowsException'{0x0000000087e70998}> (0x0000000087e70998) thrown at [t:/workspace/open/src/hotspot/share/prims/jni.cpp, line 615]
Event: 12.597 Thread 0x000001fd960ab800 Exception <a 'sun/nio/fs/WindowsException'{0x0000000087e70c68}> (0x0000000087e70c68) thrown at [t:/workspace/open/src/hotspot/share/prims/jni.cpp, line 615]
Event: 12.598 Thread 0x000001fd960ab800 Exception <a 'sun/nio/fs/WindowsException'{0x0000000087e71938}> (0x0000000087e71938) thrown at [t:/workspace/open/src/hotspot/share/prims/jni.cpp, line 615]
Event: 12.599 Thread 0x000001fd960ab800 Exception <a 'sun/nio/fs/WindowsException'{0x0000000087e78ae8}> (0x0000000087e78ae8) thrown at [t:/workspace/open/src/hotspot/share/prims/jni.cpp, line 615]

Events (10 events):
Event: 12.598 loading class java/nio/file/FileAlreadyExistsException
Event: 12.598 loading class java/nio/file/FileAlreadyExistsException done
Event: 12.599 Thread 0x000001fd960ab800 Uncommon trap: trap_request=0xffffffde fr.pc=0x000001fd87af63f8 relative=0x0000000000000498
Event: 12.599 Thread 0x000001fd960ab800 DEOPT PACKING pc=0x000001fd87af63f8 sp=0x00000039858fdc20
Event: 12.599 Thread 0x000001fd960ab800 DEOPT UNPACKING pc=0x000001fd80028eaf sp=0x00000039858fdb38 mode 2
Event: 12.599 loading class java/nio/file/StandardCopyOption
Event: 12.599 loading class java/nio/file/StandardCopyOption done
Event: 13.590 Thread 0x000001fd960ab800 Uncommon trap: trap_request=0xffffffde fr.pc=0x000001fd87add788 relative=0x00000000000003a8
Event: 13.590 Thread 0x000001fd960ab800 DEOPT PACKING pc=0x000001fd87add788 sp=0x00000039858fdb30
Event: 13.590 Thread 0x000001fd960ab800 DEOPT UNPACKING pc=0x000001fd80028eaf sp=0x00000039858fdac0 mode 2


Dynamic libraries:
0x00007ff753c40000 - 0x00007ff753c87000 	C:\Program Files\Java\jdk-11.0.1\bin\java.exe
0x00007fff87ab0000 - 0x00007fff87c91000 	C:\WINDOWS\SYSTEM32\ntdll.dll
0x00007fff84f40000 - 0x00007fff84ff2000 	C:\WINDOWS\System32\KERNEL32.DLL
0x00007fff84b20000 - 0x00007fff84d93000 	C:\WINDOWS\System32\KERNELBASE.dll
0x00007fff85da0000 - 0x00007fff85e41000 	C:\WINDOWS\System32\ADVAPI32.dll
0x00007fff85690000 - 0x00007fff8572e000 	C:\WINDOWS\System32\msvcrt.dll
0x00007fff87880000 - 0x00007fff878db000 	C:\WINDOWS\System32\sechost.dll
0x00007fff85020000 - 0x00007fff85144000 	C:\WINDOWS\System32\RPCRT4.dll
0x00007fff85500000 - 0x00007fff85690000 	C:\WINDOWS\System32\USER32.dll
0x00007fff84f20000 - 0x00007fff84f40000 	C:\WINDOWS\System32\win32u.dll
0x00007fff86050000 - 0x00007fff86078000 	C:\WINDOWS\System32\GDI32.dll
0x00007fff84120000 - 0x00007fff842b2000 	C:\WINDOWS\System32\gdi32full.dll
0x00007fff842c0000 - 0x00007fff8435f000 	C:\WINDOWS\System32\msvcp_win.dll
0x00007fff84e20000 - 0x00007fff84f1a000 	C:\WINDOWS\System32\ucrtbase.dll
0x00007fff765d0000 - 0x00007fff76839000 	C:\WINDOWS\WinSxS\amd64_microsoft.windows.common-controls_6595b64144ccf1df_6.0.17134.407_none_fb449d63306391e9\COMCTL32.dll
0x00007fff78d00000 - 0x00007fff78d0a000 	C:\WINDOWS\SYSTEM32\VERSION.dll
0x00007fff85150000 - 0x00007fff85472000 	C:\WINDOWS\System32\combase.dll
0x00007fff84da0000 - 0x00007fff84e1a000 	C:\WINDOWS\System32\bcryptPrimitives.dll
0x00007fff85bf0000 - 0x00007fff85c1d000 	C:\WINDOWS\System32\IMM32.DLL
0x00007fff7c890000 - 0x00007fff7c8a6000 	C:\Program Files\Java\jdk-11.0.1\bin\vcruntime140.dll
0x00007fff74380000 - 0x00007fff7442a000 	C:\Program Files\Java\jdk-11.0.1\bin\msvcp140.dll
0x00007fff3b180000 - 0x00007fff3bcc2000 	C:\Program Files\Java\jdk-11.0.1\bin\server\jvm.dll
0x00007fff87870000 - 0x00007fff87878000 	C:\WINDOWS\System32\PSAPI.DLL
0x00007fff68d20000 - 0x00007fff68d29000 	C:\WINDOWS\SYSTEM32\WSOCK32.dll
0x00007fff85b80000 - 0x00007fff85bec000 	C:\WINDOWS\System32\WS2_32.dll
0x00007fff778f0000 - 0x00007fff77913000 	C:\WINDOWS\SYSTEM32\WINMM.dll
0x00007fff77230000 - 0x00007fff7725a000 	C:\WINDOWS\SYSTEM32\WINMMBASE.dll
0x00007fff84ad0000 - 0x00007fff84b19000 	C:\WINDOWS\System32\cfgmgr32.dll
0x00007fff83e40000 - 0x00007fff83e51000 	C:\WINDOWS\System32\kernel.appcore.dll
0x00007fff7c720000 - 0x00007fff7c731000 	C:\Program Files\Java\jdk-11.0.1\bin\verify.dll
0x00007fff7e810000 - 0x00007fff7e9d9000 	C:\WINDOWS\SYSTEM32\DBGHELP.DLL
0x00007fff7e6d0000 - 0x00007fff7e6f9000 	C:\WINDOWS\SYSTEM32\dbgcore.DLL
0x00007fff7b8d0000 - 0x00007fff7b8f9000 	C:\Program Files\Java\jdk-11.0.1\bin\java.dll
0x00007fff682c0000 - 0x00007fff682ef000 	C:\Program Files\Java\jdk-11.0.1\bin\instrument.dll
0x00007fff7c700000 - 0x00007fff7c716000 	C:\Program Files\Java\jdk-11.0.1\bin\zip.dll
0x00007fff80ab0000 - 0x00007fff80aba000 	C:\Program Files\Java\jdk-11.0.1\bin\jimage.dll
0x00007fff86310000 - 0x00007fff8774f000 	C:\WINDOWS\System32\SHELL32.dll
0x00007fff879d0000 - 0x00007fff87a79000 	C:\WINDOWS\System32\shcore.dll
0x00007fff843c0000 - 0x00007fff84acd000 	C:\WINDOWS\System32\windows.storage.dll
0x00007fff862b0000 - 0x00007fff86301000 	C:\WINDOWS\System32\shlwapi.dll
0x00007fff83e60000 - 0x00007fff83e7f000 	C:\WINDOWS\System32\profapi.dll
0x00007fff83dd0000 - 0x00007fff83e1c000 	C:\WINDOWS\System32\powrprof.dll
0x00007fff83dc0000 - 0x00007fff83dca000 	C:\WINDOWS\System32\FLTLIB.DLL
0x00007fff7c630000 - 0x00007fff7c649000 	C:\Program Files\Java\jdk-11.0.1\bin\net.dll
0x00007fff7eba0000 - 0x00007fff7ec7c000 	C:\WINDOWS\SYSTEM32\WINHTTP.dll
0x00007fff835e0000 - 0x00007fff83646000 	C:\WINDOWS\system32\mswsock.dll
0x00007fff74a20000 - 0x00007fff74a33000 	C:\Program Files\Java\jdk-11.0.1\bin\nio.dll
0x00007fff66310000 - 0x00007fff6632a000 	C:\Program Files\JetBrains\IntelliJ IDEA Community Edition 2018.2.5\bin\breakgen64.dll
0x00007fff5f8b0000 - 0x00007fff5f911000 	C:\Users\B\AppData\Local\Temp\lwjglB\3.2.0-build-12\lwjgl.dll
0x00007fff5f9a0000 - 0x00007fff5f9fc000 	C:\Users\B\AppData\Local\Temp\lwjglB\3.2.0-build-12\glfw.dll
0x00007fff827d0000 - 0x00007fff82868000 	C:\WINDOWS\system32\uxtheme.dll
0x00007fff5f860000 - 0x00007fff5f8a3000 	C:\WINDOWS\SYSTEM32\dinput8.dll
0x00007fff77650000 - 0x00007fff77660000 	C:\WINDOWS\SYSTEM32\xinput1_4.dll
0x00007fff83b90000 - 0x00007fff83bb7000 	C:\WINDOWS\SYSTEM32\DEVOBJ.dll
0x00007fff828a0000 - 0x00007fff828c9000 	C:\WINDOWS\SYSTEM32\dwmapi.dll
0x00007fff7ee00000 - 0x00007fff7ee79000 	C:\WINDOWS\SYSTEM32\inputhost.dll
0x00007fff80150000 - 0x00007fff8029d000 	C:\WINDOWS\SYSTEM32\wintypes.dll
0x00007fff810a0000 - 0x00007fff8117a000 	C:\WINDOWS\SYSTEM32\CoreMessaging.dll
0x00007fff73420000 - 0x00007fff7373e000 	C:\WINDOWS\SYSTEM32\CoreUIComponents.dll
0x00007fff82eb0000 - 0x00007fff82ee1000 	C:\WINDOWS\SYSTEM32\ntmarta.dll
0x00007fff85c20000 - 0x00007fff85d93000 	C:\WINDOWS\System32\MSCTF.dll
0x00007fff861e0000 - 0x00007fff862a2000 	C:\WINDOWS\System32\OLEAUT32.dll
0x00007fff82af0000 - 0x00007fff82afc000 	C:\WINDOWS\SYSTEM32\HID.DLL
0x00007fff85730000 - 0x00007fff85b7b000 	C:\WINDOWS\System32\SETUPAPI.DLL
0x00007fff84360000 - 0x00007fff843b7000 	C:\WINDOWS\System32\WINTRUST.dll
0x00007fff83e20000 - 0x00007fff83e32000 	C:\WINDOWS\System32\MSASN1.dll
0x00007fff83e80000 - 0x00007fff84062000 	C:\WINDOWS\System32\CRYPT32.dll
0x00007fff67b80000 - 0x00007fff67ca0000 	C:\WINDOWS\SYSTEM32\opengl32.dll
0x00007fff67b50000 - 0x00007fff67b7c000 	C:\WINDOWS\SYSTEM32\GLU32.dll
0x00007fff32ee0000 - 0x00007fff33711000 	C:\WINDOWS\SYSTEM32\ig7icd64.dll
0x00007fff72400000 - 0x00007fff72865000 	C:\WINDOWS\SYSTEM32\igdusc64.dll
0x00007fff7f960000 - 0x00007fff7f973000 	C:\WINDOWS\SYSTEM32\WTSAPI32.dll
0x00007fff82c50000 - 0x00007fff82d0b000 	C:\WINDOWS\SYSTEM32\dxgi.dll
0x00007fff811c0000 - 0x00007fff814cb000 	C:\WINDOWS\SYSTEM32\d3d11.dll
0x00007fff72870000 - 0x00007fff73412000 	C:\WINDOWS\SYSTEM32\igd10iumd64.dll
0x00007fff86080000 - 0x00007fff861d1000 	C:\WINDOWS\System32\ole32.dll
0x00007fff838c0000 - 0x00007fff838e5000 	C:\WINDOWS\SYSTEM32\bcrypt.dll
0x00007fff83890000 - 0x00007fff838b6000 	C:\WINDOWS\SYSTEM32\ncrypt.dll
0x00007fff83850000 - 0x00007fff83886000 	C:\WINDOWS\SYSTEM32\NTASN1.dll
0x00007fff5f800000 - 0x00007fff5f859000 	C:\Users\B\AppData\Local\Temp\lwjglB\3.2.0-build-12\lwjgl_opengl.dll
0x00007fff7ed60000 - 0x00007fff7edf6000 	C:\WINDOWS\System32\TextInputFramework.dll
0x00007fff4b6e0000 - 0x00007fff4b87f000 	C:\Program Files\Java\jdk-11.0.1\bin\awt.dll
0x00007fff814d0000 - 0x00007fff81a97000 	C:\WINDOWS\SYSTEM32\d2d1.dll
0x00007fff820a0000 - 0x00007fff8212b000 	C:\WINDOWS\SYSTEM32\apphelp.dll
0x00007fff5f380000 - 0x00007fff5f3dc000 	C:\Users\B\AppData\Local\Temp\lwjglB\3.2.0-build-12\lwjgl_nuklear.dll

dbghelp: loaded successfully - version: 4.0.5 - missing functions: none
symbol engine: initialized successfully - sym options: 0x614 - pdb path: .;C:\Program Files\Java\jdk-11.0.1\bin;C:\WINDOWS\SYSTEM32;C:\WINDOWS\WinSxS\amd64_microsoft.windows.common-controls_6595b64144ccf1df_6.0.17134.407_none_fb449d63306391e9;C:\Program Files\Java\jdk-11.0.1\bin\server;C:\Program Files\JetBrains\IntelliJ IDEA Community Edition 2018.2.5\bin;C:\Users\B\AppData\Local\Temp\lwjglB\3.2.0-build-12

VM Arguments:
jvm_args: -javaagent:C:\Program Files\JetBrains\IntelliJ IDEA Community Edition 2018.2.5\lib\idea_rt.jar=55704:C:\Program Files\JetBrains\IntelliJ IDEA Community Edition 2018.2.5\bin -Dfile.encoding=UTF-8 
java_command: Test3D
java_class_path (initial): C:\Users\B\IdeaProjects\lwjgl test\out\test\lwjgl test;C:\Users\B\IdeaProjects\lwjgl test\out\production\lwjgl test;C:\Users\B\Downloads\lwjgl-3.2.0\lwjgl\lwjgl.jar;C:\Users\B\Downloads\lwjgl-3.2.0\lwjgl\lwjgl-javadoc.jar;C:\Users\B\Downloads\lwjgl-3.2.0\lwjgl\lwjgl-sources.jar;C:\Users\B\Downloads\lwjgl-3.2.0\lwjgl\lwjgl-natives-linux.jar;C:\Users\B\Downloads\lwjgl-3.2.0\lwjgl\lwjgl-natives-macos.jar;C:\Users\B\Downloads\lwjgl-3.2.0\lwjgl\lwjgl-natives-windows.jar;C:\Users\B\Downloads\lwjgl-3.2.0\lwjgl-assimp\lwjgl-assimp.jar;C:\Users\B\Downloads\lwjgl-3.2.0\lwjgl-assimp\lwjgl-assimp-javadoc.jar;C:\Users\B\Downloads\lwjgl-3.2.0\lwjgl-assimp\lwjgl-assimp-sources.jar;C:\Users\B\Downloads\lwjgl-3.2.0\lwjgl-assimp\lwjgl-assimp-natives-linux.jar;C:\Users\B\Downloads\lwjgl-3.2.0\lwjgl-assimp\lwjgl-assimp-natives-macos.jar;C:\Users\B\Downloads\lwjgl-3.2.0\lwjgl-assimp\lwjgl-assimp-natives-windows.jar;C:\Users\B\Downloads\lwjgl-3.2.0\lwjgl-bgfx\lwjgl-bgfx.jar;C:\Users\B\Downloads\lwjgl-3.2.0\lwjgl-bgfx\lwjgl-bgfx-javadoc.jar;C:\Users\B\Downloads\lwjgl-3.2.0\lwjgl-bgfx\lwjgl-bgfx-sources.jar;C:\Users\B\Downloads\lwjgl-3.2.0\lwjgl-bgfx\lwjgl-bgfx-natives-linux.jar;C:\Users\B\Downloads\lwjgl-3.2.0\lwjgl-bgfx\lwjgl-bgfx-natives-macos.jar;C:\Users\B\Downloads\lwjgl-3.2.0\lwjgl-bgfx\lwjgl-bgfx-natives-windows.jar;C:\Users\B\Downloads\lwjgl-3.2.0\lwjgl-egl\lwjgl-egl.jar;C:\Users\B\Downloads\lwjgl-3.2.0\lwjgl-egl\lwjgl-egl-javadoc.jar;C:\Users\B\Downloads\lwjgl-3.2.0\lwjgl-egl\lwjgl-egl-sources.jar;C:\Users\B\Downloads\lwjgl-3.2.0\lwjgl-glfw\lwjgl-glfw.jar;C:\Users\B\Downloads\lwjgl-3.2.0\lwjgl-glfw\lwjgl-glfw-javadoc.jar;C:\Users\B\Downloads\lwjgl-3.2.0\lwjgl-glfw\lwjgl-glfw-sources.jar;C:\Users\B\Downloads\lwjgl-3.2.0\lwjgl-glfw\lwjgl-glfw-natives-linux.jar;C:\Users\B\Downloads\lwjgl-3.2.0\lwjgl-glfw\lwjgl-glfw-natives-macos.jar;C:\Users\B\Downloads\lwjgl-3.2.0\lwjgl-glfw\lwjgl-glfw-natives-windows.jar;C:\Users\B\Downloads\lwjgl-3.2.0\lwjgl-jawt\lwjg
Launcher Type: SUN_STANDARD

[Global flags]
     intx CICompilerCount                          = 3                                         {product} {ergonomic}
     uint ConcGCThreads                            = 1                                         {product} {ergonomic}
     uint G1ConcRefinementThreads                  = 4                                         {product} {ergonomic}
   size_t G1HeapRegionSize                         = 1048576                                   {product} {ergonomic}
    uintx GCDrainStackTargetSize                   = 64                                        {product} {ergonomic}
   size_t InitialHeapSize                          = 134217728                                 {product} {ergonomic}
   size_t MarkStackSize                            = 4194304                                   {product} {ergonomic}
   size_t MaxHeapSize                              = 2122317824                                {product} {ergonomic}
   size_t MaxNewSize                               = 1272971264                                {product} {ergonomic}
   size_t MinHeapDeltaBytes                        = 1048576                                   {product} {ergonomic}
    uintx NonNMethodCodeHeapSize                   = 5830092                                {pd product} {ergonomic}
    uintx NonProfiledCodeHeapSize                  = 122914074                              {pd product} {ergonomic}
    uintx ProfiledCodeHeapSize                     = 122914074                              {pd product} {ergonomic}
    uintx ReservedCodeCacheSize                    = 251658240                              {pd product} {ergonomic}
     bool SegmentedCodeCache                       = true                                      {product} {ergonomic}
     bool UseCompressedClassPointers               = true                                 {lp64_product} {ergonomic}
     bool UseCompressedOops                        = true                                 {lp64_product} {ergonomic}
     bool UseG1GC                                  = true                                      {product} {ergonomic}
     bool UseLargePagesIndividualAllocation        = false                                  {pd product} {ergonomic}

Logging:
Log output configuration:
 #0: stdout all=warning uptime,level,tags
 #1: stderr all=off uptime,level,tags

Environment Variables:
CLASSPATH=.;.;C:\PROGRA~2\JMF21~1.1E\lib\sound.jar;C:\PROGRA~2\JMF21~1.1E\lib\jmf.jar;C:\PROGRA~2\JMF21~1.1E\lib;
PATH=C:\Program Files (x86)\Common Files\Oracle\Java\javapath;C:\WINDOWS\system32;C:\WINDOWS;C:\WINDOWS\System32\Wbem;C:\WINDOWS\System32\WindowsPowerShell\v1.0\;C:\WINDOWS\System32\OpenSSH\;C:\Program Files\Java\jdk-11.0.1\bin;C:\Program Files\Java\jre1.0.8_191\bin;C:\Program Files\Git\cmd;C:\Users\B\AppData\Local\Microsoft\WindowsApps;C:\Users\B\AppData\Local\GitHubDesktop\bin
USERNAME=B
OS=Windows_NT
PROCESSOR_IDENTIFIER=Intel64 Family 6 Model 58 Stepping 9, GenuineIntel



---------------  S Y S T E M  ---------------

OS: Windows 10 , 64 bit Build 17134 (10.0.17134.1)

CPU:total 4 (initial active 4) (2 cores per cpu, 2 threads per core) family 6 model 58 stepping 9, cmov, cx8, fxsr, mmx, sse, sse2, sse3, ssse3, sse4.1, sse4.2, popcnt, avx, clmul, erms, ht, tsc, tscinvbit, tscinv

Memory: 4k page, system-wide physical 8089M (1114M free)
TotalPageFile size 15010M (AvailPageFile size 2260M)
current process WorkingSet (physical memory assigned to process): 100M, peak: 100M
current process commit charge ("private bytes"): 243M, peak: 244M

vm_info: Java HotSpot(TM) 64-Bit Server VM (11.0.1+13-LTS) for windows-amd64 JRE (11.0.1+13-LTS), built on Oct  6 2018 13:20:16 by "mach5one" with MS VC++ 15.5 (VS2017)

END.
