#
# A fatal error has been detected by the Java Runtime Environment:
#
#  EXCEPTION_ACCESS_VIOLATION (0xc0000005) at pc=0x00007ffc84db86aa, pid=13180, tid=16616
#
# JRE version: Java(TM) SE Runtime Environment (11.0.1+13) (build 11.0.1+13-LTS)
# Java VM: Java HotSpot(TM) 64-Bit Server VM (11.0.1+13-LTS, mixed mode, tiered, compressed oops, g1 gc, windows-amd64)
# Problematic frame:
# V  [jvm.dll+0x7586aa]
#
# No core dump will be written. Minidumps are not enabled by default on client versions of Windows
#
# If you would like to submit a bug report, please visit:
#   http://bugreport.java.com/bugreport/crash.jsp
#

---------------  S U M M A R Y ------------

Command Line: -Xdebug -Xnoagent -Djava.compiler=NONE -Xrunjdwp:transport=dt_socket,address=localhost:49520,server=n,suspend=y -Xmx2G -Dfile.encoding=UTF-8 DabEngine.ModelTest

Host: Intel(R) Core(TM) i3-3110M CPU @ 2.40GHz, 4 cores, 7G,  Windows 10 , 64 bit Build 17134 (10.0.17134.753)
Time: Sun Aug 11 02:18:20 2019 GMT Daylight Time elapsed time: 13 seconds (0d 0h 0m 13s)

---------------  T H R E A D  ---------------

Current thread (0x000001b0c19a0000):  JavaThread "main" [_thread_in_vm, id=16616, stack(0x0000007b72400000,0x0000007b72500000)]

Stack: [0x0000007b72400000,0x0000007b72500000],  sp=0x0000007b724fee10,  free space=1019k
Native frames: (J=compiled Java code, j=interpreted, Vv=VM code, C=native code)
V  [jvm.dll+0x7586aa]
C  0x000001b0c9cc5bd6

Java frames: (J=compiled Java code, j=interpreted, Vv=VM code)
j  jdk.internal.misc.Unsafe.getFloat(Ljava/lang/Object;J)F+0 java.base@11.0.1
j  sun.misc.Unsafe.getFloat(Ljava/lang/Object;J)F+5 jdk.unsupported@11.0.1
j  org.lwjgl.assimp.AIColor4D.nr(J)F+10
j  org.lwjgl.assimp.AIColor4D.r()F+4
j  DabEngine.Graphics.Models.MeshLoader.processMesh(Lorg/lwjgl/assimp/AIMesh;Lorg/lwjgl/assimp/AIScene;)LDabEngine/Graphics/Models/Mesh;+181
j  DabEngine.Graphics.Models.MeshLoader.processNode(Lorg/lwjgl/assimp/AINode;Lorg/lwjgl/assimp/AIScene;)V+33
j  DabEngine.Graphics.Models.MeshLoader.processNode(Lorg/lwjgl/assimp/AINode;Lorg/lwjgl/assimp/AIScene;)V+69
j  DabEngine.Graphics.Models.MeshLoader.<init>(Ljava/lang/String;)V+74
j  DabEngine.ModelTest.init()V+46
j  DabEngine.Core.Engine.init(LDabEngine/Core/App;)V+138
j  DabEngine.ModelTest.main([Ljava/lang/String;)V+10
v  ~StubRoutines::call_stub

siginfo: EXCEPTION_ACCESS_VIOLATION (0xc0000005), reading address 0x0000000000000000


Register to memory mapping:

RIP=0x00007ffc84db86aa jvm.dll
RAX=0x0 is NULL
RBX=0x000001b0c19a0000 is a thread
RCX=0x000001b0c19a0000 is a thread
RDX=0x0000007b724fef10 is pointing into the stack for thread: 0x000001b0c19a0000
RSP=0x0000007b724fee10 is pointing into the stack for thread: 0x000001b0c19a0000
RBP=0x0 is NULL
RSI=0x000001b0c19a0000 is a thread
RDI=0x000001b0c9cbc900 is at code_begin+7392 in an Interpreter codelet
invoke return entry points  [0x000001b0c9cbac20, 0x000001b0c9cbcc60]  8256 bytes
R8 =0x0 is NULL
R9 =0x0 is NULL
R10=0x000001b0c9cc5ba7 is at code_begin+1959 in an Interpreter codelet
method entry point (kind = native)  [0x000001b0c9cc5400, 0x000001b0c9cc67a0]  5024 bytes
R11=0x0000000000000101 is an unknown value
R12=0x0 is NULL
R13=0x000001b0dfe92dd0 is pointing into metadata
R14=0x0 is NULL
R15=0x000001b0c19a0000 is a thread


Registers:
RAX=0x0000000000000000, RBX=0x000001b0c19a0000, RCX=0x000001b0c19a0000, RDX=0x0000007b724fef10
RSP=0x0000007b724fee10, RBP=0x0000000000000000, RSI=0x000001b0c19a0000, RDI=0x000001b0c9cbc900
R8 =0x0000000000000000, R9 =0x0000000000000000, R10=0x000001b0c9cc5ba7, R11=0x0000000000000101
R12=0x0000000000000000, R13=0x000001b0dfe92dd0, R14=0x0000000000000000, R15=0x000001b0c19a0000
RIP=0x00007ffc84db86aa, EFLAGS=0x0000000000010246

Top of Stack: (sp=0x0000007b724fee10)
0x0000007b724fee10:   0000007b724feed8 0000007b724fee90
0x0000007b724fee20:   0000007b724fee90 000001b0c9cc5669
0x0000007b724fee30:   0000000000000000 0000000000000000
0x0000007b724fee40:   0000007b724fef10 000001b0c9cc5bd6
0x0000007b724fee50:   000001b0dfe92dd8 0000007b724feed8
0x0000007b724fee60:   000001b0e26e0730 000001b0c9cbc948
0x0000007b724fee70:   000001b0c9cbc948 0000007b724fef18
0x0000007b724fee80:   0000007b724fef18 000001b0c9cc5669
0x0000007b724fee90:   0000007b724fee90 000001b0dfe92dd0
0x0000007b724feea0:   0000007b724fef10 000001b0dfee53c8
0x0000007b724feeb0:   0000000000000000 000000008043ebf8
0x0000007b724feec0:   000001b0dfe92dd8 0000000000000000
0x0000007b724feed0:   0000007b724feef8 0000007b724fef60
0x0000007b724feee0:   000001b0c9cbbe6e 0000000000000000
0x0000007b724feef0:   000001b0c9cc0b99 0000000000000000
0x0000007b724fef00:   0000000000000000 0000000000000000 

Instructions: (pc=0x00007ffc84db86aa)
0x00007ffc84db868a:   d2 58 cb ff eb 06 ff 15 5a eb 2a 00 48 85 c0 74
0x00007ffc84db869a:   08 f3 42 0f 10 34 30 eb 13 c6 83 dc 03 00 00 01
0x00007ffc84db86aa:   f3 41 0f 10 36 c6 83 dc 03 00 00 00 48 8b bb f0
0x00007ffc84db86ba:   00 00 00 48 8b 47 10 48 8b 77 08 48 83 38 00 74 



---------------  P R O C E S S  ---------------

Threads class SMR info:
_java_thread_list=0x000001b0e5feeb10, length=13, elements={
0x000001b0c19a0000, 0x000001b0dfdb8000, 0x000001b0dfdc1000, 0x000001b0dfdd0800,
0x000001b0dfdd1800, 0x000001b0dfdd3800, 0x000001b0e071a800, 0x000001b0e0726000,
0x000001b0e09e8800, 0x000001b0e09ee000, 0x000001b0e09ee800, 0x000001b0e0a04800,
0x000001b0e0a15000
}

Java Threads: ( => current thread )
=>0x000001b0c19a0000 JavaThread "main" [_thread_in_vm, id=16616, stack(0x0000007b72400000,0x0000007b72500000)]
  0x000001b0dfdb8000 JavaThread "Reference Handler" daemon [_thread_blocked, id=6212, stack(0x0000007b72b00000,0x0000007b72c00000)]
  0x000001b0dfdc1000 JavaThread "Finalizer" daemon [_thread_blocked, id=13548, stack(0x0000007b72c00000,0x0000007b72d00000)]
  0x000001b0dfdd0800 JavaThread "Signal Dispatcher" daemon [_thread_blocked, id=10020, stack(0x0000007b72d00000,0x0000007b72e00000)]
  0x000001b0dfdd1800 JavaThread "Attach Listener" daemon [_thread_blocked, id=6912, stack(0x0000007b72e00000,0x0000007b72f00000)]
  0x000001b0dfdd3800 JavaThread "C2 CompilerThread0" daemon [_thread_blocked, id=16332, stack(0x0000007b72f00000,0x0000007b73000000)]
  0x000001b0e071a800 JavaThread "C1 CompilerThread0" daemon [_thread_blocked, id=1392, stack(0x0000007b73000000,0x0000007b73100000)]
  0x000001b0e0726000 JavaThread "Sweeper thread" daemon [_thread_blocked, id=6328, stack(0x0000007b73100000,0x0000007b73200000)]
  0x000001b0e09e8800 JavaThread "JDWP Transport Listener: dt_socket" daemon [_thread_blocked, id=15816, stack(0x0000007b73200000,0x0000007b73300000)]
  0x000001b0e09ee000 JavaThread "JDWP Event Helper Thread" daemon [_thread_blocked, id=4428, stack(0x0000007b73300000,0x0000007b73400000)]
  0x000001b0e09ee800 JavaThread "JDWP Command Reader" daemon [_thread_in_native, id=12824, stack(0x0000007b73400000,0x0000007b73500000)]
  0x000001b0e0a04800 JavaThread "Service Thread" daemon [_thread_blocked, id=15656, stack(0x0000007b73500000,0x0000007b73600000)]
  0x000001b0e0a15000 JavaThread "Common-Cleaner" daemon [_thread_blocked, id=10176, stack(0x0000007b73700000,0x0000007b73800000)]

Other Threads:
  0x000001b0dfdb4000 VMThread "VM Thread" [stack: 0x0000007b72a00000,0x0000007b72b00000] [id=11228]
  0x000001b0e0a0d000 WatcherThread [stack: 0x0000007b73600000,0x0000007b73700000] [id=1204]
  0x000001b0c19b6000 GCTaskThread "GC Thread#0" [stack: 0x0000007b72500000,0x0000007b72600000] [id=6140]
  0x000001b0e1444800 GCTaskThread "GC Thread#1" [stack: 0x0000007b73800000,0x0000007b73900000] [id=14392]
  0x000001b0e162f800 GCTaskThread "GC Thread#2" [stack: 0x0000007b73900000,0x0000007b73a00000] [id=4028]
  0x000001b0c19e8800 ConcurrentGCThread "G1 Main Marker" [stack: 0x0000007b72600000,0x0000007b72700000] [id=104]
  0x000001b0c19e9800 ConcurrentGCThread "G1 Conc#0" [stack: 0x0000007b72700000,0x0000007b72800000] [id=11196]
  0x000001b0c1a5d800 ConcurrentGCThread "G1 Refine#0" [stack: 0x0000007b72800000,0x0000007b72900000] [id=10804]
  0x000001b0c1a5e800 ConcurrentGCThread "G1 Young RemSet Sampling" [stack: 0x0000007b72900000,0x0000007b72a00000] [id=6468]

Threads with active compile tasks:

VM state:not at safepoint (normal execution)

VM Mutex/Monitor currently owned by a thread: None

Heap address: 0x0000000080000000, size: 2048 MB, Compressed Oops mode: 32-bit
Narrow klass base: 0x0000000000000000, Narrow klass shift: 3
Compressed class space size: 1073741824 Address: 0x0000000100000000

Heap:
 garbage-first heap   total 131072K, used 31051K [0x0000000080000000, 0x0000000100000000)
  region size 1024K, 25 young (25600K), 1 survivors (1024K)
 Metaspace       used 14054K, capacity 14252K, committed 14464K, reserved 1062912K
  class space    used 988K, capacity 1048K, committed 1152K, reserved 1048576K
Heap Regions: E=young(eden), S=young(survivor), O=old, HS=humongous(starts), HC=humongous(continues), CS=collection set, F=free, A=archive, TAMS=top-at-mark-start (previous, next)
|   0|0x0000000080000000, 0x0000000080100000, 0x0000000080100000|100%|HS|  |TAMS 0x0000000080000000, 0x0000000080000000| Complete 
|   1|0x0000000080100000, 0x0000000080200000, 0x0000000080200000|100%|HC|  |TAMS 0x0000000080100000, 0x0000000080100000| Complete 
|   2|0x0000000080200000, 0x0000000080300000, 0x0000000080300000|100%| O|  |TAMS 0x0000000080200000, 0x0000000080200000| Untracked 
|   3|0x0000000080300000, 0x0000000080400000, 0x0000000080400000|100%| O|  |TAMS 0x0000000080300000, 0x0000000080300000| Untracked 
|   4|0x0000000080400000, 0x0000000080500000, 0x0000000080500000|100%| O|  |TAMS 0x0000000080400000, 0x0000000080400000| Untracked 
|   5|0x0000000080500000, 0x00000000805e4600, 0x0000000080600000| 89%| O|  |TAMS 0x0000000080500000, 0x0000000080500000| Untracked 
|   6|0x0000000080600000, 0x0000000080700000, 0x0000000080700000|100%|HS|  |TAMS 0x0000000080600000, 0x0000000080600000| Complete 
|   7|0x0000000080700000, 0x0000000080700000, 0x0000000080800000|  0%| F|  |TAMS 0x0000000080700000, 0x0000000080700000| Untracked 
|   8|0x0000000080800000, 0x0000000080800000, 0x0000000080900000|  0%| F|  |TAMS 0x0000000080800000, 0x0000000080800000| Untracked 
|   9|0x0000000080900000, 0x0000000080900000, 0x0000000080a00000|  0%| F|  |TAMS 0x0000000080900000, 0x0000000080900000| Untracked 
|  10|0x0000000080a00000, 0x0000000080a00000, 0x0000000080b00000|  0%| F|  |TAMS 0x0000000080a00000, 0x0000000080a00000| Untracked 
|  11|0x0000000080b00000, 0x0000000080b00000, 0x0000000080c00000|  0%| F|  |TAMS 0x0000000080b00000, 0x0000000080b00000| Untracked 
|  12|0x0000000080c00000, 0x0000000080c00000, 0x0000000080d00000|  0%| F|  |TAMS 0x0000000080c00000, 0x0000000080c00000| Untracked 
|  13|0x0000000080d00000, 0x0000000080d00000, 0x0000000080e00000|  0%| F|  |TAMS 0x0000000080d00000, 0x0000000080d00000| Untracked 
|  14|0x0000000080e00000, 0x0000000080e00000, 0x0000000080f00000|  0%| F|  |TAMS 0x0000000080e00000, 0x0000000080e00000| Untracked 
|  15|0x0000000080f00000, 0x0000000080f00000, 0x0000000081000000|  0%| F|  |TAMS 0x0000000080f00000, 0x0000000080f00000| Untracked 
|  16|0x0000000081000000, 0x0000000081000000, 0x0000000081100000|  0%| F|  |TAMS 0x0000000081000000, 0x0000000081000000| Untracked 
|  17|0x0000000081100000, 0x0000000081100000, 0x0000000081200000|  0%| F|  |TAMS 0x0000000081100000, 0x0000000081100000| Untracked 
|  18|0x0000000081200000, 0x0000000081200000, 0x0000000081300000|  0%| F|  |TAMS 0x0000000081200000, 0x0000000081200000| Untracked 
|  19|0x0000000081300000, 0x0000000081300000, 0x0000000081400000|  0%| F|  |TAMS 0x0000000081300000, 0x0000000081300000| Untracked 
|  20|0x0000000081400000, 0x0000000081400000, 0x0000000081500000|  0%| F|  |TAMS 0x0000000081400000, 0x0000000081400000| Untracked 
|  21|0x0000000081500000, 0x0000000081500000, 0x0000000081600000|  0%| F|  |TAMS 0x0000000081500000, 0x0000000081500000| Untracked 
|  22|0x0000000081600000, 0x0000000081600000, 0x0000000081700000|  0%| F|  |TAMS 0x0000000081600000, 0x0000000081600000| Untracked 
|  23|0x0000000081700000, 0x0000000081700000, 0x0000000081800000|  0%| F|  |TAMS 0x0000000081700000, 0x0000000081700000| Untracked 
|  24|0x0000000081800000, 0x0000000081800000, 0x0000000081900000|  0%| F|  |TAMS 0x0000000081800000, 0x0000000081800000| Untracked 
|  25|0x0000000081900000, 0x0000000081900000, 0x0000000081a00000|  0%| F|  |TAMS 0x0000000081900000, 0x0000000081900000| Untracked 
|  26|0x0000000081a00000, 0x0000000081a00000, 0x0000000081b00000|  0%| F|  |TAMS 0x0000000081a00000, 0x0000000081a00000| Untracked 
|  27|0x0000000081b00000, 0x0000000081b00000, 0x0000000081c00000|  0%| F|  |TAMS 0x0000000081b00000, 0x0000000081b00000| Untracked 
|  28|0x0000000081c00000, 0x0000000081c00000, 0x0000000081d00000|  0%| F|  |TAMS 0x0000000081c00000, 0x0000000081c00000| Untracked 
|  29|0x0000000081d00000, 0x0000000081d00000, 0x0000000081e00000|  0%| F|  |TAMS 0x0000000081d00000, 0x0000000081d00000| Untracked 
|  30|0x0000000081e00000, 0x0000000081e00000, 0x0000000081f00000|  0%| F|  |TAMS 0x0000000081e00000, 0x0000000081e00000| Untracked 
|  31|0x0000000081f00000, 0x0000000081f00000, 0x0000000082000000|  0%| F|  |TAMS 0x0000000081f00000, 0x0000000081f00000| Untracked 
|  32|0x0000000082000000, 0x0000000082000000, 0x0000000082100000|  0%| F|  |TAMS 0x0000000082000000, 0x0000000082000000| Untracked 
|  33|0x0000000082100000, 0x0000000082100000, 0x0000000082200000|  0%| F|  |TAMS 0x0000000082100000, 0x0000000082100000| Untracked 
|  34|0x0000000082200000, 0x0000000082200000, 0x0000000082300000|  0%| F|  |TAMS 0x0000000082200000, 0x0000000082200000| Untracked 
|  35|0x0000000082300000, 0x0000000082300000, 0x0000000082400000|  0%| F|  |TAMS 0x0000000082300000, 0x0000000082300000| Untracked 
|  36|0x0000000082400000, 0x0000000082400000, 0x0000000082500000|  0%| F|  |TAMS 0x0000000082400000, 0x0000000082400000| Untracked 
|  37|0x0000000082500000, 0x0000000082500000, 0x0000000082600000|  0%| F|  |TAMS 0x0000000082500000, 0x0000000082500000| Untracked 
|  38|0x0000000082600000, 0x0000000082600000, 0x0000000082700000|  0%| F|  |TAMS 0x0000000082600000, 0x0000000082600000| Untracked 
|  39|0x0000000082700000, 0x0000000082700000, 0x0000000082800000|  0%| F|  |TAMS 0x0000000082700000, 0x0000000082700000| Untracked 
|  40|0x0000000082800000, 0x0000000082800000, 0x0000000082900000|  0%| F|  |TAMS 0x0000000082800000, 0x0000000082800000| Untracked 
|  41|0x0000000082900000, 0x0000000082900000, 0x0000000082a00000|  0%| F|  |TAMS 0x0000000082900000, 0x0000000082900000| Untracked 
|  42|0x0000000082a00000, 0x0000000082a00000, 0x0000000082b00000|  0%| F|  |TAMS 0x0000000082a00000, 0x0000000082a00000| Untracked 
|  43|0x0000000082b00000, 0x0000000082b00000, 0x0000000082c00000|  0%| F|  |TAMS 0x0000000082b00000, 0x0000000082b00000| Untracked 
|  44|0x0000000082c00000, 0x0000000082c00000, 0x0000000082d00000|  0%| F|  |TAMS 0x0000000082c00000, 0x0000000082c00000| Untracked 
|  45|0x0000000082d00000, 0x0000000082d00000, 0x0000000082e00000|  0%| F|  |TAMS 0x0000000082d00000, 0x0000000082d00000| Untracked 
|  46|0x0000000082e00000, 0x0000000082e00000, 0x0000000082f00000|  0%| F|  |TAMS 0x0000000082e00000, 0x0000000082e00000| Untracked 
|  47|0x0000000082f00000, 0x0000000082f00000, 0x0000000083000000|  0%| F|  |TAMS 0x0000000082f00000, 0x0000000082f00000| Untracked 
|  48|0x0000000083000000, 0x0000000083000000, 0x0000000083100000|  0%| F|  |TAMS 0x0000000083000000, 0x0000000083000000| Untracked 
|  49|0x0000000083100000, 0x0000000083100000, 0x0000000083200000|  0%| F|  |TAMS 0x0000000083100000, 0x0000000083100000| Untracked 
|  50|0x0000000083200000, 0x0000000083200000, 0x0000000083300000|  0%| F|  |TAMS 0x0000000083200000, 0x0000000083200000| Untracked 
|  51|0x0000000083300000, 0x0000000083300000, 0x0000000083400000|  0%| F|  |TAMS 0x0000000083300000, 0x0000000083300000| Untracked 
|  52|0x0000000083400000, 0x0000000083400000, 0x0000000083500000|  0%| F|  |TAMS 0x0000000083400000, 0x0000000083400000| Untracked 
|  53|0x0000000083500000, 0x0000000083500000, 0x0000000083600000|  0%| F|  |TAMS 0x0000000083500000, 0x0000000083500000| Untracked 
|  54|0x0000000083600000, 0x0000000083600000, 0x0000000083700000|  0%| F|  |TAMS 0x0000000083600000, 0x0000000083600000| Untracked 
|  55|0x0000000083700000, 0x0000000083700000, 0x0000000083800000|  0%| F|  |TAMS 0x0000000083700000, 0x0000000083700000| Untracked 
|  56|0x0000000083800000, 0x0000000083800000, 0x0000000083900000|  0%| F|  |TAMS 0x0000000083800000, 0x0000000083800000| Untracked 
|  57|0x0000000083900000, 0x0000000083900000, 0x0000000083a00000|  0%| F|  |TAMS 0x0000000083900000, 0x0000000083900000| Untracked 
|  58|0x0000000083a00000, 0x0000000083a00000, 0x0000000083b00000|  0%| F|  |TAMS 0x0000000083a00000, 0x0000000083a00000| Untracked 
|  59|0x0000000083b00000, 0x0000000083b00000, 0x0000000083c00000|  0%| F|  |TAMS 0x0000000083b00000, 0x0000000083b00000| Untracked 
|  60|0x0000000083c00000, 0x0000000083c00000, 0x0000000083d00000|  0%| F|  |TAMS 0x0000000083c00000, 0x0000000083c00000| Untracked 
|  61|0x0000000083d00000, 0x0000000083d00000, 0x0000000083e00000|  0%| F|  |TAMS 0x0000000083d00000, 0x0000000083d00000| Untracked 
|  62|0x0000000083e00000, 0x0000000083e00000, 0x0000000083f00000|  0%| F|  |TAMS 0x0000000083e00000, 0x0000000083e00000| Untracked 
|  63|0x0000000083f00000, 0x0000000083f00000, 0x0000000084000000|  0%| F|  |TAMS 0x0000000083f00000, 0x0000000083f00000| Untracked 
|  64|0x0000000084000000, 0x0000000084000000, 0x0000000084100000|  0%| F|  |TAMS 0x0000000084000000, 0x0000000084000000| Untracked 
|  65|0x0000000084100000, 0x0000000084100000, 0x0000000084200000|  0%| F|  |TAMS 0x0000000084100000, 0x0000000084100000| Untracked 
|  66|0x0000000084200000, 0x0000000084200000, 0x0000000084300000|  0%| F|  |TAMS 0x0000000084200000, 0x0000000084200000| Untracked 
|  67|0x0000000084300000, 0x0000000084300000, 0x0000000084400000|  0%| F|  |TAMS 0x0000000084300000, 0x0000000084300000| Untracked 
|  68|0x0000000084400000, 0x0000000084400000, 0x0000000084500000|  0%| F|  |TAMS 0x0000000084400000, 0x0000000084400000| Untracked 
|  69|0x0000000084500000, 0x0000000084500000, 0x0000000084600000|  0%| F|  |TAMS 0x0000000084500000, 0x0000000084500000| Untracked 
|  70|0x0000000084600000, 0x0000000084600000, 0x0000000084700000|  0%| F|  |TAMS 0x0000000084600000, 0x0000000084600000| Untracked 
|  71|0x0000000084700000, 0x0000000084700000, 0x0000000084800000|  0%| F|  |TAMS 0x0000000084700000, 0x0000000084700000| Untracked 
|  72|0x0000000084800000, 0x0000000084800000, 0x0000000084900000|  0%| F|  |TAMS 0x0000000084800000, 0x0000000084800000| Untracked 
|  73|0x0000000084900000, 0x0000000084900000, 0x0000000084a00000|  0%| F|  |TAMS 0x0000000084900000, 0x0000000084900000| Untracked 
|  74|0x0000000084a00000, 0x0000000084a00000, 0x0000000084b00000|  0%| F|  |TAMS 0x0000000084a00000, 0x0000000084a00000| Untracked 
|  75|0x0000000084b00000, 0x0000000084b00000, 0x0000000084c00000|  0%| F|  |TAMS 0x0000000084b00000, 0x0000000084b00000| Untracked 
|  76|0x0000000084c00000, 0x0000000084c00000, 0x0000000084d00000|  0%| F|  |TAMS 0x0000000084c00000, 0x0000000084c00000| Untracked 
|  77|0x0000000084d00000, 0x0000000084d00000, 0x0000000084e00000|  0%| F|  |TAMS 0x0000000084d00000, 0x0000000084d00000| Untracked 
|  78|0x0000000084e00000, 0x0000000084e00000, 0x0000000084f00000|  0%| F|  |TAMS 0x0000000084e00000, 0x0000000084e00000| Untracked 
|  79|0x0000000084f00000, 0x0000000084f00000, 0x0000000085000000|  0%| F|  |TAMS 0x0000000084f00000, 0x0000000084f00000| Untracked 
|  80|0x0000000085000000, 0x0000000085000000, 0x0000000085100000|  0%| F|  |TAMS 0x0000000085000000, 0x0000000085000000| Untracked 
|  81|0x0000000085100000, 0x0000000085100000, 0x0000000085200000|  0%| F|  |TAMS 0x0000000085100000, 0x0000000085100000| Untracked 
|  82|0x0000000085200000, 0x0000000085200000, 0x0000000085300000|  0%| F|  |TAMS 0x0000000085200000, 0x0000000085200000| Untracked 
|  83|0x0000000085300000, 0x0000000085300000, 0x0000000085400000|  0%| F|  |TAMS 0x0000000085300000, 0x0000000085300000| Untracked 
|  84|0x0000000085400000, 0x0000000085400000, 0x0000000085500000|  0%| F|  |TAMS 0x0000000085400000, 0x0000000085400000| Untracked 
|  85|0x0000000085500000, 0x0000000085500000, 0x0000000085600000|  0%| F|  |TAMS 0x0000000085500000, 0x0000000085500000| Untracked 
|  86|0x0000000085600000, 0x0000000085600000, 0x0000000085700000|  0%| F|  |TAMS 0x0000000085600000, 0x0000000085600000| Untracked 
|  87|0x0000000085700000, 0x0000000085700000, 0x0000000085800000|  0%| F|  |TAMS 0x0000000085700000, 0x0000000085700000| Untracked 
|  88|0x0000000085800000, 0x0000000085800000, 0x0000000085900000|  0%| F|  |TAMS 0x0000000085800000, 0x0000000085800000| Untracked 
|  89|0x0000000085900000, 0x0000000085900000, 0x0000000085a00000|  0%| F|  |TAMS 0x0000000085900000, 0x0000000085900000| Untracked 
|  90|0x0000000085a00000, 0x0000000085a00000, 0x0000000085b00000|  0%| F|  |TAMS 0x0000000085a00000, 0x0000000085a00000| Untracked 
|  91|0x0000000085b00000, 0x0000000085b00000, 0x0000000085c00000|  0%| F|  |TAMS 0x0000000085b00000, 0x0000000085b00000| Untracked 
|  92|0x0000000085c00000, 0x0000000085c00000, 0x0000000085d00000|  0%| F|  |TAMS 0x0000000085c00000, 0x0000000085c00000| Untracked 
|  93|0x0000000085d00000, 0x0000000085d00000, 0x0000000085e00000|  0%| F|  |TAMS 0x0000000085d00000, 0x0000000085d00000| Untracked 
|  94|0x0000000085e00000, 0x0000000085e00000, 0x0000000085f00000|  0%| F|  |TAMS 0x0000000085e00000, 0x0000000085e00000| Untracked 
|  95|0x0000000085f00000, 0x0000000085f00000, 0x0000000086000000|  0%| F|  |TAMS 0x0000000085f00000, 0x0000000085f00000| Untracked 
|  96|0x0000000086000000, 0x0000000086000000, 0x0000000086100000|  0%| F|  |TAMS 0x0000000086000000, 0x0000000086000000| Untracked 
|  97|0x0000000086100000, 0x0000000086100000, 0x0000000086200000|  0%| F|  |TAMS 0x0000000086100000, 0x0000000086100000| Untracked 
|  98|0x0000000086200000, 0x0000000086200000, 0x0000000086300000|  0%| F|  |TAMS 0x0000000086200000, 0x0000000086200000| Untracked 
|  99|0x0000000086300000, 0x0000000086300000, 0x0000000086400000|  0%| F|  |TAMS 0x0000000086300000, 0x0000000086300000| Untracked 
| 100|0x0000000086400000, 0x0000000086400000, 0x0000000086500000|  0%| F|  |TAMS 0x0000000086400000, 0x0000000086400000| Untracked 
| 101|0x0000000086500000, 0x0000000086500000, 0x0000000086600000|  0%| F|  |TAMS 0x0000000086500000, 0x0000000086500000| Untracked 
| 102|0x0000000086600000, 0x0000000086600000, 0x0000000086700000|  0%| F|  |TAMS 0x0000000086600000, 0x0000000086600000| Untracked 
| 103|0x0000000086700000, 0x0000000086800000, 0x0000000086800000|100%| E|  |TAMS 0x0000000086700000, 0x0000000086700000| Complete 
| 104|0x0000000086800000, 0x0000000086900000, 0x0000000086900000|100%| E|CS|TAMS 0x0000000086800000, 0x0000000086800000| Complete 
| 105|0x0000000086900000, 0x0000000086a00000, 0x0000000086a00000|100%| E|CS|TAMS 0x0000000086900000, 0x0000000086900000| Complete 
| 106|0x0000000086a00000, 0x0000000086b00000, 0x0000000086b00000|100%| E|CS|TAMS 0x0000000086a00000, 0x0000000086a00000| Complete 
| 107|0x0000000086b00000, 0x0000000086c00000, 0x0000000086c00000|100%| E|CS|TAMS 0x0000000086b00000, 0x0000000086b00000| Complete 
| 108|0x0000000086c00000, 0x0000000086d00000, 0x0000000086d00000|100%| E|CS|TAMS 0x0000000086c00000, 0x0000000086c00000| Complete 
| 109|0x0000000086d00000, 0x0000000086e00000, 0x0000000086e00000|100%| E|CS|TAMS 0x0000000086d00000, 0x0000000086d00000| Complete 
| 110|0x0000000086e00000, 0x0000000086f00000, 0x0000000086f00000|100%| E|CS|TAMS 0x0000000086e00000, 0x0000000086e00000| Complete 
| 111|0x0000000086f00000, 0x0000000087000000, 0x0000000087000000|100%| E|CS|TAMS 0x0000000086f00000, 0x0000000086f00000| Complete 
| 112|0x0000000087000000, 0x0000000087100000, 0x0000000087100000|100%| E|CS|TAMS 0x0000000087000000, 0x0000000087000000| Complete 
| 113|0x0000000087100000, 0x0000000087200000, 0x0000000087200000|100%| E|CS|TAMS 0x0000000087100000, 0x0000000087100000| Complete 
| 114|0x0000000087200000, 0x0000000087300000, 0x0000000087300000|100%| E|CS|TAMS 0x0000000087200000, 0x0000000087200000| Complete 
| 115|0x0000000087300000, 0x0000000087400000, 0x0000000087400000|100%| E|CS|TAMS 0x0000000087300000, 0x0000000087300000| Complete 
| 116|0x0000000087400000, 0x0000000087500000, 0x0000000087500000|100%| E|CS|TAMS 0x0000000087400000, 0x0000000087400000| Complete 
| 117|0x0000000087500000, 0x000000008756e748, 0x0000000087600000| 43%| S|CS|TAMS 0x0000000087500000, 0x0000000087500000| Complete 
| 118|0x0000000087600000, 0x0000000087700000, 0x0000000087700000|100%| E|CS|TAMS 0x0000000087600000, 0x0000000087600000| Complete 
| 119|0x0000000087700000, 0x0000000087800000, 0x0000000087800000|100%| E|CS|TAMS 0x0000000087700000, 0x0000000087700000| Complete 
| 120|0x0000000087800000, 0x0000000087900000, 0x0000000087900000|100%| E|CS|TAMS 0x0000000087800000, 0x0000000087800000| Complete 
| 121|0x0000000087900000, 0x0000000087a00000, 0x0000000087a00000|100%| E|CS|TAMS 0x0000000087900000, 0x0000000087900000| Complete 
| 122|0x0000000087a00000, 0x0000000087b00000, 0x0000000087b00000|100%| E|CS|TAMS 0x0000000087a00000, 0x0000000087a00000| Complete 
| 123|0x0000000087b00000, 0x0000000087c00000, 0x0000000087c00000|100%| E|CS|TAMS 0x0000000087b00000, 0x0000000087b00000| Complete 
| 124|0x0000000087c00000, 0x0000000087d00000, 0x0000000087d00000|100%| E|CS|TAMS 0x0000000087c00000, 0x0000000087c00000| Complete 
| 125|0x0000000087d00000, 0x0000000087e00000, 0x0000000087e00000|100%| E|CS|TAMS 0x0000000087d00000, 0x0000000087d00000| Complete 
| 126|0x0000000087e00000, 0x0000000087f00000, 0x0000000087f00000|100%| E|CS|TAMS 0x0000000087e00000, 0x0000000087e00000| Complete 
| 127|0x0000000087f00000, 0x0000000088000000, 0x0000000088000000|100%| E|CS|TAMS 0x0000000087f00000, 0x0000000087f00000| Complete 

Card table byte_map: [0x000001b0d90b0000,0x000001b0d94b0000] _byte_map_base: 0x000001b0d8cb0000

Marking Bits (Prev, Next): (CMBitMap*) 0x000001b0c19df8b8, (CMBitMap*) 0x000001b0c19df8f0
 Prev Bits: [0x000001b0d98b0000, 0x000001b0db8b0000)
 Next Bits: [0x000001b0db8b0000, 0x000001b0dd8b0000)

Polling page: 0x000001b0c1160000

Metaspace:

Usage:
  Non-class:     12.89 MB capacity,    12.76 MB ( 99%) used,   121.20 KB ( <1%) free+waste,    16.88 KB ( <1%) overhead. 
      Class:      1.02 MB capacity,   988.16 KB ( 94%) used,    53.78 KB (  5%) free+waste,     6.06 KB ( <1%) overhead. 
       Both:     13.92 MB capacity,    13.72 MB ( 99%) used,   174.98 KB (  1%) free+waste,    22.94 KB ( <1%) overhead. 

Virtual space:
  Non-class space:       14.00 MB reserved,      13.00 MB ( 93%) committed 
      Class space:        1.00 GB reserved,       1.13 MB ( <1%) committed 
             Both:        1.01 GB reserved,      14.13 MB (  1%) committed 

Chunk freelists:
   Non-Class:  13.50 KB
       Class:  1.00 KB
        Both:  14.50 KB

CodeHeap 'non-profiled nmethods': size=120064Kb used=473Kb max_used=473Kb free=119590Kb
 bounds [0x000001b0d1770000, 0x000001b0d19e0000, 0x000001b0d8cb0000]
CodeHeap 'profiled nmethods': size=120000Kb used=2198Kb max_used=2198Kb free=117801Kb
 bounds [0x000001b0ca240000, 0x000001b0ca4b0000, 0x000001b0d1770000]
CodeHeap 'non-nmethods': size=5696Kb used=1536Kb max_used=1557Kb free=4159Kb
 bounds [0x000001b0c9cb0000, 0x000001b0c9f20000, 0x000001b0ca240000]
 total_blobs=2304 nmethods=1068 adapters=883
 compilation: enabled
              stopped_count=0, restarted_count=0
 full_count=0

Compilation events (10 events):
Event: 3.771 Thread 0x000001b0e071a800 1066       3       sun.net.www.protocol.jar.Handler::indexOfBangSlash (52 bytes)
Event: 3.773 Thread 0x000001b0e071a800 nmethod 1066 0x000001b0ca45ff90 code [0x000001b0ca460220, 0x000001b0ca460d80]
Event: 3.773 Thread 0x000001b0e071a800 1067       3       java.net.URLStreamHandler::setURL (159 bytes)
Event: 3.777 Thread 0x000001b0e071a800 nmethod 1067 0x000001b0ca461190 code [0x000001b0ca461520, 0x000001b0ca462a90]
Event: 3.777 Thread 0x000001b0e071a800 1068   !   3       jdk.internal.loader.URLClassPath$JarLoader::checkResource (78 bytes)
Event: 3.778 Thread 0x000001b0e071a800 nmethod 1068 0x000001b0ca463290 code [0x000001b0ca4634e0, 0x000001b0ca463f10]
Event: 3.778 Thread 0x000001b0e071a800 1069       3       java.util.jar.JarFile::getManifestFromReference (117 bytes)
Event: 3.780 Thread 0x000001b0e071a800 nmethod 1069 0x000001b0ca464390 code [0x000001b0ca464640, 0x000001b0ca465390]
Event: 4.363 Thread 0x000001b0e071a800 1070       3       java.lang.String::toString (2 bytes)
Event: 4.363 Thread 0x000001b0e071a800 nmethod 1070 0x000001b0ca465790 code [0x000001b0ca465940, 0x000001b0ca465a98]

GC Heap History (4 events):
Event: 1.941 GC heap before
{Heap before GC invocations=0 (full 0):
 garbage-first heap   total 131072K, used 16384K [0x0000000080000000, 0x0000000100000000)
  region size 1024K, 14 young (14336K), 0 survivors (0K)
 Metaspace       used 7321K, capacity 7414K, committed 7680K, reserved 1056768K
  class space    used 629K, capacity 681K, committed 768K, reserved 1048576K
}
Event: 1.953 GC heap after
{Heap after GC invocations=1 (full 0):
 garbage-first heap   total 131072K, used 6005K [0x0000000080000000, 0x0000000100000000)
  region size 1024K, 2 young (2048K), 2 survivors (2048K)
 Metaspace       used 7321K, capacity 7414K, committed 7680K, reserved 1056768K
  class space    used 629K, capacity 681K, committed 768K, reserved 1048576K
}
Event: 2.701 GC heap before
{Heap before GC invocations=1 (full 0):
 garbage-first heap   total 131072K, used 16245K [0x0000000080000000, 0x0000000100000000)
  region size 1024K, 12 young (12288K), 2 survivors (2048K)
 Metaspace       used 9398K, capacity 9568K, committed 9856K, reserved 1058816K
  class space    used 806K, capacity 847K, committed 896K, reserved 1048576K
}
Event: 2.707 GC heap after
{Heap after GC invocations=2 (full 0):
 garbage-first heap   total 131072K, used 6475K [0x0000000080000000, 0x0000000100000000)
  region size 1024K, 1 young (1024K), 1 survivors (1024K)
 Metaspace       used 9398K, capacity 9568K, committed 9856K, reserved 1058816K
  class space    used 806K, capacity 847K, committed 896K, reserved 1048576K
}

Deoptimization events (10 events):
Event: 0.717 Thread 0x000001b0c19a0000 Uncommon trap: reason=unstable_if action=reinterpret pc=0x000001b0d17718f8 method=java.lang.String.isLatin1()Z @ 10 c2
Event: 0.736 Thread 0x000001b0c19a0000 Uncommon trap: reason=unstable_if action=reinterpret pc=0x000001b0d1773220 method=java.lang.StringLatin1.indexOf([BII)I @ 47 c2
Event: 2.084 Thread 0x000001b0c19a0000 Uncommon trap: reason=class_check action=maybe_recompile pc=0x000001b0d17a24ac method=java.util.HashMap.getNode(ILjava/lang/Object;)Ljava/util/HashMap$Node; @ 126 c2
Event: 2.127 Thread 0x000001b0c19a0000 Uncommon trap: reason=class_check action=maybe_recompile pc=0x000001b0d17a2448 method=java.util.HashMap.getNode(ILjava/lang/Object;)Ljava/util/HashMap$Node; @ 59 c2
Event: 2.241 Thread 0x000001b0c19a0000 Uncommon trap: reason=unstable_if action=reinterpret pc=0x000001b0d17aa8f0 method=java.lang.String.startsWith(Ljava/lang/String;I)Z @ 14 c2
Event: 2.242 Thread 0x000001b0c19a0000 Uncommon trap: reason=class_check action=maybe_recompile pc=0x000001b0d17a2448 method=java.util.HashMap.getNode(ILjava/lang/Object;)Ljava/util/HashMap$Node; @ 59 c2
Event: 2.429 Thread 0x000001b0c19a0000 Uncommon trap: reason=class_check action=maybe_recompile pc=0x000001b0d17a2448 method=java.util.HashMap.getNode(ILjava/lang/Object;)Ljava/util/HashMap$Node; @ 59 c2
Event: 2.540 Thread 0x000001b0c19a0000 Uncommon trap: reason=unstable_if action=reinterpret pc=0x000001b0d17b9444 method=java.util.jar.JarFile.getVersionedEntry(Ljava/lang/String;Ljava/util/jar/JarEntry;)Ljava/util/jar/JarEntry; @ 67 c2
Event: 2.853 Thread 0x000001b0c19a0000 Uncommon trap: reason=unstable_if action=reinterpret pc=0x000001b0d17bc7a0 method=java.util.jar.JarFile.getVersionedEntry(Ljava/lang/String;Ljava/util/jar/JarEntry;)Ljava/util/jar/JarEntry; @ 67 c2
Event: 3.376 Thread 0x000001b0c19a0000 Uncommon trap: reason=unstable_if action=reinterpret pc=0x000001b0d17942b4 method=java.io.BufferedReader.readLine(Z)Ljava/lang/String; @ 66 c2

Classes redefined (0 events):
No events

Internal exceptions (4 events):
Event: 2.037 Thread 0x000001b0c19a0000 Exception <a 'java/lang/NoSuchMethodError'{0x0000000087d6f618}: java.lang.invoke.DelegatingMethodHandle$Holder.delegate(Ljava/lang/Object;Ljava/lang/Object;ILjava/lang/Object;)V> (0x0000000087d6f618) thrown at [t:/workspace/open/src/hotspot/share/interpre
Event: 2.040 Thread 0x000001b0c19a0000 Exception <a 'java/lang/NoSuchMethodError'{0x0000000087d76b18}: java.lang.invoke.DirectMethodHandle$Holder.invokeStaticInit(Ljava/lang/Object;Ljava/lang/Object;Ljava/lang/Object;)Ljava/lang/Object;> (0x0000000087d76b18) thrown at [t:/workspace/open/src/ho
Event: 2.733 Thread 0x000001b0c19a0000 Exception <a 'sun/nio/fs/WindowsException'{0x0000000087fb4928}> (0x0000000087fb4928) thrown at [t:/workspace/open/src/hotspot/share/prims/jni.cpp, line 615]
Event: 2.734 Thread 0x000001b0c19a0000 Exception <a 'sun/nio/fs/WindowsException'{0x0000000087fb4de0}> (0x0000000087fb4de0) thrown at [t:/workspace/open/src/hotspot/share/prims/jni.cpp, line 615]

Events (10 events):
Event: 13.607 Executing VM operation: SetFramePop
Event: 13.607 Executing VM operation: SetFramePop done
Event: 13.607 Executing VM operation: GetFrameLocation
Event: 13.607 Executing VM operation: GetFrameLocation done
Event: 13.607 Executing VM operation: GetCurrentLocation
Event: 13.607 Executing VM operation: GetCurrentLocation done
Event: 13.608 Executing VM operation: ChangeSingleStep
Event: 13.608 Executing VM operation: ChangeSingleStep done
Event: 13.609 Executing VM operation: ChangeSingleStep
Event: 13.610 Executing VM operation: ChangeSingleStep done


Dynamic libraries:
0x00007ff72b750000 - 0x00007ff72b797000 	C:\Program Files\Java\jdk-11.0.1\bin\java.exe
0x00007ffcc3770000 - 0x00007ffcc3951000 	C:\WINDOWS\SYSTEM32\ntdll.dll
0x00007ffcc0f20000 - 0x00007ffcc0fd1000 	C:\WINDOWS\System32\KERNEL32.DLL
0x00007ffcc0920000 - 0x00007ffcc0b93000 	C:\WINDOWS\System32\KERNELBASE.dll
0x00007ffcc20c0000 - 0x00007ffcc2161000 	C:\WINDOWS\System32\ADVAPI32.dll
0x00007ffcc2020000 - 0x00007ffcc20be000 	C:\WINDOWS\System32\msvcrt.dll
0x00007ffcc1a30000 - 0x00007ffcc1a8b000 	C:\WINDOWS\System32\sechost.dll
0x00007ffcc1900000 - 0x00007ffcc1a24000 	C:\WINDOWS\System32\RPCRT4.dll
0x00007ffcc2170000 - 0x00007ffcc2300000 	C:\WINDOWS\System32\USER32.dll
0x00007ffcc04f0000 - 0x00007ffcc0510000 	C:\WINDOWS\System32\win32u.dll
0x00007ffcc1f10000 - 0x00007ffcc1f38000 	C:\WINDOWS\System32\GDI32.dll
0x00007ffcc0510000 - 0x00007ffcc06a1000 	C:\WINDOWS\System32\gdi32full.dll
0x00007ffcbfc40000 - 0x00007ffcbfcdf000 	C:\WINDOWS\System32\msvcp_win.dll
0x00007ffcc03f0000 - 0x00007ffcc04e8000 	C:\WINDOWS\System32\ucrtbase.dll
0x00007ffcb11b0000 - 0x00007ffcb1419000 	C:\WINDOWS\WinSxS\amd64_microsoft.windows.common-controls_6595b64144ccf1df_6.0.17134.885_none_fb42a3473065565f\COMCTL32.dll
0x00007ffcb0da0000 - 0x00007ffcb0daa000 	C:\WINDOWS\SYSTEM32\VERSION.dll
0x00007ffcc1060000 - 0x00007ffcc1382000 	C:\WINDOWS\System32\combase.dll
0x00007ffcc08a0000 - 0x00007ffcc0919000 	C:\WINDOWS\System32\bcryptPrimitives.dll
0x00007ffcc1e80000 - 0x00007ffcc1ead000 	C:\WINDOWS\System32\IMM32.DLL
0x00007ffca6d40000 - 0x00007ffca6d56000 	C:\Program Files\Java\jdk-11.0.1\bin\vcruntime140.dll
0x00007ffca6bd0000 - 0x00007ffca6c7a000 	C:\Program Files\Java\jdk-11.0.1\bin\msvcp140.dll
0x00007ffc84660000 - 0x00007ffc851a2000 	C:\Program Files\Java\jdk-11.0.1\bin\server\jvm.dll
0x00007ffcc17e0000 - 0x00007ffcc17e8000 	C:\WINDOWS\System32\PSAPI.DLL
0x00007ffcb8f50000 - 0x00007ffcb8f59000 	C:\WINDOWS\SYSTEM32\WSOCK32.dll
0x00007ffcb7170000 - 0x00007ffcb7193000 	C:\WINDOWS\SYSTEM32\WINMM.dll
0x00007ffcc1890000 - 0x00007ffcc18fc000 	C:\WINDOWS\System32\WS2_32.dll
0x00007ffcb7140000 - 0x00007ffcb716a000 	C:\WINDOWS\SYSTEM32\WINMMBASE.dll
0x00007ffcbfbf0000 - 0x00007ffcbfc39000 	C:\WINDOWS\System32\cfgmgr32.dll
0x00007ffcbfb00000 - 0x00007ffcbfb11000 	C:\WINDOWS\System32\kernel.appcore.dll
0x00007ffca6d20000 - 0x00007ffca6d31000 	C:\Program Files\Java\jdk-11.0.1\bin\verify.dll
0x00007ffcbf5d0000 - 0x00007ffcbf799000 	C:\WINDOWS\SYSTEM32\DBGHELP.DLL
0x00007ffcbf500000 - 0x00007ffcbf529000 	C:\WINDOWS\SYSTEM32\dbgcore.DLL
0x00007ffca6ba0000 - 0x00007ffca6bc9000 	C:\Program Files\Java\jdk-11.0.1\bin\java.dll
0x00007ffcaaa40000 - 0x00007ffcaaa77000 	C:\Program Files\Java\jdk-11.0.1\bin\jdwp.dll
0x00007ffca6d00000 - 0x00007ffca6d16000 	C:\Program Files\Java\jdk-11.0.1\bin\zip.dll
0x00007ffcbf550000 - 0x00007ffcbf55a000 	C:\Program Files\Java\jdk-11.0.1\bin\jimage.dll
0x00007ffcc2300000 - 0x00007ffcc3740000 	C:\WINDOWS\System32\SHELL32.dll
0x00007ffcc1c70000 - 0x00007ffcc1d19000 	C:\WINDOWS\System32\shcore.dll
0x00007ffcbfce0000 - 0x00007ffcc03ed000 	C:\WINDOWS\System32\windows.storage.dll
0x00007ffcc1fc0000 - 0x00007ffcc2011000 	C:\WINDOWS\System32\shlwapi.dll
0x00007ffcbfa80000 - 0x00007ffcbfa9f000 	C:\WINDOWS\System32\profapi.dll
0x00007ffcbfaa0000 - 0x00007ffcbfaec000 	C:\WINDOWS\System32\powrprof.dll
0x00007ffcbfaf0000 - 0x00007ffcbfafa000 	C:\WINDOWS\System32\FLTLIB.DLL
0x00007ffcbe4c0000 - 0x00007ffcbe4ca000 	C:\Program Files\Java\jdk-11.0.1\bin\dt_socket.dll
0x00007ffcbef40000 - 0x00007ffcbefa6000 	C:\WINDOWS\System32\mswsock.dll
0x00007ffcbed10000 - 0x00007ffcbedce000 	C:\WINDOWS\SYSTEM32\DNSAPI.dll
0x00007ffcc1f40000 - 0x00007ffcc1f48000 	C:\WINDOWS\System32\NSI.dll
0x00007ffcbecd0000 - 0x00007ffcbed08000 	C:\WINDOWS\SYSTEM32\IPHLPAPI.DLL
0x00007ffcb53d0000 - 0x00007ffcb5442000 	C:\WINDOWS\System32\fwpuclnt.dll
0x00007ffcbf5a0000 - 0x00007ffcbf5c5000 	C:\WINDOWS\SYSTEM32\bcrypt.dll
0x00007ffcb7310000 - 0x00007ffcb731a000 	C:\Windows\System32\rasadhlp.dll
0x00007ffca6b80000 - 0x00007ffca6b99000 	C:\Program Files\Java\jdk-11.0.1\bin\net.dll
0x00007ffcb8820000 - 0x00007ffcb88fd000 	C:\WINDOWS\SYSTEM32\WINHTTP.dll
0x00007ffca6b60000 - 0x00007ffca6b73000 	C:\Program Files\Java\jdk-11.0.1\bin\nio.dll
0x00007ffca6f80000 - 0x00007ffca6ff2000 	C:\Users\B\AppData\Local\Temp\lwjglB\3.2.2-build-10\lwjgl.dll
0x00007ffca6e20000 - 0x00007ffca6e7e000 	C:\Users\B\AppData\Local\Temp\lwjglB\3.2.2-build-10\glfw.dll
0x00007ffcbd540000 - 0x00007ffcbd5d8000 	C:\WINDOWS\system32\uxtheme.dll
0x00007ffca6d70000 - 0x00007ffca6db3000 	C:\WINDOWS\SYSTEM32\dinput8.dll
0x00007ffcbe530000 - 0x00007ffcbe540000 	C:\WINDOWS\SYSTEM32\xinput1_4.dll
0x00007ffcbf890000 - 0x00007ffcbf8b7000 	C:\WINDOWS\SYSTEM32\DEVOBJ.dll
0x00007ffcbd6f0000 - 0x00007ffcbd719000 	C:\WINDOWS\SYSTEM32\dwmapi.dll
0x00007ffcc0da0000 - 0x00007ffcc0f13000 	C:\WINDOWS\System32\MSCTF.dll
0x00007ffcc1a90000 - 0x00007ffcc1b52000 	C:\WINDOWS\System32\OLEAUT32.dll
0x00007ffcb62d0000 - 0x00007ffcb6349000 	C:\WINDOWS\SYSTEM32\inputhost.dll
0x00007ffcbce80000 - 0x00007ffcbcf5a000 	C:\WINDOWS\SYSTEM32\CoreMessaging.dll
0x00007ffcbb510000 - 0x00007ffcbb65d000 	C:\WINDOWS\SYSTEM32\wintypes.dll
0x00007ffcb65e0000 - 0x00007ffcb68fe000 	C:\WINDOWS\SYSTEM32\CoreUIComponents.dll
0x00007ffcbe7f0000 - 0x00007ffcbe821000 	C:\WINDOWS\SYSTEM32\ntmarta.dll
0x00007ffcbdd50000 - 0x00007ffcbdd5c000 	C:\WINDOWS\SYSTEM32\HID.DLL
0x00007ffcc1390000 - 0x00007ffcc17db000 	C:\WINDOWS\System32\SETUPAPI.DLL
0x00007ffcc0ba0000 - 0x00007ffcc0bf7000 	C:\WINDOWS\System32\WINTRUST.dll
0x00007ffcbfb20000 - 0x00007ffcbfb32000 	C:\WINDOWS\System32\MSASN1.dll
0x00007ffcc06b0000 - 0x00007ffcc0892000 	C:\WINDOWS\System32\CRYPT32.dll
0x00007ffc967a0000 - 0x00007ffc968c0000 	C:\WINDOWS\SYSTEM32\opengl32.dll
0x00007ffc96770000 - 0x00007ffc9679c000 	C:\WINDOWS\SYSTEM32\GLU32.dll
0x00007ffc6b470000 - 0x00007ffc6bca1000 	C:\WINDOWS\SYSTEM32\ig7icd64.dll
0x00007ffcb4830000 - 0x00007ffcb4c95000 	C:\WINDOWS\SYSTEM32\igdusc64.dll
0x00007ffcb9320000 - 0x00007ffcb9333000 	C:\WINDOWS\SYSTEM32\WTSAPI32.dll
0x00007ffcbdde0000 - 0x00007ffcbde9b000 	C:\WINDOWS\SYSTEM32\dxgi.dll
0x00007ffcbbfd0000 - 0x00007ffcbc2db000 	C:\WINDOWS\SYSTEM32\d3d11.dll
0x00007ffcb5450000 - 0x00007ffcb5ff2000 	C:\WINDOWS\SYSTEM32\igd10iumd64.dll
0x00007ffcc1d20000 - 0x00007ffcc1e71000 	C:\WINDOWS\System32\ole32.dll
0x00007ffcbf220000 - 0x00007ffcbf246000 	C:\WINDOWS\SYSTEM32\ncrypt.dll
0x00007ffcbf1e0000 - 0x00007ffcbf216000 	C:\WINDOWS\SYSTEM32\NTASN1.dll
0x00007ffcb6230000 - 0x00007ffcb62c6000 	C:\WINDOWS\System32\TextInputFramework.dll
0x00007ffca68a0000 - 0x00007ffca68f8000 	C:\Users\B\AppData\Local\Temp\lwjglB\3.2.2-build-10\lwjgl_opengl.dll
0x00007ffc8b8f0000 - 0x00007ffc8bb41000 	C:\Users\B\AppData\Local\Temp\lwjglB\3.2.2-build-10\jemalloc.dll
0x00007ffc6ad90000 - 0x00007ffc6b464000 	C:\Users\B\AppData\Local\Temp\lwjglB\3.2.2-build-10\assimp.dll

dbghelp: loaded successfully - version: 4.0.5 - missing functions: none
symbol engine: initialized successfully - sym options: 0x614 - pdb path: .;C:\Program Files\Java\jdk-11.0.1\bin;C:\WINDOWS\SYSTEM32;C:\WINDOWS\WinSxS\amd64_microsoft.windows.common-controls_6595b64144ccf1df_6.0.17134.885_none_fb42a3473065565f;C:\Program Files\Java\jdk-11.0.1\bin\server;C:\Users\B\AppData\Local\Temp\lwjglB\3.2.2-build-10

VM Arguments:
jvm_args: -Xdebug -Xnoagent -Djava.compiler=NONE -Xrunjdwp:transport=dt_socket,address=localhost:49520,server=n,suspend=y -Xmx2G -Dfile.encoding=UTF-8 
java_command: DabEngine.ModelTest
java_class_path (initial): C:\Users\B\Documents\DabEngine\bin\main;C:\Users\B\Documents\DabEngine\bin\test;C:\Users\B\.gradle\caches\modules-2\files-2.1\org.apache.commons\commons-math3\3.6.1\e4ba98f1d4b3c80ec46392f25e094a6a2e58fcbf\commons-math3-3.6.1.jar;C:\Users\B\.gradle\caches\modules-2\files-2.1\com.google.guava\guava\27.0.1-jre\bd41a290787b5301e63929676d792c507bbc00ae\guava-27.0.1-jre.jar;C:\Users\B\Documents\DabEngine\libs\jython-standalone-2.7.0.jar;C:\Users\B\.gradle\caches\modules-2\files-2.1\com.googlecode.json-simple\json-simple\1.1.1\c9ad4a0850ab676c5c64461a05ca524cdfff59f1\json-simple-1.1.1.jar;C:\Users\B\.gradle\caches\modules-2\files-2.1\com.google.guava\failureaccess\1.0.1\1dcf1de382a0bf95a3d8b0849546c88bac1292c9\failureaccess-1.0.1.jar;C:\Users\B\.gradle\caches\modules-2\files-2.1\com.google.guava\listenablefuture\9999.0-empty-to-avoid-conflict-with-guava\b421526c5f297295adef1c886e5246c39d4ac629\listenablefuture-9999.0-empty-to-avoid-conflict-with-guava.jar;C:\Users\B\.gradle\caches\modules-2\files-2.1\com.google.code.findbugs\jsr305\3.0.2\25ea2e8b0c338a877313bd4672d3fe056ea78f0d\jsr305-3.0.2.jar;C:\Users\B\.gradle\caches\modules-2\files-2.1\org.checkerframework\checker-qual\2.5.2\cea74543d5904a30861a61b4643a5f2bb372efc4\checker-qual-2.5.2.jar;C:\Users\B\.gradle\caches\modules-2\files-2.1\com.google.errorprone\error_prone_annotations\2.2.0\88e3c593e9b3586e1c6177f89267da6fc6986f0c\error_prone_annotations-2.2.0.jar;C:\Users\B\.gradle\caches\modules-2\files-2.1\com.google.j2objc\j2objc-annotations\1.1\ed28ded51a8b1c6b112568def5f4b455e6809019\j2objc-annotations-1.1.jar;C:\Users\B\.gradle\caches\modules-2\files-2.1\org.codehaus.mojo\animal-sniffer-annotations\1.17\f97ce6decaea32b36101e37979f8b647f00681fb\animal-sniffer-annotations-1.17.jar;C:\Users\B\.gradle\caches\modules-2\files-2.1\junit\junit\4.10\e4f1766ce7404a08f45d859fb9c226fc9e41a861\junit-4.10.jar;C:\Users\B\.gradle\caches\modules-2\files-2.1\org.hamcrest\hamcrest-core\1.1\860340562250678d1a
Launcher Type: SUN_STANDARD

[Global flags]
     intx CICompilerCount                          = 3                                         {product} {ergonomic}
     uint ConcGCThreads                            = 1                                         {product} {ergonomic}
     uint G1ConcRefinementThreads                  = 4                                         {product} {ergonomic}
   size_t G1HeapRegionSize                         = 1048576                                   {product} {ergonomic}
    uintx GCDrainStackTargetSize                   = 64                                        {product} {ergonomic}
   size_t InitialHeapSize                          = 134217728                                 {product} {ergonomic}
   size_t MarkStackSize                            = 4194304                                   {product} {ergonomic}
   size_t MaxHeapSize                              = 2147483648                                {product} {command line}
   size_t MaxNewSize                               = 1287651328                                {product} {ergonomic}
   size_t MinHeapDeltaBytes                        = 1048576                                   {product} {ergonomic}
    uintx NonNMethodCodeHeapSize                   = 5830092                                {pd product} {ergonomic}
    uintx NonProfiledCodeHeapSize                  = 122914074                              {pd product} {ergonomic}
    uintx ProfiledCodeHeapSize                     = 122914074                              {pd product} {ergonomic}
    uintx ReservedCodeCacheSize                    = 251658240                              {pd product} {ergonomic}
     bool SegmentedCodeCache                       = true                                      {product} {ergonomic}
     bool UseCompressedClassPointers               = true                                 {lp64_product} {ergonomic}
     bool UseCompressedOops                        = true                                 {lp64_product} {ergonomic}
     bool UseG1GC                                  = true                                      {product} {ergonomic}
     bool UseLargePagesIndividualAllocation        = false                                  {pd product} {ergonomic}

Logging:
Log output configuration:
 #0: stdout all=warning uptime,level,tags
 #1: stderr all=off uptime,level,tags

Environment Variables:
CLASSPATH=.;.;C:\PROGRA~2\JMF21~1.1E\lib\sound.jar;C:\PROGRA~2\JMF21~1.1E\lib\jmf.jar;C:\PROGRA~2\JMF21~1.1E\lib;
PATH=C:\Program Files (x86)\Common Files\Intel\Shared Libraries\redist\intel64\compiler;C:\WINDOWS\system32;C:\WINDOWS;C:\WINDOWS\System32\Wbem;C:\WINDOWS\System32\WindowsPowerShell\v1.0\;C:\WINDOWS\System32\OpenSSH\;C:\Program Files\Java\jdk-11.0.1\bin;C:\Program Files\Git\cmd;C:\Program Files (x86)\Windows Kits\10\Windows Performance Toolkit\;C:\Program Files\Csound6_x64\bin;C:\ProgramData\chocolatey\bin;C:\Users\B\AppData\Local\Programs\Python\Python36\Scripts\;C:\Users\B\AppData\Local\Programs\Python\Python36\;C:\Users\B\scoop\shims;C:\Users\B\AppData\Local\Microsoft\WindowsApps;C:\Users\B\AppData\Local\GitHubDesktop\bin;C:\Users\B\AppData\Local\atom\bin;C:\Users\B\AppData\Local\Programs\Microsoft VS Code\bin
USERNAME=B
OS=Windows_NT
PROCESSOR_IDENTIFIER=Intel64 Family 6 Model 58 Stepping 9, GenuineIntel



---------------  S Y S T E M  ---------------

OS: Windows 10 , 64 bit Build 17134 (10.0.17134.753)

CPU:total 4 (initial active 4) (2 cores per cpu, 2 threads per core) family 6 model 58 stepping 9, cmov, cx8, fxsr, mmx, sse, sse2, sse3, ssse3, sse4.1, sse4.2, popcnt, avx, clmul, erms, ht, tsc, tscinvbit, tscinv

Memory: 4k page, system-wide physical 8089M (1286M free)
TotalPageFile size 13956M (AvailPageFile size 1913M)
current process WorkingSet (physical memory assigned to process): 107M, peak: 142M
current process commit charge ("private bytes"): 254M, peak: 291M

vm_info: Java HotSpot(TM) 64-Bit Server VM (11.0.1+13-LTS) for windows-amd64 JRE (11.0.1+13-LTS), built on Oct  6 2018 13:20:16 by "mach5one" with MS VC++ 15.5 (VS2017)

END.
