#
# A fatal error has been detected by the Java Runtime Environment:
#
#  EXCEPTION_ACCESS_VIOLATION (0xc0000005) at pc=0x00007ffd8cb70816, pid=7084, tid=14500
#
# JRE version: Java(TM) SE Runtime Environment (11.0.1+13) (build 11.0.1+13-LTS)
# Java VM: Java HotSpot(TM) 64-Bit Server VM (11.0.1+13-LTS, mixed mode, tiered, compressed oops, g1 gc, windows-amd64)
# Problematic frame:
# C  [lwjgl_stb.dll+0x30816]
#
# No core dump will be written. Minidumps are not enabled by default on client versions of Windows
#
# If you would like to submit a bug report, please visit:
#   http://bugreport.java.com/bugreport/crash.jsp
# The crash happened outside the Java Virtual Machine in native code.
# See problematic frame for where to report the bug.
#

---------------  S U M M A R Y ------------

Command Line: -Xdebug -Xnoagent -Djava.compiler=NONE -Xrunjdwp:transport=dt_socket,address=localhost:65165,server=n,suspend=y -Dfile.encoding=UTF-8 DabEngine.TestCaseEngine

Host: Intel(R) Core(TM) i3-3110M CPU @ 2.40GHz, 4 cores, 7G,  Windows 10 , 64 bit Build 17134 (10.0.17134.753)
Time: Sun Jun  2 07:11:57 2019 GMT Daylight Time elapsed time: 3 seconds (0d 0h 0m 3s)

---------------  T H R E A D  ---------------

Current thread (0x00000242bcd6d000):  JavaThread "main" [_thread_in_native, id=14500, stack(0x000000904f500000,0x000000904f600000)]

Stack: [0x000000904f500000,0x000000904f600000],  sp=0x000000904f5fef18,  free space=1019k
Native frames: (J=compiled Java code, j=interpreted, Vv=VM code, C=native code)
C  [lwjgl_stb.dll+0x30816]

Java frames: (J=compiled Java code, j=interpreted, Vv=VM code)
j  org.lwjgl.stb.STBTruetype.nstbtt_ScaleForPixelHeight(JF)F+0
j  org.lwjgl.stb.STBTruetype.stbtt_ScaleForPixelHeight(Lorg/lwjgl/stb/STBTTFontinfo;F)F+5
j  DabEngine.Graphics.Batch.TextBatch.draw(Ljava/lang/String;FFFFFFF)V+6
j  DabEngine.TestCaseEngine.render()V+36
j  DabEngine.Core.Engine.run()V+122
j  DabEngine.TestCaseEngine.main([Ljava/lang/String;)V+16
v  ~StubRoutines::call_stub

siginfo: EXCEPTION_ACCESS_VIOLATION (0xc0000005), reading address 0x00000242dd5d3382


Register to memory mapping:

RIP=0x00007ffd8cb70816 lwjgl_stb.dll
RAX=0x0000000000000100 is an unknown value
RBX={method} {0x00000242e1e26f18} 'nstbtt_ScaleForPixelHeight' '(JF)F' in 'org/lwjgl/stb/STBTruetype'
RCX=0x0000000000000100 is an unknown value
RDX=0x000000904f5fefb0 is pointing into the stack for thread: 0x00000242bcd6d000
RSP=0x000000904f5fef18 is pointing into the stack for thread: 0x00000242bcd6d000
RBP=0x000000904f5fefa0 is pointing into the stack for thread: 0x00000242bcd6d000
RSI=0x0000000000000140 is an unknown value
RDI=0x00000242c508c948 is at code_begin+7464 in an Interpreter codelet
invoke return entry points  [0x00000242c508ac20, 0x00000242c508cc60]  8256 bytes
R8 =0x00000242dd3d2080 points into unknown readable memory
R9 =0x00000242dd5bec60 points into unknown readable memory
R10=0x000000000001471c is an unknown value
R11=0x0000000000000100 is an unknown value
R12=0x0 is NULL
R13={method} {0x00000242e1e26f18} 'nstbtt_ScaleForPixelHeight' '(JF)F' in 'org/lwjgl/stb/STBTruetype'
R14=0x000000904f5fefd0 is pointing into the stack for thread: 0x00000242bcd6d000
R15=0x00000242bcd6d000 is a thread


Registers:
RAX=0x0000000000000100, RBX=0x00000242e1e26f10, RCX=0x0000000000000100, RDX=0x000000904f5fefb0
RSP=0x000000904f5fef18, RBP=0x000000904f5fefa0, RSI=0x0000000000000140, RDI=0x00000242c508c948
R8 =0x00000242dd3d2080, R9 =0x00000242dd5bec60, R10=0x000000000001471c, R11=0x0000000000000100
R12=0x0000000000000000, R13=0x00000242e1e26f10, R14=0x000000904f5fefd0, R15=0x00000242bcd6d000
RIP=0x00007ffd8cb70816, EFLAGS=0x0000000000010202

Top of Stack: (sp=0x000000904f5fef18)
0x000000904f5fef18:   00000242c5095bd6 0000024200000000
0x000000904f5fef28:   00000000c0002742 0000000000000001
0x000000904f5fef38:   00000242ccb7b079 0000000000000001
0x000000904f5fef48:   00000242dce39b10 000000003efa0000
0x000000904f5fef58:   000000904f5fef58 0000000000000000
0x000000904f5fef68:   000000904f5fefd0 00000242e1e338f0
0x000000904f5fef78:   0000000000000000 0000000087901668
0x000000904f5fef88:   00000242e1e26f10 0000000000000000
0x000000904f5fef98:   000000904f5fefc0 000000904f5ff020
0x000000904f5fefa8:   00000242c508be6e 0000000087901668
0x000000904f5fefb8:   00000242c5090b99 0000000043700000
0x000000904f5fefc8:   00000242dd3d2080 0000000000000000
0x000000904f5fefd8:   000000904f5fefd8 00000242e1e26fb5
0x000000904f5fefe8:   000000904f5ff038 00000242e1e338f0
0x000000904f5feff8:   0000000000000000 0000000087901668
0x000000904f5ff008:   00000242e1e26fe0 000000904f5fefc0 

Instructions: (pc=0x00007ffd8cb70816)
0x00007ffd8cb707f6:   cc cc cc cc cc cc cc cc cc cc 4d 63 50 24 41 bb
0x00007ffd8cb70806:   00 01 00 00 4d 8b 48 08 41 0f bf c3 41 0f bf cb
0x00007ffd8cb70816:   43 0f b6 54 0a 06 0f af d0 43 0f b6 44 0a 07 66
0x00007ffd8cb70826:   03 d0 43 0f b6 44 0a 05 44 0f bf c2 43 0f b6 54 



---------------  P R O C E S S  ---------------

Threads class SMR info:
_java_thread_list=0x00000242dd6bdb10, length=15, elements={
0x00000242bcd6d000, 0x00000242db0cc800, 0x00000242db0cd800, 0x00000242dba31800,
0x00000242dba32800, 0x00000242db0e3800, 0x00000242db0e7800, 0x00000242db9ef000,
0x00000242dbcfd800, 0x00000242dbd04800, 0x00000242dbd05800, 0x00000242dbd19000,
0x00000242dbd2f000, 0x00000242dced1800, 0x00000242dd671000
}

Java Threads: ( => current thread )
=>0x00000242bcd6d000 JavaThread "main" [_thread_in_native, id=14500, stack(0x000000904f500000,0x000000904f600000)]
  0x00000242db0cc800 JavaThread "Reference Handler" daemon [_thread_blocked, id=13844, stack(0x000000904fc00000,0x000000904fd00000)]
  0x00000242db0cd800 JavaThread "Finalizer" daemon [_thread_blocked, id=10064, stack(0x000000904fd00000,0x000000904fe00000)]
  0x00000242dba31800 JavaThread "Signal Dispatcher" daemon [_thread_blocked, id=19476, stack(0x000000904fe00000,0x000000904ff00000)]
  0x00000242dba32800 JavaThread "Attach Listener" daemon [_thread_blocked, id=11464, stack(0x000000904ff00000,0x0000009050000000)]
  0x00000242db0e3800 JavaThread "C2 CompilerThread0" daemon [_thread_blocked, id=15168, stack(0x0000009050000000,0x0000009050100000)]
  0x00000242db0e7800 JavaThread "C1 CompilerThread0" daemon [_thread_blocked, id=14416, stack(0x0000009050100000,0x0000009050200000)]
  0x00000242db9ef000 JavaThread "Sweeper thread" daemon [_thread_blocked, id=11412, stack(0x0000009050200000,0x0000009050300000)]
  0x00000242dbcfd800 JavaThread "JDWP Transport Listener: dt_socket" daemon [_thread_blocked, id=5068, stack(0x0000009050300000,0x0000009050400000)]
  0x00000242dbd04800 JavaThread "JDWP Event Helper Thread" daemon [_thread_blocked, id=18712, stack(0x0000009050400000,0x0000009050500000)]
  0x00000242dbd05800 JavaThread "JDWP Command Reader" daemon [_thread_in_native, id=14772, stack(0x0000009050500000,0x0000009050600000)]
  0x00000242dbd19000 JavaThread "Service Thread" daemon [_thread_blocked, id=15988, stack(0x0000009050600000,0x0000009050700000)]
  0x00000242dbd2f000 JavaThread "Common-Cleaner" daemon [_thread_blocked, id=11400, stack(0x0000009050800000,0x0000009050900000)]
  0x00000242dced1800 JavaThread "C2 CompilerThread1" daemon [_thread_blocked, id=1832, stack(0x0000009050b00000,0x0000009050c00000)]
  0x00000242dd671000 JavaThread "Java2D Disposer" daemon [_thread_blocked, id=12452, stack(0x0000009051100000,0x0000009051200000)]

Other Threads:
  0x00000242db0a8000 VMThread "VM Thread" [stack: 0x000000904fb00000,0x000000904fc00000] [id=5784]
  0x00000242dbd22800 WatcherThread [stack: 0x0000009050700000,0x0000009050800000] [id=14732]
  0x00000242bcd85000 GCTaskThread "GC Thread#0" [stack: 0x000000904f600000,0x000000904f700000] [id=10584]
  0x00000242dc930800 GCTaskThread "GC Thread#1" [stack: 0x0000009050900000,0x0000009050a00000] [id=12180]
  0x00000242dca13000 GCTaskThread "GC Thread#2" [stack: 0x0000009050a00000,0x0000009050b00000] [id=1412]
  0x00000242bcdb4800 ConcurrentGCThread "G1 Main Marker" [stack: 0x000000904f700000,0x000000904f800000] [id=10228]
  0x00000242bcdb6000 ConcurrentGCThread "G1 Conc#0" [stack: 0x000000904f800000,0x000000904f900000] [id=14876]
  0x00000242bce2d800 ConcurrentGCThread "G1 Refine#0" [stack: 0x000000904f900000,0x000000904fa00000] [id=2180]
  0x00000242e085a800 ConcurrentGCThread "G1 Refine#1" [stack: 0x0000009050f00000,0x0000009051000000] [id=14252]
  0x00000242bce2e800 ConcurrentGCThread "G1 Young RemSet Sampling" [stack: 0x000000904fa00000,0x000000904fb00000] [id=11684]

Threads with active compile tasks:

VM state:not at safepoint (normal execution)

VM Mutex/Monitor currently owned by a thread: None

Heap address: 0x0000000081800000, size: 2024 MB, Compressed Oops mode: 32-bit
Narrow klass base: 0x0000000000000000, Narrow klass shift: 3
Compressed class space size: 1073741824 Address: 0x0000000100000000

Heap:
 garbage-first heap   total 131072K, used 24359K [0x0000000081800000, 0x0000000100000000)
  region size 1024K, 8 young (8192K), 4 survivors (4096K)
 Metaspace       used 15239K, capacity 15473K, committed 15616K, reserved 1062912K
  class space    used 1170K, capacity 1247K, committed 1280K, reserved 1048576K
Heap Regions: E=young(eden), S=young(survivor), O=old, HS=humongous(starts), HC=humongous(continues), CS=collection set, F=free, A=archive, TAMS=top-at-mark-start (previous, next)
|   0|0x0000000081800000, 0x0000000081900000, 0x0000000081900000|100%|HS|  |TAMS 0x0000000081800000, 0x0000000081800000| Complete 
|   1|0x0000000081900000, 0x0000000081a00000, 0x0000000081a00000|100%|HC|  |TAMS 0x0000000081900000, 0x0000000081900000| Complete 
|   2|0x0000000081a00000, 0x0000000081b00000, 0x0000000081b00000|100%| O|  |TAMS 0x0000000081a00000, 0x0000000081a00000| Untracked 
|   3|0x0000000081b00000, 0x0000000081c00000, 0x0000000081c00000|100%| O|  |TAMS 0x0000000081b00000, 0x0000000081b00000| Untracked 
|   4|0x0000000081c00000, 0x0000000081d00000, 0x0000000081d00000|100%| O|  |TAMS 0x0000000081c00000, 0x0000000081c00000| Untracked 
|   5|0x0000000081d00000, 0x0000000081e00000, 0x0000000081e00000|100%| O|  |TAMS 0x0000000081d00000, 0x0000000081d00000| Untracked 
|   6|0x0000000081e00000, 0x0000000081f00000, 0x0000000081f00000|100%|HS|  |TAMS 0x0000000081e00000, 0x0000000081e00000| Complete 
|   7|0x0000000081f00000, 0x0000000082000000, 0x0000000082000000|100%|HS|  |TAMS 0x0000000081f00000, 0x0000000081f00000| Complete 
|   8|0x0000000082000000, 0x0000000082100000, 0x0000000082100000|100%| O|  |TAMS 0x0000000082000000, 0x0000000082000000| Untracked 
|   9|0x0000000082100000, 0x0000000082200000, 0x0000000082200000|100%| O|  |TAMS 0x0000000082100000, 0x0000000082100000| Untracked 
|  10|0x0000000082200000, 0x00000000822c9e00, 0x0000000082300000| 78%| O|  |TAMS 0x0000000082200000, 0x0000000082200000| Untracked 
|  11|0x0000000082300000, 0x0000000082400000, 0x0000000082400000|100%|HS|  |TAMS 0x0000000082300000, 0x0000000082300000| Complete 
|  12|0x0000000082400000, 0x0000000082500000, 0x0000000082500000|100%|HC|  |TAMS 0x0000000082400000, 0x0000000082400000| Complete 
|  13|0x0000000082500000, 0x0000000082600000, 0x0000000082600000|100%|HS|  |TAMS 0x0000000082500000, 0x0000000082500000| Complete 
|  14|0x0000000082600000, 0x0000000082700000, 0x0000000082700000|100%|HC|  |TAMS 0x0000000082600000, 0x0000000082600000| Complete 
|  15|0x0000000082700000, 0x0000000082800000, 0x0000000082800000|100%|HS|  |TAMS 0x0000000082700000, 0x0000000082700000| Complete 
|  16|0x0000000082800000, 0x0000000082900000, 0x0000000082900000|100%|HC|  |TAMS 0x0000000082800000, 0x0000000082800000| Complete 
|  17|0x0000000082900000, 0x0000000082900000, 0x0000000082a00000|  0%| F|  |TAMS 0x0000000082900000, 0x0000000082900000| Untracked 
|  18|0x0000000082a00000, 0x0000000082a00000, 0x0000000082b00000|  0%| F|  |TAMS 0x0000000082a00000, 0x0000000082a00000| Untracked 
|  19|0x0000000082b00000, 0x0000000082b00000, 0x0000000082c00000|  0%| F|  |TAMS 0x0000000082b00000, 0x0000000082b00000| Untracked 
|  20|0x0000000082c00000, 0x0000000082c00000, 0x0000000082d00000|  0%| F|  |TAMS 0x0000000082c00000, 0x0000000082c00000| Untracked 
|  21|0x0000000082d00000, 0x0000000082d00000, 0x0000000082e00000|  0%| F|  |TAMS 0x0000000082d00000, 0x0000000082d00000| Untracked 
|  22|0x0000000082e00000, 0x0000000082e00000, 0x0000000082f00000|  0%| F|  |TAMS 0x0000000082e00000, 0x0000000082e00000| Untracked 
|  23|0x0000000082f00000, 0x0000000082f00000, 0x0000000083000000|  0%| F|  |TAMS 0x0000000082f00000, 0x0000000082f00000| Untracked 
|  24|0x0000000083000000, 0x0000000083000000, 0x0000000083100000|  0%| F|  |TAMS 0x0000000083000000, 0x0000000083000000| Untracked 
|  25|0x0000000083100000, 0x0000000083100000, 0x0000000083200000|  0%| F|  |TAMS 0x0000000083100000, 0x0000000083100000| Untracked 
|  26|0x0000000083200000, 0x0000000083200000, 0x0000000083300000|  0%| F|  |TAMS 0x0000000083200000, 0x0000000083200000| Untracked 
|  27|0x0000000083300000, 0x0000000083300000, 0x0000000083400000|  0%| F|  |TAMS 0x0000000083300000, 0x0000000083300000| Untracked 
|  28|0x0000000083400000, 0x0000000083400000, 0x0000000083500000|  0%| F|  |TAMS 0x0000000083400000, 0x0000000083400000| Untracked 
|  29|0x0000000083500000, 0x0000000083500000, 0x0000000083600000|  0%| F|  |TAMS 0x0000000083500000, 0x0000000083500000| Untracked 
|  30|0x0000000083600000, 0x0000000083600000, 0x0000000083700000|  0%| F|  |TAMS 0x0000000083600000, 0x0000000083600000| Untracked 
|  31|0x0000000083700000, 0x0000000083700000, 0x0000000083800000|  0%| F|  |TAMS 0x0000000083700000, 0x0000000083700000| Untracked 
|  32|0x0000000083800000, 0x0000000083800000, 0x0000000083900000|  0%| F|  |TAMS 0x0000000083800000, 0x0000000083800000| Untracked 
|  33|0x0000000083900000, 0x0000000083900000, 0x0000000083a00000|  0%| F|  |TAMS 0x0000000083900000, 0x0000000083900000| Untracked 
|  34|0x0000000083a00000, 0x0000000083a00000, 0x0000000083b00000|  0%| F|  |TAMS 0x0000000083a00000, 0x0000000083a00000| Untracked 
|  35|0x0000000083b00000, 0x0000000083b00000, 0x0000000083c00000|  0%| F|  |TAMS 0x0000000083b00000, 0x0000000083b00000| Untracked 
|  36|0x0000000083c00000, 0x0000000083c00000, 0x0000000083d00000|  0%| F|  |TAMS 0x0000000083c00000, 0x0000000083c00000| Untracked 
|  37|0x0000000083d00000, 0x0000000083d00000, 0x0000000083e00000|  0%| F|  |TAMS 0x0000000083d00000, 0x0000000083d00000| Untracked 
|  38|0x0000000083e00000, 0x0000000083e00000, 0x0000000083f00000|  0%| F|  |TAMS 0x0000000083e00000, 0x0000000083e00000| Untracked 
|  39|0x0000000083f00000, 0x0000000083f00000, 0x0000000084000000|  0%| F|  |TAMS 0x0000000083f00000, 0x0000000083f00000| Untracked 
|  40|0x0000000084000000, 0x0000000084000000, 0x0000000084100000|  0%| F|  |TAMS 0x0000000084000000, 0x0000000084000000| Untracked 
|  41|0x0000000084100000, 0x0000000084100000, 0x0000000084200000|  0%| F|  |TAMS 0x0000000084100000, 0x0000000084100000| Untracked 
|  42|0x0000000084200000, 0x0000000084200000, 0x0000000084300000|  0%| F|  |TAMS 0x0000000084200000, 0x0000000084200000| Untracked 
|  43|0x0000000084300000, 0x0000000084300000, 0x0000000084400000|  0%| F|  |TAMS 0x0000000084300000, 0x0000000084300000| Untracked 
|  44|0x0000000084400000, 0x0000000084400000, 0x0000000084500000|  0%| F|  |TAMS 0x0000000084400000, 0x0000000084400000| Untracked 
|  45|0x0000000084500000, 0x0000000084500000, 0x0000000084600000|  0%| F|  |TAMS 0x0000000084500000, 0x0000000084500000| Untracked 
|  46|0x0000000084600000, 0x0000000084600000, 0x0000000084700000|  0%| F|  |TAMS 0x0000000084600000, 0x0000000084600000| Untracked 
|  47|0x0000000084700000, 0x0000000084700000, 0x0000000084800000|  0%| F|  |TAMS 0x0000000084700000, 0x0000000084700000| Untracked 
|  48|0x0000000084800000, 0x0000000084800000, 0x0000000084900000|  0%| F|  |TAMS 0x0000000084800000, 0x0000000084800000| Untracked 
|  49|0x0000000084900000, 0x0000000084900000, 0x0000000084a00000|  0%| F|  |TAMS 0x0000000084900000, 0x0000000084900000| Untracked 
|  50|0x0000000084a00000, 0x0000000084a00000, 0x0000000084b00000|  0%| F|  |TAMS 0x0000000084a00000, 0x0000000084a00000| Untracked 
|  51|0x0000000084b00000, 0x0000000084b00000, 0x0000000084c00000|  0%| F|  |TAMS 0x0000000084b00000, 0x0000000084b00000| Untracked 
|  52|0x0000000084c00000, 0x0000000084c00000, 0x0000000084d00000|  0%| F|  |TAMS 0x0000000084c00000, 0x0000000084c00000| Untracked 
|  53|0x0000000084d00000, 0x0000000084d00000, 0x0000000084e00000|  0%| F|  |TAMS 0x0000000084d00000, 0x0000000084d00000| Untracked 
|  54|0x0000000084e00000, 0x0000000084e00000, 0x0000000084f00000|  0%| F|  |TAMS 0x0000000084e00000, 0x0000000084e00000| Untracked 
|  55|0x0000000084f00000, 0x0000000084f00000, 0x0000000085000000|  0%| F|  |TAMS 0x0000000084f00000, 0x0000000084f00000| Untracked 
|  56|0x0000000085000000, 0x0000000085000000, 0x0000000085100000|  0%| F|  |TAMS 0x0000000085000000, 0x0000000085000000| Untracked 
|  57|0x0000000085100000, 0x0000000085100000, 0x0000000085200000|  0%| F|  |TAMS 0x0000000085100000, 0x0000000085100000| Untracked 
|  58|0x0000000085200000, 0x0000000085200000, 0x0000000085300000|  0%| F|  |TAMS 0x0000000085200000, 0x0000000085200000| Untracked 
|  59|0x0000000085300000, 0x0000000085300000, 0x0000000085400000|  0%| F|  |TAMS 0x0000000085300000, 0x0000000085300000| Untracked 
|  60|0x0000000085400000, 0x0000000085400000, 0x0000000085500000|  0%| F|  |TAMS 0x0000000085400000, 0x0000000085400000| Untracked 
|  61|0x0000000085500000, 0x0000000085500000, 0x0000000085600000|  0%| F|  |TAMS 0x0000000085500000, 0x0000000085500000| Untracked 
|  62|0x0000000085600000, 0x0000000085600000, 0x0000000085700000|  0%| F|  |TAMS 0x0000000085600000, 0x0000000085600000| Untracked 
|  63|0x0000000085700000, 0x0000000085700000, 0x0000000085800000|  0%| F|  |TAMS 0x0000000085700000, 0x0000000085700000| Untracked 
|  64|0x0000000085800000, 0x0000000085800000, 0x0000000085900000|  0%| F|  |TAMS 0x0000000085800000, 0x0000000085800000| Untracked 
|  65|0x0000000085900000, 0x0000000085900000, 0x0000000085a00000|  0%| F|  |TAMS 0x0000000085900000, 0x0000000085900000| Untracked 
|  66|0x0000000085a00000, 0x0000000085a00000, 0x0000000085b00000|  0%| F|  |TAMS 0x0000000085a00000, 0x0000000085a00000| Untracked 
|  67|0x0000000085b00000, 0x0000000085b00000, 0x0000000085c00000|  0%| F|  |TAMS 0x0000000085b00000, 0x0000000085b00000| Untracked 
|  68|0x0000000085c00000, 0x0000000085c00000, 0x0000000085d00000|  0%| F|  |TAMS 0x0000000085c00000, 0x0000000085c00000| Untracked 
|  69|0x0000000085d00000, 0x0000000085d00000, 0x0000000085e00000|  0%| F|  |TAMS 0x0000000085d00000, 0x0000000085d00000| Untracked 
|  70|0x0000000085e00000, 0x0000000085e00000, 0x0000000085f00000|  0%| F|  |TAMS 0x0000000085e00000, 0x0000000085e00000| Untracked 
|  71|0x0000000085f00000, 0x0000000085f00000, 0x0000000086000000|  0%| F|  |TAMS 0x0000000085f00000, 0x0000000085f00000| Untracked 
|  72|0x0000000086000000, 0x0000000086000000, 0x0000000086100000|  0%| F|  |TAMS 0x0000000086000000, 0x0000000086000000| Untracked 
|  73|0x0000000086100000, 0x0000000086100000, 0x0000000086200000|  0%| F|  |TAMS 0x0000000086100000, 0x0000000086100000| Untracked 
|  74|0x0000000086200000, 0x0000000086200000, 0x0000000086300000|  0%| F|  |TAMS 0x0000000086200000, 0x0000000086200000| Untracked 
|  75|0x0000000086300000, 0x0000000086300000, 0x0000000086400000|  0%| F|  |TAMS 0x0000000086300000, 0x0000000086300000| Untracked 
|  76|0x0000000086400000, 0x0000000086400000, 0x0000000086500000|  0%| F|  |TAMS 0x0000000086400000, 0x0000000086400000| Untracked 
|  77|0x0000000086500000, 0x0000000086500000, 0x0000000086600000|  0%| F|  |TAMS 0x0000000086500000, 0x0000000086500000| Untracked 
|  78|0x0000000086600000, 0x0000000086600000, 0x0000000086700000|  0%| F|  |TAMS 0x0000000086600000, 0x0000000086600000| Untracked 
|  79|0x0000000086700000, 0x0000000086700000, 0x0000000086800000|  0%| F|  |TAMS 0x0000000086700000, 0x0000000086700000| Untracked 
|  80|0x0000000086800000, 0x0000000086800000, 0x0000000086900000|  0%| F|  |TAMS 0x0000000086800000, 0x0000000086800000| Untracked 
|  81|0x0000000086900000, 0x0000000086900000, 0x0000000086a00000|  0%| F|  |TAMS 0x0000000086900000, 0x0000000086900000| Untracked 
|  82|0x0000000086a00000, 0x0000000086a00000, 0x0000000086b00000|  0%| F|  |TAMS 0x0000000086a00000, 0x0000000086a00000| Untracked 
|  83|0x0000000086b00000, 0x0000000086b00000, 0x0000000086c00000|  0%| F|  |TAMS 0x0000000086b00000, 0x0000000086b00000| Untracked 
|  84|0x0000000086c00000, 0x0000000086c00000, 0x0000000086d00000|  0%| F|  |TAMS 0x0000000086c00000, 0x0000000086c00000| Untracked 
|  85|0x0000000086d00000, 0x0000000086d00000, 0x0000000086e00000|  0%| F|  |TAMS 0x0000000086d00000, 0x0000000086d00000| Untracked 
|  86|0x0000000086e00000, 0x0000000086e00000, 0x0000000086f00000|  0%| F|  |TAMS 0x0000000086e00000, 0x0000000086e00000| Untracked 
|  87|0x0000000086f00000, 0x0000000086f00000, 0x0000000087000000|  0%| F|  |TAMS 0x0000000086f00000, 0x0000000086f00000| Untracked 
|  88|0x0000000087000000, 0x0000000087000000, 0x0000000087100000|  0%| F|  |TAMS 0x0000000087000000, 0x0000000087000000| Untracked 
|  89|0x0000000087100000, 0x0000000087100000, 0x0000000087200000|  0%| F|  |TAMS 0x0000000087100000, 0x0000000087100000| Untracked 
|  90|0x0000000087200000, 0x0000000087200000, 0x0000000087300000|  0%| F|  |TAMS 0x0000000087200000, 0x0000000087200000| Untracked 
|  91|0x0000000087300000, 0x0000000087300000, 0x0000000087400000|  0%| F|  |TAMS 0x0000000087300000, 0x0000000087300000| Untracked 
|  92|0x0000000087400000, 0x0000000087400000, 0x0000000087500000|  0%| F|  |TAMS 0x0000000087400000, 0x0000000087400000| Untracked 
|  93|0x0000000087500000, 0x0000000087500000, 0x0000000087600000|  0%| F|  |TAMS 0x0000000087500000, 0x0000000087500000| Untracked 
|  94|0x0000000087600000, 0x0000000087700000, 0x0000000087700000|100%| S|CS|TAMS 0x0000000087600000, 0x0000000087600000| Complete 
|  95|0x0000000087700000, 0x0000000087800000, 0x0000000087800000|100%| S|CS|TAMS 0x0000000087700000, 0x0000000087700000| Complete 
|  96|0x0000000087800000, 0x0000000087900000, 0x0000000087900000|100%| S|CS|TAMS 0x0000000087800000, 0x0000000087800000| Complete 
|  97|0x0000000087900000, 0x0000000087a00000, 0x0000000087a00000|100%| S|CS|TAMS 0x0000000087900000, 0x0000000087900000| Complete 
|  98|0x0000000087a00000, 0x0000000087a00000, 0x0000000087b00000|  0%| F|  |TAMS 0x0000000087a00000, 0x0000000087a00000| Untracked 
|  99|0x0000000087b00000, 0x0000000087b00000, 0x0000000087c00000|  0%| F|  |TAMS 0x0000000087b00000, 0x0000000087b00000| Untracked 
| 100|0x0000000087c00000, 0x0000000087c00000, 0x0000000087d00000|  0%| F|  |TAMS 0x0000000087c00000, 0x0000000087c00000| Untracked 
| 101|0x0000000087d00000, 0x0000000087d00000, 0x0000000087e00000|  0%| F|  |TAMS 0x0000000087d00000, 0x0000000087d00000| Untracked 
| 102|0x0000000087e00000, 0x0000000087e00000, 0x0000000087f00000|  0%| F|  |TAMS 0x0000000087e00000, 0x0000000087e00000| Untracked 
| 103|0x0000000087f00000, 0x0000000087f00000, 0x0000000088000000|  0%| F|  |TAMS 0x0000000087f00000, 0x0000000087f00000| Untracked 
| 104|0x0000000088000000, 0x0000000088000000, 0x0000000088100000|  0%| F|  |TAMS 0x0000000088000000, 0x0000000088000000| Untracked 
| 105|0x0000000088100000, 0x0000000088100000, 0x0000000088200000|  0%| F|  |TAMS 0x0000000088100000, 0x0000000088100000| Untracked 
| 106|0x0000000088200000, 0x0000000088200000, 0x0000000088300000|  0%| F|  |TAMS 0x0000000088200000, 0x0000000088200000| Untracked 
| 107|0x0000000088300000, 0x0000000088300000, 0x0000000088400000|  0%| F|  |TAMS 0x0000000088300000, 0x0000000088300000| Untracked 
| 108|0x0000000088400000, 0x0000000088400000, 0x0000000088500000|  0%| F|  |TAMS 0x0000000088400000, 0x0000000088400000| Untracked 
| 109|0x0000000088500000, 0x0000000088500000, 0x0000000088600000|  0%| F|  |TAMS 0x0000000088500000, 0x0000000088500000| Untracked 
| 110|0x0000000088600000, 0x0000000088600000, 0x0000000088700000|  0%| F|  |TAMS 0x0000000088600000, 0x0000000088600000| Untracked 
| 111|0x0000000088700000, 0x0000000088700000, 0x0000000088800000|  0%| F|  |TAMS 0x0000000088700000, 0x0000000088700000| Untracked 
| 112|0x0000000088800000, 0x0000000088800000, 0x0000000088900000|  0%| F|  |TAMS 0x0000000088800000, 0x0000000088800000| Untracked 
| 113|0x0000000088900000, 0x0000000088900000, 0x0000000088a00000|  0%| F|  |TAMS 0x0000000088900000, 0x0000000088900000| Untracked 
| 114|0x0000000088a00000, 0x0000000088a00000, 0x0000000088b00000|  0%| F|  |TAMS 0x0000000088a00000, 0x0000000088a00000| Untracked 
| 115|0x0000000088b00000, 0x0000000088b00000, 0x0000000088c00000|  0%| F|  |TAMS 0x0000000088b00000, 0x0000000088b00000| Untracked 
| 116|0x0000000088c00000, 0x0000000088c00000, 0x0000000088d00000|  0%| F|  |TAMS 0x0000000088c00000, 0x0000000088c00000| Untracked 
| 117|0x0000000088d00000, 0x0000000088d00000, 0x0000000088e00000|  0%| F|  |TAMS 0x0000000088d00000, 0x0000000088d00000| Untracked 
| 118|0x0000000088e00000, 0x0000000088e00000, 0x0000000088f00000|  0%| F|  |TAMS 0x0000000088e00000, 0x0000000088e00000| Untracked 
| 119|0x0000000088f00000, 0x0000000088f00000, 0x0000000089000000|  0%| F|  |TAMS 0x0000000088f00000, 0x0000000088f00000| Untracked 
| 120|0x0000000089000000, 0x0000000089000000, 0x0000000089100000|  0%| F|  |TAMS 0x0000000089000000, 0x0000000089000000| Untracked 
| 121|0x0000000089100000, 0x0000000089100000, 0x0000000089200000|  0%| F|  |TAMS 0x0000000089100000, 0x0000000089100000| Untracked 
| 122|0x0000000089200000, 0x0000000089200000, 0x0000000089300000|  0%| F|  |TAMS 0x0000000089200000, 0x0000000089200000| Untracked 
| 123|0x0000000089300000, 0x0000000089300000, 0x0000000089400000|  0%| F|  |TAMS 0x0000000089300000, 0x0000000089300000| Untracked 
| 124|0x0000000089400000, 0x0000000089500000, 0x0000000089500000|100%| E|  |TAMS 0x0000000089400000, 0x0000000089400000| Complete 
| 125|0x0000000089500000, 0x0000000089600000, 0x0000000089600000|100%| E|CS|TAMS 0x0000000089500000, 0x0000000089500000| Complete 
| 126|0x0000000089600000, 0x0000000089700000, 0x0000000089700000|100%| E|CS|TAMS 0x0000000089600000, 0x0000000089600000| Complete 
| 127|0x0000000089700000, 0x0000000089800000, 0x0000000089800000|100%| E|CS|TAMS 0x0000000089700000, 0x0000000089700000| Complete 

Card table byte_map: [0x00000242d4480000,0x00000242d4880000] _byte_map_base: 0x00000242d4074000

Marking Bits (Prev, Next): (CMBitMap*) 0x00000242bcdabd48, (CMBitMap*) 0x00000242bcdabd80
 Prev Bits: [0x00000242d4c80000, 0x00000242d6c20000)
 Next Bits: [0x00000242d6c20000, 0x00000242d8bc0000)

Polling page: 0x00000242baec0000

Metaspace:

Usage:
  Non-class:     13.89 MB capacity,    13.74 MB ( 99%) used,   131.99 KB ( <1%) free+waste,    25.63 KB ( <1%) overhead. 
      Class:      1.22 MB capacity,     1.14 MB ( 94%) used,    65.45 KB (  5%) free+waste,    10.75 KB ( <1%) overhead. 
       Both:     15.11 MB capacity,    14.88 MB ( 98%) used,   197.45 KB (  1%) free+waste,    36.38 KB ( <1%) overhead. 

Virtual space:
  Non-class space:       14.00 MB reserved,      14.00 MB (100%) committed 
      Class space:        1.00 GB reserved,       1.25 MB ( <1%) committed 
             Both:        1.01 GB reserved,      15.25 MB (  1%) committed 

Chunk freelists:
   Non-Class:  5.75 KB
       Class:  128 bytes
        Both:  5.88 KB

CodeHeap 'non-profiled nmethods': size=120064Kb used=639Kb max_used=639Kb free=119424Kb
 bounds [0x00000242ccb40000, 0x00000242ccdb0000, 0x00000242d4080000]
CodeHeap 'profiled nmethods': size=120000Kb used=2626Kb max_used=2626Kb free=117373Kb
 bounds [0x00000242c5610000, 0x00000242c58b0000, 0x00000242ccb40000]
CodeHeap 'non-nmethods': size=5696Kb used=1587Kb max_used=1618Kb free=4108Kb
 bounds [0x00000242c5080000, 0x00000242c52f0000, 0x00000242c5610000]
 total_blobs=2679 nmethods=1306 adapters=955
 compilation: enabled
              stopped_count=0, restarted_count=0
 full_count=0

Compilation events (10 events):
Event: 3.744 Thread 0x00000242db0e7800 nmethod 1308 0x00000242c589ee10 code [0x00000242c589efe0, 0x00000242c589f2b8]
Event: 3.744 Thread 0x00000242db0e7800 1309       3       org.lwjgl.stb.STBTTAlignedQuad::s1 (8 bytes)
Event: 3.745 Thread 0x00000242db0e7800 nmethod 1309 0x00000242c589f410 code [0x00000242c589f5e0, 0x00000242c589f8b8]
Event: 3.745 Thread 0x00000242db0e7800 1310       3       org.lwjgl.stb.STBTTAlignedQuad::t0 (8 bytes)
Event: 3.745 Thread 0x00000242db0e7800 nmethod 1310 0x00000242c589fa10 code [0x00000242c589fbe0, 0x00000242c589feb8]
Event: 3.745 Thread 0x00000242db0e7800 1311       3       org.lwjgl.stb.STBTTAlignedQuad::nt0 (14 bytes)
Event: 3.746 Thread 0x00000242db0e7800 nmethod 1311 0x00000242c58a0010 code [0x00000242c58a01c0, 0x00000242c58a0378]
Event: 3.754 Thread 0x00000242db0e7800 1312       3       java.lang.Character::isHighSurrogate (18 bytes)
Event: 3.754 Thread 0x00000242db0e7800 nmethod 1312 0x00000242c58a0490 code [0x00000242c58a0640, 0x00000242c58a0818]
Event: 3.755 Thread 0x00000242db0e3800 nmethod 1289 0x00000242ccbddd90 code [0x00000242ccbde000, 0x00000242ccbdf410]

GC Heap History (6 events):
Event: 1.474 GC heap before
{Heap before GC invocations=0 (full 0):
 garbage-first heap   total 131072K, used 16384K [0x0000000081800000, 0x0000000100000000)
  region size 1024K, 14 young (14336K), 0 survivors (0K)
 Metaspace       used 7353K, capacity 7469K, committed 7680K, reserved 1056768K
  class space    used 629K, capacity 678K, committed 768K, reserved 1048576K
}
Event: 1.509 GC heap after
{Heap after GC invocations=1 (full 0):
 garbage-first heap   total 131072K, used 6379K [0x0000000081800000, 0x0000000100000000)
  region size 1024K, 2 young (2048K), 2 survivors (2048K)
 Metaspace       used 7353K, capacity 7469K, committed 7680K, reserved 1056768K
  class space    used 629K, capacity 678K, committed 768K, reserved 1048576K
}
Event: 2.270 GC heap before
{Heap before GC invocations=1 (full 0):
 garbage-first heap   total 131072K, used 17643K [0x0000000081800000, 0x0000000100000000)
  region size 1024K, 13 young (13312K), 2 survivors (2048K)
 Metaspace       used 9779K, capacity 9915K, committed 10112K, reserved 1058816K
  class space    used 814K, capacity 882K, committed 896K, reserved 1048576K
}
Event: 2.276 GC heap after
{Heap after GC invocations=2 (full 0):
 garbage-first heap   total 131072K, used 6923K [0x0000000081800000, 0x0000000100000000)
  region size 1024K, 1 young (1024K), 1 survivors (1024K)
 Metaspace       used 9779K, capacity 9915K, committed 10112K, reserved 1058816K
  class space    used 814K, capacity 882K, committed 896K, reserved 1048576K
}
Event: 3.207 GC heap before
{Heap before GC invocations=2 (full 0):
 garbage-first heap   total 131072K, used 38667K [0x0000000081800000, 0x0000000100000000)
  region size 1024K, 30 young (30720K), 1 survivors (1024K)
 Metaspace       used 13369K, capacity 13548K, committed 13952K, reserved 1062912K
  class space    used 972K, capacity 1048K, committed 1152K, reserved 1048576K
}
Event: 3.240 GC heap after
{Heap after GC invocations=3 (full 0):
 garbage-first heap   total 131072K, used 15143K [0x0000000081800000, 0x0000000100000000)
  region size 1024K, 4 young (4096K), 4 survivors (4096K)
 Metaspace       used 13369K, capacity 13548K, committed 13952K, reserved 1062912K
  class space    used 972K, capacity 1048K, committed 1152K, reserved 1048576K
}

Deoptimization events (10 events):
Event: 1.622 Thread 0x00000242bcd6d000 Uncommon trap: reason=class_check action=maybe_recompile pc=0x00000242ccb6ebb0 method=java.util.HashMap.getNode(ILjava/lang/Object;)Ljava/util/HashMap$Node; @ 126 c2
Event: 1.641 Thread 0x00000242bcd6d000 Uncommon trap: reason=class_check action=maybe_recompile pc=0x00000242ccb6eb4c method=java.util.HashMap.getNode(ILjava/lang/Object;)Ljava/util/HashMap$Node; @ 59 c2
Event: 1.737 Thread 0x00000242bcd6d000 Uncommon trap: reason=class_check action=maybe_recompile pc=0x00000242ccb6eb4c method=java.util.HashMap.getNode(ILjava/lang/Object;)Ljava/util/HashMap$Node; @ 59 c2
Event: 1.888 Thread 0x00000242bcd6d000 Uncommon trap: reason=class_check action=maybe_recompile pc=0x00000242ccb6eb4c method=java.util.HashMap.getNode(ILjava/lang/Object;)Ljava/util/HashMap$Node; @ 59 c2
Event: 2.315 Thread 0x00000242bcd6d000 Uncommon trap: reason=unstable_if action=reinterpret pc=0x00000242ccb86348 method=java.util.jar.JarFile.getVersionedEntry(Ljava/lang/String;Ljava/util/jar/JarEntry;)Ljava/util/jar/JarEntry; @ 67 c2
Event: 2.625 Thread 0x00000242bcd6d000 Uncommon trap: reason=unstable_if action=reinterpret pc=0x00000242ccb847c4 method=java.util.jar.JarFile.getVersionedEntry(Ljava/lang/String;Ljava/util/jar/JarEntry;)Ljava/util/jar/JarEntry; @ 67 c2
Event: 2.663 Thread 0x00000242bcd6d000 Uncommon trap: reason=unstable_if action=reinterpret pc=0x00000242ccb893a0 method=java.util.jar.JarFile.getVersionedEntry(Ljava/lang/String;Ljava/util/jar/JarEntry;)Ljava/util/jar/JarEntry; @ 67 c2
Event: 2.913 Thread 0x00000242bcd6d000 Uncommon trap: reason=unstable_if action=reinterpret pc=0x00000242ccb63120 method=java.io.BufferedReader.readLine(Z)Ljava/lang/String; @ 66 c2
Event: 3.269 Thread 0x00000242db0cc800 Uncommon trap: reason=unstable_if action=reinterpret pc=0x00000242ccbbbb74 method=java.lang.ref.ReferenceQueue.enqueue(Ljava/lang/ref/Reference;)Z @ 54 c2
Event: 3.680 Thread 0x00000242bcd6d000 Uncommon trap: reason=unstable_if action=reinterpret pc=0x00000242ccbd3b04 method=DabEngine.Utils.ImageDecoder.decode()Ljava/nio/ByteBuffer; @ 261 c2

Classes redefined (0 events):
No events

Internal exceptions (10 events):
Event: 3.112 Thread 0x00000242bcd6d000 Exception <a 'sun/nio/fs/WindowsException'{0x0000000087ccedf8}> (0x0000000087ccedf8) thrown at [t:/workspace/open/src/hotspot/share/prims/jni.cpp, line 615]
Event: 3.112 Thread 0x00000242bcd6d000 Exception <a 'sun/nio/fs/WindowsException'{0x0000000087ccef90}> (0x0000000087ccef90) thrown at [t:/workspace/open/src/hotspot/share/prims/jni.cpp, line 615]
Event: 3.285 Thread 0x00000242bcd6d000 Exception <a 'java/lang/ClassNotFoundException'{0x000000008976a2f8}: sun/awt/resources/spi/awtProvider> (0x000000008976a2f8) thrown at [t:/workspace/open/src/hotspot/share/classfile/systemDictionary.cpp, line 231]
Event: 3.334 Thread 0x00000242bcd6d000 Exception <a 'java/io/FileNotFoundException'{0x000000008963af58}> (0x000000008963af58) thrown at [t:/workspace/open/src/hotspot/share/prims/jni.cpp, line 615]
Event: 3.362 Thread 0x00000242bcd6d000 Exception <a 'java/lang/NoSuchMethodError'{0x0000000089695f68}: java.lang.invoke.DirectMethodHandle$Holder.invokeStatic(Ljava/lang/Object;Ljava/lang/Object;Ljava/lang/Object;Ljava/lang/Object;Ljava/lang/Object;Ljava/lang/Object;Ljava/lang/Object;Ljava/lan
Event: 3.366 Thread 0x00000242bcd6d000 Exception <a 'java/lang/NoSuchMethodError'{0x00000000896a3b18}: java.lang.invoke.DirectMethodHandle$Holder.invokeStatic(Ljava/lang/Object;Ljava/lang/Object;Ljava/lang/Object;Ljava/lang/Object;Ljava/lang/Object;Ljava/lang/Object;Ljava/lang/Object;Ljava/lan
Event: 3.369 Thread 0x00000242bcd6d000 Exception <a 'java/lang/NoSuchMethodError'{0x00000000896b1780}: java.lang.invoke.DirectMethodHandle$Holder.invokeSpecial(Ljava/lang/Object;Ljava/lang/Object;IILjava/lang/Object;Ljava/lang/Object;Ljava/lang/Object;)Ljava/lang/Object;> (0x00000000896b1780) 
Event: 3.369 Thread 0x00000242bcd6d000 Exception <a 'java/lang/NoSuchMethodError'{0x00000000896b4d08}: java.lang.invoke.DelegatingMethodHandle$Holder.reinvoke_L(Ljava/lang/Object;IILjava/lang/Object;Ljava/lang/Object;Ljava/lang/Object;)Ljava/lang/Object;> (0x00000000896b4d08) thrown at [t:/wor
Event: 3.371 Thread 0x00000242bcd6d000 Exception <a 'java/lang/NoSuchMethodError'{0x00000000896b8f90}: java.lang.invoke.DirectMethodHandle$Holder.invokeStatic(Ljava/lang/Object;Ljava/lang/Object;Ljava/lang/Object;Ljava/lang/Object;I)Ljava/lang/Object;> (0x00000000896b8f90) thrown at [t:/worksp
Event: 3.391 Thread 0x00000242bcd6d000 Exception <a 'java/io/FileNotFoundException'{0x000000008951bca8}> (0x000000008951bca8) thrown at [t:/workspace/open/src/hotspot/share/prims/jni.cpp, line 615]

Events (10 events):
Event: 3.691 loading class DabEngine/Observer/EventManager
Event: 3.691 loading class DabEngine/Observer/EventManager done
Event: 3.692 loading class DabEngine/Graphics/ResizeEvent
Event: 3.692 loading class DabEngine/Graphics/ResizeEvent done
Event: 3.693 loading class org/lwjgl/stb/STBTTAlignedQuad
Event: 3.693 loading class org/lwjgl/stb/STBTTAlignedQuad done
Event: 3.722 loading class org/lwjgl/glfw/EventLoop$OnScreen
Event: 3.722 loading class org/lwjgl/glfw/EventLoop$OnScreen done
Event: 3.725 loading class DabEngine/Utils/Timer
Event: 3.725 loading class DabEngine/Utils/Timer done


Dynamic libraries:
0x00007ff640990000 - 0x00007ff6409d7000 	C:\Program Files\Java\jdk-11.0.1\bin\java.exe
0x00007ffda9570000 - 0x00007ffda9751000 	C:\WINDOWS\SYSTEM32\ntdll.dll
0x00007ffda6db0000 - 0x00007ffda6e61000 	C:\WINDOWS\System32\KERNEL32.DLL
0x00007ffda61f0000 - 0x00007ffda6463000 	C:\WINDOWS\System32\KERNELBASE.dll
0x00007ffda7330000 - 0x00007ffda73d1000 	C:\WINDOWS\System32\ADVAPI32.dll
0x00007ffda7820000 - 0x00007ffda78be000 	C:\WINDOWS\System32\msvcrt.dll
0x00007ffda8ef0000 - 0x00007ffda8f4b000 	C:\WINDOWS\System32\sechost.dll
0x00007ffda7440000 - 0x00007ffda7564000 	C:\WINDOWS\System32\RPCRT4.dll
0x00007ffda6fc0000 - 0x00007ffda7150000 	C:\WINDOWS\System32\USER32.dll
0x00007ffda6470000 - 0x00007ffda6490000 	C:\WINDOWS\System32\win32u.dll
0x00007ffda7410000 - 0x00007ffda7438000 	C:\WINDOWS\System32\GDI32.dll
0x00007ffda6050000 - 0x00007ffda61e2000 	C:\WINDOWS\System32\gdi32full.dll
0x00007ffda6960000 - 0x00007ffda69ff000 	C:\WINDOWS\System32\msvcp_win.dll
0x00007ffda6540000 - 0x00007ffda6638000 	C:\WINDOWS\System32\ucrtbase.dll
0x00007ffd91a60000 - 0x00007ffd91cc9000 	C:\WINDOWS\WinSxS\amd64_microsoft.windows.common-controls_6595b64144ccf1df_6.0.17134.766_none_fb43a1f3306471ed\COMCTL32.dll
0x00007ffd9b6c0000 - 0x00007ffd9b6ca000 	C:\WINDOWS\SYSTEM32\VERSION.dll
0x00007ffda6a80000 - 0x00007ffda6da2000 	C:\WINDOWS\System32\combase.dll
0x00007ffda66f0000 - 0x00007ffda676a000 	C:\WINDOWS\System32\bcryptPrimitives.dll
0x00007ffda73e0000 - 0x00007ffda740d000 	C:\WINDOWS\System32\IMM32.DLL
0x00007ffd772e0000 - 0x00007ffd772f6000 	C:\Program Files\Java\jdk-11.0.1\bin\vcruntime140.dll
0x00007ffd6cdd0000 - 0x00007ffd6ce7a000 	C:\Program Files\Java\jdk-11.0.1\bin\msvcp140.dll
0x00007ffd55d10000 - 0x00007ffd56852000 	C:\Program Files\Java\jdk-11.0.1\bin\server\jvm.dll
0x00007ffda77b0000 - 0x00007ffda77b8000 	C:\WINDOWS\System32\PSAPI.DLL
0x00007ffd99640000 - 0x00007ffd99649000 	C:\WINDOWS\SYSTEM32\WSOCK32.dll
0x00007ffda7730000 - 0x00007ffda779c000 	C:\WINDOWS\System32\WS2_32.dll
0x00007ffda29e0000 - 0x00007ffda2a03000 	C:\WINDOWS\SYSTEM32\WINMM.dll
0x00007ffda29b0000 - 0x00007ffda29da000 	C:\WINDOWS\SYSTEM32\WINMMBASE.dll
0x00007ffda66a0000 - 0x00007ffda66e9000 	C:\WINDOWS\System32\cfgmgr32.dll
0x00007ffda5880000 - 0x00007ffda5891000 	C:\WINDOWS\System32\kernel.appcore.dll
0x00007ffd76da0000 - 0x00007ffd76db1000 	C:\Program Files\Java\jdk-11.0.1\bin\verify.dll
0x00007ffda53d0000 - 0x00007ffda5599000 	C:\WINDOWS\SYSTEM32\DBGHELP.DLL
0x00007ffda5300000 - 0x00007ffda5329000 	C:\WINDOWS\SYSTEM32\dbgcore.DLL
0x00007ffd73f10000 - 0x00007ffd73f39000 	C:\Program Files\Java\jdk-11.0.1\bin\java.dll
0x00007ffd9e7c0000 - 0x00007ffd9e7f7000 	C:\Program Files\Java\jdk-11.0.1\bin\jdwp.dll
0x00007ffd76d80000 - 0x00007ffd76d96000 	C:\Program Files\Java\jdk-11.0.1\bin\zip.dll
0x00007ffd92b30000 - 0x00007ffd92b3a000 	C:\Program Files\Java\jdk-11.0.1\bin\jimage.dll
0x00007ffda7a30000 - 0x00007ffda8e70000 	C:\WINDOWS\System32\SHELL32.dll
0x00007ffda6f10000 - 0x00007ffda6fb9000 	C:\WINDOWS\System32\shcore.dll
0x00007ffda5940000 - 0x00007ffda604d000 	C:\WINDOWS\System32\windows.storage.dll
0x00007ffda6a00000 - 0x00007ffda6a51000 	C:\WINDOWS\System32\shlwapi.dll
0x00007ffda58b0000 - 0x00007ffda58cf000 	C:\WINDOWS\System32\profapi.dll
0x00007ffda58f0000 - 0x00007ffda593c000 	C:\WINDOWS\System32\powrprof.dll
0x00007ffda58a0000 - 0x00007ffda58aa000 	C:\WINDOWS\System32\FLTLIB.DLL
0x00007ffda5360000 - 0x00007ffda536a000 	C:\Program Files\Java\jdk-11.0.1\bin\dt_socket.dll
0x00007ffda4da0000 - 0x00007ffda4e06000 	C:\WINDOWS\System32\mswsock.dll
0x00007ffda4b60000 - 0x00007ffda4c1e000 	C:\WINDOWS\SYSTEM32\DNSAPI.dll
0x00007ffda77a0000 - 0x00007ffda77a8000 	C:\WINDOWS\System32\NSI.dll
0x00007ffda4b20000 - 0x00007ffda4b58000 	C:\WINDOWS\SYSTEM32\IPHLPAPI.DLL
0x00007ffd9cd00000 - 0x00007ffd9cd72000 	C:\WINDOWS\System32\fwpuclnt.dll
0x00007ffda53a0000 - 0x00007ffda53c5000 	C:\WINDOWS\SYSTEM32\bcrypt.dll
0x00007ffd9d9c0000 - 0x00007ffd9d9ca000 	C:\Windows\System32\rasadhlp.dll
0x00007ffd73bc0000 - 0x00007ffd73bd9000 	C:\Program Files\Java\jdk-11.0.1\bin\net.dll
0x00007ffd9d430000 - 0x00007ffd9d50d000 	C:\WINDOWS\SYSTEM32\WINHTTP.dll
0x00007ffd737c0000 - 0x00007ffd737d3000 	C:\Program Files\Java\jdk-11.0.1\bin\nio.dll
0x00007ffd8cee0000 - 0x00007ffd8cf52000 	C:\Users\B\AppData\Local\Temp\lwjglB\3.2.2-build-10\lwjgl.dll
0x00007ffd8ce80000 - 0x00007ffd8cede000 	C:\Users\B\AppData\Local\Temp\lwjglB\3.2.2-build-10\glfw.dll
0x00007ffda3330000 - 0x00007ffda33c8000 	C:\WINDOWS\system32\uxtheme.dll
0x00007ffd93d00000 - 0x00007ffd93d43000 	C:\WINDOWS\SYSTEM32\dinput8.dll
0x00007ffd99440000 - 0x00007ffd99450000 	C:\WINDOWS\SYSTEM32\xinput1_4.dll
0x00007ffda5690000 - 0x00007ffda56b7000 	C:\WINDOWS\SYSTEM32\DEVOBJ.dll
0x00007ffda35b0000 - 0x00007ffda35d9000 	C:\WINDOWS\SYSTEM32\dwmapi.dll
0x00007ffd9adc0000 - 0x00007ffd9ae39000 	C:\WINDOWS\SYSTEM32\inputhost.dll
0x00007ffda2fb0000 - 0x00007ffda308a000 	C:\WINDOWS\SYSTEM32\CoreMessaging.dll
0x00007ffda0ea0000 - 0x00007ffda0fed000 	C:\WINDOWS\SYSTEM32\wintypes.dll
0x00007ffda0ff0000 - 0x00007ffda130e000 	C:\WINDOWS\SYSTEM32\CoreUIComponents.dll
0x00007ffda45e0000 - 0x00007ffda4611000 	C:\WINDOWS\SYSTEM32\ntmarta.dll
0x00007ffda71b0000 - 0x00007ffda7323000 	C:\WINDOWS\System32\MSCTF.dll
0x00007ffda7660000 - 0x00007ffda7722000 	C:\WINDOWS\System32\OLEAUT32.dll
0x00007ffda4220000 - 0x00007ffda422c000 	C:\WINDOWS\SYSTEM32\HID.DLL
0x00007ffda8f50000 - 0x00007ffda939b000 	C:\WINDOWS\System32\SETUPAPI.DLL
0x00007ffda6640000 - 0x00007ffda6697000 	C:\WINDOWS\System32\WINTRUST.dll
0x00007ffda58d0000 - 0x00007ffda58e2000 	C:\WINDOWS\System32\MSASN1.dll
0x00007ffda6770000 - 0x00007ffda6952000 	C:\WINDOWS\System32\CRYPT32.dll
0x00007ffd79220000 - 0x00007ffd79340000 	C:\WINDOWS\SYSTEM32\opengl32.dll
0x00007ffd791f0000 - 0x00007ffd7921c000 	C:\WINDOWS\SYSTEM32\GLU32.dll
0x00007ffd6c550000 - 0x00007ffd6cd81000 	C:\WINDOWS\SYSTEM32\ig7icd64.dll
0x00007ffd9f330000 - 0x00007ffd9f795000 	C:\WINDOWS\SYSTEM32\igdusc64.dll
0x00007ffda1b20000 - 0x00007ffda1b33000 	C:\WINDOWS\SYSTEM32\WTSAPI32.dll
0x00007ffda42b0000 - 0x00007ffda436b000 	C:\WINDOWS\SYSTEM32\dxgi.dll
0x00007ffda1ca0000 - 0x00007ffda1fab000 	C:\WINDOWS\SYSTEM32\d3d11.dll
0x00007ffd9f7b0000 - 0x00007ffda0352000 	C:\WINDOWS\SYSTEM32\igd10iumd64.dll
0x00007ffda78c0000 - 0x00007ffda7a11000 	C:\WINDOWS\System32\ole32.dll
0x00007ffda5030000 - 0x00007ffda5056000 	C:\WINDOWS\SYSTEM32\ncrypt.dll
0x00007ffda4ff0000 - 0x00007ffda5026000 	C:\WINDOWS\SYSTEM32\NTASN1.dll
0x00007ffd9ae40000 - 0x00007ffd9aed6000 	C:\WINDOWS\System32\TextInputFramework.dll
0x00007ffd8ce20000 - 0x00007ffd8ce78000 	C:\Users\B\AppData\Local\Temp\lwjglB\3.2.2-build-10\lwjgl_opengl.dll
0x00007ffd8cbc0000 - 0x00007ffd8ce11000 	C:\Users\B\AppData\Local\Temp\lwjglB\3.2.2-build-10\jemalloc.dll
0x00007ffd8cb40000 - 0x00007ffd8cbbf000 	C:\Users\B\AppData\Local\Temp\lwjglB\3.2.2-build-10\lwjgl_stb.dll
0x00007ffd8c9a0000 - 0x00007ffd8cb3f000 	C:\Program Files\Java\jdk-11.0.1\bin\awt.dll
0x00007ffda1fb0000 - 0x00007ffda2577000 	C:\WINDOWS\SYSTEM32\d2d1.dll
0x00007ffda31b0000 - 0x00007ffda323b000 	C:\WINDOWS\SYSTEM32\apphelp.dll

dbghelp: loaded successfully - version: 4.0.5 - missing functions: none
symbol engine: initialized successfully - sym options: 0x614 - pdb path: .;C:\Program Files\Java\jdk-11.0.1\bin;C:\WINDOWS\SYSTEM32;C:\WINDOWS\WinSxS\amd64_microsoft.windows.common-controls_6595b64144ccf1df_6.0.17134.766_none_fb43a1f3306471ed;C:\Program Files\Java\jdk-11.0.1\bin\server;C:\Users\B\AppData\Local\Temp\lwjglB\3.2.2-build-10

VM Arguments:
jvm_args: -Xdebug -Xnoagent -Djava.compiler=NONE -Xrunjdwp:transport=dt_socket,address=localhost:65165,server=n,suspend=y -Dfile.encoding=UTF-8 
java_command: DabEngine.TestCaseEngine
java_class_path (initial): C:\Users\B\Documents\DabEngine\bin\main;C:\Users\B\Documents\DabEngine\bin\test;\DabEngine\bin\default;C:\Users\B\.gradle\caches\modules-2\files-2.1\org.apache.commons\commons-math3\3.6.1\e4ba98f1d4b3c80ec46392f25e094a6a2e58fcbf\commons-math3-3.6.1.jar;C:\Users\B\.gradle\caches\modules-2\files-2.1\com.google.guava\guava\27.0.1-jre\bd41a290787b5301e63929676d792c507bbc00ae\guava-27.0.1-jre.jar;C:\Users\B\Documents\DabEngine\libs\jython-standalone-2.7.0.jar;C:\Users\B\.gradle\caches\modules-2\files-2.1\com.googlecode.json-simple\json-simple\1.1.1\c9ad4a0850ab676c5c64461a05ca524cdfff59f1\json-simple-1.1.1.jar;C:\Users\B\.gradle\caches\modules-2\files-2.1\com.google.guava\failureaccess\1.0.1\1dcf1de382a0bf95a3d8b0849546c88bac1292c9\failureaccess-1.0.1.jar;C:\Users\B\.gradle\caches\modules-2\files-2.1\com.google.guava\listenablefuture\9999.0-empty-to-avoid-conflict-with-guava\b421526c5f297295adef1c886e5246c39d4ac629\listenablefuture-9999.0-empty-to-avoid-conflict-with-guava.jar;C:\Users\B\.gradle\caches\modules-2\files-2.1\com.google.code.findbugs\jsr305\3.0.2\25ea2e8b0c338a877313bd4672d3fe056ea78f0d\jsr305-3.0.2.jar;C:\Users\B\.gradle\caches\modules-2\files-2.1\org.checkerframework\checker-qual\2.5.2\cea74543d5904a30861a61b4643a5f2bb372efc4\checker-qual-2.5.2.jar;C:\Users\B\.gradle\caches\modules-2\files-2.1\com.google.errorprone\error_prone_annotations\2.2.0\88e3c593e9b3586e1c6177f89267da6fc6986f0c\error_prone_annotations-2.2.0.jar;C:\Users\B\.gradle\caches\modules-2\files-2.1\com.google.j2objc\j2objc-annotations\1.1\ed28ded51a8b1c6b112568def5f4b455e6809019\j2objc-annotations-1.1.jar;C:\Users\B\.gradle\caches\modules-2\files-2.1\org.codehaus.mojo\animal-sniffer-annotations\1.17\f97ce6decaea32b36101e37979f8b647f00681fb\animal-sniffer-annotations-1.17.jar;C:\Users\B\.gradle\caches\modules-2\files-2.1\junit\junit\4.10\e4f1766ce7404a08f45d859fb9c226fc9e41a861\junit-4.10.jar;C:\Users\B\.gradle\caches\modules-2\files-2.1\org.hamcrest\hamcrest-core
Launcher Type: SUN_STANDARD

[Global flags]
     intx CICompilerCount                          = 3                                         {product} {ergonomic}
     uint ConcGCThreads                            = 1                                         {product} {ergonomic}
     uint G1ConcRefinementThreads                  = 4                                         {product} {ergonomic}
   size_t G1HeapRegionSize                         = 1048576                                   {product} {ergonomic}
    uintx GCDrainStackTargetSize                   = 64                                        {product} {ergonomic}
   size_t InitialHeapSize                          = 134217728                                 {product} {ergonomic}
   size_t MarkStackSize                            = 4194304                                   {product} {ergonomic}
   size_t MaxHeapSize                              = 2122317824                                {product} {ergonomic}
   size_t MaxNewSize                               = 1272971264                                {product} {ergonomic}
   size_t MinHeapDeltaBytes                        = 1048576                                   {product} {ergonomic}
    uintx NonNMethodCodeHeapSize                   = 5830092                                {pd product} {ergonomic}
    uintx NonProfiledCodeHeapSize                  = 122914074                              {pd product} {ergonomic}
    uintx ProfiledCodeHeapSize                     = 122914074                              {pd product} {ergonomic}
    uintx ReservedCodeCacheSize                    = 251658240                              {pd product} {ergonomic}
     bool SegmentedCodeCache                       = true                                      {product} {ergonomic}
     bool UseCompressedClassPointers               = true                                 {lp64_product} {ergonomic}
     bool UseCompressedOops                        = true                                 {lp64_product} {ergonomic}
     bool UseG1GC                                  = true                                      {product} {ergonomic}
     bool UseLargePagesIndividualAllocation        = false                                  {pd product} {ergonomic}

Logging:
Log output configuration:
 #0: stdout all=warning uptime,level,tags
 #1: stderr all=off uptime,level,tags

Environment Variables:
CLASSPATH=.;.;C:\PROGRA~2\JMF21~1.1E\lib\sound.jar;C:\PROGRA~2\JMF21~1.1E\lib\jmf.jar;C:\PROGRA~2\JMF21~1.1E\lib;
PATH=C:\Program Files (x86)\Common Files\Intel\Shared Libraries\redist\intel64\compiler;C:\WINDOWS\system32;C:\WINDOWS;C:\WINDOWS\System32\Wbem;C:\WINDOWS\System32\WindowsPowerShell\v1.0\;C:\WINDOWS\System32\OpenSSH\;C:\Program Files\Java\jdk-11.0.1\bin;C:\Program Files\Git\cmd;C:\Program Files (x86)\Windows Kits\10\Windows Performance Toolkit\;C:\Program Files\Csound6_x64\bin;C:\Users\B\AppData\Local\Programs\Python\Python36\Scripts\;C:\Users\B\AppData\Local\Programs\Python\Python36\;C:\Users\B\scoop\shims;C:\Users\B\AppData\Local\Microsoft\WindowsApps;C:\Users\B\AppData\Local\GitHubDesktop\bin;C:\Users\B\AppData\Local\atom\bin;C:\Users\B\AppData\Local\Programs\Microsoft VS Code\bin
USERNAME=B
OS=Windows_NT
PROCESSOR_IDENTIFIER=Intel64 Family 6 Model 58 Stepping 9, GenuineIntel



---------------  S Y S T E M  ---------------

OS: Windows 10 , 64 bit Build 17134 (10.0.17134.753)

CPU:total 4 (initial active 4) (2 cores per cpu, 2 threads per core) family 6 model 58 stepping 9, cmov, cx8, fxsr, mmx, sse, sse2, sse3, ssse3, sse4.1, sse4.2, popcnt, avx, clmul, erms, ht, tsc, tscinvbit, tscinv

Memory: 4k page, system-wide physical 8089M (1824M free)
TotalPageFile size 16179M (AvailPageFile size 6620M)
current process WorkingSet (physical memory assigned to process): 152M, peak: 155M
current process commit charge ("private bytes"): 278M, peak: 283M

vm_info: Java HotSpot(TM) 64-Bit Server VM (11.0.1+13-LTS) for windows-amd64 JRE (11.0.1+13-LTS), built on Oct  6 2018 13:20:16 by "mach5one" with MS VC++ 15.5 (VS2017)

END.
