#
# A fatal error has been detected by the Java Runtime Environment:
#
#  EXCEPTION_ACCESS_VIOLATION (0xc0000005) at pc=0x00007ffc84db86aa, pid=2844, tid=1732
#
# JRE version: Java(TM) SE Runtime Environment (11.0.1+13) (build 11.0.1+13-LTS)
# Java VM: Java HotSpot(TM) 64-Bit Server VM (11.0.1+13-LTS, mixed mode, tiered, compressed oops, g1 gc, windows-amd64)
# Problematic frame:
# V  [jvm.dll+0x7586aa]
#
# No core dump will be written. Minidumps are not enabled by default on client versions of Windows
#
# If you would like to submit a bug report, please visit:
#   http://bugreport.java.com/bugreport/crash.jsp
#

---------------  S U M M A R Y ------------

Command Line: -Dfile.encoding=UTF-8 DabEngine.ModelTest

Host: Intel(R) Core(TM) i3-3110M CPU @ 2.40GHz, 4 cores, 7G,  Windows 10 , 64 bit Build 17134 (10.0.17134.753)
Time: Sun Aug 11 02:25:35 2019 GMT Daylight Time elapsed time: 4 seconds (0d 0h 0m 4s)

---------------  T H R E A D  ---------------

Current thread (0x0000024b26e1c000):  JavaThread "main" [_thread_in_vm, id=1732, stack(0x00000068fe900000,0x00000068fea00000)]

Stack: [0x00000068fe900000,0x00000068fea00000],  sp=0x00000068fe9fefb0,  free space=1019k
Native frames: (J=compiled Java code, j=interpreted, Vv=VM code, C=native code)
V  [jvm.dll+0x7586aa]
C  0x0000024b2f13efb7

Java frames: (J=compiled Java code, j=interpreted, Vv=VM code)
j  jdk.internal.misc.Unsafe.getFloat(Ljava/lang/Object;J)F+0 java.base@11.0.1
j  sun.misc.Unsafe.getFloat(Ljava/lang/Object;J)F+5 jdk.unsupported@11.0.1
j  org.lwjgl.assimp.AIVector3D.nx(J)F+10
j  org.lwjgl.assimp.AIVector3D.x()F+4
j  DabEngine.Graphics.Models.MeshLoader.processMesh(Lorg/lwjgl/assimp/AIMesh;Lorg/lwjgl/assimp/AIScene;)LDabEngine/Graphics/Models/Mesh;+246
j  DabEngine.Graphics.Models.MeshLoader.processNode(Lorg/lwjgl/assimp/AINode;Lorg/lwjgl/assimp/AIScene;)V+33
j  DabEngine.Graphics.Models.MeshLoader.processNode(Lorg/lwjgl/assimp/AINode;Lorg/lwjgl/assimp/AIScene;)V+69
j  DabEngine.Graphics.Models.MeshLoader.<init>(Ljava/lang/String;)V+74
j  DabEngine.ModelTest.init()V+46
j  DabEngine.Core.Engine.init(LDabEngine/Core/App;)V+138
j  DabEngine.ModelTest.main([Ljava/lang/String;)V+10
v  ~StubRoutines::call_stub

siginfo: EXCEPTION_ACCESS_VIOLATION (0xc0000005), reading address 0x0000000000000000


Register to memory mapping:

RIP=0x00007ffc84db86aa jvm.dll
RAX=0x0 is NULL
RBX=0x0000024b26e1c000 is a thread
RCX=0x0000024b26e1c000 is a thread
RDX=0x00000068fe9ff0b0 is pointing into the stack for thread: 0x0000024b26e1c000
RSP=0x00000068fe9fefb0 is pointing into the stack for thread: 0x0000024b26e1c000
RBP=0x0 is NULL
RSI=0x0000024b26e1c000 is a thread
RDI=0x0 is NULL
R8 =0x0 is NULL
R9 =0x0 is NULL
R10=0x0000024b2f13ef88 is at code_begin+1000 in an Interpreter codelet
method entry point (kind = native)  [0x0000024b2f13eba0, 0x0000024b2f13f700]  2912 bytes
R11=0x0000000000000101 is an unknown value
R12=0x0 is NULL
R13=0x0000024b45250a10 is pointing into metadata
R14=0x0 is NULL
R15=0x0000024b26e1c000 is a thread


Registers:
RAX=0x0000000000000000, RBX=0x0000024b26e1c000, RCX=0x0000024b26e1c000, RDX=0x00000068fe9ff0b0
RSP=0x00000068fe9fefb0, RBP=0x0000000000000000, RSI=0x0000024b26e1c000, RDI=0x0000000000000000
R8 =0x0000000000000000, R9 =0x0000000000000000, R10=0x0000024b2f13ef88, R11=0x0000000000000101
R12=0x0000000000000000, R13=0x0000024b45250a10, R14=0x0000000000000000, R15=0x0000024b26e1c000
RIP=0x00007ffc84db86aa, EFLAGS=0x0000000000010246

Top of Stack: (sp=0x00000068fe9fefb0)
0x00000068fe9fefb0:   0000024b26e1c000 00000068fe9ff840
0x00000068fe9fefc0:   0000000000000000 00007ffc847ed0df
0x00000068fe9fefd0:   0000000000000000 0000000000000000
0x00000068fe9fefe0:   00000068fe9ff0b0 0000024b2f13efb7
0x00000068fe9feff0:   0000024b45250a18 00000068fe9ff078
0x00000068fe9ff000:   0000024b477437d8 0000000000000000
0x00000068fe9ff010:   0000024b26e1c000 00000068fe9ff078
0x00000068fe9ff020:   0000000088944900 0000000000000024
0x00000068fe9ff030:   00000068fe9ff030 0000000000000000
0x00000068fe9ff040:   00000068fe9ff0b0 0000024b452a1e18
0x00000068fe9ff050:   0000000000000000 0000000088944968
0x00000068fe9ff060:   0000024b45250a18 0000000000000000
0x00000068fe9ff070:   00000068fe9ff098 00000068fe9ff100
0x00000068fe9ff080:   0000024b2f1399e0 0000000000000000
0x00000068fe9ff090:   0000024b2f13bf99 0000000000000000
0x00000068fe9ff0a0:   0000000000000000 0000000000000000 

Instructions: (pc=0x00007ffc84db86aa)
0x00007ffc84db868a:   d2 58 cb ff eb 06 ff 15 5a eb 2a 00 48 85 c0 74
0x00007ffc84db869a:   08 f3 42 0f 10 34 30 eb 13 c6 83 dc 03 00 00 01
0x00007ffc84db86aa:   f3 41 0f 10 36 c6 83 dc 03 00 00 00 48 8b bb f0
0x00007ffc84db86ba:   00 00 00 48 8b 47 10 48 8b 77 08 48 83 38 00 74 



---------------  P R O C E S S  ---------------

Threads class SMR info:
_java_thread_list=0x0000024b4ae68690, length=10, elements={
0x0000024b26e1c000, 0x0000024b45178800, 0x0000024b45182800, 0x0000024b45ae1800,
0x0000024b45ae2800, 0x0000024b45193000, 0x0000024b45196800, 0x0000024b45a92800,
0x0000024b45dc0800, 0x0000024b45dd0000
}

Java Threads: ( => current thread )
=>0x0000024b26e1c000 JavaThread "main" [_thread_in_vm, id=1732, stack(0x00000068fe900000,0x00000068fea00000)]
  0x0000024b45178800 JavaThread "Reference Handler" daemon [_thread_blocked, id=10804, stack(0x00000068ff000000,0x00000068ff100000)]
  0x0000024b45182800 JavaThread "Finalizer" daemon [_thread_blocked, id=1448, stack(0x00000068ff100000,0x00000068ff200000)]
  0x0000024b45ae1800 JavaThread "Signal Dispatcher" daemon [_thread_blocked, id=12812, stack(0x00000068ff200000,0x00000068ff300000)]
  0x0000024b45ae2800 JavaThread "Attach Listener" daemon [_thread_blocked, id=13596, stack(0x00000068ff300000,0x00000068ff400000)]
  0x0000024b45193000 JavaThread "C2 CompilerThread0" daemon [_thread_blocked, id=11196, stack(0x00000068ff400000,0x00000068ff500000)]
  0x0000024b45196800 JavaThread "C1 CompilerThread0" daemon [_thread_blocked, id=15556, stack(0x00000068ff500000,0x00000068ff600000)]
  0x0000024b45a92800 JavaThread "Sweeper thread" daemon [_thread_blocked, id=12164, stack(0x00000068ff600000,0x00000068ff700000)]
  0x0000024b45dc0800 JavaThread "Service Thread" daemon [_thread_blocked, id=6212, stack(0x00000068ff700000,0x00000068ff800000)]
  0x0000024b45dd0000 JavaThread "Common-Cleaner" daemon [_thread_blocked, id=12624, stack(0x00000068ff900000,0x00000068ffa00000)]

Other Threads:
  0x0000024b45153800 VMThread "VM Thread" [stack: 0x00000068fef00000,0x00000068ff000000] [id=15128]
  0x0000024b45dc7800 WatcherThread [stack: 0x00000068ff800000,0x00000068ff900000] [id=11812]
  0x0000024b26e34000 GCTaskThread "GC Thread#0" [stack: 0x00000068fea00000,0x00000068feb00000] [id=16332]
  0x0000024b464fd800 GCTaskThread "GC Thread#1" [stack: 0x00000068ffa00000,0x00000068ffb00000] [id=11328]
  0x0000024b46316000 GCTaskThread "GC Thread#2" [stack: 0x00000068ffb00000,0x00000068ffc00000] [id=7744]
  0x0000024b26e63800 ConcurrentGCThread "G1 Main Marker" [stack: 0x00000068feb00000,0x00000068fec00000] [id=12484]
  0x0000024b26e65000 ConcurrentGCThread "G1 Conc#0" [stack: 0x00000068fec00000,0x00000068fed00000] [id=6048]
  0x0000024b44fc1800 ConcurrentGCThread "G1 Refine#0" [stack: 0x00000068fed00000,0x00000068fee00000] [id=10048]
  0x0000024b44fc2800 ConcurrentGCThread "G1 Young RemSet Sampling" [stack: 0x00000068fee00000,0x00000068fef00000] [id=13548]

Threads with active compile tasks:

VM state:not at safepoint (normal execution)

VM Mutex/Monitor currently owned by a thread: None

Heap address: 0x0000000081800000, size: 2024 MB, Compressed Oops mode: 32-bit
Narrow klass base: 0x0000000000000000, Narrow klass shift: 3
Compressed class space size: 1073741824 Address: 0x0000000100000000

Heap:
 garbage-first heap   total 131072K, used 40900K [0x0000000081800000, 0x0000000100000000)
  region size 1024K, 37 young (37888K), 2 survivors (2048K)
 Metaspace       used 13940K, capacity 14116K, committed 14464K, reserved 1062912K
  class space    used 987K, capacity 1048K, committed 1152K, reserved 1048576K
Heap Regions: E=young(eden), S=young(survivor), O=old, HS=humongous(starts), HC=humongous(continues), CS=collection set, F=free, A=archive, TAMS=top-at-mark-start (previous, next)
|   0|0x0000000081800000, 0x0000000081900000, 0x0000000081900000|100%|HS|  |TAMS 0x0000000081800000, 0x0000000081800000| Complete 
|   1|0x0000000081900000, 0x0000000081a00000, 0x0000000081a00000|100%|HC|  |TAMS 0x0000000081900000, 0x0000000081900000| Complete 
|   2|0x0000000081a00000, 0x0000000081b00000, 0x0000000081b00000|100%| O|  |TAMS 0x0000000081a00000, 0x0000000081a00000| Untracked 
|   3|0x0000000081b00000, 0x0000000081bf1000, 0x0000000081c00000| 94%| O|  |TAMS 0x0000000081b00000, 0x0000000081b00000| Untracked 
|   4|0x0000000081c00000, 0x0000000081d00000, 0x0000000081d00000|100%|HS|  |TAMS 0x0000000081c00000, 0x0000000081c00000| Complete 
|   5|0x0000000081d00000, 0x0000000081d00000, 0x0000000081e00000|  0%| F|  |TAMS 0x0000000081d00000, 0x0000000081d00000| Untracked 
|   6|0x0000000081e00000, 0x0000000081e00000, 0x0000000081f00000|  0%| F|  |TAMS 0x0000000081e00000, 0x0000000081e00000| Untracked 
|   7|0x0000000081f00000, 0x0000000081f00000, 0x0000000082000000|  0%| F|  |TAMS 0x0000000081f00000, 0x0000000081f00000| Untracked 
|   8|0x0000000082000000, 0x0000000082000000, 0x0000000082100000|  0%| F|  |TAMS 0x0000000082000000, 0x0000000082000000| Untracked 
|   9|0x0000000082100000, 0x0000000082100000, 0x0000000082200000|  0%| F|  |TAMS 0x0000000082100000, 0x0000000082100000| Untracked 
|  10|0x0000000082200000, 0x0000000082200000, 0x0000000082300000|  0%| F|  |TAMS 0x0000000082200000, 0x0000000082200000| Untracked 
|  11|0x0000000082300000, 0x0000000082300000, 0x0000000082400000|  0%| F|  |TAMS 0x0000000082300000, 0x0000000082300000| Untracked 
|  12|0x0000000082400000, 0x0000000082400000, 0x0000000082500000|  0%| F|  |TAMS 0x0000000082400000, 0x0000000082400000| Untracked 
|  13|0x0000000082500000, 0x0000000082500000, 0x0000000082600000|  0%| F|  |TAMS 0x0000000082500000, 0x0000000082500000| Untracked 
|  14|0x0000000082600000, 0x0000000082600000, 0x0000000082700000|  0%| F|  |TAMS 0x0000000082600000, 0x0000000082600000| Untracked 
|  15|0x0000000082700000, 0x0000000082700000, 0x0000000082800000|  0%| F|  |TAMS 0x0000000082700000, 0x0000000082700000| Untracked 
|  16|0x0000000082800000, 0x0000000082800000, 0x0000000082900000|  0%| F|  |TAMS 0x0000000082800000, 0x0000000082800000| Untracked 
|  17|0x0000000082900000, 0x0000000082900000, 0x0000000082a00000|  0%| F|  |TAMS 0x0000000082900000, 0x0000000082900000| Untracked 
|  18|0x0000000082a00000, 0x0000000082a00000, 0x0000000082b00000|  0%| F|  |TAMS 0x0000000082a00000, 0x0000000082a00000| Untracked 
|  19|0x0000000082b00000, 0x0000000082b00000, 0x0000000082c00000|  0%| F|  |TAMS 0x0000000082b00000, 0x0000000082b00000| Untracked 
|  20|0x0000000082c00000, 0x0000000082c00000, 0x0000000082d00000|  0%| F|  |TAMS 0x0000000082c00000, 0x0000000082c00000| Untracked 
|  21|0x0000000082d00000, 0x0000000082d00000, 0x0000000082e00000|  0%| F|  |TAMS 0x0000000082d00000, 0x0000000082d00000| Untracked 
|  22|0x0000000082e00000, 0x0000000082e00000, 0x0000000082f00000|  0%| F|  |TAMS 0x0000000082e00000, 0x0000000082e00000| Untracked 
|  23|0x0000000082f00000, 0x0000000082f00000, 0x0000000083000000|  0%| F|  |TAMS 0x0000000082f00000, 0x0000000082f00000| Untracked 
|  24|0x0000000083000000, 0x0000000083000000, 0x0000000083100000|  0%| F|  |TAMS 0x0000000083000000, 0x0000000083000000| Untracked 
|  25|0x0000000083100000, 0x0000000083100000, 0x0000000083200000|  0%| F|  |TAMS 0x0000000083100000, 0x0000000083100000| Untracked 
|  26|0x0000000083200000, 0x0000000083200000, 0x0000000083300000|  0%| F|  |TAMS 0x0000000083200000, 0x0000000083200000| Untracked 
|  27|0x0000000083300000, 0x0000000083300000, 0x0000000083400000|  0%| F|  |TAMS 0x0000000083300000, 0x0000000083300000| Untracked 
|  28|0x0000000083400000, 0x0000000083400000, 0x0000000083500000|  0%| F|  |TAMS 0x0000000083400000, 0x0000000083400000| Untracked 
|  29|0x0000000083500000, 0x0000000083500000, 0x0000000083600000|  0%| F|  |TAMS 0x0000000083500000, 0x0000000083500000| Untracked 
|  30|0x0000000083600000, 0x0000000083600000, 0x0000000083700000|  0%| F|  |TAMS 0x0000000083600000, 0x0000000083600000| Untracked 
|  31|0x0000000083700000, 0x0000000083700000, 0x0000000083800000|  0%| F|  |TAMS 0x0000000083700000, 0x0000000083700000| Untracked 
|  32|0x0000000083800000, 0x0000000083800000, 0x0000000083900000|  0%| F|  |TAMS 0x0000000083800000, 0x0000000083800000| Untracked 
|  33|0x0000000083900000, 0x0000000083900000, 0x0000000083a00000|  0%| F|  |TAMS 0x0000000083900000, 0x0000000083900000| Untracked 
|  34|0x0000000083a00000, 0x0000000083a00000, 0x0000000083b00000|  0%| F|  |TAMS 0x0000000083a00000, 0x0000000083a00000| Untracked 
|  35|0x0000000083b00000, 0x0000000083b00000, 0x0000000083c00000|  0%| F|  |TAMS 0x0000000083b00000, 0x0000000083b00000| Untracked 
|  36|0x0000000083c00000, 0x0000000083c00000, 0x0000000083d00000|  0%| F|  |TAMS 0x0000000083c00000, 0x0000000083c00000| Untracked 
|  37|0x0000000083d00000, 0x0000000083d00000, 0x0000000083e00000|  0%| F|  |TAMS 0x0000000083d00000, 0x0000000083d00000| Untracked 
|  38|0x0000000083e00000, 0x0000000083e00000, 0x0000000083f00000|  0%| F|  |TAMS 0x0000000083e00000, 0x0000000083e00000| Untracked 
|  39|0x0000000083f00000, 0x0000000083f00000, 0x0000000084000000|  0%| F|  |TAMS 0x0000000083f00000, 0x0000000083f00000| Untracked 
|  40|0x0000000084000000, 0x0000000084000000, 0x0000000084100000|  0%| F|  |TAMS 0x0000000084000000, 0x0000000084000000| Untracked 
|  41|0x0000000084100000, 0x0000000084100000, 0x0000000084200000|  0%| F|  |TAMS 0x0000000084100000, 0x0000000084100000| Untracked 
|  42|0x0000000084200000, 0x0000000084200000, 0x0000000084300000|  0%| F|  |TAMS 0x0000000084200000, 0x0000000084200000| Untracked 
|  43|0x0000000084300000, 0x0000000084300000, 0x0000000084400000|  0%| F|  |TAMS 0x0000000084300000, 0x0000000084300000| Untracked 
|  44|0x0000000084400000, 0x0000000084400000, 0x0000000084500000|  0%| F|  |TAMS 0x0000000084400000, 0x0000000084400000| Untracked 
|  45|0x0000000084500000, 0x0000000084500000, 0x0000000084600000|  0%| F|  |TAMS 0x0000000084500000, 0x0000000084500000| Untracked 
|  46|0x0000000084600000, 0x0000000084600000, 0x0000000084700000|  0%| F|  |TAMS 0x0000000084600000, 0x0000000084600000| Untracked 
|  47|0x0000000084700000, 0x0000000084700000, 0x0000000084800000|  0%| F|  |TAMS 0x0000000084700000, 0x0000000084700000| Untracked 
|  48|0x0000000084800000, 0x0000000084800000, 0x0000000084900000|  0%| F|  |TAMS 0x0000000084800000, 0x0000000084800000| Untracked 
|  49|0x0000000084900000, 0x0000000084900000, 0x0000000084a00000|  0%| F|  |TAMS 0x0000000084900000, 0x0000000084900000| Untracked 
|  50|0x0000000084a00000, 0x0000000084a00000, 0x0000000084b00000|  0%| F|  |TAMS 0x0000000084a00000, 0x0000000084a00000| Untracked 
|  51|0x0000000084b00000, 0x0000000084b00000, 0x0000000084c00000|  0%| F|  |TAMS 0x0000000084b00000, 0x0000000084b00000| Untracked 
|  52|0x0000000084c00000, 0x0000000084c00000, 0x0000000084d00000|  0%| F|  |TAMS 0x0000000084c00000, 0x0000000084c00000| Untracked 
|  53|0x0000000084d00000, 0x0000000084d00000, 0x0000000084e00000|  0%| F|  |TAMS 0x0000000084d00000, 0x0000000084d00000| Untracked 
|  54|0x0000000084e00000, 0x0000000084e00000, 0x0000000084f00000|  0%| F|  |TAMS 0x0000000084e00000, 0x0000000084e00000| Untracked 
|  55|0x0000000084f00000, 0x0000000084f00000, 0x0000000085000000|  0%| F|  |TAMS 0x0000000084f00000, 0x0000000084f00000| Untracked 
|  56|0x0000000085000000, 0x0000000085000000, 0x0000000085100000|  0%| F|  |TAMS 0x0000000085000000, 0x0000000085000000| Untracked 
|  57|0x0000000085100000, 0x0000000085100000, 0x0000000085200000|  0%| F|  |TAMS 0x0000000085100000, 0x0000000085100000| Untracked 
|  58|0x0000000085200000, 0x0000000085200000, 0x0000000085300000|  0%| F|  |TAMS 0x0000000085200000, 0x0000000085200000| Untracked 
|  59|0x0000000085300000, 0x0000000085300000, 0x0000000085400000|  0%| F|  |TAMS 0x0000000085300000, 0x0000000085300000| Untracked 
|  60|0x0000000085400000, 0x0000000085400000, 0x0000000085500000|  0%| F|  |TAMS 0x0000000085400000, 0x0000000085400000| Untracked 
|  61|0x0000000085500000, 0x0000000085500000, 0x0000000085600000|  0%| F|  |TAMS 0x0000000085500000, 0x0000000085500000| Untracked 
|  62|0x0000000085600000, 0x0000000085600000, 0x0000000085700000|  0%| F|  |TAMS 0x0000000085600000, 0x0000000085600000| Untracked 
|  63|0x0000000085700000, 0x0000000085700000, 0x0000000085800000|  0%| F|  |TAMS 0x0000000085700000, 0x0000000085700000| Untracked 
|  64|0x0000000085800000, 0x0000000085800000, 0x0000000085900000|  0%| F|  |TAMS 0x0000000085800000, 0x0000000085800000| Untracked 
|  65|0x0000000085900000, 0x0000000085900000, 0x0000000085a00000|  0%| F|  |TAMS 0x0000000085900000, 0x0000000085900000| Untracked 
|  66|0x0000000085a00000, 0x0000000085a00000, 0x0000000085b00000|  0%| F|  |TAMS 0x0000000085a00000, 0x0000000085a00000| Untracked 
|  67|0x0000000085b00000, 0x0000000085b00000, 0x0000000085c00000|  0%| F|  |TAMS 0x0000000085b00000, 0x0000000085b00000| Untracked 
|  68|0x0000000085c00000, 0x0000000085c00000, 0x0000000085d00000|  0%| F|  |TAMS 0x0000000085c00000, 0x0000000085c00000| Untracked 
|  69|0x0000000085d00000, 0x0000000085d00000, 0x0000000085e00000|  0%| F|  |TAMS 0x0000000085d00000, 0x0000000085d00000| Untracked 
|  70|0x0000000085e00000, 0x0000000085e00000, 0x0000000085f00000|  0%| F|  |TAMS 0x0000000085e00000, 0x0000000085e00000| Untracked 
|  71|0x0000000085f00000, 0x0000000085f00000, 0x0000000086000000|  0%| F|  |TAMS 0x0000000085f00000, 0x0000000085f00000| Untracked 
|  72|0x0000000086000000, 0x0000000086000000, 0x0000000086100000|  0%| F|  |TAMS 0x0000000086000000, 0x0000000086000000| Untracked 
|  73|0x0000000086100000, 0x0000000086100000, 0x0000000086200000|  0%| F|  |TAMS 0x0000000086100000, 0x0000000086100000| Untracked 
|  74|0x0000000086200000, 0x0000000086200000, 0x0000000086300000|  0%| F|  |TAMS 0x0000000086200000, 0x0000000086200000| Untracked 
|  75|0x0000000086300000, 0x0000000086300000, 0x0000000086400000|  0%| F|  |TAMS 0x0000000086300000, 0x0000000086300000| Untracked 
|  76|0x0000000086400000, 0x0000000086400000, 0x0000000086500000|  0%| F|  |TAMS 0x0000000086400000, 0x0000000086400000| Untracked 
|  77|0x0000000086500000, 0x0000000086500000, 0x0000000086600000|  0%| F|  |TAMS 0x0000000086500000, 0x0000000086500000| Untracked 
|  78|0x0000000086600000, 0x0000000086600000, 0x0000000086700000|  0%| F|  |TAMS 0x0000000086600000, 0x0000000086600000| Untracked 
|  79|0x0000000086700000, 0x0000000086700000, 0x0000000086800000|  0%| F|  |TAMS 0x0000000086700000, 0x0000000086700000| Untracked 
|  80|0x0000000086800000, 0x0000000086800000, 0x0000000086900000|  0%| F|  |TAMS 0x0000000086800000, 0x0000000086800000| Untracked 
|  81|0x0000000086900000, 0x0000000086900000, 0x0000000086a00000|  0%| F|  |TAMS 0x0000000086900000, 0x0000000086900000| Untracked 
|  82|0x0000000086a00000, 0x0000000086a00000, 0x0000000086b00000|  0%| F|  |TAMS 0x0000000086a00000, 0x0000000086a00000| Untracked 
|  83|0x0000000086b00000, 0x0000000086b00000, 0x0000000086c00000|  0%| F|  |TAMS 0x0000000086b00000, 0x0000000086b00000| Untracked 
|  84|0x0000000086c00000, 0x0000000086c00000, 0x0000000086d00000|  0%| F|  |TAMS 0x0000000086c00000, 0x0000000086c00000| Untracked 
|  85|0x0000000086d00000, 0x0000000086d00000, 0x0000000086e00000|  0%| F|  |TAMS 0x0000000086d00000, 0x0000000086d00000| Untracked 
|  86|0x0000000086e00000, 0x0000000086e00000, 0x0000000086f00000|  0%| F|  |TAMS 0x0000000086e00000, 0x0000000086e00000| Untracked 
|  87|0x0000000086f00000, 0x0000000086f00000, 0x0000000087000000|  0%| F|  |TAMS 0x0000000086f00000, 0x0000000086f00000| Untracked 
|  88|0x0000000087000000, 0x0000000087000000, 0x0000000087100000|  0%| F|  |TAMS 0x0000000087000000, 0x0000000087000000| Untracked 
|  89|0x0000000087100000, 0x0000000087100000, 0x0000000087200000|  0%| F|  |TAMS 0x0000000087100000, 0x0000000087100000| Untracked 
|  90|0x0000000087200000, 0x0000000087200000, 0x0000000087300000|  0%| F|  |TAMS 0x0000000087200000, 0x0000000087200000| Untracked 
|  91|0x0000000087300000, 0x0000000087400000, 0x0000000087400000|100%| E|  |TAMS 0x0000000087300000, 0x0000000087300000| Complete 
|  92|0x0000000087400000, 0x0000000087500000, 0x0000000087500000|100%| E|CS|TAMS 0x0000000087400000, 0x0000000087400000| Complete 
|  93|0x0000000087500000, 0x0000000087600000, 0x0000000087600000|100%| E|CS|TAMS 0x0000000087500000, 0x0000000087500000| Complete 
|  94|0x0000000087600000, 0x0000000087700000, 0x0000000087700000|100%| E|CS|TAMS 0x0000000087600000, 0x0000000087600000| Complete 
|  95|0x0000000087700000, 0x0000000087800000, 0x0000000087800000|100%| E|CS|TAMS 0x0000000087700000, 0x0000000087700000| Complete 
|  96|0x0000000087800000, 0x0000000087900000, 0x0000000087900000|100%| E|CS|TAMS 0x0000000087800000, 0x0000000087800000| Complete 
|  97|0x0000000087900000, 0x0000000087a00000, 0x0000000087a00000|100%| E|CS|TAMS 0x0000000087900000, 0x0000000087900000| Complete 
|  98|0x0000000087a00000, 0x0000000087b00000, 0x0000000087b00000|100%| E|  |TAMS 0x0000000087a00000, 0x0000000087a00000| Complete 
|  99|0x0000000087b00000, 0x0000000087c00000, 0x0000000087c00000|100%| E|CS|TAMS 0x0000000087b00000, 0x0000000087b00000| Complete 
| 100|0x0000000087c00000, 0x0000000087d00000, 0x0000000087d00000|100%| E|CS|TAMS 0x0000000087c00000, 0x0000000087c00000| Complete 
| 101|0x0000000087d00000, 0x0000000087e00000, 0x0000000087e00000|100%| E|CS|TAMS 0x0000000087d00000, 0x0000000087d00000| Complete 
| 102|0x0000000087e00000, 0x0000000087f00000, 0x0000000087f00000|100%| E|CS|TAMS 0x0000000087e00000, 0x0000000087e00000| Complete 
| 103|0x0000000087f00000, 0x0000000088000000, 0x0000000088000000|100%| E|CS|TAMS 0x0000000087f00000, 0x0000000087f00000| Complete 
| 104|0x0000000088000000, 0x0000000088100000, 0x0000000088100000|100%| E|CS|TAMS 0x0000000088000000, 0x0000000088000000| Complete 
| 105|0x0000000088100000, 0x0000000088200000, 0x0000000088200000|100%| E|CS|TAMS 0x0000000088100000, 0x0000000088100000| Complete 
| 106|0x0000000088200000, 0x0000000088300000, 0x0000000088300000|100%| E|CS|TAMS 0x0000000088200000, 0x0000000088200000| Complete 
| 107|0x0000000088300000, 0x0000000088400000, 0x0000000088400000|100%| E|CS|TAMS 0x0000000088300000, 0x0000000088300000| Complete 
| 108|0x0000000088400000, 0x0000000088500000, 0x0000000088500000|100%| E|CS|TAMS 0x0000000088400000, 0x0000000088400000| Complete 
| 109|0x0000000088500000, 0x0000000088600000, 0x0000000088600000|100%| E|CS|TAMS 0x0000000088500000, 0x0000000088500000| Complete 
| 110|0x0000000088600000, 0x0000000088700000, 0x0000000088700000|100%| E|CS|TAMS 0x0000000088600000, 0x0000000088600000| Complete 
| 111|0x0000000088700000, 0x0000000088800000, 0x0000000088800000|100%| E|CS|TAMS 0x0000000088700000, 0x0000000088700000| Complete 
| 112|0x0000000088800000, 0x0000000088900000, 0x0000000088900000|100%| S|CS|TAMS 0x0000000088800000, 0x0000000088800000| Complete 
| 113|0x0000000088900000, 0x0000000088a00000, 0x0000000088a00000|100%| S|CS|TAMS 0x0000000088900000, 0x0000000088900000| Complete 
| 114|0x0000000088a00000, 0x0000000088b00000, 0x0000000088b00000|100%| E|CS|TAMS 0x0000000088a00000, 0x0000000088a00000| Complete 
| 115|0x0000000088b00000, 0x0000000088c00000, 0x0000000088c00000|100%| E|CS|TAMS 0x0000000088b00000, 0x0000000088b00000| Complete 
| 116|0x0000000088c00000, 0x0000000088d00000, 0x0000000088d00000|100%| E|CS|TAMS 0x0000000088c00000, 0x0000000088c00000| Complete 
| 117|0x0000000088d00000, 0x0000000088e00000, 0x0000000088e00000|100%| E|CS|TAMS 0x0000000088d00000, 0x0000000088d00000| Complete 
| 118|0x0000000088e00000, 0x0000000088f00000, 0x0000000088f00000|100%| E|CS|TAMS 0x0000000088e00000, 0x0000000088e00000| Complete 
| 119|0x0000000088f00000, 0x0000000089000000, 0x0000000089000000|100%| E|CS|TAMS 0x0000000088f00000, 0x0000000088f00000| Complete 
| 120|0x0000000089000000, 0x0000000089100000, 0x0000000089100000|100%| E|CS|TAMS 0x0000000089000000, 0x0000000089000000| Complete 
| 121|0x0000000089100000, 0x0000000089200000, 0x0000000089200000|100%| E|CS|TAMS 0x0000000089100000, 0x0000000089100000| Complete 
| 122|0x0000000089200000, 0x0000000089300000, 0x0000000089300000|100%| E|CS|TAMS 0x0000000089200000, 0x0000000089200000| Complete 
| 123|0x0000000089300000, 0x0000000089400000, 0x0000000089400000|100%| E|CS|TAMS 0x0000000089300000, 0x0000000089300000| Complete 
| 124|0x0000000089400000, 0x0000000089500000, 0x0000000089500000|100%| E|CS|TAMS 0x0000000089400000, 0x0000000089400000| Complete 
| 125|0x0000000089500000, 0x0000000089600000, 0x0000000089600000|100%| E|CS|TAMS 0x0000000089500000, 0x0000000089500000| Complete 
| 126|0x0000000089600000, 0x0000000089700000, 0x0000000089700000|100%| E|CS|TAMS 0x0000000089600000, 0x0000000089600000| Complete 
| 127|0x0000000089700000, 0x0000000089800000, 0x0000000089800000|100%| E|CS|TAMS 0x0000000089700000, 0x0000000089700000| Complete 

Card table byte_map: [0x0000024b3e530000,0x0000024b3e930000] _byte_map_base: 0x0000024b3e124000

Marking Bits (Prev, Next): (CMBitMap*) 0x0000024b26e5af78, (CMBitMap*) 0x0000024b26e5afb0
 Prev Bits: [0x0000024b3ed30000, 0x0000024b40cd0000)
 Next Bits: [0x0000024b40cd0000, 0x0000024b42c70000)

Polling page: 0x0000024b24b70000

Metaspace:

Usage:
  Non-class:     12.76 MB capacity,    12.65 MB (>99%) used,    97.98 KB ( <1%) free+waste,    16.44 KB ( <1%) overhead. 
      Class:      1.02 MB capacity,   987.16 KB ( 94%) used,    54.78 KB (  5%) free+waste,     6.06 KB ( <1%) overhead. 
       Both:     13.79 MB capacity,    13.61 MB ( 99%) used,   152.77 KB (  1%) free+waste,    22.50 KB ( <1%) overhead. 

Virtual space:
  Non-class space:       14.00 MB reserved,      13.00 MB ( 93%) committed 
      Class space:        1.00 GB reserved,       1.13 MB ( <1%) committed 
             Both:        1.01 GB reserved,      14.13 MB (  1%) committed 

Chunk freelists:
   Non-Class:  14.50 KB
       Class:  1.00 KB
        Both:  15.50 KB

CodeHeap 'non-profiled nmethods': size=120064Kb used=434Kb max_used=434Kb free=119629Kb
 bounds [0x0000024b36bf0000, 0x0000024b36e60000, 0x0000024b3e130000]
CodeHeap 'profiled nmethods': size=120000Kb used=2104Kb max_used=2104Kb free=117895Kb
 bounds [0x0000024b2f6c0000, 0x0000024b2f930000, 0x0000024b36bf0000]
CodeHeap 'non-nmethods': size=5696Kb used=1456Kb max_used=1503Kb free=4239Kb
 bounds [0x0000024b2f130000, 0x0000024b2f3a0000, 0x0000024b2f6c0000]
 total_blobs=2326 nmethods=1072 adapters=883
 compilation: enabled
              stopped_count=0, restarted_count=0
 full_count=0

Compilation events (10 events):
Event: 4.389 Thread 0x0000024b45196800 1078       3       java.lang.CharacterDataLatin1::digit (32 bytes)
Event: 4.390 Thread 0x0000024b45196800 nmethod 1078 0x0000024b2f8c7d10 code [0x0000024b2f8c7ee0, 0x0000024b2f8c8178]
Event: 4.466 Thread 0x0000024b45196800 1079       3       sun.net.www.protocol.jar.Handler::parseURL (190 bytes)
Event: 4.469 Thread 0x0000024b45196800 nmethod 1079 0x0000024b2f8c8290 code [0x0000024b2f8c85e0, 0x0000024b2f8c9770]
Event: 4.469 Thread 0x0000024b45196800 1080       3       sun.net.www.protocol.jar.Handler::indexOfBangSlash (52 bytes)
Event: 4.471 Thread 0x0000024b45196800 nmethod 1080 0x0000024b2f8c9e90 code [0x0000024b2f8ca120, 0x0000024b2f8cac60]
Event: 4.471 Thread 0x0000024b45196800 1081       3       java.net.URLStreamHandler::setURL (159 bytes)
Event: 4.475 Thread 0x0000024b45196800 nmethod 1081 0x0000024b2f8cb010 code [0x0000024b2f8cb3a0, 0x0000024b2f8cc8b0]
Event: 4.475 Thread 0x0000024b45196800 1082   !   3       jdk.internal.loader.URLClassPath$JarLoader::checkResource (78 bytes)
Event: 4.476 Thread 0x0000024b45196800 nmethod 1082 0x0000024b2f8cd090 code [0x0000024b2f8cd2e0, 0x0000024b2f8cdcf0]

GC Heap History (2 events):
Event: 1.515 GC heap before
{Heap before GC invocations=0 (full 0):
 garbage-first heap   total 131072K, used 16384K [0x0000000081800000, 0x0000000100000000)
  region size 1024K, 14 young (14336K), 0 survivors (0K)
 Metaspace       used 7283K, capacity 7410K, committed 7680K, reserved 1056768K
  class space    used 631K, capacity 681K, committed 768K, reserved 1048576K
}
Event: 1.579 GC heap after
{Heap after GC invocations=1 (full 0):
 garbage-first heap   total 131072K, used 6084K [0x0000000081800000, 0x0000000100000000)
  region size 1024K, 2 young (2048K), 2 survivors (2048K)
 Metaspace       used 7283K, capacity 7410K, committed 7680K, reserved 1056768K
  class space    used 631K, capacity 681K, committed 768K, reserved 1048576K
}

Deoptimization events (10 events):
Event: 0.484 Thread 0x0000024b26e1c000 Uncommon trap: reason=unstable_if action=reinterpret pc=0x0000024b36bf64f4 method=java.lang.String.hashCode()I @ 14 c2
Event: 0.497 Thread 0x0000024b26e1c000 Uncommon trap: reason=unstable_if action=reinterpret pc=0x0000024b36bf1890 method=java.lang.String.isLatin1()Z @ 10 c2
Event: 0.518 Thread 0x0000024b26e1c000 Uncommon trap: reason=unstable_if action=reinterpret pc=0x0000024b36bf2da0 method=java.lang.StringLatin1.indexOf([BII)I @ 47 c2
Event: 1.702 Thread 0x0000024b26e1c000 Uncommon trap: reason=class_check action=maybe_recompile pc=0x0000024b36c20048 method=java.util.HashMap.getNode(ILjava/lang/Object;)Ljava/util/HashMap$Node; @ 126 c2
Event: 1.726 Thread 0x0000024b26e1c000 Uncommon trap: reason=class_check action=maybe_recompile pc=0x0000024b36c20010 method=java.util.HashMap.getNode(ILjava/lang/Object;)Ljava/util/HashMap$Node; @ 59 c2
Event: 1.817 Thread 0x0000024b26e1c000 Uncommon trap: reason=unstable_if action=reinterpret pc=0x0000024b36c21298 method=java.lang.String.startsWith(Ljava/lang/String;I)Z @ 14 c2
Event: 1.819 Thread 0x0000024b26e1c000 Uncommon trap: reason=class_check action=maybe_recompile pc=0x0000024b36c20010 method=java.util.HashMap.getNode(ILjava/lang/Object;)Ljava/util/HashMap$Node; @ 59 c2
Event: 2.131 Thread 0x0000024b26e1c000 Uncommon trap: reason=class_check action=maybe_recompile pc=0x0000024b36c20010 method=java.util.HashMap.getNode(ILjava/lang/Object;)Ljava/util/HashMap$Node; @ 59 c2
Event: 2.299 Thread 0x0000024b26e1c000 Uncommon trap: reason=unstable_if action=reinterpret pc=0x0000024b36c31aa8 method=java.util.jar.JarFile.getVersionedEntry(Ljava/lang/String;Ljava/util/jar/JarEntry;)Ljava/util/jar/JarEntry; @ 67 c2
Event: 3.758 Thread 0x0000024b26e1c000 Uncommon trap: reason=unstable_if action=reinterpret pc=0x0000024b36c12a80 method=java.io.BufferedReader.readLine(Z)Ljava/lang/String; @ 66 c2

Classes redefined (0 events):
No events

Internal exceptions (4 events):
Event: 1.653 Thread 0x0000024b26e1c000 Exception <a 'java/lang/NoSuchMethodError'{0x00000000896a8680}: java.lang.invoke.DelegatingMethodHandle$Holder.delegate(Ljava/lang/Object;Ljava/lang/Object;ILjava/lang/Object;)V> (0x00000000896a8680) thrown at [t:/workspace/open/src/hotspot/share/interpre
Event: 1.661 Thread 0x0000024b26e1c000 Exception <a 'java/lang/NoSuchMethodError'{0x00000000896afb80}: java.lang.invoke.DirectMethodHandle$Holder.invokeStaticInit(Ljava/lang/Object;Ljava/lang/Object;Ljava/lang/Object;)Ljava/lang/Object;> (0x00000000896afb80) thrown at [t:/workspace/open/src/ho
Event: 2.544 Thread 0x0000024b26e1c000 Exception <a 'sun/nio/fs/WindowsException'{0x0000000088eb55d0}> (0x0000000088eb55d0) thrown at [t:/workspace/open/src/hotspot/share/prims/jni.cpp, line 615]
Event: 2.546 Thread 0x0000024b26e1c000 Exception <a 'sun/nio/fs/WindowsException'{0x0000000088eb5a88}> (0x0000000088eb5a88) thrown at [t:/workspace/open/src/hotspot/share/prims/jni.cpp, line 615]

Events (10 events):
Event: 4.478 loading class org/lwjgl/assimp/AIMesh
Event: 4.478 loading class org/lwjgl/assimp/AIMesh done
Event: 4.482 loading class DabEngine/Graphics/Models/Mesh
Event: 4.482 loading class DabEngine/Graphics/Models/Mesh done
Event: 4.484 loading class org/lwjgl/assimp/AIVector3D
Event: 4.484 loading class org/lwjgl/assimp/AIVector3D done
Event: 4.486 loading class org/lwjgl/assimp/AIVector3D$Buffer
Event: 4.486 loading class org/lwjgl/assimp/AIVector3D$Buffer done
Event: 4.488 loading class org/lwjgl/assimp/AIColor4D
Event: 4.488 loading class org/lwjgl/assimp/AIColor4D done


Dynamic libraries:
0x00007ff72b750000 - 0x00007ff72b797000 	C:\Program Files\Java\jdk-11.0.1\bin\java.exe
0x00007ffcc3770000 - 0x00007ffcc3951000 	C:\WINDOWS\SYSTEM32\ntdll.dll
0x00007ffcc0f20000 - 0x00007ffcc0fd1000 	C:\WINDOWS\System32\KERNEL32.DLL
0x00007ffcc0920000 - 0x00007ffcc0b93000 	C:\WINDOWS\System32\KERNELBASE.dll
0x00007ffcc20c0000 - 0x00007ffcc2161000 	C:\WINDOWS\System32\ADVAPI32.dll
0x00007ffcc2020000 - 0x00007ffcc20be000 	C:\WINDOWS\System32\msvcrt.dll
0x00007ffcc1a30000 - 0x00007ffcc1a8b000 	C:\WINDOWS\System32\sechost.dll
0x00007ffcc1900000 - 0x00007ffcc1a24000 	C:\WINDOWS\System32\RPCRT4.dll
0x00007ffcc2170000 - 0x00007ffcc2300000 	C:\WINDOWS\System32\USER32.dll
0x00007ffcc04f0000 - 0x00007ffcc0510000 	C:\WINDOWS\System32\win32u.dll
0x00007ffcc1f10000 - 0x00007ffcc1f38000 	C:\WINDOWS\System32\GDI32.dll
0x00007ffcc0510000 - 0x00007ffcc06a1000 	C:\WINDOWS\System32\gdi32full.dll
0x00007ffcbfc40000 - 0x00007ffcbfcdf000 	C:\WINDOWS\System32\msvcp_win.dll
0x00007ffcc03f0000 - 0x00007ffcc04e8000 	C:\WINDOWS\System32\ucrtbase.dll
0x00007ffcb11b0000 - 0x00007ffcb1419000 	C:\WINDOWS\WinSxS\amd64_microsoft.windows.common-controls_6595b64144ccf1df_6.0.17134.885_none_fb42a3473065565f\COMCTL32.dll
0x00007ffcc1060000 - 0x00007ffcc1382000 	C:\WINDOWS\System32\combase.dll
0x00007ffcc08a0000 - 0x00007ffcc0919000 	C:\WINDOWS\System32\bcryptPrimitives.dll
0x00007ffcb0da0000 - 0x00007ffcb0daa000 	C:\WINDOWS\SYSTEM32\VERSION.dll
0x00007ffcc1e80000 - 0x00007ffcc1ead000 	C:\WINDOWS\System32\IMM32.DLL
0x00007ffca6d40000 - 0x00007ffca6d56000 	C:\Program Files\Java\jdk-11.0.1\bin\vcruntime140.dll
0x00007ffca6bd0000 - 0x00007ffca6c7a000 	C:\Program Files\Java\jdk-11.0.1\bin\msvcp140.dll
0x00007ffc84660000 - 0x00007ffc851a2000 	C:\Program Files\Java\jdk-11.0.1\bin\server\jvm.dll
0x00007ffcc17e0000 - 0x00007ffcc17e8000 	C:\WINDOWS\System32\PSAPI.DLL
0x00007ffcb8f50000 - 0x00007ffcb8f59000 	C:\WINDOWS\SYSTEM32\WSOCK32.dll
0x00007ffcc1890000 - 0x00007ffcc18fc000 	C:\WINDOWS\System32\WS2_32.dll
0x00007ffcb7170000 - 0x00007ffcb7193000 	C:\WINDOWS\SYSTEM32\WINMM.dll
0x00007ffcb7140000 - 0x00007ffcb716a000 	C:\WINDOWS\SYSTEM32\WINMMBASE.dll
0x00007ffcbfbf0000 - 0x00007ffcbfc39000 	C:\WINDOWS\System32\cfgmgr32.dll
0x00007ffcbfb00000 - 0x00007ffcbfb11000 	C:\WINDOWS\System32\kernel.appcore.dll
0x00007ffca6d20000 - 0x00007ffca6d31000 	C:\Program Files\Java\jdk-11.0.1\bin\verify.dll
0x00007ffcbf5d0000 - 0x00007ffcbf799000 	C:\WINDOWS\SYSTEM32\DBGHELP.DLL
0x00007ffcbf500000 - 0x00007ffcbf529000 	C:\WINDOWS\SYSTEM32\dbgcore.DLL
0x00007ffca6ba0000 - 0x00007ffca6bc9000 	C:\Program Files\Java\jdk-11.0.1\bin\java.dll
0x00007ffca6d00000 - 0x00007ffca6d16000 	C:\Program Files\Java\jdk-11.0.1\bin\zip.dll
0x00007ffcbf550000 - 0x00007ffcbf55a000 	C:\Program Files\Java\jdk-11.0.1\bin\jimage.dll
0x00007ffcc2300000 - 0x00007ffcc3740000 	C:\WINDOWS\System32\SHELL32.dll
0x00007ffcc1c70000 - 0x00007ffcc1d19000 	C:\WINDOWS\System32\shcore.dll
0x00007ffcbfce0000 - 0x00007ffcc03ed000 	C:\WINDOWS\System32\windows.storage.dll
0x00007ffcc1fc0000 - 0x00007ffcc2011000 	C:\WINDOWS\System32\shlwapi.dll
0x00007ffcbfa80000 - 0x00007ffcbfa9f000 	C:\WINDOWS\System32\profapi.dll
0x00007ffcbfaa0000 - 0x00007ffcbfaec000 	C:\WINDOWS\System32\powrprof.dll
0x00007ffcbfaf0000 - 0x00007ffcbfafa000 	C:\WINDOWS\System32\FLTLIB.DLL
0x00007ffca6b80000 - 0x00007ffca6b99000 	C:\Program Files\Java\jdk-11.0.1\bin\net.dll
0x00007ffcb8820000 - 0x00007ffcb88fd000 	C:\WINDOWS\SYSTEM32\WINHTTP.dll
0x00007ffcbef40000 - 0x00007ffcbefa6000 	C:\WINDOWS\system32\mswsock.dll
0x00007ffca6b60000 - 0x00007ffca6b73000 	C:\Program Files\Java\jdk-11.0.1\bin\nio.dll
0x00007ffca6f80000 - 0x00007ffca6ff2000 	C:\Users\B\AppData\Local\Temp\lwjglB\3.2.2-build-10\lwjgl.dll
0x00007ffca6e20000 - 0x00007ffca6e7e000 	C:\Users\B\AppData\Local\Temp\lwjglB\3.2.2-build-10\glfw.dll
0x00007ffcbd540000 - 0x00007ffcbd5d8000 	C:\WINDOWS\system32\uxtheme.dll
0x00007ffca6d70000 - 0x00007ffca6db3000 	C:\WINDOWS\SYSTEM32\dinput8.dll
0x00007ffcbe530000 - 0x00007ffcbe540000 	C:\WINDOWS\SYSTEM32\xinput1_4.dll
0x00007ffcbf890000 - 0x00007ffcbf8b7000 	C:\WINDOWS\SYSTEM32\DEVOBJ.dll
0x00007ffcbd6f0000 - 0x00007ffcbd719000 	C:\WINDOWS\SYSTEM32\dwmapi.dll
0x00007ffcb62d0000 - 0x00007ffcb6349000 	C:\WINDOWS\SYSTEM32\inputhost.dll
0x00007ffcbce80000 - 0x00007ffcbcf5a000 	C:\WINDOWS\SYSTEM32\CoreMessaging.dll
0x00007ffcbb510000 - 0x00007ffcbb65d000 	C:\WINDOWS\SYSTEM32\wintypes.dll
0x00007ffcb65e0000 - 0x00007ffcb68fe000 	C:\WINDOWS\SYSTEM32\CoreUIComponents.dll
0x00007ffcbe7f0000 - 0x00007ffcbe821000 	C:\WINDOWS\SYSTEM32\ntmarta.dll
0x00007ffcc0da0000 - 0x00007ffcc0f13000 	C:\WINDOWS\System32\MSCTF.dll
0x00007ffcc1a90000 - 0x00007ffcc1b52000 	C:\WINDOWS\System32\OLEAUT32.dll
0x00007ffcbdd50000 - 0x00007ffcbdd5c000 	C:\WINDOWS\SYSTEM32\HID.DLL
0x00007ffcc1390000 - 0x00007ffcc17db000 	C:\WINDOWS\System32\SETUPAPI.DLL
0x00007ffcc0ba0000 - 0x00007ffcc0bf7000 	C:\WINDOWS\System32\WINTRUST.dll
0x00007ffcbfb20000 - 0x00007ffcbfb32000 	C:\WINDOWS\System32\MSASN1.dll
0x00007ffcc06b0000 - 0x00007ffcc0892000 	C:\WINDOWS\System32\CRYPT32.dll
0x00007ffc967a0000 - 0x00007ffc968c0000 	C:\WINDOWS\SYSTEM32\opengl32.dll
0x00007ffc96770000 - 0x00007ffc9679c000 	C:\WINDOWS\SYSTEM32\GLU32.dll
0x00007ffc6b470000 - 0x00007ffc6bca1000 	C:\WINDOWS\SYSTEM32\ig7icd64.dll
0x00007ffcb9320000 - 0x00007ffcb9333000 	C:\WINDOWS\SYSTEM32\WTSAPI32.dll
0x00007ffcb4830000 - 0x00007ffcb4c95000 	C:\WINDOWS\SYSTEM32\igdusc64.dll
0x00007ffcbdde0000 - 0x00007ffcbde9b000 	C:\WINDOWS\SYSTEM32\dxgi.dll
0x00007ffcbbfd0000 - 0x00007ffcbc2db000 	C:\WINDOWS\SYSTEM32\d3d11.dll
0x00007ffcb5450000 - 0x00007ffcb5ff2000 	C:\WINDOWS\SYSTEM32\igd10iumd64.dll
0x00007ffcc1d20000 - 0x00007ffcc1e71000 	C:\WINDOWS\System32\ole32.dll
0x00007ffcbf5a0000 - 0x00007ffcbf5c5000 	C:\WINDOWS\SYSTEM32\bcrypt.dll
0x00007ffcbf220000 - 0x00007ffcbf246000 	C:\WINDOWS\SYSTEM32\ncrypt.dll
0x00007ffcbf1e0000 - 0x00007ffcbf216000 	C:\WINDOWS\SYSTEM32\NTASN1.dll
0x00007ffca6b00000 - 0x00007ffca6b58000 	C:\Users\B\AppData\Local\Temp\lwjglB\3.2.2-build-10\lwjgl_opengl.dll
0x00007ffc8b8f0000 - 0x00007ffc8bb41000 	C:\Users\B\AppData\Local\Temp\lwjglB\3.2.2-build-10\jemalloc.dll
0x00007ffc6ad90000 - 0x00007ffc6b464000 	C:\Users\B\AppData\Local\Temp\lwjglB\3.2.2-build-10\assimp.dll

dbghelp: loaded successfully - version: 4.0.5 - missing functions: none
symbol engine: initialized successfully - sym options: 0x614 - pdb path: .;C:\Program Files\Java\jdk-11.0.1\bin;C:\WINDOWS\SYSTEM32;C:\WINDOWS\WinSxS\amd64_microsoft.windows.common-controls_6595b64144ccf1df_6.0.17134.885_none_fb42a3473065565f;C:\Program Files\Java\jdk-11.0.1\bin\server;C:\Users\B\AppData\Local\Temp\lwjglB\3.2.2-build-10

VM Arguments:
jvm_args: -Dfile.encoding=UTF-8 
java_command: DabEngine.ModelTest
java_class_path (initial): C:\Users\B\Documents\DabEngine\bin\main;C:\Users\B\Documents\DabEngine\bin\test;C:\Users\B\.gradle\caches\modules-2\files-2.1\org.apache.commons\commons-math3\3.6.1\e4ba98f1d4b3c80ec46392f25e094a6a2e58fcbf\commons-math3-3.6.1.jar;C:\Users\B\.gradle\caches\modules-2\files-2.1\com.google.guava\guava\27.0.1-jre\bd41a290787b5301e63929676d792c507bbc00ae\guava-27.0.1-jre.jar;C:\Users\B\Documents\DabEngine\libs\jython-standalone-2.7.0.jar;C:\Users\B\.gradle\caches\modules-2\files-2.1\com.googlecode.json-simple\json-simple\1.1.1\c9ad4a0850ab676c5c64461a05ca524cdfff59f1\json-simple-1.1.1.jar;C:\Users\B\.gradle\caches\modules-2\files-2.1\com.google.guava\failureaccess\1.0.1\1dcf1de382a0bf95a3d8b0849546c88bac1292c9\failureaccess-1.0.1.jar;C:\Users\B\.gradle\caches\modules-2\files-2.1\com.google.guava\listenablefuture\9999.0-empty-to-avoid-conflict-with-guava\b421526c5f297295adef1c886e5246c39d4ac629\listenablefuture-9999.0-empty-to-avoid-conflict-with-guava.jar;C:\Users\B\.gradle\caches\modules-2\files-2.1\com.google.code.findbugs\jsr305\3.0.2\25ea2e8b0c338a877313bd4672d3fe056ea78f0d\jsr305-3.0.2.jar;C:\Users\B\.gradle\caches\modules-2\files-2.1\org.checkerframework\checker-qual\2.5.2\cea74543d5904a30861a61b4643a5f2bb372efc4\checker-qual-2.5.2.jar;C:\Users\B\.gradle\caches\modules-2\files-2.1\com.google.errorprone\error_prone_annotations\2.2.0\88e3c593e9b3586e1c6177f89267da6fc6986f0c\error_prone_annotations-2.2.0.jar;C:\Users\B\.gradle\caches\modules-2\files-2.1\com.google.j2objc\j2objc-annotations\1.1\ed28ded51a8b1c6b112568def5f4b455e6809019\j2objc-annotations-1.1.jar;C:\Users\B\.gradle\caches\modules-2\files-2.1\org.codehaus.mojo\animal-sniffer-annotations\1.17\f97ce6decaea32b36101e37979f8b647f00681fb\animal-sniffer-annotations-1.17.jar;C:\Users\B\.gradle\caches\modules-2\files-2.1\junit\junit\4.10\e4f1766ce7404a08f45d859fb9c226fc9e41a861\junit-4.10.jar;C:\Users\B\.gradle\caches\modules-2\files-2.1\org.hamcrest\hamcrest-core\1.1\860340562250678d1a
Launcher Type: SUN_STANDARD

[Global flags]
     intx CICompilerCount                          = 3                                         {product} {ergonomic}
     uint ConcGCThreads                            = 1                                         {product} {ergonomic}
     uint G1ConcRefinementThreads                  = 4                                         {product} {ergonomic}
   size_t G1HeapRegionSize                         = 1048576                                   {product} {ergonomic}
    uintx GCDrainStackTargetSize                   = 64                                        {product} {ergonomic}
   size_t InitialHeapSize                          = 134217728                                 {product} {ergonomic}
   size_t MarkStackSize                            = 4194304                                   {product} {ergonomic}
   size_t MaxHeapSize                              = 2122317824                                {product} {ergonomic}
   size_t MaxNewSize                               = 1272971264                                {product} {ergonomic}
   size_t MinHeapDeltaBytes                        = 1048576                                   {product} {ergonomic}
    uintx NonNMethodCodeHeapSize                   = 5830092                                {pd product} {ergonomic}
    uintx NonProfiledCodeHeapSize                  = 122914074                              {pd product} {ergonomic}
    uintx ProfiledCodeHeapSize                     = 122914074                              {pd product} {ergonomic}
    uintx ReservedCodeCacheSize                    = 251658240                              {pd product} {ergonomic}
     bool SegmentedCodeCache                       = true                                      {product} {ergonomic}
     bool UseCompressedClassPointers               = true                                 {lp64_product} {ergonomic}
     bool UseCompressedOops                        = true                                 {lp64_product} {ergonomic}
     bool UseG1GC                                  = true                                      {product} {ergonomic}
     bool UseLargePagesIndividualAllocation        = false                                  {pd product} {ergonomic}

Logging:
Log output configuration:
 #0: stdout all=warning uptime,level,tags
 #1: stderr all=off uptime,level,tags

Environment Variables:
CLASSPATH=.;.;C:\PROGRA~2\JMF21~1.1E\lib\sound.jar;C:\PROGRA~2\JMF21~1.1E\lib\jmf.jar;C:\PROGRA~2\JMF21~1.1E\lib;
PATH=C:\Program Files (x86)\Common Files\Intel\Shared Libraries\redist\intel64\compiler;C:\WINDOWS\system32;C:\WINDOWS;C:\WINDOWS\System32\Wbem;C:\WINDOWS\System32\WindowsPowerShell\v1.0\;C:\WINDOWS\System32\OpenSSH\;C:\Program Files\Java\jdk-11.0.1\bin;C:\Program Files\Git\cmd;C:\Program Files (x86)\Windows Kits\10\Windows Performance Toolkit\;C:\Program Files\Csound6_x64\bin;C:\ProgramData\chocolatey\bin;C:\Users\B\AppData\Local\Programs\Python\Python36\Scripts\;C:\Users\B\AppData\Local\Programs\Python\Python36\;C:\Users\B\scoop\shims;C:\Users\B\AppData\Local\Microsoft\WindowsApps;C:\Users\B\AppData\Local\GitHubDesktop\bin;C:\Users\B\AppData\Local\atom\bin;C:\Users\B\AppData\Local\Programs\Microsoft VS Code\bin
USERNAME=B
OS=Windows_NT
PROCESSOR_IDENTIFIER=Intel64 Family 6 Model 58 Stepping 9, GenuineIntel



---------------  S Y S T E M  ---------------

OS: Windows 10 , 64 bit Build 17134 (10.0.17134.753)

CPU:total 4 (initial active 4) (2 cores per cpu, 2 threads per core) family 6 model 58 stepping 9, cmov, cx8, fxsr, mmx, sse, sse2, sse3, ssse3, sse4.1, sse4.2, popcnt, avx, clmul, erms, ht, tsc, tscinvbit, tscinv

Memory: 4k page, system-wide physical 8089M (1073M free)
TotalPageFile size 13956M (AvailPageFile size 1745M)
current process WorkingSet (physical memory assigned to process): 137M, peak: 151M
current process commit charge ("private bytes"): 275M, peak: 291M

vm_info: Java HotSpot(TM) 64-Bit Server VM (11.0.1+13-LTS) for windows-amd64 JRE (11.0.1+13-LTS), built on Oct  6 2018 13:20:16 by "mach5one" with MS VC++ 15.5 (VS2017)

END.
