#
# A fatal error has been detected by the Java Runtime Environment:
#
#  EXCEPTION_ACCESS_VIOLATION (0xc0000005) at pc=0x00007ffbefb53330, pid=4480, tid=11512
#
# JRE version: Java(TM) SE Runtime Environment (11.0.1+13) (build 11.0.1+13-LTS)
# Java VM: Java HotSpot(TM) 64-Bit Server VM (11.0.1+13-LTS, mixed mode, tiered, compressed oops, g1 gc, windows-amd64)
# Problematic frame:
# C  [ig7icd64.dll+0x93330]
#
# No core dump will be written. Minidumps are not enabled by default on client versions of Windows
#
# If you would like to submit a bug report, please visit:
#   http://bugreport.java.com/bugreport/crash.jsp
# The crash happened outside the Java Virtual Machine in native code.
# See problematic frame for where to report the bug.
#

---------------  S U M M A R Y ------------

Command Line: -Dfile.encoding=UTF-8 DabEngine.TestCaseEngine

Host: Intel(R) Core(TM) i3-3110M CPU @ 2.40GHz, 4 cores, 7G,  Windows 10 , 64 bit Build 17134 (10.0.17134.753)
Time: Thu Aug  8 01:18:49 2019 GMT Daylight Time elapsed time: 4 seconds (0d 0h 0m 4s)

---------------  T H R E A D  ---------------

Current thread (0x00000199f0012800):  JavaThread "main" [_thread_in_native, id=11512, stack(0x000000990df00000,0x000000990e000000)]

Stack: [0x000000990df00000,0x000000990e000000],  sp=0x000000990dffb860,  free space=1006k
Native frames: (J=compiled Java code, j=interpreted, Vv=VM code, C=native code)
C  [ig7icd64.dll+0x93330]

Java frames: (J=compiled Java code, j=interpreted, Vv=VM code)
j  org.lwjgl.opengl.GL11C.glDrawArrays(III)V+0
j  org.lwjgl.opengl.GL11.glDrawArrays(III)V+3
j  DabEngine.Graphics.Models.VertexBuffer.draw(III)V+3
j  DabEngine.Graphics.Batch.Batch.flush()V+69
j  DabEngine.Graphics.Batch.Batch.checkFlush(LDabEngine/Graphics/OpenGL/Textures/Texture;)V+20
j  DabEngine.Graphics.Batch.Batch.addQuad(LDabEngine/Graphics/OpenGL/Textures/Texture;FFFFFFFFLDabEngine/Utils/Color;FFFF)V+2
j  DabEngine.Graphics.Graphics.drawTexture(LDabEngine/Graphics/OpenGL/Textures/Texture;LDabEngine/Graphics/OpenGL/Textures/TextureRegion;FFFFFFFFLDabEngine/Utils/Color;)V+86
j  DabEngine.TestCaseEngine.render()V+167
j  DabEngine.Core.Engine.run()V+66
j  DabEngine.TestCaseEngine.main([Ljava/lang/String;)V+16
v  ~StubRoutines::call_stub

siginfo: EXCEPTION_ACCESS_VIOLATION (0xc0000005), reading address 0x0000000000000000


Register to memory mapping:

RIP=0x00007ffbefb53330 ig7icd64.dll
RAX=0x0 is NULL
RBX=0x0000019990585000 points into unknown readable memory
RCX=0x0 is NULL
RDX=0x0 is NULL
RSP=0x000000990dffb860 is pointing into the stack for thread: 0x00000199f0012800
RBP=0x000000990dffb990 is pointing into the stack for thread: 0x00000199f0012800
RSI=0x0 is NULL
RDI=0x00000199929cf000 points into unknown readable memory
R8 =0x0000000000002760 is an unknown value
R9 =0x000000000000004e is an unknown value
R10=0x0 is NULL
R11=0x0000000000000246 is an unknown value
R12=0x000000990dffbfdc is pointing into the stack for thread: 0x00000199f0012800
R13=0x0000000000002760 is an unknown value
R14=0x00000199940d5e60 points into unknown readable memory
R15=0x00000199905a1300 points into unknown readable memory


Registers:
RAX=0x0000000000000000, RBX=0x0000019990585000, RCX=0x0000000000000000, RDX=0x0000000000000000
RSP=0x000000990dffb860, RBP=0x000000990dffb990, RSI=0x0000000000000000, RDI=0x00000199929cf000
R8 =0x0000000000002760, R9 =0x000000000000004e, R10=0x0000000000000000, R11=0x0000000000000246
R12=0x000000990dffbfdc, R13=0x0000000000002760, R14=0x00000199940d5e60, R15=0x00000199905a1300
RIP=0x00007ffbefb53330, EFLAGS=0x0000000000010206

Top of Stack: (sp=0x000000990dffb860)
0x000000990dffb860:   0000000000000000 0000000000000000
0x000000990dffb870:   000000003f800000 0000000000000000
0x000000990dffb880:   000000990dffbfd8 00007ffbefc3b4b2
0x000000990dffb890:   000000990dffb990 000000990dffbfdc
0x000000990dffb8a0:   0000019990585000 0000000000000010
0x000000990dffb8b0:   0000019900000000 000000990dffbfdc
0x000000990dffb8c0:   000000990dffbfd8 000000990dffbfd0
0x000000990dffb8d0:   000000990dffc668 00000199f00020c0
0x000000990dffb8e0:   00000199905a1300 0000276000000000
0x000000990dffb8f0:   000000990dffbfd0 0000000000000001
0x000000990dffb900:   000000990dffb9c0 000001999196180c
0x000000990dffb910:   0000019991961810 00000000f4c58397
0x000000990dffb920:   0000019900000000 0000019900000040
0x000000990dffb930:   000001999540bfa0 0000000000000000
0x000000990dffb940:   0000019991961830 00007ffb00000024
0x000000990dffb950:   0000000000000000 0000000000000002 

Instructions: (pc=0x00007ffbefb53330)
0x00007ffbefb53310:   c2 10 66 0f e7 47 f0 49 3b c2 72 e4 e9 ab 00 00
0x00007ffbefb53320:   00 4d 85 c9 74 6c 66 66 0f 1f 84 00 00 00 00 00
0x00007ffbefb53330:   66 0f 6f 3a 66 0f 6f 72 10 66 0f 6f 6a 20 41 ff
0x00007ffbefb53340:   c2 48 83 ef 80 41 8b c2 66 0f 6f 62 30 66 0f 6f 



---------------  P R O C E S S  ---------------

Threads class SMR info:
_java_thread_list=0x0000019993d3f650, length=13, elements={
0x00000199f0012800, 0x00000199ff366800, 0x00000199ff370800, 0x000001998f051800,
0x000001998f052800, 0x00000199ff380000, 0x000001998f00b000, 0x000001998f075000,
0x000001998f30a800, 0x000001998f321000, 0x0000019993a02800, 0x0000019994598800,
0x000001999464e800
}

Java Threads: ( => current thread )
=>0x00000199f0012800 JavaThread "main" [_thread_in_native, id=11512, stack(0x000000990df00000,0x000000990e000000)]
  0x00000199ff366800 JavaThread "Reference Handler" daemon [_thread_blocked, id=2684, stack(0x000000990e600000,0x000000990e700000)]
  0x00000199ff370800 JavaThread "Finalizer" daemon [_thread_blocked, id=8944, stack(0x000000990e700000,0x000000990e800000)]
  0x000001998f051800 JavaThread "Signal Dispatcher" daemon [_thread_blocked, id=11156, stack(0x000000990e800000,0x000000990e900000)]
  0x000001998f052800 JavaThread "Attach Listener" daemon [_thread_blocked, id=12836, stack(0x000000990e900000,0x000000990ea00000)]
  0x00000199ff380000 JavaThread "C2 CompilerThread0" daemon [_thread_blocked, id=292, stack(0x000000990ea00000,0x000000990eb00000)]
  0x000001998f00b000 JavaThread "C1 CompilerThread0" daemon [_thread_blocked, id=5080, stack(0x000000990eb00000,0x000000990ec00000)]
  0x000001998f075000 JavaThread "Sweeper thread" daemon [_thread_blocked, id=8976, stack(0x000000990ec00000,0x000000990ed00000)]
  0x000001998f30a800 JavaThread "Service Thread" daemon [_thread_blocked, id=10660, stack(0x000000990ed00000,0x000000990ee00000)]
  0x000001998f321000 JavaThread "Common-Cleaner" daemon [_thread_blocked, id=10420, stack(0x000000990ef00000,0x000000990f000000)]
  0x0000019993a02800 JavaThread "Java2D Disposer" daemon [_thread_blocked, id=12628, stack(0x000000990f200000,0x000000990f300000)]
  0x0000019994598800 JavaThread "Thread-0" daemon [_thread_blocked, id=8528, stack(0x000000990f700000,0x000000990f800000)]
  0x000001999464e800 JavaThread "C2 CompilerThread1" daemon [_thread_blocked, id=7020, stack(0x000000990f600000,0x000000990f700000)]

Other Threads:
  0x00000199ff342000 VMThread "VM Thread" [stack: 0x000000990e500000,0x000000990e600000] [id=12868]
  0x000001998f319000 WatcherThread [stack: 0x000000990ee00000,0x000000990ef00000] [id=4660]
  0x00000199f002a800 GCTaskThread "GC Thread#0" [stack: 0x000000990e000000,0x000000990e100000] [id=12876]
  0x000001998fa0a800 GCTaskThread "GC Thread#1" [stack: 0x000000990f000000,0x000000990f100000] [id=11360]
  0x000001998fbf8800 GCTaskThread "GC Thread#2" [stack: 0x000000990f100000,0x000000990f200000] [id=2936]
  0x00000199f0055000 ConcurrentGCThread "G1 Main Marker" [stack: 0x000000990e100000,0x000000990e200000] [id=13052]
  0x00000199f0057800 ConcurrentGCThread "G1 Conc#0" [stack: 0x000000990e200000,0x000000990e300000] [id=12520]
  0x00000199ff1aa800 ConcurrentGCThread "G1 Refine#0" [stack: 0x000000990e300000,0x000000990e400000] [id=9284]
  0x00000199ff1ab000 ConcurrentGCThread "G1 Young RemSet Sampling" [stack: 0x000000990e400000,0x000000990e500000] [id=3556]

Threads with active compile tasks:

VM state:not at safepoint (normal execution)

VM Mutex/Monitor currently owned by a thread: None

Heap address: 0x0000000081800000, size: 2024 MB, Compressed Oops mode: 32-bit
Narrow klass base: 0x0000000000000000, Narrow klass shift: 3
Compressed class space size: 1073741824 Address: 0x0000000100000000

Heap:
 garbage-first heap   total 131072K, used 40138K [0x0000000081800000, 0x0000000100000000)
  region size 1024K, 29 young (29696K), 1 survivors (1024K)
 Metaspace       used 16134K, capacity 16370K, committed 16512K, reserved 1064960K
  class space    used 1260K, capacity 1362K, committed 1408K, reserved 1048576K
Heap Regions: E=young(eden), S=young(survivor), O=old, HS=humongous(starts), HC=humongous(continues), CS=collection set, F=free, A=archive, TAMS=top-at-mark-start (previous, next)
|   0|0x0000000081800000, 0x0000000081900000, 0x0000000081900000|100%|HS|  |TAMS 0x0000000081800000, 0x0000000081800000| Complete 
|   1|0x0000000081900000, 0x0000000081a00000, 0x0000000081a00000|100%|HC|  |TAMS 0x0000000081900000, 0x0000000081900000| Complete 
|   2|0x0000000081a00000, 0x0000000081b00000, 0x0000000081b00000|100%| O|  |TAMS 0x0000000081a00000, 0x0000000081a00000| Untracked 
|   3|0x0000000081b00000, 0x0000000081c00000, 0x0000000081c00000|100%| O|  |TAMS 0x0000000081b00000, 0x0000000081b00000| Untracked 
|   4|0x0000000081c00000, 0x0000000081d00000, 0x0000000081d00000|100%| O|  |TAMS 0x0000000081c00000, 0x0000000081c00000| Untracked 
|   5|0x0000000081d00000, 0x0000000081dd2800, 0x0000000081e00000| 82%| O|  |TAMS 0x0000000081d00000, 0x0000000081d00000| Untracked 
|   6|0x0000000081e00000, 0x0000000081f00000, 0x0000000081f00000|100%|HS|  |TAMS 0x0000000081e00000, 0x0000000081e00000| Complete 
|   7|0x0000000081f00000, 0x0000000082000000, 0x0000000082000000|100%|HC|  |TAMS 0x0000000081f00000, 0x0000000081f00000| Complete 
|   8|0x0000000082000000, 0x0000000082100000, 0x0000000082100000|100%|HS|  |TAMS 0x0000000082000000, 0x0000000082000000| Complete 
|   9|0x0000000082100000, 0x0000000082200000, 0x0000000082200000|100%|HC|  |TAMS 0x0000000082100000, 0x0000000082100000| Complete 
|  10|0x0000000082200000, 0x0000000082300000, 0x0000000082300000|100%|HS|  |TAMS 0x0000000082200000, 0x0000000082200000| Complete 
|  11|0x0000000082300000, 0x0000000082400000, 0x0000000082400000|100%|HC|  |TAMS 0x0000000082300000, 0x0000000082300000| Complete 
|  12|0x0000000082400000, 0x0000000082400000, 0x0000000082500000|  0%| F|  |TAMS 0x0000000082400000, 0x0000000082400000| Untracked 
|  13|0x0000000082500000, 0x0000000082500000, 0x0000000082600000|  0%| F|  |TAMS 0x0000000082500000, 0x0000000082500000| Untracked 
|  14|0x0000000082600000, 0x0000000082600000, 0x0000000082700000|  0%| F|  |TAMS 0x0000000082600000, 0x0000000082600000| Untracked 
|  15|0x0000000082700000, 0x0000000082700000, 0x0000000082800000|  0%| F|  |TAMS 0x0000000082700000, 0x0000000082700000| Untracked 
|  16|0x0000000082800000, 0x0000000082800000, 0x0000000082900000|  0%| F|  |TAMS 0x0000000082800000, 0x0000000082800000| Untracked 
|  17|0x0000000082900000, 0x0000000082900000, 0x0000000082a00000|  0%| F|  |TAMS 0x0000000082900000, 0x0000000082900000| Untracked 
|  18|0x0000000082a00000, 0x0000000082a00000, 0x0000000082b00000|  0%| F|  |TAMS 0x0000000082a00000, 0x0000000082a00000| Untracked 
|  19|0x0000000082b00000, 0x0000000082b00000, 0x0000000082c00000|  0%| F|  |TAMS 0x0000000082b00000, 0x0000000082b00000| Untracked 
|  20|0x0000000082c00000, 0x0000000082c00000, 0x0000000082d00000|  0%| F|  |TAMS 0x0000000082c00000, 0x0000000082c00000| Untracked 
|  21|0x0000000082d00000, 0x0000000082d00000, 0x0000000082e00000|  0%| F|  |TAMS 0x0000000082d00000, 0x0000000082d00000| Untracked 
|  22|0x0000000082e00000, 0x0000000082e00000, 0x0000000082f00000|  0%| F|  |TAMS 0x0000000082e00000, 0x0000000082e00000| Untracked 
|  23|0x0000000082f00000, 0x0000000082f00000, 0x0000000083000000|  0%| F|  |TAMS 0x0000000082f00000, 0x0000000082f00000| Untracked 
|  24|0x0000000083000000, 0x0000000083000000, 0x0000000083100000|  0%| F|  |TAMS 0x0000000083000000, 0x0000000083000000| Untracked 
|  25|0x0000000083100000, 0x0000000083100000, 0x0000000083200000|  0%| F|  |TAMS 0x0000000083100000, 0x0000000083100000| Untracked 
|  26|0x0000000083200000, 0x0000000083200000, 0x0000000083300000|  0%| F|  |TAMS 0x0000000083200000, 0x0000000083200000| Untracked 
|  27|0x0000000083300000, 0x0000000083300000, 0x0000000083400000|  0%| F|  |TAMS 0x0000000083300000, 0x0000000083300000| Untracked 
|  28|0x0000000083400000, 0x0000000083400000, 0x0000000083500000|  0%| F|  |TAMS 0x0000000083400000, 0x0000000083400000| Untracked 
|  29|0x0000000083500000, 0x0000000083500000, 0x0000000083600000|  0%| F|  |TAMS 0x0000000083500000, 0x0000000083500000| Untracked 
|  30|0x0000000083600000, 0x0000000083600000, 0x0000000083700000|  0%| F|  |TAMS 0x0000000083600000, 0x0000000083600000| Untracked 
|  31|0x0000000083700000, 0x0000000083700000, 0x0000000083800000|  0%| F|  |TAMS 0x0000000083700000, 0x0000000083700000| Untracked 
|  32|0x0000000083800000, 0x0000000083800000, 0x0000000083900000|  0%| F|  |TAMS 0x0000000083800000, 0x0000000083800000| Untracked 
|  33|0x0000000083900000, 0x0000000083900000, 0x0000000083a00000|  0%| F|  |TAMS 0x0000000083900000, 0x0000000083900000| Untracked 
|  34|0x0000000083a00000, 0x0000000083a00000, 0x0000000083b00000|  0%| F|  |TAMS 0x0000000083a00000, 0x0000000083a00000| Untracked 
|  35|0x0000000083b00000, 0x0000000083b00000, 0x0000000083c00000|  0%| F|  |TAMS 0x0000000083b00000, 0x0000000083b00000| Untracked 
|  36|0x0000000083c00000, 0x0000000083c00000, 0x0000000083d00000|  0%| F|  |TAMS 0x0000000083c00000, 0x0000000083c00000| Untracked 
|  37|0x0000000083d00000, 0x0000000083d00000, 0x0000000083e00000|  0%| F|  |TAMS 0x0000000083d00000, 0x0000000083d00000| Untracked 
|  38|0x0000000083e00000, 0x0000000083e00000, 0x0000000083f00000|  0%| F|  |TAMS 0x0000000083e00000, 0x0000000083e00000| Untracked 
|  39|0x0000000083f00000, 0x0000000083f00000, 0x0000000084000000|  0%| F|  |TAMS 0x0000000083f00000, 0x0000000083f00000| Untracked 
|  40|0x0000000084000000, 0x0000000084000000, 0x0000000084100000|  0%| F|  |TAMS 0x0000000084000000, 0x0000000084000000| Untracked 
|  41|0x0000000084100000, 0x0000000084100000, 0x0000000084200000|  0%| F|  |TAMS 0x0000000084100000, 0x0000000084100000| Untracked 
|  42|0x0000000084200000, 0x0000000084200000, 0x0000000084300000|  0%| F|  |TAMS 0x0000000084200000, 0x0000000084200000| Untracked 
|  43|0x0000000084300000, 0x0000000084300000, 0x0000000084400000|  0%| F|  |TAMS 0x0000000084300000, 0x0000000084300000| Untracked 
|  44|0x0000000084400000, 0x0000000084400000, 0x0000000084500000|  0%| F|  |TAMS 0x0000000084400000, 0x0000000084400000| Untracked 
|  45|0x0000000084500000, 0x0000000084500000, 0x0000000084600000|  0%| F|  |TAMS 0x0000000084500000, 0x0000000084500000| Untracked 
|  46|0x0000000084600000, 0x0000000084600000, 0x0000000084700000|  0%| F|  |TAMS 0x0000000084600000, 0x0000000084600000| Untracked 
|  47|0x0000000084700000, 0x0000000084700000, 0x0000000084800000|  0%| F|  |TAMS 0x0000000084700000, 0x0000000084700000| Untracked 
|  48|0x0000000084800000, 0x0000000084800000, 0x0000000084900000|  0%| F|  |TAMS 0x0000000084800000, 0x0000000084800000| Untracked 
|  49|0x0000000084900000, 0x0000000084900000, 0x0000000084a00000|  0%| F|  |TAMS 0x0000000084900000, 0x0000000084900000| Untracked 
|  50|0x0000000084a00000, 0x0000000084a00000, 0x0000000084b00000|  0%| F|  |TAMS 0x0000000084a00000, 0x0000000084a00000| Untracked 
|  51|0x0000000084b00000, 0x0000000084b00000, 0x0000000084c00000|  0%| F|  |TAMS 0x0000000084b00000, 0x0000000084b00000| Untracked 
|  52|0x0000000084c00000, 0x0000000084c00000, 0x0000000084d00000|  0%| F|  |TAMS 0x0000000084c00000, 0x0000000084c00000| Untracked 
|  53|0x0000000084d00000, 0x0000000084d00000, 0x0000000084e00000|  0%| F|  |TAMS 0x0000000084d00000, 0x0000000084d00000| Untracked 
|  54|0x0000000084e00000, 0x0000000084e00000, 0x0000000084f00000|  0%| F|  |TAMS 0x0000000084e00000, 0x0000000084e00000| Untracked 
|  55|0x0000000084f00000, 0x0000000084f00000, 0x0000000085000000|  0%| F|  |TAMS 0x0000000084f00000, 0x0000000084f00000| Untracked 
|  56|0x0000000085000000, 0x0000000085000000, 0x0000000085100000|  0%| F|  |TAMS 0x0000000085000000, 0x0000000085000000| Untracked 
|  57|0x0000000085100000, 0x0000000085100000, 0x0000000085200000|  0%| F|  |TAMS 0x0000000085100000, 0x0000000085100000| Untracked 
|  58|0x0000000085200000, 0x0000000085200000, 0x0000000085300000|  0%| F|  |TAMS 0x0000000085200000, 0x0000000085200000| Untracked 
|  59|0x0000000085300000, 0x0000000085300000, 0x0000000085400000|  0%| F|  |TAMS 0x0000000085300000, 0x0000000085300000| Untracked 
|  60|0x0000000085400000, 0x0000000085400000, 0x0000000085500000|  0%| F|  |TAMS 0x0000000085400000, 0x0000000085400000| Untracked 
|  61|0x0000000085500000, 0x0000000085500000, 0x0000000085600000|  0%| F|  |TAMS 0x0000000085500000, 0x0000000085500000| Untracked 
|  62|0x0000000085600000, 0x0000000085600000, 0x0000000085700000|  0%| F|  |TAMS 0x0000000085600000, 0x0000000085600000| Untracked 
|  63|0x0000000085700000, 0x0000000085700000, 0x0000000085800000|  0%| F|  |TAMS 0x0000000085700000, 0x0000000085700000| Untracked 
|  64|0x0000000085800000, 0x0000000085800000, 0x0000000085900000|  0%| F|  |TAMS 0x0000000085800000, 0x0000000085800000| Untracked 
|  65|0x0000000085900000, 0x0000000085900000, 0x0000000085a00000|  0%| F|  |TAMS 0x0000000085900000, 0x0000000085900000| Untracked 
|  66|0x0000000085a00000, 0x0000000085a00000, 0x0000000085b00000|  0%| F|  |TAMS 0x0000000085a00000, 0x0000000085a00000| Untracked 
|  67|0x0000000085b00000, 0x0000000085b00000, 0x0000000085c00000|  0%| F|  |TAMS 0x0000000085b00000, 0x0000000085b00000| Untracked 
|  68|0x0000000085c00000, 0x0000000085c00000, 0x0000000085d00000|  0%| F|  |TAMS 0x0000000085c00000, 0x0000000085c00000| Untracked 
|  69|0x0000000085d00000, 0x0000000085d00000, 0x0000000085e00000|  0%| F|  |TAMS 0x0000000085d00000, 0x0000000085d00000| Untracked 
|  70|0x0000000085e00000, 0x0000000085e00000, 0x0000000085f00000|  0%| F|  |TAMS 0x0000000085e00000, 0x0000000085e00000| Untracked 
|  71|0x0000000085f00000, 0x0000000085f00000, 0x0000000086000000|  0%| F|  |TAMS 0x0000000085f00000, 0x0000000085f00000| Untracked 
|  72|0x0000000086000000, 0x0000000086000000, 0x0000000086100000|  0%| F|  |TAMS 0x0000000086000000, 0x0000000086000000| Untracked 
|  73|0x0000000086100000, 0x0000000086100000, 0x0000000086200000|  0%| F|  |TAMS 0x0000000086100000, 0x0000000086100000| Untracked 
|  74|0x0000000086200000, 0x0000000086200000, 0x0000000086300000|  0%| F|  |TAMS 0x0000000086200000, 0x0000000086200000| Untracked 
|  75|0x0000000086300000, 0x0000000086300000, 0x0000000086400000|  0%| F|  |TAMS 0x0000000086300000, 0x0000000086300000| Untracked 
|  76|0x0000000086400000, 0x0000000086400000, 0x0000000086500000|  0%| F|  |TAMS 0x0000000086400000, 0x0000000086400000| Untracked 
|  77|0x0000000086500000, 0x0000000086500000, 0x0000000086600000|  0%| F|  |TAMS 0x0000000086500000, 0x0000000086500000| Untracked 
|  78|0x0000000086600000, 0x0000000086600000, 0x0000000086700000|  0%| F|  |TAMS 0x0000000086600000, 0x0000000086600000| Untracked 
|  79|0x0000000086700000, 0x0000000086700000, 0x0000000086800000|  0%| F|  |TAMS 0x0000000086700000, 0x0000000086700000| Untracked 
|  80|0x0000000086800000, 0x0000000086800000, 0x0000000086900000|  0%| F|  |TAMS 0x0000000086800000, 0x0000000086800000| Untracked 
|  81|0x0000000086900000, 0x0000000086900000, 0x0000000086a00000|  0%| F|  |TAMS 0x0000000086900000, 0x0000000086900000| Untracked 
|  82|0x0000000086a00000, 0x0000000086a00000, 0x0000000086b00000|  0%| F|  |TAMS 0x0000000086a00000, 0x0000000086a00000| Untracked 
|  83|0x0000000086b00000, 0x0000000086b00000, 0x0000000086c00000|  0%| F|  |TAMS 0x0000000086b00000, 0x0000000086b00000| Untracked 
|  84|0x0000000086c00000, 0x0000000086c00000, 0x0000000086d00000|  0%| F|  |TAMS 0x0000000086c00000, 0x0000000086c00000| Untracked 
|  85|0x0000000086d00000, 0x0000000086d00000, 0x0000000086e00000|  0%| F|  |TAMS 0x0000000086d00000, 0x0000000086d00000| Untracked 
|  86|0x0000000086e00000, 0x0000000086e00000, 0x0000000086f00000|  0%| F|  |TAMS 0x0000000086e00000, 0x0000000086e00000| Untracked 
|  87|0x0000000086f00000, 0x0000000086f00000, 0x0000000087000000|  0%| F|  |TAMS 0x0000000086f00000, 0x0000000086f00000| Untracked 
|  88|0x0000000087000000, 0x0000000087000000, 0x0000000087100000|  0%| F|  |TAMS 0x0000000087000000, 0x0000000087000000| Untracked 
|  89|0x0000000087100000, 0x0000000087100000, 0x0000000087200000|  0%| F|  |TAMS 0x0000000087100000, 0x0000000087100000| Untracked 
|  90|0x0000000087200000, 0x0000000087200000, 0x0000000087300000|  0%| F|  |TAMS 0x0000000087200000, 0x0000000087200000| Untracked 
|  91|0x0000000087300000, 0x0000000087300000, 0x0000000087400000|  0%| F|  |TAMS 0x0000000087300000, 0x0000000087300000| Untracked 
|  92|0x0000000087400000, 0x0000000087400000, 0x0000000087500000|  0%| F|  |TAMS 0x0000000087400000, 0x0000000087400000| Untracked 
|  93|0x0000000087500000, 0x0000000087500000, 0x0000000087600000|  0%| F|  |TAMS 0x0000000087500000, 0x0000000087500000| Untracked 
|  94|0x0000000087600000, 0x0000000087600000, 0x0000000087700000|  0%| F|  |TAMS 0x0000000087600000, 0x0000000087600000| Untracked 
|  95|0x0000000087700000, 0x0000000087700000, 0x0000000087800000|  0%| F|  |TAMS 0x0000000087700000, 0x0000000087700000| Untracked 
|  96|0x0000000087800000, 0x0000000087800000, 0x0000000087900000|  0%| F|  |TAMS 0x0000000087800000, 0x0000000087800000| Untracked 
|  97|0x0000000087900000, 0x0000000087900000, 0x0000000087a00000|  0%| F|  |TAMS 0x0000000087900000, 0x0000000087900000| Untracked 
|  98|0x0000000087a00000, 0x0000000087a00000, 0x0000000087b00000|  0%| F|  |TAMS 0x0000000087a00000, 0x0000000087a00000| Untracked 
|  99|0x0000000087b00000, 0x0000000087c00000, 0x0000000087c00000|100%| E|  |TAMS 0x0000000087b00000, 0x0000000087b00000| Complete 
| 100|0x0000000087c00000, 0x0000000087d00000, 0x0000000087d00000|100%| E|CS|TAMS 0x0000000087c00000, 0x0000000087c00000| Complete 
| 101|0x0000000087d00000, 0x0000000087e00000, 0x0000000087e00000|100%| E|CS|TAMS 0x0000000087d00000, 0x0000000087d00000| Complete 
| 102|0x0000000087e00000, 0x0000000087f00000, 0x0000000087f00000|100%| E|CS|TAMS 0x0000000087e00000, 0x0000000087e00000| Complete 
| 103|0x0000000087f00000, 0x0000000088000000, 0x0000000088000000|100%| E|CS|TAMS 0x0000000087f00000, 0x0000000087f00000| Complete 
| 104|0x0000000088000000, 0x0000000088100000, 0x0000000088100000|100%| E|CS|TAMS 0x0000000088000000, 0x0000000088000000| Complete 
| 105|0x0000000088100000, 0x0000000088200000, 0x0000000088200000|100%| E|CS|TAMS 0x0000000088100000, 0x0000000088100000| Complete 
| 106|0x0000000088200000, 0x0000000088300000, 0x0000000088300000|100%| E|CS|TAMS 0x0000000088200000, 0x0000000088200000| Complete 
| 107|0x0000000088300000, 0x0000000088400000, 0x0000000088400000|100%| E|CS|TAMS 0x0000000088300000, 0x0000000088300000| Complete 
| 108|0x0000000088400000, 0x0000000088500000, 0x0000000088500000|100%| E|CS|TAMS 0x0000000088400000, 0x0000000088400000| Complete 
| 109|0x0000000088500000, 0x0000000088600000, 0x0000000088600000|100%| E|CS|TAMS 0x0000000088500000, 0x0000000088500000| Complete 
| 110|0x0000000088600000, 0x0000000088700000, 0x0000000088700000|100%| E|CS|TAMS 0x0000000088600000, 0x0000000088600000| Complete 
| 111|0x0000000088700000, 0x0000000088800000, 0x0000000088800000|100%| E|CS|TAMS 0x0000000088700000, 0x0000000088700000| Complete 
| 112|0x0000000088800000, 0x0000000088900000, 0x0000000088900000|100%| E|CS|TAMS 0x0000000088800000, 0x0000000088800000| Complete 
| 113|0x0000000088900000, 0x0000000088a00000, 0x0000000088a00000|100%| E|CS|TAMS 0x0000000088900000, 0x0000000088900000| Complete 
| 114|0x0000000088a00000, 0x0000000088b00000, 0x0000000088b00000|100%| E|CS|TAMS 0x0000000088a00000, 0x0000000088a00000| Complete 
| 115|0x0000000088b00000, 0x0000000088c00000, 0x0000000088c00000|100%| E|CS|TAMS 0x0000000088b00000, 0x0000000088b00000| Complete 
| 116|0x0000000088c00000, 0x0000000088d00000, 0x0000000088d00000|100%| E|CS|TAMS 0x0000000088c00000, 0x0000000088c00000| Complete 
| 117|0x0000000088d00000, 0x0000000088d601a8, 0x0000000088e00000| 37%| S|CS|TAMS 0x0000000088d00000, 0x0000000088d00000| Complete 
| 118|0x0000000088e00000, 0x0000000088f00000, 0x0000000088f00000|100%| E|CS|TAMS 0x0000000088e00000, 0x0000000088e00000| Complete 
| 119|0x0000000088f00000, 0x0000000089000000, 0x0000000089000000|100%| E|CS|TAMS 0x0000000088f00000, 0x0000000088f00000| Complete 
| 120|0x0000000089000000, 0x0000000089100000, 0x0000000089100000|100%| E|CS|TAMS 0x0000000089000000, 0x0000000089000000| Complete 
| 121|0x0000000089100000, 0x0000000089200000, 0x0000000089200000|100%| E|CS|TAMS 0x0000000089100000, 0x0000000089100000| Complete 
| 122|0x0000000089200000, 0x0000000089300000, 0x0000000089300000|100%| E|CS|TAMS 0x0000000089200000, 0x0000000089200000| Complete 
| 123|0x0000000089300000, 0x0000000089400000, 0x0000000089400000|100%| E|CS|TAMS 0x0000000089300000, 0x0000000089300000| Complete 
| 124|0x0000000089400000, 0x0000000089500000, 0x0000000089500000|100%| E|CS|TAMS 0x0000000089400000, 0x0000000089400000| Complete 
| 125|0x0000000089500000, 0x0000000089600000, 0x0000000089600000|100%| E|CS|TAMS 0x0000000089500000, 0x0000000089500000| Complete 
| 126|0x0000000089600000, 0x0000000089700000, 0x0000000089700000|100%| E|CS|TAMS 0x0000000089600000, 0x0000000089600000| Complete 
| 127|0x0000000089700000, 0x0000000089800000, 0x0000000089800000|100%| E|CS|TAMS 0x0000000089700000, 0x0000000089700000| Complete 

Card table byte_map: [0x00000199f8720000,0x00000199f8b20000] _byte_map_base: 0x00000199f8314000

Marking Bits (Prev, Next): (CMBitMap*) 0x00000199f004c5e8, (CMBitMap*) 0x00000199f004c620
 Prev Bits: [0x00000199f8f20000, 0x00000199faec0000)
 Next Bits: [0x00000199faec0000, 0x00000199fce60000)

Polling page: 0x00000199edd90000

Metaspace:

Usage:
  Non-class:     14.66 MB capacity,    14.53 MB (>99%) used,   106.93 KB ( <1%) free+waste,    27.44 KB ( <1%) overhead. 
      Class:      1.33 MB capacity,     1.23 MB ( 93%) used,    89.45 KB (  7%) free+waste,    12.13 KB ( <1%) overhead. 
       Both:     15.99 MB capacity,    15.76 MB ( 99%) used,   196.38 KB (  1%) free+waste,    39.56 KB ( <1%) overhead. 

Virtual space:
  Non-class space:       16.00 MB reserved,      14.75 MB ( 92%) committed 
      Class space:        1.00 GB reserved,       1.38 MB ( <1%) committed 
             Both:        1.02 GB reserved,      16.13 MB (  2%) committed 

Chunk freelists:
   Non-Class:  4.00 KB
       Class:  1.75 KB
        Both:  5.75 KB

CodeHeap 'non-profiled nmethods': size=120064Kb used=595Kb max_used=595Kb free=119468Kb
 bounds [0x0000019987ac0000, 0x0000019987d30000, 0x000001998f000000]
CodeHeap 'profiled nmethods': size=120000Kb used=2568Kb max_used=2568Kb free=117431Kb
 bounds [0x0000019980590000, 0x0000019980820000, 0x0000019987ac0000]
CodeHeap 'non-nmethods': size=5696Kb used=1514Kb max_used=1548Kb free=4181Kb
 bounds [0x0000019980000000, 0x0000019980270000, 0x0000019980590000]
 total_blobs=2731 nmethods=1336 adapters=963
 compilation: enabled
              stopped_count=0, restarted_count=0
 full_count=0

Compilation events (10 events):
Event: 4.360 Thread 0x00000199ff380000 1330 %     4       sun.awt.image.ByteInterleavedRaster::putByteData @ 456 (834 bytes)
Event: 4.363 Thread 0x000001998f00b000 1331       3       java.awt.image.ComponentColorModel::extractComponent (499 bytes)
Event: 4.364 Thread 0x000001998f00b000 nmethod 1331 0x000001998080e390 code [0x000001998080e700, 0x000001998080fa40]
Event: 4.364 Thread 0x000001998f00b000 1332       3       java.awt.image.ComponentColorModel::getRGB (161 bytes)
Event: 4.365 Thread 0x000001998f00b000 nmethod 1332 0x000001998080ff90 code [0x0000019980810260, 0x0000019980810b80]
Event: 4.366 Thread 0x000001998f00b000 1333       3       java.awt.image.ComponentColorModel::getAlpha (238 bytes)
Event: 4.366 Thread 0x000001999464e800 1338       4       java.awt.image.ComponentColorModel::extractComponent (499 bytes)
Event: 4.367 Thread 0x000001998f00b000 nmethod 1333 0x0000019980810e90 code [0x0000019980811180, 0x0000019980811de0]
Event: 4.371 Thread 0x000001999464e800 nmethod 1338 0x0000019987b50d90 code [0x0000019987b50f40, 0x0000019987b510d8]
Event: 4.371 Thread 0x000001999464e800 1337       4       java.awt.image.BufferedImage::getRGB (218 bytes)

GC Heap History (4 events):
Event: 1.351 GC heap before
{Heap before GC invocations=0 (full 0):
 garbage-first heap   total 131072K, used 16384K [0x0000000081800000, 0x0000000100000000)
  region size 1024K, 14 young (14336K), 0 survivors (0K)
 Metaspace       used 7320K, capacity 7474K, committed 7680K, reserved 1056768K
  class space    used 633K, capacity 681K, committed 768K, reserved 1048576K
}
Event: 1.358 GC heap after
{Heap after GC invocations=1 (full 0):
 garbage-first heap   total 131072K, used 5927K [0x0000000081800000, 0x0000000100000000)
  region size 1024K, 2 young (2048K), 2 survivors (2048K)
 Metaspace       used 7320K, capacity 7474K, committed 7680K, reserved 1056768K
  class space    used 633K, capacity 681K, committed 768K, reserved 1048576K
}
Event: 2.048 GC heap before
{Heap before GC invocations=1 (full 0):
 garbage-first heap   total 131072K, used 16167K [0x0000000081800000, 0x0000000100000000)
  region size 1024K, 12 young (12288K), 2 survivors (2048K)
 Metaspace       used 9362K, capacity 9504K, committed 9600K, reserved 1058816K
  class space    used 810K, capacity 850K, committed 896K, reserved 1048576K
}
Event: 2.056 GC heap after
{Heap after GC invocations=2 (full 0):
 garbage-first heap   total 131072K, used 6346K [0x0000000081800000, 0x0000000100000000)
  region size 1024K, 1 young (1024K), 1 survivors (1024K)
 Metaspace       used 9362K, capacity 9504K, committed 9600K, reserved 1058816K
  class space    used 810K, capacity 850K, committed 896K, reserved 1048576K
}

Deoptimization events (10 events):
Event: 3.735 Thread 0x00000199f0012800 Uncommon trap: reason=speculate_null_assert action=make_not_entrant pc=0x0000019987b2f200 method=sun.misc.Unsafe.putLong(Ljava/lang/Object;JJ)V @ 7 c2
Event: 3.795 Thread 0x00000199f0012800 Uncommon trap: reason=unstable_if action=reinterpret pc=0x0000019987b41444 method=DabEngine.Graphics.OpenGL.Textures.Texture.<init>(IIZ[LDabEngine/Graphics/OpenGL/Textures/Texture$Parameters;)V @ 55 c2
Event: 3.932 Thread 0x00000199f0012800 Uncommon trap: reason=class_check action=maybe_recompile pc=0x0000019987ade5ec method=java.util.HashMap.getNode(ILjava/lang/Object;)Ljava/util/HashMap$Node; @ 59 c2
Event: 3.935 Thread 0x00000199f0012800 Uncommon trap: reason=class_check action=maybe_recompile pc=0x0000019987afe564 method=java.util.HashMap.putVal(ILjava/lang/Object;Ljava/lang/Object;ZZ)Ljava/lang/Object; @ 253 c2
Event: 3.935 Thread 0x00000199f0012800 Uncommon trap: reason=unstable_if action=reinterpret pc=0x0000019987afe810 method=java.util.HashMap.putVal(ILjava/lang/Object;Ljava/lang/Object;ZZ)Ljava/lang/Object; @ 193 c2
Event: 4.362 Thread 0x00000199f0012800 Uncommon trap: reason=unstable_if action=reinterpret pc=0x0000019987b3eb70 method=java.awt.image.ComponentColorModel.getRGB(Ljava/lang/Object;)I @ 4 c2
Event: 4.363 Thread 0x00000199f0012800 Uncommon trap: reason=unstable_if action=reinterpret pc=0x0000019987b3f468 method=java.awt.image.ComponentColorModel.getAlpha(Ljava/lang/Object;)I @ 4 c2
Event: 4.363 Thread 0x00000199f0012800 Uncommon trap: reason=unstable_if action=reinterpret pc=0x0000019987b3bf6c method=java.awt.image.ComponentColorModel.extractComponent(Ljava/lang/Object;II)I @ 4 c2
Event: 4.365 Thread 0x00000199f0012800 Uncommon trap: reason=unstable_if action=reinterpret pc=0x0000019987b3d648 method=java.awt.image.ComponentColorModel.getAlpha(Ljava/lang/Object;)I @ 4 c2
Event: 4.366 Thread 0x00000199f0012800 Uncommon trap: reason=unstable_if action=reinterpret pc=0x0000019987b40100 method=DabEngine.Utils.ImageDecoder.decode()Ljava/nio/ByteBuffer; @ 261 c2

Classes redefined (0 events):
No events

Internal exceptions (10 events):
Event: 3.397 Thread 0x00000199f0012800 Exception <a 'java/lang/NoSuchMethodError'{0x0000000087fd5f80}: java.lang.invoke.DelegatingMethodHandle$Holder.reinvoke_L(Ljava/lang/Object;IILjava/lang/Object;Ljava/lang/Object;Ljava/lang/Object;)Ljava/lang/Object;> (0x0000000087fd5f80) thrown at [t:/wor
Event: 3.398 Thread 0x00000199f0012800 Exception <a 'java/lang/NoSuchMethodError'{0x0000000087fda208}: java.lang.invoke.DirectMethodHandle$Holder.invokeStatic(Ljava/lang/Object;Ljava/lang/Object;Ljava/lang/Object;Ljava/lang/Object;I)Ljava/lang/Object;> (0x0000000087fda208) thrown at [t:/worksp
Event: 3.427 Thread 0x00000199f0012800 Exception <a 'java/io/FileNotFoundException'{0x0000000087e3cef0}> (0x0000000087e3cef0) thrown at [t:/workspace/open/src/hotspot/share/prims/jni.cpp, line 615]
Event: 3.881 Thread 0x00000199f0012800 Exception <a 'java/lang/NoSuchMethodError'{0x0000000087ce7db0}: java.lang.invoke.DirectMethodHandle$Holder.invokeStaticInit(Ljava/lang/Object;)V> (0x0000000087ce7db0) thrown at [t:/workspace/open/src/hotspot/share/interpreter/linkResolver.cpp, line 772]
Event: 3.902 Thread 0x00000199f0012800 Exception <a 'java/lang/NoSuchMethodError'{0x0000000087b07a70}: java.lang.invoke.DirectMethodHandle$Holder.invokeSpecial(Ljava/lang/Object;Ljava/lang/Object;)V> (0x0000000087b07a70) thrown at [t:/workspace/open/src/hotspot/share/interpreter/linkResolver.c
Event: 3.904 Thread 0x00000199f0012800 Exception <a 'java/lang/NullPointerException'{0x0000000087b0ca80}> (0x0000000087b0ca80) thrown at [t:/workspace/open/src/hotspot/share/interpreter/linkResolver.cpp, line 1372]
Event: 3.947 Thread 0x00000199f0012800 Exception <a 'java/lang/NoSuchMethodError'{0x0000000087b3f408}: java.lang.invoke.DirectMethodHandle$Holder.invokeStatic(Ljava/lang/Object;IIII)Ljava/lang/Object;> (0x0000000087b3f408) thrown at [t:/workspace/open/src/hotspot/share/interpreter/linkResolver
Event: 3.948 Thread 0x00000199f0012800 Exception <a 'java/lang/NoSuchMethodError'{0x0000000087b42520}: java.lang.invoke.DirectMethodHandle$Holder.invokeStaticInit(Ljava/lang/Object;IIII)Ljava/lang/Object;> (0x0000000087b42520) thrown at [t:/workspace/open/src/hotspot/share/interpreter/linkReso
Event: 4.343 Thread 0x00000199f0012800 Exception <a 'java/lang/NoSuchMethodError'{0x0000000087b66ba0}: java.lang.invoke.DirectMethodHandle$Holder.invokeStatic(Ljava/lang/Object;Ljava/lang/Object;IIII)Ljava/lang/Object;> (0x0000000087b66ba0) thrown at [t:/workspace/open/src/hotspot/share/interp
Event: 4.343 Thread 0x00000199f0012800 Exception <a 'java/lang/NoSuchMethodError'{0x0000000087b69ee8}: java.lang.invoke.DirectMethodHandle$Holder.invokeStaticInit(Ljava/lang/Object;Ljava/lang/Object;IIII)Ljava/lang/Object;> (0x0000000087b69ee8) thrown at [t:/workspace/open/src/hotspot/share/in

Events (10 events):
Event: 4.365 Thread 0x00000199f0012800 DEOPT PACKING pc=0x0000019987b3d648 sp=0x000000990dffedc0
Event: 4.365 Thread 0x00000199f0012800 DEOPT UNPACKING pc=0x0000019980028eaf sp=0x000000990dffec40 mode 2
Event: 4.366 Thread 0x000001999464e800 Thread added: 0x000001999464e800
Event: 4.366 Thread 0x00000199f0012800 DEOPT PACKING pc=0x00000199807f57df sp=0x000000990dffee80
Event: 4.366 Thread 0x00000199f0012800 DEOPT UNPACKING pc=0x0000019980028cce sp=0x000000990dffe380 mode 0
Event: 4.366 Thread 0x00000199f0012800 Uncommon trap: trap_request=0xffffff4d fr.pc=0x0000019987b40100 relative=0x00000000000005c0
Event: 4.366 Thread 0x00000199f0012800 DEOPT PACKING pc=0x0000019987b40100 sp=0x000000990dffeed0
Event: 4.366 Thread 0x00000199f0012800 DEOPT UNPACKING pc=0x0000019980028eaf sp=0x000000990dffee90 mode 2
Event: 4.367 loading class DabEngine/Cache/CachedObject
Event: 4.367 loading class DabEngine/Cache/CachedObject done


Dynamic libraries:
0x00007ff7b1f50000 - 0x00007ff7b1f97000 	C:\Program Files\Java\jdk-11.0.1\bin\java.exe
0x00007ffc47b00000 - 0x00007ffc47ce1000 	C:\WINDOWS\SYSTEM32\ntdll.dll
0x00007ffc464c0000 - 0x00007ffc46571000 	C:\WINDOWS\System32\KERNEL32.DLL
0x00007ffc43ed0000 - 0x00007ffc44143000 	C:\WINDOWS\System32\KERNELBASE.dll
0x00007ffc45d20000 - 0x00007ffc45dc1000 	C:\WINDOWS\System32\ADVAPI32.dll
0x00007ffc45500000 - 0x00007ffc4559e000 	C:\WINDOWS\System32\msvcrt.dll
0x00007ffc45ff0000 - 0x00007ffc4604b000 	C:\WINDOWS\System32\sechost.dll
0x00007ffc45600000 - 0x00007ffc45724000 	C:\WINDOWS\System32\RPCRT4.dll
0x00007ffc45280000 - 0x00007ffc45410000 	C:\WINDOWS\System32\USER32.dll
0x00007ffc44570000 - 0x00007ffc44590000 	C:\WINDOWS\System32\win32u.dll
0x00007ffc46490000 - 0x00007ffc464b8000 	C:\WINDOWS\System32\GDI32.dll
0x00007ffc443d0000 - 0x00007ffc44561000 	C:\WINDOWS\System32\gdi32full.dll
0x00007ffc44150000 - 0x00007ffc441ef000 	C:\WINDOWS\System32\msvcp_win.dll
0x00007ffc44590000 - 0x00007ffc44688000 	C:\WINDOWS\System32\ucrtbase.dll
0x00007ffc31c50000 - 0x00007ffc31eb9000 	C:\WINDOWS\WinSxS\amd64_microsoft.windows.common-controls_6595b64144ccf1df_6.0.17134.885_none_fb42a3473065565f\COMCTL32.dll
0x00007ffc460b0000 - 0x00007ffc463d2000 	C:\WINDOWS\System32\combase.dll
0x00007ffc342b0000 - 0x00007ffc342ba000 	C:\WINDOWS\SYSTEM32\VERSION.dll
0x00007ffc442a0000 - 0x00007ffc44319000 	C:\WINDOWS\System32\bcryptPrimitives.dll
0x00007ffc45250000 - 0x00007ffc4527d000 	C:\WINDOWS\System32\IMM32.DLL
0x00007ffc1bf20000 - 0x00007ffc1bf36000 	C:\Program Files\Java\jdk-11.0.1\bin\vcruntime140.dll
0x00007ffc1b820000 - 0x00007ffc1b8ca000 	C:\Program Files\Java\jdk-11.0.1\bin\msvcp140.dll
0x00007ffbf4640000 - 0x00007ffbf5182000 	C:\Program Files\Java\jdk-11.0.1\bin\server\jvm.dll
0x00007ffc45110000 - 0x00007ffc45118000 	C:\WINDOWS\System32\PSAPI.DLL
0x00007ffc3c5b0000 - 0x00007ffc3c5b9000 	C:\WINDOWS\SYSTEM32\WSOCK32.dll
0x00007ffc46580000 - 0x00007ffc465ec000 	C:\WINDOWS\System32\WS2_32.dll
0x00007ffc41e00000 - 0x00007ffc41e23000 	C:\WINDOWS\SYSTEM32\WINMM.dll
0x00007ffc41a90000 - 0x00007ffc41aba000 	C:\WINDOWS\SYSTEM32\WINMMBASE.dll
0x00007ffc44380000 - 0x00007ffc443c9000 	C:\WINDOWS\System32\cfgmgr32.dll
0x00007ffc43e30000 - 0x00007ffc43e41000 	C:\WINDOWS\System32\kernel.appcore.dll
0x00007ffc1b970000 - 0x00007ffc1b981000 	C:\Program Files\Java\jdk-11.0.1\bin\verify.dll
0x00007ffc2c090000 - 0x00007ffc2c259000 	C:\WINDOWS\SYSTEM32\DBGHELP.DLL
0x00007ffc2c060000 - 0x00007ffc2c089000 	C:\WINDOWS\SYSTEM32\dbgcore.DLL
0x00007ffc1b940000 - 0x00007ffc1b969000 	C:\Program Files\Java\jdk-11.0.1\bin\java.dll
0x00007ffc1b800000 - 0x00007ffc1b816000 	C:\Program Files\Java\jdk-11.0.1\bin\zip.dll
0x00007ffc28880000 - 0x00007ffc2888a000 	C:\Program Files\Java\jdk-11.0.1\bin\jimage.dll
0x00007ffc465f0000 - 0x00007ffc47a30000 	C:\WINDOWS\System32\SHELL32.dll
0x00007ffc463e0000 - 0x00007ffc46489000 	C:\WINDOWS\System32\shcore.dll
0x00007ffc44880000 - 0x00007ffc44f8d000 	C:\WINDOWS\System32\windows.storage.dll
0x00007ffc46050000 - 0x00007ffc460a1000 	C:\WINDOWS\System32\shlwapi.dll
0x00007ffc43ea0000 - 0x00007ffc43ebf000 	C:\WINDOWS\System32\profapi.dll
0x00007ffc43e50000 - 0x00007ffc43e9c000 	C:\WINDOWS\System32\powrprof.dll
0x00007ffc43ec0000 - 0x00007ffc43eca000 	C:\WINDOWS\System32\FLTLIB.DLL
0x00007ffc1b7e0000 - 0x00007ffc1b7f9000 	C:\Program Files\Java\jdk-11.0.1\bin\net.dll
0x00007ffc3a620000 - 0x00007ffc3a6fd000 	C:\WINDOWS\SYSTEM32\WINHTTP.dll
0x00007ffc43630000 - 0x00007ffc43696000 	C:\WINDOWS\system32\mswsock.dll
0x00007ffc1b640000 - 0x00007ffc1b653000 	C:\Program Files\Java\jdk-11.0.1\bin\nio.dll
0x00007ffc299f0000 - 0x00007ffc29a62000 	C:\Users\B\AppData\Local\Temp\lwjglB\3.2.2-build-10\lwjgl.dll
0x00007ffc291b0000 - 0x00007ffc2920e000 	C:\Users\B\AppData\Local\Temp\lwjglB\3.2.2-build-10\glfw.dll
0x00007ffc422b0000 - 0x00007ffc42348000 	C:\WINDOWS\system32\uxtheme.dll
0x00007ffc28f80000 - 0x00007ffc28fc3000 	C:\WINDOWS\SYSTEM32\dinput8.dll
0x00007ffc28380000 - 0x00007ffc28390000 	C:\WINDOWS\SYSTEM32\xinput1_4.dll
0x00007ffc43c20000 - 0x00007ffc43c47000 	C:\WINDOWS\SYSTEM32\DEVOBJ.dll
0x00007ffc42500000 - 0x00007ffc42529000 	C:\WINDOWS\SYSTEM32\dwmapi.dll
0x00007ffc39870000 - 0x00007ffc398e9000 	C:\WINDOWS\SYSTEM32\inputhost.dll
0x00007ffc3f9b0000 - 0x00007ffc3fafd000 	C:\WINDOWS\SYSTEM32\wintypes.dll
0x00007ffc41e30000 - 0x00007ffc41f0a000 	C:\WINDOWS\SYSTEM32\CoreMessaging.dll
0x00007ffc3fb00000 - 0x00007ffc3fe1e000 	C:\WINDOWS\SYSTEM32\CoreUIComponents.dll
0x00007ffc42f10000 - 0x00007ffc42f41000 	C:\WINDOWS\SYSTEM32\ntmarta.dll
0x00007ffc45b90000 - 0x00007ffc45d03000 	C:\WINDOWS\System32\MSCTF.dll
0x00007ffc45120000 - 0x00007ffc451e2000 	C:\WINDOWS\System32\OLEAUT32.dll
0x00007ffc42a90000 - 0x00007ffc42a9c000 	C:\WINDOWS\SYSTEM32\HID.DLL
0x00007ffc45730000 - 0x00007ffc45b7b000 	C:\WINDOWS\System32\SETUPAPI.DLL
0x00007ffc44320000 - 0x00007ffc44377000 	C:\WINDOWS\System32\WINTRUST.dll
0x00007ffc43e10000 - 0x00007ffc43e22000 	C:\WINDOWS\System32\MSASN1.dll
0x00007ffc44690000 - 0x00007ffc44872000 	C:\WINDOWS\System32\CRYPT32.dll
0x00007ffc22dd0000 - 0x00007ffc22ef0000 	C:\WINDOWS\SYSTEM32\opengl32.dll
0x00007ffc22da0000 - 0x00007ffc22dcc000 	C:\WINDOWS\SYSTEM32\GLU32.dll
0x00007ffbefac0000 - 0x00007ffbf02f1000 	C:\WINDOWS\SYSTEM32\ig7icd64.dll
0x00007ffc3ded0000 - 0x00007ffc3e335000 	C:\WINDOWS\SYSTEM32\igdusc64.dll
0x00007ffc40a30000 - 0x00007ffc40a43000 	C:\WINDOWS\SYSTEM32\WTSAPI32.dll
0x00007ffc42be0000 - 0x00007ffc42c9b000 	C:\WINDOWS\SYSTEM32\dxgi.dll
0x00007ffc415e0000 - 0x00007ffc418eb000 	C:\WINDOWS\SYSTEM32\d3d11.dll
0x00007ffc3e3a0000 - 0x00007ffc3ef42000 	C:\WINDOWS\SYSTEM32\igd10iumd64.dll
0x00007ffc44fb0000 - 0x00007ffc45101000 	C:\WINDOWS\System32\ole32.dll
0x00007ffc43970000 - 0x00007ffc43995000 	C:\WINDOWS\SYSTEM32\bcrypt.dll
0x00007ffc43930000 - 0x00007ffc43956000 	C:\WINDOWS\SYSTEM32\ncrypt.dll
0x00007ffc438f0000 - 0x00007ffc43926000 	C:\WINDOWS\SYSTEM32\NTASN1.dll
0x00007ffc28f20000 - 0x00007ffc28f78000 	C:\Users\B\AppData\Local\Temp\lwjglB\3.2.2-build-10\lwjgl_opengl.dll
0x00007ffc25cb0000 - 0x00007ffc25f01000 	C:\Users\B\AppData\Local\Temp\lwjglB\3.2.2-build-10\jemalloc.dll
0x00007ffc28ea0000 - 0x00007ffc28f1f000 	C:\Users\B\AppData\Local\Temp\lwjglB\3.2.2-build-10\lwjgl_stb.dll
0x00007ffc12350000 - 0x00007ffc124ef000 	C:\Program Files\Java\jdk-11.0.1\bin\awt.dll
0x00007ffc41010000 - 0x00007ffc415d7000 	C:\WINDOWS\SYSTEM32\d2d1.dll
0x00007ffc420f0000 - 0x00007ffc4217b000 	C:\WINDOWS\SYSTEM32\apphelp.dll
0x00007ffc437e0000 - 0x00007ffc437f7000 	C:\WINDOWS\SYSTEM32\CRYPTSP.dll
0x00007ffc43220000 - 0x00007ffc43253000 	C:\WINDOWS\system32\rsaenh.dll
0x00007ffc43d40000 - 0x00007ffc43d68000 	C:\WINDOWS\SYSTEM32\USERENV.dll
0x00007ffc43960000 - 0x00007ffc4396b000 	C:\WINDOWS\SYSTEM32\CRYPTBASE.dll
0x00007ffc433c0000 - 0x00007ffc433f8000 	C:\WINDOWS\SYSTEM32\IPHLPAPI.DLL
0x00007ffc45b80000 - 0x00007ffc45b88000 	C:\WINDOWS\System32\NSI.dll
0x00007ffc3a8a0000 - 0x00007ffc3a8b6000 	C:\WINDOWS\SYSTEM32\dhcpcsvc6.DLL
0x00007ffc3ae30000 - 0x00007ffc3ae4a000 	C:\WINDOWS\SYSTEM32\dhcpcsvc.DLL
0x00007ffc28e70000 - 0x00007ffc28e9d000 	C:\Program Files\Java\jdk-11.0.1\bin\javajpeg.dll

dbghelp: loaded successfully - version: 4.0.5 - missing functions: none
symbol engine: initialized successfully - sym options: 0x614 - pdb path: .;C:\Program Files\Java\jdk-11.0.1\bin;C:\WINDOWS\SYSTEM32;C:\WINDOWS\WinSxS\amd64_microsoft.windows.common-controls_6595b64144ccf1df_6.0.17134.885_none_fb42a3473065565f;C:\Program Files\Java\jdk-11.0.1\bin\server;C:\Users\B\AppData\Local\Temp\lwjglB\3.2.2-build-10

VM Arguments:
jvm_args: -Dfile.encoding=UTF-8 
java_command: DabEngine.TestCaseEngine
java_class_path (initial): C:\Users\B\Documents\DabEngine\bin\main;C:\Users\B\Documents\DabEngine\bin\test;C:\Users\B\.gradle\caches\modules-2\files-2.1\org.apache.commons\commons-math3\3.6.1\e4ba98f1d4b3c80ec46392f25e094a6a2e58fcbf\commons-math3-3.6.1.jar;C:\Users\B\.gradle\caches\modules-2\files-2.1\com.google.guava\guava\27.0.1-jre\bd41a290787b5301e63929676d792c507bbc00ae\guava-27.0.1-jre.jar;C:\Users\B\Documents\DabEngine\libs\jython-standalone-2.7.0.jar;C:\Users\B\.gradle\caches\modules-2\files-2.1\com.googlecode.json-simple\json-simple\1.1.1\c9ad4a0850ab676c5c64461a05ca524cdfff59f1\json-simple-1.1.1.jar;C:\Users\B\.gradle\caches\modules-2\files-2.1\com.google.guava\failureaccess\1.0.1\1dcf1de382a0bf95a3d8b0849546c88bac1292c9\failureaccess-1.0.1.jar;C:\Users\B\.gradle\caches\modules-2\files-2.1\com.google.guava\listenablefuture\9999.0-empty-to-avoid-conflict-with-guava\b421526c5f297295adef1c886e5246c39d4ac629\listenablefuture-9999.0-empty-to-avoid-conflict-with-guava.jar;C:\Users\B\.gradle\caches\modules-2\files-2.1\com.google.code.findbugs\jsr305\3.0.2\25ea2e8b0c338a877313bd4672d3fe056ea78f0d\jsr305-3.0.2.jar;C:\Users\B\.gradle\caches\modules-2\files-2.1\org.checkerframework\checker-qual\2.5.2\cea74543d5904a30861a61b4643a5f2bb372efc4\checker-qual-2.5.2.jar;C:\Users\B\.gradle\caches\modules-2\files-2.1\com.google.errorprone\error_prone_annotations\2.2.0\88e3c593e9b3586e1c6177f89267da6fc6986f0c\error_prone_annotations-2.2.0.jar;C:\Users\B\.gradle\caches\modules-2\files-2.1\com.google.j2objc\j2objc-annotations\1.1\ed28ded51a8b1c6b112568def5f4b455e6809019\j2objc-annotations-1.1.jar;C:\Users\B\.gradle\caches\modules-2\files-2.1\org.codehaus.mojo\animal-sniffer-annotations\1.17\f97ce6decaea32b36101e37979f8b647f00681fb\animal-sniffer-annotations-1.17.jar;C:\Users\B\.gradle\caches\modules-2\files-2.1\junit\junit\4.10\e4f1766ce7404a08f45d859fb9c226fc9e41a861\junit-4.10.jar;C:\Users\B\.gradle\caches\modules-2\files-2.1\org.hamcrest\hamcrest-core\1.1\860340562250678d1a
Launcher Type: SUN_STANDARD

[Global flags]
     intx CICompilerCount                          = 3                                         {product} {ergonomic}
     uint ConcGCThreads                            = 1                                         {product} {ergonomic}
     uint G1ConcRefinementThreads                  = 4                                         {product} {ergonomic}
   size_t G1HeapRegionSize                         = 1048576                                   {product} {ergonomic}
    uintx GCDrainStackTargetSize                   = 64                                        {product} {ergonomic}
   size_t InitialHeapSize                          = 134217728                                 {product} {ergonomic}
   size_t MarkStackSize                            = 4194304                                   {product} {ergonomic}
   size_t MaxHeapSize                              = 2122317824                                {product} {ergonomic}
   size_t MaxNewSize                               = 1272971264                                {product} {ergonomic}
   size_t MinHeapDeltaBytes                        = 1048576                                   {product} {ergonomic}
    uintx NonNMethodCodeHeapSize                   = 5830092                                {pd product} {ergonomic}
    uintx NonProfiledCodeHeapSize                  = 122914074                              {pd product} {ergonomic}
    uintx ProfiledCodeHeapSize                     = 122914074                              {pd product} {ergonomic}
    uintx ReservedCodeCacheSize                    = 251658240                              {pd product} {ergonomic}
     bool SegmentedCodeCache                       = true                                      {product} {ergonomic}
     bool UseCompressedClassPointers               = true                                 {lp64_product} {ergonomic}
     bool UseCompressedOops                        = true                                 {lp64_product} {ergonomic}
     bool UseG1GC                                  = true                                      {product} {ergonomic}
     bool UseLargePagesIndividualAllocation        = false                                  {pd product} {ergonomic}

Logging:
Log output configuration:
 #0: stdout all=warning uptime,level,tags
 #1: stderr all=off uptime,level,tags

Environment Variables:
CLASSPATH=.;.;C:\PROGRA~2\JMF21~1.1E\lib\sound.jar;C:\PROGRA~2\JMF21~1.1E\lib\jmf.jar;C:\PROGRA~2\JMF21~1.1E\lib;
PATH=C:\Program Files (x86)\Common Files\Intel\Shared Libraries\redist\intel64\compiler;C:\WINDOWS\system32;C:\WINDOWS;C:\WINDOWS\System32\Wbem;C:\WINDOWS\System32\WindowsPowerShell\v1.0\;C:\WINDOWS\System32\OpenSSH\;C:\Program Files\Java\jdk-11.0.1\bin;C:\Program Files\Git\cmd;C:\Program Files (x86)\Windows Kits\10\Windows Performance Toolkit\;C:\Program Files\Csound6_x64\bin;C:\ProgramData\chocolatey\bin;C:\Users\B\AppData\Local\Programs\Python\Python36\Scripts\;C:\Users\B\AppData\Local\Programs\Python\Python36\;C:\Users\B\scoop\shims;C:\Users\B\AppData\Local\Microsoft\WindowsApps;C:\Users\B\AppData\Local\GitHubDesktop\bin;C:\Users\B\AppData\Local\atom\bin;C:\Users\B\AppData\Local\Programs\Microsoft VS Code\bin
USERNAME=B
OS=Windows_NT
PROCESSOR_IDENTIFIER=Intel64 Family 6 Model 58 Stepping 9, GenuineIntel



---------------  S Y S T E M  ---------------

OS: Windows 10 , 64 bit Build 17134 (10.0.17134.753)

CPU:total 4 (initial active 4) (2 cores per cpu, 2 threads per core) family 6 model 58 stepping 9, cmov, cx8, fxsr, mmx, sse, sse2, sse3, ssse3, sse4.1, sse4.2, popcnt, avx, clmul, erms, ht, tsc, tscinvbit, tscinv

Memory: 4k page, system-wide physical 8089M (3641M free)
TotalPageFile size 9964M (AvailPageFile size 4646M)
current process WorkingSet (physical memory assigned to process): 143M, peak: 148M
current process commit charge ("private bytes"): 297M, peak: 302M

vm_info: Java HotSpot(TM) 64-Bit Server VM (11.0.1+13-LTS) for windows-amd64 JRE (11.0.1+13-LTS), built on Oct  6 2018 13:20:16 by "mach5one" with MS VC++ 15.5 (VS2017)

END.
