#
# A fatal error has been detected by the Java Runtime Environment:
#
#  EXCEPTION_ACCESS_VIOLATION (0xc0000005) at pc=0x00007ffb42fb334d, pid=10480, tid=19900
#
# JRE version: Java(TM) SE Runtime Environment (11.0.1+13) (build 11.0.1+13-LTS)
# Java VM: Java HotSpot(TM) 64-Bit Server VM (11.0.1+13-LTS, mixed mode, tiered, compressed oops, g1 gc, windows-amd64)
# Problematic frame:
# C  [ig7icd64.dll+0x9334d]
#
# No core dump will be written. Minidumps are not enabled by default on client versions of Windows
#
# If you would like to submit a bug report, please visit:
#   http://bugreport.java.com/bugreport/crash.jsp
# The crash happened outside the Java Virtual Machine in native code.
# See problematic frame for where to report the bug.
#

---------------  S U M M A R Y ------------

Command Line: -Dfile.encoding=UTF-8 DabEngine.ModelTest

Host: Intel(R) Core(TM) i3-3110M CPU @ 2.40GHz, 4 cores, 7G,  Windows 10 , 64 bit Build 17134 (10.0.17134.753)
Time: Thu Aug 22 03:09:27 2019 GMT Daylight Time elapsed time: 5 seconds (0d 0h 0m 5s)

---------------  T H R E A D  ---------------

Current thread (0x000001ece72ac000):  JavaThread "main" [_thread_in_native, id=19900, stack(0x000000c149a00000,0x000000c149b00000)]

Stack: [0x000000c149a00000,0x000000c149b00000],  sp=0x000000c149afe600,  free space=1017k
Native frames: (J=compiled Java code, j=interpreted, Vv=VM code, C=native code)
C  [ig7icd64.dll+0x9334d]

Java frames: (J=compiled Java code, j=interpreted, Vv=VM code)
j  org.lwjgl.opengl.GL11C.nglTexImage2D(IIIIIIIIJ)V+0
j  org.lwjgl.opengl.GL11C.glTexImage2D(IIIIIIIILjava/nio/ByteBuffer;)V+17
j  org.lwjgl.opengl.GL11.glTexImage2D(IIIIIIIILjava/nio/ByteBuffer;)V+14
j  DabEngine.Graphics.OpenGL.Textures.Texture.<init>(Ljava/nio/ByteBuffer;IIZ[LDabEngine/Graphics/OpenGL/Textures/Texture$Parameters;)V+313
j  DabEngine.Graphics.OpenGL.Textures.Texture.<init>(IIZZ[LDabEngine/Graphics/OpenGL/Textures/Texture$Parameters;)V+13
j  DabEngine.ModelTest.init()V+200
j  DabEngine.Core.Engine.init(LDabEngine/Core/App;)V+138
j  DabEngine.ModelTest.main([Ljava/lang/String;)V+10
v  ~StubRoutines::call_stub

siginfo: EXCEPTION_ACCESS_VIOLATION (0xc0000005), reading address 0x000001ec9166a000


Register to memory mapping:

RIP=0x00007ffb42fb334d ig7icd64.dll
RAX=0x0000000000003aa0 is an unknown value
RBX=0x000000c149afe6a0 is pointing into the stack for thread: 0x000001ece72ac000
RCX=0x0 is NULL
RDX=0x000001ec91669fc0 points into unknown readable memory
RSP=0x000000c149afe600 is pointing into the stack for thread: 0x000001ece72ac000
RBP=0x000001ec91495040 points into unknown readable memory
RSI=0x000001ec925f0000 points into unknown readable memory
RDI=0x000001ec927c5000 points into unknown readable memory
R8 =0x00000000003a9800 is an unknown value
R9 =0x0000000000007530 is an unknown value
R10=0x0000000000003aa0 is an unknown value
R11=0x0000000000001ce0 is an unknown value
R12=0x00000000003a9800 is an unknown value
R13=0x0000000000000001 is an unknown value
R14=0x000001ec892b3394 points into unknown readable memory
R15=0x0 is NULL


Registers:
RAX=0x0000000000003aa0, RBX=0x000000c149afe6a0, RCX=0x0000000000000000, RDX=0x000001ec91669fc0
RSP=0x000000c149afe600, RBP=0x000001ec91495040, RSI=0x000001ec925f0000, RDI=0x000001ec927c5000
R8 =0x00000000003a9800, R9 =0x0000000000007530, R10=0x0000000000003aa0, R11=0x0000000000001ce0
R12=0x00000000003a9800, R13=0x0000000000000001, R14=0x000001ec892b3394, R15=0x0000000000000000
RIP=0x00007ffb42fb334d, EFLAGS=0x0000000000010207

Top of Stack: (sp=0x000000c149afe600)
0x000000c149afe600:   0000000000000000 0000000000000000
0x000000c149afe610:   0000000000000200 0000000000000000
0x000000c149afe620:   000001ec91495040 00007ffb432ef766
0x000000c149afe630:   000000c149afe6f0 00007ffb433ff51c
0x000000c149afe640:   000001ec8e77b5b4 00007ffb433c6235
0x000000c149afe650:   0000000000000000 00007ffb4315a167
0x000000c149afe660:   000001ec91495040 000000c149afe7d0
0x000000c149afe670:   000001ec892b3394 000001ec925f0000
0x000000c149afe680:   0000000000000001 000001ec91495040
0x000000c149afe690:   fffffffffffffffe 0000000000000000
0x000000c149afe6a0:   00007ffb434b0328 000001ec892a6380
0x000000c149afe6b0:   0000025800000320 0000004d00000000
0x000000c149afe6c0:   0000190000000008 000001ec91495040
0x000000c149afe6d0:   0000000800000158 000001ec00001900
0x000000c149afe6e0:   000001ec925f0000 000001ec8fb67fc0
0x000000c149afe6f0:   000001ec8f7b1b38 000001ec91495040 

Instructions: (pc=0x00007ffb42fb334d)
0x00007ffb42fb332d:   00 00 00 66 0f 6f 3a 66 0f 6f 72 10 66 0f 6f 6a
0x00007ffb42fb333d:   20 41 ff c2 48 83 ef 80 41 8b c2 66 0f 6f 62 30
0x00007ffb42fb334d:   66 0f 6f 5a 40 66 0f 6f 52 50 66 0f 6f 4a 60 66
0x00007ffb42fb335d:   0f 6f 42 70 66 0f e7 7f 80 48 83 ea 80 66 0f e7 



---------------  P R O C E S S  ---------------

Threads class SMR info:
_java_thread_list=0x000001ec8e7253e0, length=12, elements={
0x000001ece72ac000, 0x000001ec87584800, 0x000001ec875b0800, 0x000001ec87f11800,
0x000001ec87f12800, 0x000001ec875bf800, 0x000001ec875c5000, 0x000001ec87ec0800,
0x000001ec881e1800, 0x000001ec881f2800, 0x000001ec894a2000, 0x000001ec8fb84000
}

Java Threads: ( => current thread )
=>0x000001ece72ac000 JavaThread "main" [_thread_in_native, id=19900, stack(0x000000c149a00000,0x000000c149b00000)]
  0x000001ec87584800 JavaThread "Reference Handler" daemon [_thread_blocked, id=13096, stack(0x000000c14a100000,0x000000c14a200000)]
  0x000001ec875b0800 JavaThread "Finalizer" daemon [_thread_blocked, id=1560, stack(0x000000c14a200000,0x000000c14a300000)]
  0x000001ec87f11800 JavaThread "Signal Dispatcher" daemon [_thread_blocked, id=19220, stack(0x000000c14a300000,0x000000c14a400000)]
  0x000001ec87f12800 JavaThread "Attach Listener" daemon [_thread_blocked, id=11464, stack(0x000000c14a400000,0x000000c14a500000)]
  0x000001ec875bf800 JavaThread "C2 CompilerThread0" daemon [_thread_blocked, id=16432, stack(0x000000c14a500000,0x000000c14a600000)]
  0x000001ec875c5000 JavaThread "C1 CompilerThread0" daemon [_thread_blocked, id=18380, stack(0x000000c14a600000,0x000000c14a700000)]
  0x000001ec87ec0800 JavaThread "Sweeper thread" daemon [_thread_blocked, id=9444, stack(0x000000c14a700000,0x000000c14a800000)]
  0x000001ec881e1800 JavaThread "Service Thread" daemon [_thread_blocked, id=9620, stack(0x000000c14a800000,0x000000c14a900000)]
  0x000001ec881f2800 JavaThread "Common-Cleaner" daemon [_thread_blocked, id=17348, stack(0x000000c14aa00000,0x000000c14ab00000)]
  0x000001ec894a2000 JavaThread "Thread-0" daemon [_thread_blocked, id=19132, stack(0x000000c14af00000,0x000000c14b000000)]
  0x000001ec8fb84000 JavaThread "Java2D Disposer" daemon [_thread_blocked, id=13572, stack(0x000000c14b000000,0x000000c14b100000)]

Other Threads:
  0x000001ec87581800 VMThread "VM Thread" [stack: 0x000000c14a000000,0x000000c14a100000] [id=8688]
  0x000001ec881e9000 WatcherThread [stack: 0x000000c14a900000,0x000000c14aa00000] [id=12316]
  0x000001ece72c4000 GCTaskThread "GC Thread#0" [stack: 0x000000c149b00000,0x000000c149c00000] [id=13332]
  0x000001ec88b1e000 GCTaskThread "GC Thread#1" [stack: 0x000000c14ab00000,0x000000c14ac00000] [id=18420]
  0x000001ec88b1e800 GCTaskThread "GC Thread#2" [stack: 0x000000c14ac00000,0x000000c14ad00000] [id=20288]
  0x000001ece72f4000 ConcurrentGCThread "G1 Main Marker" [stack: 0x000000c149c00000,0x000000c149d00000] [id=20392]
  0x000001ece72f6800 ConcurrentGCThread "G1 Conc#0" [stack: 0x000000c149d00000,0x000000c149e00000] [id=16096]
  0x000001ece736e800 ConcurrentGCThread "G1 Refine#0" [stack: 0x000000c149e00000,0x000000c149f00000] [id=15836]
  0x000001ec873ea800 ConcurrentGCThread "G1 Young RemSet Sampling" [stack: 0x000000c149f00000,0x000000c14a000000] [id=5064]

Threads with active compile tasks:

VM state:not at safepoint (normal execution)

VM Mutex/Monitor currently owned by a thread: None

Heap address: 0x0000000081800000, size: 2024 MB, Compressed Oops mode: 32-bit
Narrow klass base: 0x0000000000000000, Narrow klass shift: 3
Compressed class space size: 1073741824 Address: 0x0000000100000000

Heap:
 garbage-first heap   total 131072K, used 48007K [0x0000000081800000, 0x0000000100000000)
  region size 1024K, 24 young (24576K), 2 survivors (2048K)
 Metaspace       used 15791K, capacity 16011K, committed 16256K, reserved 1064960K
  class space    used 1183K, capacity 1282K, committed 1408K, reserved 1048576K
Heap Regions: E=young(eden), S=young(survivor), O=old, HS=humongous(starts), HC=humongous(continues), CS=collection set, F=free, A=archive, TAMS=top-at-mark-start (previous, next)
|   0|0x0000000081800000, 0x0000000081900000, 0x0000000081900000|100%|HS|  |TAMS 0x0000000081800000, 0x0000000081800000| Complete 
|   1|0x0000000081900000, 0x0000000081a00000, 0x0000000081a00000|100%|HC|  |TAMS 0x0000000081900000, 0x0000000081900000| Complete 
|   2|0x0000000081a00000, 0x0000000081b00000, 0x0000000081b00000|100%| O|  |TAMS 0x0000000081a00000, 0x0000000081a00000| Untracked 
|   3|0x0000000081b00000, 0x0000000081c00000, 0x0000000081c00000|100%| O|  |TAMS 0x0000000081b00000, 0x0000000081b00000| Untracked 
|   4|0x0000000081c00000, 0x0000000081d00000, 0x0000000081d00000|100%| O|  |TAMS 0x0000000081c00000, 0x0000000081c00000| Untracked 
|   5|0x0000000081d00000, 0x0000000081dee000, 0x0000000081e00000| 92%| O|  |TAMS 0x0000000081d00000, 0x0000000081d00000| Untracked 
|   6|0x0000000081e00000, 0x0000000081f00000, 0x0000000081f00000|100%|HS|  |TAMS 0x0000000081e00000, 0x0000000081e00000| Complete 
|   7|0x0000000081f00000, 0x0000000082000000, 0x0000000082000000|100%|HC|  |TAMS 0x0000000081f00000, 0x0000000081f00000| Complete 
|   8|0x0000000082000000, 0x0000000082100000, 0x0000000082100000|100%|HS|  |TAMS 0x0000000082000000, 0x0000000082000000| Complete 
|   9|0x0000000082100000, 0x0000000082200000, 0x0000000082200000|100%|HC|  |TAMS 0x0000000082100000, 0x0000000082100000| Complete 
|  10|0x0000000082200000, 0x0000000082300000, 0x0000000082300000|100%|HS|  |TAMS 0x0000000082200000, 0x0000000082200000| Complete 
|  11|0x0000000082300000, 0x0000000082400000, 0x0000000082400000|100%|HS|  |TAMS 0x0000000082300000, 0x0000000082300000| Complete 
|  12|0x0000000082400000, 0x0000000082500000, 0x0000000082500000|100%|HS|  |TAMS 0x0000000082400000, 0x0000000082400000| Complete 
|  13|0x0000000082500000, 0x0000000082600000, 0x0000000082600000|100%|HC|  |TAMS 0x0000000082500000, 0x0000000082500000| Complete 
|  14|0x0000000082600000, 0x0000000082700000, 0x0000000082700000|100%|HS|  |TAMS 0x0000000082600000, 0x0000000082600000| Complete 
|  15|0x0000000082700000, 0x0000000082800000, 0x0000000082800000|100%|HC|  |TAMS 0x0000000082700000, 0x0000000082700000| Complete 
|  16|0x0000000082800000, 0x0000000082900000, 0x0000000082900000|100%|HS|  |TAMS 0x0000000082800000, 0x0000000082800000| Complete 
|  17|0x0000000082900000, 0x0000000082a00000, 0x0000000082a00000|100%|HS|  |TAMS 0x0000000082900000, 0x0000000082900000| Complete 
|  18|0x0000000082a00000, 0x0000000082b00000, 0x0000000082b00000|100%|HS|  |TAMS 0x0000000082a00000, 0x0000000082a00000| Complete 
|  19|0x0000000082b00000, 0x0000000082c00000, 0x0000000082c00000|100%|HC|  |TAMS 0x0000000082b00000, 0x0000000082b00000| Complete 
|  20|0x0000000082c00000, 0x0000000082d00000, 0x0000000082d00000|100%|HS|  |TAMS 0x0000000082c00000, 0x0000000082c00000| Complete 
|  21|0x0000000082d00000, 0x0000000082e00000, 0x0000000082e00000|100%|HC|  |TAMS 0x0000000082d00000, 0x0000000082d00000| Complete 
|  22|0x0000000082e00000, 0x0000000082f00000, 0x0000000082f00000|100%|HS|  |TAMS 0x0000000082e00000, 0x0000000082e00000| Complete 
|  23|0x0000000082f00000, 0x0000000083000000, 0x0000000083000000|100%|HC|  |TAMS 0x0000000082f00000, 0x0000000082f00000| Complete 
|  24|0x0000000083000000, 0x0000000083000000, 0x0000000083100000|  0%| F|  |TAMS 0x0000000083000000, 0x0000000083000000| Untracked 
|  25|0x0000000083100000, 0x0000000083100000, 0x0000000083200000|  0%| F|  |TAMS 0x0000000083100000, 0x0000000083100000| Untracked 
|  26|0x0000000083200000, 0x0000000083200000, 0x0000000083300000|  0%| F|  |TAMS 0x0000000083200000, 0x0000000083200000| Untracked 
|  27|0x0000000083300000, 0x0000000083300000, 0x0000000083400000|  0%| F|  |TAMS 0x0000000083300000, 0x0000000083300000| Untracked 
|  28|0x0000000083400000, 0x0000000083400000, 0x0000000083500000|  0%| F|  |TAMS 0x0000000083400000, 0x0000000083400000| Untracked 
|  29|0x0000000083500000, 0x0000000083500000, 0x0000000083600000|  0%| F|  |TAMS 0x0000000083500000, 0x0000000083500000| Untracked 
|  30|0x0000000083600000, 0x0000000083600000, 0x0000000083700000|  0%| F|  |TAMS 0x0000000083600000, 0x0000000083600000| Untracked 
|  31|0x0000000083700000, 0x0000000083700000, 0x0000000083800000|  0%| F|  |TAMS 0x0000000083700000, 0x0000000083700000| Untracked 
|  32|0x0000000083800000, 0x0000000083800000, 0x0000000083900000|  0%| F|  |TAMS 0x0000000083800000, 0x0000000083800000| Untracked 
|  33|0x0000000083900000, 0x0000000083900000, 0x0000000083a00000|  0%| F|  |TAMS 0x0000000083900000, 0x0000000083900000| Untracked 
|  34|0x0000000083a00000, 0x0000000083a00000, 0x0000000083b00000|  0%| F|  |TAMS 0x0000000083a00000, 0x0000000083a00000| Untracked 
|  35|0x0000000083b00000, 0x0000000083b00000, 0x0000000083c00000|  0%| F|  |TAMS 0x0000000083b00000, 0x0000000083b00000| Untracked 
|  36|0x0000000083c00000, 0x0000000083c00000, 0x0000000083d00000|  0%| F|  |TAMS 0x0000000083c00000, 0x0000000083c00000| Untracked 
|  37|0x0000000083d00000, 0x0000000083d00000, 0x0000000083e00000|  0%| F|  |TAMS 0x0000000083d00000, 0x0000000083d00000| Untracked 
|  38|0x0000000083e00000, 0x0000000083e00000, 0x0000000083f00000|  0%| F|  |TAMS 0x0000000083e00000, 0x0000000083e00000| Untracked 
|  39|0x0000000083f00000, 0x0000000083f00000, 0x0000000084000000|  0%| F|  |TAMS 0x0000000083f00000, 0x0000000083f00000| Untracked 
|  40|0x0000000084000000, 0x0000000084000000, 0x0000000084100000|  0%| F|  |TAMS 0x0000000084000000, 0x0000000084000000| Untracked 
|  41|0x0000000084100000, 0x0000000084100000, 0x0000000084200000|  0%| F|  |TAMS 0x0000000084100000, 0x0000000084100000| Untracked 
|  42|0x0000000084200000, 0x0000000084200000, 0x0000000084300000|  0%| F|  |TAMS 0x0000000084200000, 0x0000000084200000| Untracked 
|  43|0x0000000084300000, 0x0000000084300000, 0x0000000084400000|  0%| F|  |TAMS 0x0000000084300000, 0x0000000084300000| Untracked 
|  44|0x0000000084400000, 0x0000000084400000, 0x0000000084500000|  0%| F|  |TAMS 0x0000000084400000, 0x0000000084400000| Untracked 
|  45|0x0000000084500000, 0x0000000084500000, 0x0000000084600000|  0%| F|  |TAMS 0x0000000084500000, 0x0000000084500000| Untracked 
|  46|0x0000000084600000, 0x0000000084600000, 0x0000000084700000|  0%| F|  |TAMS 0x0000000084600000, 0x0000000084600000| Untracked 
|  47|0x0000000084700000, 0x0000000084700000, 0x0000000084800000|  0%| F|  |TAMS 0x0000000084700000, 0x0000000084700000| Untracked 
|  48|0x0000000084800000, 0x0000000084800000, 0x0000000084900000|  0%| F|  |TAMS 0x0000000084800000, 0x0000000084800000| Untracked 
|  49|0x0000000084900000, 0x0000000084900000, 0x0000000084a00000|  0%| F|  |TAMS 0x0000000084900000, 0x0000000084900000| Untracked 
|  50|0x0000000084a00000, 0x0000000084a00000, 0x0000000084b00000|  0%| F|  |TAMS 0x0000000084a00000, 0x0000000084a00000| Untracked 
|  51|0x0000000084b00000, 0x0000000084b00000, 0x0000000084c00000|  0%| F|  |TAMS 0x0000000084b00000, 0x0000000084b00000| Untracked 
|  52|0x0000000084c00000, 0x0000000084c00000, 0x0000000084d00000|  0%| F|  |TAMS 0x0000000084c00000, 0x0000000084c00000| Untracked 
|  53|0x0000000084d00000, 0x0000000084d00000, 0x0000000084e00000|  0%| F|  |TAMS 0x0000000084d00000, 0x0000000084d00000| Untracked 
|  54|0x0000000084e00000, 0x0000000084e00000, 0x0000000084f00000|  0%| F|  |TAMS 0x0000000084e00000, 0x0000000084e00000| Untracked 
|  55|0x0000000084f00000, 0x0000000084f00000, 0x0000000085000000|  0%| F|  |TAMS 0x0000000084f00000, 0x0000000084f00000| Untracked 
|  56|0x0000000085000000, 0x0000000085000000, 0x0000000085100000|  0%| F|  |TAMS 0x0000000085000000, 0x0000000085000000| Untracked 
|  57|0x0000000085100000, 0x0000000085100000, 0x0000000085200000|  0%| F|  |TAMS 0x0000000085100000, 0x0000000085100000| Untracked 
|  58|0x0000000085200000, 0x0000000085200000, 0x0000000085300000|  0%| F|  |TAMS 0x0000000085200000, 0x0000000085200000| Untracked 
|  59|0x0000000085300000, 0x0000000085300000, 0x0000000085400000|  0%| F|  |TAMS 0x0000000085300000, 0x0000000085300000| Untracked 
|  60|0x0000000085400000, 0x0000000085400000, 0x0000000085500000|  0%| F|  |TAMS 0x0000000085400000, 0x0000000085400000| Untracked 
|  61|0x0000000085500000, 0x0000000085500000, 0x0000000085600000|  0%| F|  |TAMS 0x0000000085500000, 0x0000000085500000| Untracked 
|  62|0x0000000085600000, 0x0000000085600000, 0x0000000085700000|  0%| F|  |TAMS 0x0000000085600000, 0x0000000085600000| Untracked 
|  63|0x0000000085700000, 0x0000000085700000, 0x0000000085800000|  0%| F|  |TAMS 0x0000000085700000, 0x0000000085700000| Untracked 
|  64|0x0000000085800000, 0x0000000085800000, 0x0000000085900000|  0%| F|  |TAMS 0x0000000085800000, 0x0000000085800000| Untracked 
|  65|0x0000000085900000, 0x0000000085900000, 0x0000000085a00000|  0%| F|  |TAMS 0x0000000085900000, 0x0000000085900000| Untracked 
|  66|0x0000000085a00000, 0x0000000085a00000, 0x0000000085b00000|  0%| F|  |TAMS 0x0000000085a00000, 0x0000000085a00000| Untracked 
|  67|0x0000000085b00000, 0x0000000085b00000, 0x0000000085c00000|  0%| F|  |TAMS 0x0000000085b00000, 0x0000000085b00000| Untracked 
|  68|0x0000000085c00000, 0x0000000085c00000, 0x0000000085d00000|  0%| F|  |TAMS 0x0000000085c00000, 0x0000000085c00000| Untracked 
|  69|0x0000000085d00000, 0x0000000085d00000, 0x0000000085e00000|  0%| F|  |TAMS 0x0000000085d00000, 0x0000000085d00000| Untracked 
|  70|0x0000000085e00000, 0x0000000085e00000, 0x0000000085f00000|  0%| F|  |TAMS 0x0000000085e00000, 0x0000000085e00000| Untracked 
|  71|0x0000000085f00000, 0x0000000085f00000, 0x0000000086000000|  0%| F|  |TAMS 0x0000000085f00000, 0x0000000085f00000| Untracked 
|  72|0x0000000086000000, 0x0000000086000000, 0x0000000086100000|  0%| F|  |TAMS 0x0000000086000000, 0x0000000086000000| Untracked 
|  73|0x0000000086100000, 0x0000000086100000, 0x0000000086200000|  0%| F|  |TAMS 0x0000000086100000, 0x0000000086100000| Untracked 
|  74|0x0000000086200000, 0x0000000086200000, 0x0000000086300000|  0%| F|  |TAMS 0x0000000086200000, 0x0000000086200000| Untracked 
|  75|0x0000000086300000, 0x0000000086300000, 0x0000000086400000|  0%| F|  |TAMS 0x0000000086300000, 0x0000000086300000| Untracked 
|  76|0x0000000086400000, 0x0000000086400000, 0x0000000086500000|  0%| F|  |TAMS 0x0000000086400000, 0x0000000086400000| Untracked 
|  77|0x0000000086500000, 0x0000000086500000, 0x0000000086600000|  0%| F|  |TAMS 0x0000000086500000, 0x0000000086500000| Untracked 
|  78|0x0000000086600000, 0x0000000086600000, 0x0000000086700000|  0%| F|  |TAMS 0x0000000086600000, 0x0000000086600000| Untracked 
|  79|0x0000000086700000, 0x0000000086700000, 0x0000000086800000|  0%| F|  |TAMS 0x0000000086700000, 0x0000000086700000| Untracked 
|  80|0x0000000086800000, 0x0000000086800000, 0x0000000086900000|  0%| F|  |TAMS 0x0000000086800000, 0x0000000086800000| Untracked 
|  81|0x0000000086900000, 0x0000000086900000, 0x0000000086a00000|  0%| F|  |TAMS 0x0000000086900000, 0x0000000086900000| Untracked 
|  82|0x0000000086a00000, 0x0000000086a00000, 0x0000000086b00000|  0%| F|  |TAMS 0x0000000086a00000, 0x0000000086a00000| Untracked 
|  83|0x0000000086b00000, 0x0000000086b00000, 0x0000000086c00000|  0%| F|  |TAMS 0x0000000086b00000, 0x0000000086b00000| Untracked 
|  84|0x0000000086c00000, 0x0000000086c00000, 0x0000000086d00000|  0%| F|  |TAMS 0x0000000086c00000, 0x0000000086c00000| Untracked 
|  85|0x0000000086d00000, 0x0000000086d00000, 0x0000000086e00000|  0%| F|  |TAMS 0x0000000086d00000, 0x0000000086d00000| Untracked 
|  86|0x0000000086e00000, 0x0000000086e00000, 0x0000000086f00000|  0%| F|  |TAMS 0x0000000086e00000, 0x0000000086e00000| Untracked 
|  87|0x0000000086f00000, 0x0000000086f00000, 0x0000000087000000|  0%| F|  |TAMS 0x0000000086f00000, 0x0000000086f00000| Untracked 
|  88|0x0000000087000000, 0x0000000087000000, 0x0000000087100000|  0%| F|  |TAMS 0x0000000087000000, 0x0000000087000000| Untracked 
|  89|0x0000000087100000, 0x0000000087100000, 0x0000000087200000|  0%| F|  |TAMS 0x0000000087100000, 0x0000000087100000| Untracked 
|  90|0x0000000087200000, 0x0000000087200000, 0x0000000087300000|  0%| F|  |TAMS 0x0000000087200000, 0x0000000087200000| Untracked 
|  91|0x0000000087300000, 0x0000000087300000, 0x0000000087400000|  0%| F|  |TAMS 0x0000000087300000, 0x0000000087300000| Untracked 
|  92|0x0000000087400000, 0x0000000087400000, 0x0000000087500000|  0%| F|  |TAMS 0x0000000087400000, 0x0000000087400000| Untracked 
|  93|0x0000000087500000, 0x0000000087500000, 0x0000000087600000|  0%| F|  |TAMS 0x0000000087500000, 0x0000000087500000| Untracked 
|  94|0x0000000087600000, 0x0000000087600000, 0x0000000087700000|  0%| F|  |TAMS 0x0000000087600000, 0x0000000087600000| Untracked 
|  95|0x0000000087700000, 0x0000000087700000, 0x0000000087800000|  0%| F|  |TAMS 0x0000000087700000, 0x0000000087700000| Untracked 
|  96|0x0000000087800000, 0x0000000087800000, 0x0000000087900000|  0%| F|  |TAMS 0x0000000087800000, 0x0000000087800000| Untracked 
|  97|0x0000000087900000, 0x00000000879f3c48, 0x0000000087a00000| 95%| S|CS|TAMS 0x0000000087900000, 0x0000000087900000| Complete 
|  98|0x0000000087a00000, 0x0000000087b00000, 0x0000000087b00000|100%| S|CS|TAMS 0x0000000087a00000, 0x0000000087a00000| Complete 
|  99|0x0000000087b00000, 0x0000000087b00000, 0x0000000087c00000|  0%| F|  |TAMS 0x0000000087b00000, 0x0000000087b00000| Untracked 
| 100|0x0000000087c00000, 0x0000000087c00000, 0x0000000087d00000|  0%| F|  |TAMS 0x0000000087c00000, 0x0000000087c00000| Untracked 
| 101|0x0000000087d00000, 0x0000000087d00000, 0x0000000087e00000|  0%| F|  |TAMS 0x0000000087d00000, 0x0000000087d00000| Untracked 
| 102|0x0000000087e00000, 0x0000000087e00000, 0x0000000087f00000|  0%| F|  |TAMS 0x0000000087e00000, 0x0000000087e00000| Untracked 
| 103|0x0000000087f00000, 0x0000000087f00000, 0x0000000088000000|  0%| F|  |TAMS 0x0000000087f00000, 0x0000000087f00000| Untracked 
| 104|0x0000000088000000, 0x0000000088000000, 0x0000000088100000|  0%| F|  |TAMS 0x0000000088000000, 0x0000000088000000| Untracked 
| 105|0x0000000088100000, 0x0000000088100000, 0x0000000088200000|  0%| F|  |TAMS 0x0000000088100000, 0x0000000088100000| Untracked 
| 106|0x0000000088200000, 0x0000000088280800, 0x0000000088300000| 50%| E|  |TAMS 0x0000000088200000, 0x0000000088200000| Complete 
| 107|0x0000000088300000, 0x0000000088400000, 0x0000000088400000|100%| E|CS|TAMS 0x0000000088300000, 0x0000000088300000| Complete 
| 108|0x0000000088400000, 0x0000000088500000, 0x0000000088500000|100%| E|CS|TAMS 0x0000000088400000, 0x0000000088400000| Complete 
| 109|0x0000000088500000, 0x0000000088600000, 0x0000000088600000|100%| E|CS|TAMS 0x0000000088500000, 0x0000000088500000| Complete 
| 110|0x0000000088600000, 0x0000000088700000, 0x0000000088700000|100%| E|CS|TAMS 0x0000000088600000, 0x0000000088600000| Complete 
| 111|0x0000000088700000, 0x0000000088800000, 0x0000000088800000|100%| E|CS|TAMS 0x0000000088700000, 0x0000000088700000| Complete 
| 112|0x0000000088800000, 0x0000000088900000, 0x0000000088900000|100%| E|CS|TAMS 0x0000000088800000, 0x0000000088800000| Complete 
| 113|0x0000000088900000, 0x0000000088a00000, 0x0000000088a00000|100%| E|CS|TAMS 0x0000000088900000, 0x0000000088900000| Complete 
| 114|0x0000000088a00000, 0x0000000088b00000, 0x0000000088b00000|100%| E|CS|TAMS 0x0000000088a00000, 0x0000000088a00000| Complete 
| 115|0x0000000088b00000, 0x0000000088c00000, 0x0000000088c00000|100%| E|CS|TAMS 0x0000000088b00000, 0x0000000088b00000| Complete 
| 116|0x0000000088c00000, 0x0000000088d00000, 0x0000000088d00000|100%| E|CS|TAMS 0x0000000088c00000, 0x0000000088c00000| Complete 
| 117|0x0000000088d00000, 0x0000000088e00000, 0x0000000088e00000|100%| E|CS|TAMS 0x0000000088d00000, 0x0000000088d00000| Complete 
| 118|0x0000000088e00000, 0x0000000088f00000, 0x0000000088f00000|100%| E|CS|TAMS 0x0000000088e00000, 0x0000000088e00000| Complete 
| 119|0x0000000088f00000, 0x0000000089000000, 0x0000000089000000|100%| E|CS|TAMS 0x0000000088f00000, 0x0000000088f00000| Complete 
| 120|0x0000000089000000, 0x0000000089100000, 0x0000000089100000|100%| E|CS|TAMS 0x0000000089000000, 0x0000000089000000| Complete 
| 121|0x0000000089100000, 0x0000000089200000, 0x0000000089200000|100%| E|CS|TAMS 0x0000000089100000, 0x0000000089100000| Complete 
| 122|0x0000000089200000, 0x0000000089300000, 0x0000000089300000|100%| E|CS|TAMS 0x0000000089200000, 0x0000000089200000| Complete 
| 123|0x0000000089300000, 0x0000000089400000, 0x0000000089400000|100%| E|CS|TAMS 0x0000000089300000, 0x0000000089300000| Complete 
| 124|0x0000000089400000, 0x0000000089500000, 0x0000000089500000|100%| E|CS|TAMS 0x0000000089400000, 0x0000000089400000| Complete 
| 125|0x0000000089500000, 0x0000000089600000, 0x0000000089600000|100%| E|CS|TAMS 0x0000000089500000, 0x0000000089500000| Complete 
| 126|0x0000000089600000, 0x0000000089700000, 0x0000000089700000|100%| E|CS|TAMS 0x0000000089600000, 0x0000000089600000| Complete 
| 127|0x0000000089700000, 0x0000000089800000, 0x0000000089800000|100%| E|CS|TAMS 0x0000000089700000, 0x0000000089700000| Complete 

Card table byte_map: [0x000001ec80840000,0x000001ec80c40000] _byte_map_base: 0x000001ec80434000

Marking Bits (Prev, Next): (CMBitMap*) 0x000001ece72eb258, (CMBitMap*) 0x000001ece72eb290
 Prev Bits: [0x000001ec81040000, 0x000001ec82fe0000)
 Next Bits: [0x000001ec82fe0000, 0x000001ec84f80000)

Polling page: 0x000001ece70f0000

Metaspace:

Usage:
  Non-class:     14.38 MB capacity,    14.27 MB (>99%) used,    95.57 KB ( <1%) free+waste,    25.75 KB ( <1%) overhead. 
      Class:      1.25 MB capacity,     1.16 MB ( 92%) used,    87.20 KB (  7%) free+waste,    11.00 KB ( <1%) overhead. 
       Both:     15.64 MB capacity,    15.42 MB ( 99%) used,   182.77 KB (  1%) free+waste,    36.75 KB ( <1%) overhead. 

Virtual space:
  Non-class space:       16.00 MB reserved,      14.50 MB ( 91%) committed 
      Class space:        1.00 GB reserved,       1.38 MB ( <1%) committed 
             Both:        1.02 GB reserved,      15.88 MB (  2%) committed 

Chunk freelists:
   Non-Class:  6.88 KB
       Class:  3.75 KB
        Both:  10.63 KB

CodeHeap 'non-profiled nmethods': size=120064Kb used=520Kb max_used=520Kb free=119544Kb
 bounds [0x000001ecf8890000, 0x000001ecf8b00000, 0x000001ecffdd0000]
CodeHeap 'profiled nmethods': size=120000Kb used=2601Kb max_used=2601Kb free=117398Kb
 bounds [0x000001ecf1360000, 0x000001ecf15f0000, 0x000001ecf8890000]
CodeHeap 'non-nmethods': size=5696Kb used=1491Kb max_used=1536Kb free=4204Kb
 bounds [0x000001ecf0dd0000, 0x000001ecf1040000, 0x000001ecf1360000]
 total_blobs=2740 nmethods=1367 adapters=925
 compilation: enabled
              stopped_count=0, restarted_count=0
 full_count=0

Compilation events (10 events):
Event: 5.117 Thread 0x000001ec875c5000 nmethod 1370 0x000001ecf15e8a10 code [0x000001ecf15e8be0, 0x000001ecf15e8f38]
Event: 5.121 Thread 0x000001ec875bf800 nmethod 1369 0x000001ecf8910e90 code [0x000001ecf8911040, 0x000001ecf8911418]
Event: 5.121 Thread 0x000001ec875bf800 1371   !   4       java.nio.DirectByteBuffer::put (32 bytes)
Event: 5.123 Thread 0x000001ec875bf800 nmethod 1371 0x000001ecf8911710 code [0x000001ecf89118a0, 0x000001ecf8911958]
Event: 5.143 Thread 0x000001ec875c5000 1372 %     3       DabEngine.Graphics.OpenGL.Textures.Texture::pixel @ 15 (52 bytes)
Event: 5.144 Thread 0x000001ec875c5000 nmethod 1372% 0x000001ecf15e9110 code [0x000001ecf15e9340, 0x000001ecf15e99e0]
Event: 5.144 Thread 0x000001ec875c5000 1373       3       DabEngine.Graphics.OpenGL.Textures.Texture::pixel (52 bytes)
Event: 5.144 Thread 0x000001ec875c5000 nmethod 1373 0x000001ecf15e9c10 code [0x000001ecf15e9e20, 0x000001ecf15ea440]
Event: 5.145 Thread 0x000001ec875bf800 1374 %     4       DabEngine.Graphics.OpenGL.Textures.Texture::pixel @ 15 (52 bytes)
Event: 5.152 Thread 0x000001ec875bf800 nmethod 1374% 0x000001ecf8911a10 code [0x000001ecf8911ba0, 0x000001ecf8911e58]

GC Heap History (6 events):
Event: 1.625 GC heap before
{Heap before GC invocations=0 (full 0):
 garbage-first heap   total 131072K, used 16384K [0x0000000081800000, 0x0000000100000000)
  region size 1024K, 14 young (14336K), 0 survivors (0K)
 Metaspace       used 7301K, capacity 7410K, committed 7680K, reserved 1056768K
  class space    used 632K, capacity 681K, committed 768K, reserved 1048576K
}
Event: 1.642 GC heap after
{Heap after GC invocations=1 (full 0):
 garbage-first heap   total 131072K, used 6089K [0x0000000081800000, 0x0000000100000000)
  region size 1024K, 2 young (2048K), 2 survivors (2048K)
 Metaspace       used 7301K, capacity 7410K, committed 7680K, reserved 1056768K
  class space    used 632K, capacity 681K, committed 768K, reserved 1048576K
}
Event: 2.705 GC heap before
{Heap before GC invocations=1 (full 0):
 garbage-first heap   total 131072K, used 17353K [0x0000000081800000, 0x0000000100000000)
  region size 1024K, 13 young (13312K), 2 survivors (2048K)
 Metaspace       used 9707K, capacity 9842K, committed 10112K, reserved 1058816K
  class space    used 818K, capacity 882K, committed 896K, reserved 1048576K
}
Event: 2.710 GC heap after
{Heap after GC invocations=2 (full 0):
 garbage-first heap   total 131072K, used 6853K [0x0000000081800000, 0x0000000100000000)
  region size 1024K, 1 young (1024K), 1 survivors (1024K)
 Metaspace       used 9707K, capacity 9842K, committed 10112K, reserved 1058816K
  class space    used 818K, capacity 882K, committed 896K, reserved 1048576K
}
Event: 4.577 GC heap before
{Heap before GC invocations=2 (full 0):
 garbage-first heap   total 131072K, used 41669K [0x0000000081800000, 0x0000000100000000)
  region size 1024K, 29 young (29696K), 1 survivors (1024K)
 Metaspace       used 15732K, capacity 15945K, committed 16256K, reserved 1064960K
  class space    used 1175K, capacity 1281K, committed 1408K, reserved 1048576K
}
Event: 4.587 GC heap after
{Heap after GC invocations=3 (full 0):
 garbage-first heap   total 131072K, used 9095K [0x0000000081800000, 0x0000000100000000)
  region size 1024K, 2 young (2048K), 2 survivors (2048K)
 Metaspace       used 15732K, capacity 15945K, committed 16256K, reserved 1064960K
  class space    used 1175K, capacity 1281K, committed 1408K, reserved 1048576K
}

Deoptimization events (10 events):
Event: 1.809 Thread 0x000001ece72ac000 Uncommon trap: reason=class_check action=maybe_recompile pc=0x000001ecf88bb090 method=java.util.HashMap.getNode(ILjava/lang/Object;)Ljava/util/HashMap$Node; @ 59 c2
Event: 1.924 Thread 0x000001ece72ac000 Uncommon trap: reason=unstable_if action=reinterpret pc=0x000001ecf88bcd18 method=java.lang.String.startsWith(Ljava/lang/String;I)Z @ 14 c2
Event: 1.929 Thread 0x000001ece72ac000 Uncommon trap: reason=class_check action=maybe_recompile pc=0x000001ecf88bb090 method=java.util.HashMap.getNode(ILjava/lang/Object;)Ljava/util/HashMap$Node; @ 59 c2
Event: 2.169 Thread 0x000001ece72ac000 Uncommon trap: reason=class_check action=maybe_recompile pc=0x000001ecf88bb090 method=java.util.HashMap.getNode(ILjava/lang/Object;)Ljava/util/HashMap$Node; @ 59 c2
Event: 2.285 Thread 0x000001ece72ac000 Uncommon trap: reason=unstable_if action=reinterpret pc=0x000001ecf88cf5e4 method=java.util.jar.JarFile.getVersionedEntry(Ljava/lang/String;Ljava/util/jar/JarEntry;)Ljava/util/jar/JarEntry; @ 67 c2
Event: 2.746 Thread 0x000001ece72ac000 Uncommon trap: reason=unstable_if action=reinterpret pc=0x000001ecf88d7a28 method=java.util.jar.JarFile.getVersionedEntry(Ljava/lang/String;Ljava/util/jar/JarEntry;)Ljava/util/jar/JarEntry; @ 67 c2
Event: 3.291 Thread 0x000001ece72ac000 Uncommon trap: reason=unstable_if action=reinterpret pc=0x000001ecf88b1280 method=java.io.BufferedReader.readLine(Z)Ljava/lang/String; @ 66 c2
Event: 4.650 Thread 0x000001ece72ac000 Uncommon trap: reason=unstable_if action=reinterpret pc=0x000001ecf89032d0 method=java.awt.image.BufferedImage.getRGB(IIII[III)[I @ 150 c2
Event: 4.654 Thread 0x000001ece72ac000 Uncommon trap: reason=unstable_if action=reinterpret pc=0x000001ecf8906604 method=DabEngine.Utils.ImageDecoder.decode()Ljava/nio/ByteBuffer; @ 261 c2
Event: 5.155 Thread 0x000001ece72ac000 Uncommon trap: reason=unstable_if action=reinterpret pc=0x000001ecf8911db4 method=DabEngine.Graphics.OpenGL.Textures.Texture.pixel(ZII)Ljava/nio/ByteBuffer; @ 47 c2

Classes redefined (0 events):
No events

Internal exceptions (10 events):
Event: 4.128 Thread 0x000001ece72ac000 Exception <a 'java/lang/NoSuchMethodError'{0x0000000087defac0}: java.lang.invoke.DirectMethodHandle$Holder.invokeStatic(Ljava/lang/Object;Ljava/lang/Object;Ljava/lang/Object;Ljava/lang/Object;Ljava/lang/Object;Ljava/lang/Object;Ljava/lang/Object;Ljava/lan
Event: 4.132 Thread 0x000001ece72ac000 Exception <a 'java/lang/NoSuchMethodError'{0x0000000087dfd728}: java.lang.invoke.DirectMethodHandle$Holder.invokeSpecial(Ljava/lang/Object;Ljava/lang/Object;IILjava/lang/Object;Ljava/lang/Object;Ljava/lang/Object;)Ljava/lang/Object;> (0x0000000087dfd728) 
Event: 4.133 Thread 0x000001ece72ac000 Exception <a 'java/lang/NoSuchMethodError'{0x0000000087c01150}: java.lang.invoke.DelegatingMethodHandle$Holder.reinvoke_L(Ljava/lang/Object;IILjava/lang/Object;Ljava/lang/Object;Ljava/lang/Object;)Ljava/lang/Object;> (0x0000000087c01150) thrown at [t:/wor
Event: 4.134 Thread 0x000001ece72ac000 Exception <a 'java/lang/NoSuchMethodError'{0x0000000087c053d8}: java.lang.invoke.DirectMethodHandle$Holder.invokeStatic(Ljava/lang/Object;Ljava/lang/Object;Ljava/lang/Object;Ljava/lang/Object;I)Ljava/lang/Object;> (0x0000000087c053d8) thrown at [t:/worksp
Event: 4.158 Thread 0x000001ece72ac000 Exception <a 'java/io/FileNotFoundException'{0x0000000087c67f98}> (0x0000000087c67f98) thrown at [t:/workspace/open/src/hotspot/share/prims/jni.cpp, line 615]
Event: 4.559 Thread 0x000001ece72ac000 Exception <a 'java/lang/NullPointerException'{0x0000000087bd3608}> (0x0000000087bd3608) thrown at [t:/workspace/open/src/hotspot/share/interpreter/linkResolver.cpp, line 1372]
Event: 4.708 Thread 0x000001ece72ac000 Exception <a 'java/lang/NullPointerException'{0x000000008959f150}> (0x000000008959f150) thrown at [t:/workspace/open/src/hotspot/share/interpreter/linkResolver.cpp, line 1372]
Event: 4.734 Thread 0x000001ece72ac000 Exception <a 'java/lang/NullPointerException'{0x0000000089449cf0}> (0x0000000089449cf0) thrown at [t:/workspace/open/src/hotspot/share/interpreter/linkResolver.cpp, line 1372]
Event: 4.868 Thread 0x000001ece72ac000 Exception <a 'java/lang/NullPointerException'{0x0000000088ee53f0}> (0x0000000088ee53f0) thrown at [t:/workspace/open/src/hotspot/share/interpreter/linkResolver.cpp, line 1372]
Event: 4.887 Thread 0x000001ece72ac000 Exception <a 'java/lang/NullPointerException'{0x0000000088d8fb50}> (0x0000000088d8fb50) thrown at [t:/workspace/open/src/hotspot/share/interpreter/linkResolver.cpp, line 1372]

Events (10 events):
Event: 5.103 loading class DabEngine/Utils/Primitives/Cube done
Event: 5.104 loading class DabEngine/Utils/Primitives/Primitive
Event: 5.104 loading class DabEngine/Utils/Primitives/Primitive done
Event: 5.105 loading class DabEngine/Graphics/OpenGL/RenderTarget
Event: 5.105 loading class DabEngine/Graphics/OpenGL/RenderTarget done
Event: 5.152 Thread 0x000001ece72ac000 DEOPT PACKING pc=0x000001ecf15e98a1 sp=0x000000c149afef10
Event: 5.153 Thread 0x000001ece72ac000 DEOPT UNPACKING pc=0x000001ecf0df8cce sp=0x000000c149afe3f8 mode 0
Event: 5.155 Thread 0x000001ece72ac000 Uncommon trap: trap_request=0xffffff4d fr.pc=0x000001ecf8911db4 relative=0x0000000000000214
Event: 5.155 Thread 0x000001ece72ac000 DEOPT PACKING pc=0x000001ecf8911db4 sp=0x000000c149afef40
Event: 5.155 Thread 0x000001ece72ac000 DEOPT UNPACKING pc=0x000001ecf0df8eaf sp=0x000000c149afef08 mode 2


Dynamic libraries:
0x00007ff688a40000 - 0x00007ff688a87000 	C:\Program Files\Java\jdk-11.0.1\bin\java.exe
0x00007ffb9dc70000 - 0x00007ffb9de51000 	C:\WINDOWS\SYSTEM32\ntdll.dll
0x00007ffb9db80000 - 0x00007ffb9dc31000 	C:\WINDOWS\System32\KERNEL32.DLL
0x00007ffb9a0c0000 - 0x00007ffb9a333000 	C:\WINDOWS\System32\KERNELBASE.dll
0x00007ffb9bf10000 - 0x00007ffb9bfb1000 	C:\WINDOWS\System32\ADVAPI32.dll
0x00007ffb9b130000 - 0x00007ffb9b1ce000 	C:\WINDOWS\System32\msvcrt.dll
0x00007ffb9ba30000 - 0x00007ffb9ba8b000 	C:\WINDOWS\System32\sechost.dll
0x00007ffb9b1d0000 - 0x00007ffb9b2f4000 	C:\WINDOWS\System32\RPCRT4.dll
0x00007ffb9d4b0000 - 0x00007ffb9d640000 	C:\WINDOWS\System32\USER32.dll
0x00007ffb9a970000 - 0x00007ffb9a990000 	C:\WINDOWS\System32\win32u.dll
0x00007ffb9b100000 - 0x00007ffb9b128000 	C:\WINDOWS\System32\GDI32.dll
0x00007ffb9a5e0000 - 0x00007ffb9a771000 	C:\WINDOWS\System32\gdi32full.dll
0x00007ffb9a340000 - 0x00007ffb9a3df000 	C:\WINDOWS\System32\msvcp_win.dll
0x00007ffb9a430000 - 0x00007ffb9a528000 	C:\WINDOWS\System32\ucrtbase.dll
0x00007ffb8b070000 - 0x00007ffb8b2d9000 	C:\WINDOWS\WinSxS\amd64_microsoft.windows.common-controls_6595b64144ccf1df_6.0.17134.950_none_fb3da4273069d3e0\COMCTL32.dll
0x00007ffb9b300000 - 0x00007ffb9b622000 	C:\WINDOWS\System32\combase.dll
0x00007ffb9a040000 - 0x00007ffb9a0b9000 	C:\WINDOWS\System32\bcryptPrimitives.dll
0x00007ffb8bdd0000 - 0x00007ffb8bdda000 	C:\WINDOWS\SYSTEM32\VERSION.dll
0x00007ffb9bee0000 - 0x00007ffb9bf0d000 	C:\WINDOWS\System32\IMM32.DLL
0x00007ffb82e90000 - 0x00007ffb82ea6000 	C:\Program Files\Java\jdk-11.0.1\bin\vcruntime140.dll
0x00007ffb82a00000 - 0x00007ffb82aaa000 	C:\Program Files\Java\jdk-11.0.1\bin\msvcp140.dll
0x00007ffb4d2d0000 - 0x00007ffb4de12000 	C:\Program Files\Java\jdk-11.0.1\bin\server\jvm.dll
0x00007ffb9d6c0000 - 0x00007ffb9d6c8000 	C:\WINDOWS\System32\PSAPI.DLL
0x00007ffb919c0000 - 0x00007ffb919c9000 	C:\WINDOWS\SYSTEM32\WSOCK32.dll
0x00007ffb9d970000 - 0x00007ffb9d9dc000 	C:\WINDOWS\System32\WS2_32.dll
0x00007ffb97cd0000 - 0x00007ffb97cf3000 	C:\WINDOWS\SYSTEM32\WINMM.dll
0x00007ffb97ca0000 - 0x00007ffb97cca000 	C:\WINDOWS\SYSTEM32\WINMMBASE.dll
0x00007ffb9a3e0000 - 0x00007ffb9a429000 	C:\WINDOWS\System32\cfgmgr32.dll
0x00007ffb9a010000 - 0x00007ffb9a021000 	C:\WINDOWS\System32\kernel.appcore.dll
0x00007ffb82d50000 - 0x00007ffb82d61000 	C:\Program Files\Java\jdk-11.0.1\bin\verify.dll
0x00007ffb86750000 - 0x00007ffb86919000 	C:\WINDOWS\SYSTEM32\DBGHELP.DLL
0x00007ffb86720000 - 0x00007ffb86749000 	C:\WINDOWS\SYSTEM32\dbgcore.DLL
0x00007ffb82c70000 - 0x00007ffb82c99000 	C:\Program Files\Java\jdk-11.0.1\bin\java.dll
0x00007ffb82cc0000 - 0x00007ffb82cd6000 	C:\Program Files\Java\jdk-11.0.1\bin\zip.dll
0x00007ffb8c610000 - 0x00007ffb8c61a000 	C:\Program Files\Java\jdk-11.0.1\bin\jimage.dll
0x00007ffb9bfd0000 - 0x00007ffb9d410000 	C:\WINDOWS\System32\SHELL32.dll
0x00007ffb9d730000 - 0x00007ffb9d7d9000 	C:\WINDOWS\System32\shcore.dll
0x00007ffb9a9f0000 - 0x00007ffb9b0fd000 	C:\WINDOWS\System32\windows.storage.dll
0x00007ffb9d6d0000 - 0x00007ffb9d721000 	C:\WINDOWS\System32\shlwapi.dll
0x00007ffb99fd0000 - 0x00007ffb99fef000 	C:\WINDOWS\System32\profapi.dll
0x00007ffb99f80000 - 0x00007ffb99fcc000 	C:\WINDOWS\System32\powrprof.dll
0x00007ffb9a030000 - 0x00007ffb9a03a000 	C:\WINDOWS\System32\FLTLIB.DLL
0x00007ffb82c50000 - 0x00007ffb82c69000 	C:\Program Files\Java\jdk-11.0.1\bin\net.dll
0x00007ffb90930000 - 0x00007ffb90a0d000 	C:\WINDOWS\SYSTEM32\WINHTTP.dll
0x00007ffb99800000 - 0x00007ffb99866000 	C:\WINDOWS\system32\mswsock.dll
0x00007ffb829b0000 - 0x00007ffb829c3000 	C:\Program Files\Java\jdk-11.0.1\bin\nio.dll
0x00007ffb68770000 - 0x00007ffb687e2000 	C:\Users\B\AppData\Local\Temp\lwjglB\3.2.2-build-10\lwjgl.dll
0x00007ffb6e100000 - 0x00007ffb6e15e000 	C:\Users\B\AppData\Local\Temp\lwjglB\3.2.2-build-10\glfw.dll
0x00007ffb983a0000 - 0x00007ffb98438000 	C:\WINDOWS\system32\uxtheme.dll
0x00007ffb69db0000 - 0x00007ffb69df3000 	C:\WINDOWS\SYSTEM32\dinput8.dll
0x00007ffb69c50000 - 0x00007ffb69c60000 	C:\WINDOWS\SYSTEM32\xinput1_4.dll
0x00007ffb99d90000 - 0x00007ffb99db7000 	C:\WINDOWS\SYSTEM32\DEVOBJ.dll
0x00007ffb98630000 - 0x00007ffb98659000 	C:\WINDOWS\SYSTEM32\dwmapi.dll
0x00007ffb9b690000 - 0x00007ffb9b803000 	C:\WINDOWS\System32\MSCTF.dll
0x00007ffb9b870000 - 0x00007ffb9b932000 	C:\WINDOWS\System32\OLEAUT32.dll
0x00007ffb98c80000 - 0x00007ffb98c8c000 	C:\WINDOWS\SYSTEM32\HID.DLL
0x00007ffb9ba90000 - 0x00007ffb9bedb000 	C:\WINDOWS\System32\SETUPAPI.DLL
0x00007ffb9a990000 - 0x00007ffb9a9e7000 	C:\WINDOWS\System32\WINTRUST.dll
0x00007ffb99ff0000 - 0x00007ffb9a002000 	C:\WINDOWS\System32\MSASN1.dll
0x00007ffb9a780000 - 0x00007ffb9a962000 	C:\WINDOWS\System32\CRYPT32.dll
0x00007ffb8dcf0000 - 0x00007ffb8de10000 	C:\WINDOWS\SYSTEM32\opengl32.dll
0x00007ffb87490000 - 0x00007ffb874bc000 	C:\WINDOWS\SYSTEM32\GLU32.dll
0x00007ffb42f20000 - 0x00007ffb43751000 	C:\WINDOWS\SYSTEM32\ig7icd64.dll
0x00007ffb945c0000 - 0x00007ffb94a25000 	C:\WINDOWS\SYSTEM32\igdusc64.dll
0x00007ffb96b90000 - 0x00007ffb96ba3000 	C:\WINDOWS\SYSTEM32\WTSAPI32.dll
0x00007ffb98d10000 - 0x00007ffb98dcb000 	C:\WINDOWS\SYSTEM32\dxgi.dll
0x00007ffb97140000 - 0x00007ffb9744b000 	C:\WINDOWS\SYSTEM32\d3d11.dll
0x00007ffb94a30000 - 0x00007ffb955d2000 	C:\WINDOWS\SYSTEM32\igd10iumd64.dll
0x00007ffb9d810000 - 0x00007ffb9d961000 	C:\WINDOWS\System32\ole32.dll
0x00007ffb99ae0000 - 0x00007ffb99b05000 	C:\WINDOWS\SYSTEM32\bcrypt.dll
0x00007ffb99ab0000 - 0x00007ffb99ad6000 	C:\WINDOWS\SYSTEM32\ncrypt.dll
0x00007ffb99a70000 - 0x00007ffb99aa6000 	C:\WINDOWS\SYSTEM32\NTASN1.dll
0x00007ffb8e920000 - 0x00007ffb8e9b6000 	C:\WINDOWS\System32\TextInputFramework.dll
0x00007ffb95980000 - 0x00007ffb95c9e000 	C:\WINDOWS\System32\CoreUIComponents.dll
0x00007ffb97bc0000 - 0x00007ffb97c9a000 	C:\WINDOWS\System32\CoreMessaging.dll
0x00007ffb99040000 - 0x00007ffb99071000 	C:\WINDOWS\SYSTEM32\ntmarta.dll
0x00007ffb96070000 - 0x00007ffb961bd000 	C:\WINDOWS\SYSTEM32\wintypes.dll
0x00007ffb8ee20000 - 0x00007ffb8ee99000 	C:\WINDOWS\SYSTEM32\inputhost.dll
0x00007ffb680c0000 - 0x00007ffb68118000 	C:\Users\B\AppData\Local\Temp\lwjglB\3.2.2-build-10\lwjgl_opengl.dll
0x00007ffb61cd0000 - 0x00007ffb61f21000 	C:\Users\B\AppData\Local\Temp\lwjglB\3.2.2-build-10\jemalloc.dll
0x00007ffb41490000 - 0x00007ffb41b64000 	C:\Users\B\AppData\Local\Temp\lwjglB\3.2.2-build-10\assimp.dll
0x00007ffb660b0000 - 0x00007ffb6624f000 	C:\Program Files\Java\jdk-11.0.1\bin\awt.dll
0x00007ffb97450000 - 0x00007ffb97a17000 	C:\WINDOWS\SYSTEM32\d2d1.dll
0x00007ffb98220000 - 0x00007ffb982ab000 	C:\WINDOWS\SYSTEM32\apphelp.dll

dbghelp: loaded successfully - version: 4.0.5 - missing functions: none
symbol engine: initialized successfully - sym options: 0x614 - pdb path: .;C:\Program Files\Java\jdk-11.0.1\bin;C:\WINDOWS\SYSTEM32;C:\WINDOWS\WinSxS\amd64_microsoft.windows.common-controls_6595b64144ccf1df_6.0.17134.950_none_fb3da4273069d3e0;C:\Program Files\Java\jdk-11.0.1\bin\server;C:\Users\B\AppData\Local\Temp\lwjglB\3.2.2-build-10

VM Arguments:
jvm_args: -Dfile.encoding=UTF-8 
java_command: DabEngine.ModelTest
java_class_path (initial): C:\Users\B\Documents\DabEngine\bin\main;C:\Users\B\Documents\DabEngine\bin\test;C:\Users\B\.gradle\caches\modules-2\files-2.1\org.apache.commons\commons-math3\3.6.1\e4ba98f1d4b3c80ec46392f25e094a6a2e58fcbf\commons-math3-3.6.1.jar;C:\Users\B\.gradle\caches\modules-2\files-2.1\com.google.guava\guava\27.0.1-jre\bd41a290787b5301e63929676d792c507bbc00ae\guava-27.0.1-jre.jar;C:\Users\B\Documents\DabEngine\libs\jython-standalone-2.7.0.jar;C:\Users\B\.gradle\caches\modules-2\files-2.1\com.googlecode.json-simple\json-simple\1.1.1\c9ad4a0850ab676c5c64461a05ca524cdfff59f1\json-simple-1.1.1.jar;C:\Users\B\.gradle\caches\modules-2\files-2.1\com.google.guava\failureaccess\1.0.1\1dcf1de382a0bf95a3d8b0849546c88bac1292c9\failureaccess-1.0.1.jar;C:\Users\B\.gradle\caches\modules-2\files-2.1\com.google.guava\listenablefuture\9999.0-empty-to-avoid-conflict-with-guava\b421526c5f297295adef1c886e5246c39d4ac629\listenablefuture-9999.0-empty-to-avoid-conflict-with-guava.jar;C:\Users\B\.gradle\caches\modules-2\files-2.1\com.google.code.findbugs\jsr305\3.0.2\25ea2e8b0c338a877313bd4672d3fe056ea78f0d\jsr305-3.0.2.jar;C:\Users\B\.gradle\caches\modules-2\files-2.1\org.checkerframework\checker-qual\2.5.2\cea74543d5904a30861a61b4643a5f2bb372efc4\checker-qual-2.5.2.jar;C:\Users\B\.gradle\caches\modules-2\files-2.1\com.google.errorprone\error_prone_annotations\2.2.0\88e3c593e9b3586e1c6177f89267da6fc6986f0c\error_prone_annotations-2.2.0.jar;C:\Users\B\.gradle\caches\modules-2\files-2.1\com.google.j2objc\j2objc-annotations\1.1\ed28ded51a8b1c6b112568def5f4b455e6809019\j2objc-annotations-1.1.jar;C:\Users\B\.gradle\caches\modules-2\files-2.1\org.codehaus.mojo\animal-sniffer-annotations\1.17\f97ce6decaea32b36101e37979f8b647f00681fb\animal-sniffer-annotations-1.17.jar;C:\Users\B\.gradle\caches\modules-2\files-2.1\junit\junit\4.10\e4f1766ce7404a08f45d859fb9c226fc9e41a861\junit-4.10.jar;C:\Users\B\.gradle\caches\modules-2\files-2.1\org.hamcrest\hamcrest-core\1.1\860340562250678d1a
Launcher Type: SUN_STANDARD

[Global flags]
     intx CICompilerCount                          = 3                                         {product} {ergonomic}
     uint ConcGCThreads                            = 1                                         {product} {ergonomic}
     uint G1ConcRefinementThreads                  = 4                                         {product} {ergonomic}
   size_t G1HeapRegionSize                         = 1048576                                   {product} {ergonomic}
    uintx GCDrainStackTargetSize                   = 64                                        {product} {ergonomic}
   size_t InitialHeapSize                          = 134217728                                 {product} {ergonomic}
   size_t MarkStackSize                            = 4194304                                   {product} {ergonomic}
   size_t MaxHeapSize                              = 2122317824                                {product} {ergonomic}
   size_t MaxNewSize                               = 1272971264                                {product} {ergonomic}
   size_t MinHeapDeltaBytes                        = 1048576                                   {product} {ergonomic}
    uintx NonNMethodCodeHeapSize                   = 5830092                                {pd product} {ergonomic}
    uintx NonProfiledCodeHeapSize                  = 122914074                              {pd product} {ergonomic}
    uintx ProfiledCodeHeapSize                     = 122914074                              {pd product} {ergonomic}
    uintx ReservedCodeCacheSize                    = 251658240                              {pd product} {ergonomic}
     bool SegmentedCodeCache                       = true                                      {product} {ergonomic}
     bool UseCompressedClassPointers               = true                                 {lp64_product} {ergonomic}
     bool UseCompressedOops                        = true                                 {lp64_product} {ergonomic}
     bool UseG1GC                                  = true                                      {product} {ergonomic}
     bool UseLargePagesIndividualAllocation        = false                                  {pd product} {ergonomic}

Logging:
Log output configuration:
 #0: stdout all=warning uptime,level,tags
 #1: stderr all=off uptime,level,tags

Environment Variables:
CLASSPATH=.;.;C:\PROGRA~2\JMF21~1.1E\lib\sound.jar;C:\PROGRA~2\JMF21~1.1E\lib\jmf.jar;C:\PROGRA~2\JMF21~1.1E\lib;
PATH=C:\Program Files (x86)\Common Files\Intel\Shared Libraries\redist\intel64\compiler;C:\WINDOWS\system32;C:\WINDOWS;C:\WINDOWS\System32\Wbem;C:\WINDOWS\System32\WindowsPowerShell\v1.0\;C:\WINDOWS\System32\OpenSSH\;C:\Program Files\Java\jdk-11.0.1\bin;C:\Program Files\Git\cmd;C:\Program Files (x86)\Windows Kits\10\Windows Performance Toolkit\;C:\Program Files\Csound6_x64\bin;C:\ProgramData\chocolatey\bin;C:\Users\B\AppData\Local\Programs\Python\Python36\Scripts\;C:\Users\B\AppData\Local\Programs\Python\Python36\;C:\Users\B\scoop\shims;C:\Users\B\AppData\Local\Microsoft\WindowsApps;C:\Users\B\AppData\Local\GitHubDesktop\bin;C:\Users\B\AppData\Local\atom\bin;C:\Users\B\AppData\Local\Programs\Microsoft VS Code\bin
USERNAME=B
OS=Windows_NT
PROCESSOR_IDENTIFIER=Intel64 Family 6 Model 58 Stepping 9, GenuineIntel



---------------  S Y S T E M  ---------------

OS: Windows 10 , 64 bit Build 17134 (10.0.17134.753)

CPU:total 4 (initial active 4) (2 cores per cpu, 2 threads per core) family 6 model 58 stepping 9, cmov, cx8, fxsr, mmx, sse, sse2, sse3, ssse3, sse4.1, sse4.2, popcnt, avx, clmul, erms, ht, tsc, tscinvbit, tscinv

Memory: 4k page, system-wide physical 8089M (1499M free)
TotalPageFile size 14489M (AvailPageFile size 2788M)
current process WorkingSet (physical memory assigned to process): 184M, peak: 189M
current process commit charge ("private bytes"): 331M, peak: 331M

vm_info: Java HotSpot(TM) 64-Bit Server VM (11.0.1+13-LTS) for windows-amd64 JRE (11.0.1+13-LTS), built on Oct  6 2018 13:20:16 by "mach5one" with MS VC++ 15.5 (VS2017)

END.
