#
# A fatal error has been detected by the Java Runtime Environment:
#
#  EXCEPTION_ACCESS_VIOLATION (0xc0000005) at pc=0x00007ff9f74a0adc, pid=12156, tid=4380
#
# JRE version: Java(TM) SE Runtime Environment (11.0.1+13) (build 11.0.1+13-LTS)
# Java VM: Java HotSpot(TM) 64-Bit Server VM (11.0.1+13-LTS, mixed mode, tiered, compressed oops, g1 gc, windows-amd64)
# Problematic frame:
# C  [renderdoc.dll+0x280adc]
#
# No core dump will be written. Minidumps are not enabled by default on client versions of Windows
#
# If you would like to submit a bug report, please visit:
#   http://bugreport.java.com/bugreport/crash.jsp
# The crash happened outside the Java Virtual Machine in native code.
# See problematic frame for where to report the bug.
#

---------------  S U M M A R Y ------------

Command Line: -Dfile.encoding=UTF-8 DabEngine.ModelTest

Host: Intel(R) Core(TM) i3-3110M CPU @ 2.40GHz, 4 cores, 7G,  Windows 10 , 64 bit Build 17134 (10.0.17134.753)
Time: Fri Aug 23 23:15:33 2019 GMT Daylight Time elapsed time: 2 seconds (0d 0h 0m 2s)

---------------  T H R E A D  ---------------

Current thread (0x00000123ca64c000):  JavaThread "main" [_thread_in_native, id=4380, stack(0x00000019e1900000,0x00000019e1a00000)]

Stack: [0x00000019e1900000,0x00000019e1a00000],  sp=0x00000019e19fdb40,  free space=1014k
Native frames: (J=compiled Java code, j=interpreted, Vv=VM code, C=native code)
C  [renderdoc.dll+0x280adc]

Java frames: (J=compiled Java code, j=interpreted, Vv=VM code)
j  org.lwjgl.system.JNI.invokePPPP(IIJJJJ)J+0
j  org.lwjgl.glfw.GLFW.nglfwCreateWindow(IIJJJ)J+14
j  org.lwjgl.glfw.GLFW.glfwCreateWindow(IILjava/lang/CharSequence;JJ)J+37
j  DabEngine.Graphics.OpenGL.Window.<init>(LDabEngine/Core/App;)V+414
j  DabEngine.Core.Engine.init(LDabEngine/Core/App;)V+6
j  DabEngine.ModelTest.main([Ljava/lang/String;)V+10
v  ~StubRoutines::call_stub

siginfo: EXCEPTION_ACCESS_VIOLATION (0xc0000005), reading address 0xffffffffffffffff


Register to memory mapping:

RIP=0x00007ff9f74a0adc renderdoc.dll
RAX=0x3265727574786574 is an unknown value
RBX=0x00000123ec2ad7c0 points into unknown readable memory
RCX=0x00000123ebefddd0 points into unknown readable memory
RDX=0x00000123ec2a7858 points into unknown readable memory
RSP=0x00000019e19fdb40 is pointing into the stack for thread: 0x00000123ca64c000
RBP=0x00000019e19fdc80 is pointing into the stack for thread: 0x00000123ca64c000
RSI=0x0 is NULL
RDI=0x00000123ec2a7858 points into unknown readable memory
R8 =0x0000000000006790 is an unknown value
R9 =0x00000000000000dc is an unknown value
R10=0x00000123f3074330 points into unknown readable memory
R11=0x0 is NULL
R12=0x0 is NULL
R13=0x0 is NULL
R14=0x00000123f2f57ab0 points into unknown readable memory
R15=0x00000019e19fdfb0 is pointing into the stack for thread: 0x00000123ca64c000


Registers:
RAX=0x3265727574786574, RBX=0x00000123ec2ad7c0, RCX=0x00000123ebefddd0, RDX=0x00000123ec2a7858
RSP=0x00000019e19fdb40, RBP=0x00000019e19fdc80, RSI=0x0000000000000000, RDI=0x00000123ec2a7858
R8 =0x0000000000006790, R9 =0x00000000000000dc, R10=0x00000123f3074330, R11=0x0000000000000000
R12=0x0000000000000000, R13=0x0000000000000000, R14=0x00000123f2f57ab0, R15=0x00000019e19fdfb0
RIP=0x00007ff9f74a0adc, EFLAGS=0x0000000000010202

Top of Stack: (sp=0x00000019e19fdb40)
0x00000019e19fdb40:   0000000000000000 0000000000000000
0x00000019e19fdb50:   0000000000000000 0000000000000000
0x00000019e19fdb60:   fffffffffffffffe 0000000000000000
0x00000019e19fdb70:   0000000000000000 00007ff9f744a73a
0x00000019e19fdb80:   00000123ec2a7858 00000123ec2ad7c0
0x00000019e19fdb90:   0000000000000000 00000123ec2a7840
0x00000019e19fdba0:   0000000000000000 0000000000000000
0x00000019e19fdbb0:   0000000000000000 0000000000000000
0x00000019e19fdbc0:   0000000000000000 0000000000000000
0x00000019e19fdbd0:   0000000000000000 0000000000000000
0x00000019e19fdbe0:   0000000000000000 0000000000000000
0x00000019e19fdbf0:   0000016600008086 00000009397717aa
0x00000019e19fdc00:   0000000000000000 0000000000000000
0x00000019e19fdc10:   0000000070000000 000000000000aae5
0x00000019e19fdc20:   0000000000000000 00007ffa36341fd2
0x00000019e19fdc30:   0000000000000000 0000000000000000 

Instructions: (pc=0x00007ff9f74a0adc)
0x00007ff9f74a0abc:   39 b0 60 03 00 00 74 1b e8 c7 cf e5 ff 48 8b 88
0x00007ff9f74a0acc:   60 03 00 00 48 8b 01 41 b8 90 67 00 00 48 8b d7
0x00007ff9f74a0adc:   ff 50 08 48 89 b7 f0 00 00 00 66 c7 47 08 00 00
0x00007ff9f74a0aec:   48 89 bf a0 5a 00 00 48 8d 4f 50 33 d2 41 b8 84 



---------------  P R O C E S S  ---------------

Threads class SMR info:
_java_thread_list=0x00000123ebc51f00, length=10, elements={
0x00000123ca64c000, 0x00000123ea8e7000, 0x00000123ea90a000, 0x00000123eb2a1800,
0x00000123eb2a2800, 0x00000123ea922800, 0x00000123ea927000, 0x00000123eb25d000,
0x00000123eb53b000, 0x00000123eb54a800
}

Java Threads: ( => current thread )
=>0x00000123ca64c000 JavaThread "main" [_thread_in_native, id=4380, stack(0x00000019e1900000,0x00000019e1a00000)]
  0x00000123ea8e7000 JavaThread "Reference Handler" daemon [_thread_blocked, id=5296, stack(0x00000019e2000000,0x00000019e2100000)]
  0x00000123ea90a000 JavaThread "Finalizer" daemon [_thread_blocked, id=4772, stack(0x00000019e2100000,0x00000019e2200000)]
  0x00000123eb2a1800 JavaThread "Signal Dispatcher" daemon [_thread_blocked, id=12448, stack(0x00000019e2200000,0x00000019e2300000)]
  0x00000123eb2a2800 JavaThread "Attach Listener" daemon [_thread_blocked, id=11656, stack(0x00000019e2300000,0x00000019e2400000)]
  0x00000123ea922800 JavaThread "C2 CompilerThread0" daemon [_thread_in_native, id=13016, stack(0x00000019e2400000,0x00000019e2500000)]
  0x00000123ea927000 JavaThread "C1 CompilerThread0" daemon [_thread_blocked, id=9340, stack(0x00000019e2500000,0x00000019e2600000)]
  0x00000123eb25d000 JavaThread "Sweeper thread" daemon [_thread_blocked, id=10356, stack(0x00000019e2600000,0x00000019e2700000)]
  0x00000123eb53b000 JavaThread "Service Thread" daemon [_thread_blocked, id=7072, stack(0x00000019e2700000,0x00000019e2800000)]
  0x00000123eb54a800 JavaThread "Common-Cleaner" daemon [_thread_blocked, id=13092, stack(0x00000019e2900000,0x00000019e2a00000)]

Other Threads:
  0x00000123ea8e4000 VMThread "VM Thread" [stack: 0x00000019e1f00000,0x00000019e2000000] [id=6108]
  0x00000123eb542000 WatcherThread [stack: 0x00000019e2800000,0x00000019e2900000] [id=12028]
  0x00000123ca664000 GCTaskThread "GC Thread#0" [stack: 0x00000019e1a00000,0x00000019e1b00000] [id=12912]
  0x00000123eb67a000 GCTaskThread "GC Thread#1" [stack: 0x00000019e2a00000,0x00000019e2b00000] [id=1804]
  0x00000123eb540000 GCTaskThread "GC Thread#2" [stack: 0x00000019e2b00000,0x00000019e2c00000] [id=12068]
  0x00000123ca694800 ConcurrentGCThread "G1 Main Marker" [stack: 0x00000019e1b00000,0x00000019e1c00000] [id=3092]
  0x00000123ca696000 ConcurrentGCThread "G1 Conc#0" [stack: 0x00000019e1c00000,0x00000019e1d00000] [id=11688]
  0x00000123ca70e800 ConcurrentGCThread "G1 Refine#0" [stack: 0x00000019e1d00000,0x00000019e1e00000] [id=3464]
  0x00000123ea74d800 ConcurrentGCThread "G1 Young RemSet Sampling" [stack: 0x00000019e1e00000,0x00000019e1f00000] [id=7076]

Threads with active compile tasks:
C2 CompilerThread0 797   !   4       jdk.internal.loader.URLClassPath$JarLoader::getResource (353 bytes)

VM state:not at safepoint (normal execution)

VM Mutex/Monitor currently owned by a thread: None

Heap address: 0x0000000081800000, size: 2024 MB, Compressed Oops mode: 32-bit
Narrow klass base: 0x0000000000000000, Narrow klass shift: 3
Compressed class space size: 1073741824 Address: 0x0000000100000000

Heap:
 garbage-first heap   total 131072K, used 14307K [0x0000000081800000, 0x0000000100000000)
  region size 1024K, 11 young (11264K), 2 survivors (2048K)
 Metaspace       used 9302K, capacity 9496K, committed 9600K, reserved 1058816K
  class space    used 805K, capacity 847K, committed 896K, reserved 1048576K
Heap Regions: E=young(eden), S=young(survivor), O=old, HS=humongous(starts), HC=humongous(continues), CS=collection set, F=free, A=archive, TAMS=top-at-mark-start (previous, next)
|   0|0x0000000081800000, 0x0000000081900000, 0x0000000081900000|100%|HS|  |TAMS 0x0000000081800000, 0x0000000081800000| Complete 
|   1|0x0000000081900000, 0x0000000081a00000, 0x0000000081a00000|100%|HC|  |TAMS 0x0000000081900000, 0x0000000081900000| Complete 
|   2|0x0000000081a00000, 0x0000000081b00000, 0x0000000081b00000|100%| O|  |TAMS 0x0000000081a00000, 0x0000000081a00000| Untracked 
|   3|0x0000000081b00000, 0x0000000081bf8c00, 0x0000000081c00000| 97%| O|  |TAMS 0x0000000081b00000, 0x0000000081b00000| Untracked 
|   4|0x0000000081c00000, 0x0000000081c00000, 0x0000000081d00000|  0%| F|  |TAMS 0x0000000081c00000, 0x0000000081c00000| Untracked 
|   5|0x0000000081d00000, 0x0000000081d00000, 0x0000000081e00000|  0%| F|  |TAMS 0x0000000081d00000, 0x0000000081d00000| Untracked 
|   6|0x0000000081e00000, 0x0000000081e00000, 0x0000000081f00000|  0%| F|  |TAMS 0x0000000081e00000, 0x0000000081e00000| Untracked 
|   7|0x0000000081f00000, 0x0000000081f00000, 0x0000000082000000|  0%| F|  |TAMS 0x0000000081f00000, 0x0000000081f00000| Untracked 
|   8|0x0000000082000000, 0x0000000082000000, 0x0000000082100000|  0%| F|  |TAMS 0x0000000082000000, 0x0000000082000000| Untracked 
|   9|0x0000000082100000, 0x0000000082100000, 0x0000000082200000|  0%| F|  |TAMS 0x0000000082100000, 0x0000000082100000| Untracked 
|  10|0x0000000082200000, 0x0000000082200000, 0x0000000082300000|  0%| F|  |TAMS 0x0000000082200000, 0x0000000082200000| Untracked 
|  11|0x0000000082300000, 0x0000000082300000, 0x0000000082400000|  0%| F|  |TAMS 0x0000000082300000, 0x0000000082300000| Untracked 
|  12|0x0000000082400000, 0x0000000082400000, 0x0000000082500000|  0%| F|  |TAMS 0x0000000082400000, 0x0000000082400000| Untracked 
|  13|0x0000000082500000, 0x0000000082500000, 0x0000000082600000|  0%| F|  |TAMS 0x0000000082500000, 0x0000000082500000| Untracked 
|  14|0x0000000082600000, 0x0000000082600000, 0x0000000082700000|  0%| F|  |TAMS 0x0000000082600000, 0x0000000082600000| Untracked 
|  15|0x0000000082700000, 0x0000000082700000, 0x0000000082800000|  0%| F|  |TAMS 0x0000000082700000, 0x0000000082700000| Untracked 
|  16|0x0000000082800000, 0x0000000082800000, 0x0000000082900000|  0%| F|  |TAMS 0x0000000082800000, 0x0000000082800000| Untracked 
|  17|0x0000000082900000, 0x0000000082900000, 0x0000000082a00000|  0%| F|  |TAMS 0x0000000082900000, 0x0000000082900000| Untracked 
|  18|0x0000000082a00000, 0x0000000082a00000, 0x0000000082b00000|  0%| F|  |TAMS 0x0000000082a00000, 0x0000000082a00000| Untracked 
|  19|0x0000000082b00000, 0x0000000082b00000, 0x0000000082c00000|  0%| F|  |TAMS 0x0000000082b00000, 0x0000000082b00000| Untracked 
|  20|0x0000000082c00000, 0x0000000082c00000, 0x0000000082d00000|  0%| F|  |TAMS 0x0000000082c00000, 0x0000000082c00000| Untracked 
|  21|0x0000000082d00000, 0x0000000082d00000, 0x0000000082e00000|  0%| F|  |TAMS 0x0000000082d00000, 0x0000000082d00000| Untracked 
|  22|0x0000000082e00000, 0x0000000082e00000, 0x0000000082f00000|  0%| F|  |TAMS 0x0000000082e00000, 0x0000000082e00000| Untracked 
|  23|0x0000000082f00000, 0x0000000082f00000, 0x0000000083000000|  0%| F|  |TAMS 0x0000000082f00000, 0x0000000082f00000| Untracked 
|  24|0x0000000083000000, 0x0000000083000000, 0x0000000083100000|  0%| F|  |TAMS 0x0000000083000000, 0x0000000083000000| Untracked 
|  25|0x0000000083100000, 0x0000000083100000, 0x0000000083200000|  0%| F|  |TAMS 0x0000000083100000, 0x0000000083100000| Untracked 
|  26|0x0000000083200000, 0x0000000083200000, 0x0000000083300000|  0%| F|  |TAMS 0x0000000083200000, 0x0000000083200000| Untracked 
|  27|0x0000000083300000, 0x0000000083300000, 0x0000000083400000|  0%| F|  |TAMS 0x0000000083300000, 0x0000000083300000| Untracked 
|  28|0x0000000083400000, 0x0000000083400000, 0x0000000083500000|  0%| F|  |TAMS 0x0000000083400000, 0x0000000083400000| Untracked 
|  29|0x0000000083500000, 0x0000000083500000, 0x0000000083600000|  0%| F|  |TAMS 0x0000000083500000, 0x0000000083500000| Untracked 
|  30|0x0000000083600000, 0x0000000083600000, 0x0000000083700000|  0%| F|  |TAMS 0x0000000083600000, 0x0000000083600000| Untracked 
|  31|0x0000000083700000, 0x0000000083700000, 0x0000000083800000|  0%| F|  |TAMS 0x0000000083700000, 0x0000000083700000| Untracked 
|  32|0x0000000083800000, 0x0000000083800000, 0x0000000083900000|  0%| F|  |TAMS 0x0000000083800000, 0x0000000083800000| Untracked 
|  33|0x0000000083900000, 0x0000000083900000, 0x0000000083a00000|  0%| F|  |TAMS 0x0000000083900000, 0x0000000083900000| Untracked 
|  34|0x0000000083a00000, 0x0000000083a00000, 0x0000000083b00000|  0%| F|  |TAMS 0x0000000083a00000, 0x0000000083a00000| Untracked 
|  35|0x0000000083b00000, 0x0000000083b00000, 0x0000000083c00000|  0%| F|  |TAMS 0x0000000083b00000, 0x0000000083b00000| Untracked 
|  36|0x0000000083c00000, 0x0000000083c00000, 0x0000000083d00000|  0%| F|  |TAMS 0x0000000083c00000, 0x0000000083c00000| Untracked 
|  37|0x0000000083d00000, 0x0000000083d00000, 0x0000000083e00000|  0%| F|  |TAMS 0x0000000083d00000, 0x0000000083d00000| Untracked 
|  38|0x0000000083e00000, 0x0000000083e00000, 0x0000000083f00000|  0%| F|  |TAMS 0x0000000083e00000, 0x0000000083e00000| Untracked 
|  39|0x0000000083f00000, 0x0000000083f00000, 0x0000000084000000|  0%| F|  |TAMS 0x0000000083f00000, 0x0000000083f00000| Untracked 
|  40|0x0000000084000000, 0x0000000084000000, 0x0000000084100000|  0%| F|  |TAMS 0x0000000084000000, 0x0000000084000000| Untracked 
|  41|0x0000000084100000, 0x0000000084100000, 0x0000000084200000|  0%| F|  |TAMS 0x0000000084100000, 0x0000000084100000| Untracked 
|  42|0x0000000084200000, 0x0000000084200000, 0x0000000084300000|  0%| F|  |TAMS 0x0000000084200000, 0x0000000084200000| Untracked 
|  43|0x0000000084300000, 0x0000000084300000, 0x0000000084400000|  0%| F|  |TAMS 0x0000000084300000, 0x0000000084300000| Untracked 
|  44|0x0000000084400000, 0x0000000084400000, 0x0000000084500000|  0%| F|  |TAMS 0x0000000084400000, 0x0000000084400000| Untracked 
|  45|0x0000000084500000, 0x0000000084500000, 0x0000000084600000|  0%| F|  |TAMS 0x0000000084500000, 0x0000000084500000| Untracked 
|  46|0x0000000084600000, 0x0000000084600000, 0x0000000084700000|  0%| F|  |TAMS 0x0000000084600000, 0x0000000084600000| Untracked 
|  47|0x0000000084700000, 0x0000000084700000, 0x0000000084800000|  0%| F|  |TAMS 0x0000000084700000, 0x0000000084700000| Untracked 
|  48|0x0000000084800000, 0x0000000084800000, 0x0000000084900000|  0%| F|  |TAMS 0x0000000084800000, 0x0000000084800000| Untracked 
|  49|0x0000000084900000, 0x0000000084900000, 0x0000000084a00000|  0%| F|  |TAMS 0x0000000084900000, 0x0000000084900000| Untracked 
|  50|0x0000000084a00000, 0x0000000084a00000, 0x0000000084b00000|  0%| F|  |TAMS 0x0000000084a00000, 0x0000000084a00000| Untracked 
|  51|0x0000000084b00000, 0x0000000084b00000, 0x0000000084c00000|  0%| F|  |TAMS 0x0000000084b00000, 0x0000000084b00000| Untracked 
|  52|0x0000000084c00000, 0x0000000084c00000, 0x0000000084d00000|  0%| F|  |TAMS 0x0000000084c00000, 0x0000000084c00000| Untracked 
|  53|0x0000000084d00000, 0x0000000084d00000, 0x0000000084e00000|  0%| F|  |TAMS 0x0000000084d00000, 0x0000000084d00000| Untracked 
|  54|0x0000000084e00000, 0x0000000084e00000, 0x0000000084f00000|  0%| F|  |TAMS 0x0000000084e00000, 0x0000000084e00000| Untracked 
|  55|0x0000000084f00000, 0x0000000084f00000, 0x0000000085000000|  0%| F|  |TAMS 0x0000000084f00000, 0x0000000084f00000| Untracked 
|  56|0x0000000085000000, 0x0000000085000000, 0x0000000085100000|  0%| F|  |TAMS 0x0000000085000000, 0x0000000085000000| Untracked 
|  57|0x0000000085100000, 0x0000000085100000, 0x0000000085200000|  0%| F|  |TAMS 0x0000000085100000, 0x0000000085100000| Untracked 
|  58|0x0000000085200000, 0x0000000085200000, 0x0000000085300000|  0%| F|  |TAMS 0x0000000085200000, 0x0000000085200000| Untracked 
|  59|0x0000000085300000, 0x0000000085300000, 0x0000000085400000|  0%| F|  |TAMS 0x0000000085300000, 0x0000000085300000| Untracked 
|  60|0x0000000085400000, 0x0000000085400000, 0x0000000085500000|  0%| F|  |TAMS 0x0000000085400000, 0x0000000085400000| Untracked 
|  61|0x0000000085500000, 0x0000000085500000, 0x0000000085600000|  0%| F|  |TAMS 0x0000000085500000, 0x0000000085500000| Untracked 
|  62|0x0000000085600000, 0x0000000085600000, 0x0000000085700000|  0%| F|  |TAMS 0x0000000085600000, 0x0000000085600000| Untracked 
|  63|0x0000000085700000, 0x0000000085700000, 0x0000000085800000|  0%| F|  |TAMS 0x0000000085700000, 0x0000000085700000| Untracked 
|  64|0x0000000085800000, 0x0000000085800000, 0x0000000085900000|  0%| F|  |TAMS 0x0000000085800000, 0x0000000085800000| Untracked 
|  65|0x0000000085900000, 0x0000000085900000, 0x0000000085a00000|  0%| F|  |TAMS 0x0000000085900000, 0x0000000085900000| Untracked 
|  66|0x0000000085a00000, 0x0000000085a00000, 0x0000000085b00000|  0%| F|  |TAMS 0x0000000085a00000, 0x0000000085a00000| Untracked 
|  67|0x0000000085b00000, 0x0000000085b00000, 0x0000000085c00000|  0%| F|  |TAMS 0x0000000085b00000, 0x0000000085b00000| Untracked 
|  68|0x0000000085c00000, 0x0000000085c00000, 0x0000000085d00000|  0%| F|  |TAMS 0x0000000085c00000, 0x0000000085c00000| Untracked 
|  69|0x0000000085d00000, 0x0000000085d00000, 0x0000000085e00000|  0%| F|  |TAMS 0x0000000085d00000, 0x0000000085d00000| Untracked 
|  70|0x0000000085e00000, 0x0000000085e00000, 0x0000000085f00000|  0%| F|  |TAMS 0x0000000085e00000, 0x0000000085e00000| Untracked 
|  71|0x0000000085f00000, 0x0000000085f00000, 0x0000000086000000|  0%| F|  |TAMS 0x0000000085f00000, 0x0000000085f00000| Untracked 
|  72|0x0000000086000000, 0x0000000086000000, 0x0000000086100000|  0%| F|  |TAMS 0x0000000086000000, 0x0000000086000000| Untracked 
|  73|0x0000000086100000, 0x0000000086100000, 0x0000000086200000|  0%| F|  |TAMS 0x0000000086100000, 0x0000000086100000| Untracked 
|  74|0x0000000086200000, 0x0000000086200000, 0x0000000086300000|  0%| F|  |TAMS 0x0000000086200000, 0x0000000086200000| Untracked 
|  75|0x0000000086300000, 0x0000000086300000, 0x0000000086400000|  0%| F|  |TAMS 0x0000000086300000, 0x0000000086300000| Untracked 
|  76|0x0000000086400000, 0x0000000086400000, 0x0000000086500000|  0%| F|  |TAMS 0x0000000086400000, 0x0000000086400000| Untracked 
|  77|0x0000000086500000, 0x0000000086500000, 0x0000000086600000|  0%| F|  |TAMS 0x0000000086500000, 0x0000000086500000| Untracked 
|  78|0x0000000086600000, 0x0000000086600000, 0x0000000086700000|  0%| F|  |TAMS 0x0000000086600000, 0x0000000086600000| Untracked 
|  79|0x0000000086700000, 0x0000000086700000, 0x0000000086800000|  0%| F|  |TAMS 0x0000000086700000, 0x0000000086700000| Untracked 
|  80|0x0000000086800000, 0x0000000086800000, 0x0000000086900000|  0%| F|  |TAMS 0x0000000086800000, 0x0000000086800000| Untracked 
|  81|0x0000000086900000, 0x0000000086900000, 0x0000000086a00000|  0%| F|  |TAMS 0x0000000086900000, 0x0000000086900000| Untracked 
|  82|0x0000000086a00000, 0x0000000086a00000, 0x0000000086b00000|  0%| F|  |TAMS 0x0000000086a00000, 0x0000000086a00000| Untracked 
|  83|0x0000000086b00000, 0x0000000086b00000, 0x0000000086c00000|  0%| F|  |TAMS 0x0000000086b00000, 0x0000000086b00000| Untracked 
|  84|0x0000000086c00000, 0x0000000086c00000, 0x0000000086d00000|  0%| F|  |TAMS 0x0000000086c00000, 0x0000000086c00000| Untracked 
|  85|0x0000000086d00000, 0x0000000086d00000, 0x0000000086e00000|  0%| F|  |TAMS 0x0000000086d00000, 0x0000000086d00000| Untracked 
|  86|0x0000000086e00000, 0x0000000086e00000, 0x0000000086f00000|  0%| F|  |TAMS 0x0000000086e00000, 0x0000000086e00000| Untracked 
|  87|0x0000000086f00000, 0x0000000086f00000, 0x0000000087000000|  0%| F|  |TAMS 0x0000000086f00000, 0x0000000086f00000| Untracked 
|  88|0x0000000087000000, 0x0000000087000000, 0x0000000087100000|  0%| F|  |TAMS 0x0000000087000000, 0x0000000087000000| Untracked 
|  89|0x0000000087100000, 0x0000000087100000, 0x0000000087200000|  0%| F|  |TAMS 0x0000000087100000, 0x0000000087100000| Untracked 
|  90|0x0000000087200000, 0x0000000087200000, 0x0000000087300000|  0%| F|  |TAMS 0x0000000087200000, 0x0000000087200000| Untracked 
|  91|0x0000000087300000, 0x0000000087300000, 0x0000000087400000|  0%| F|  |TAMS 0x0000000087300000, 0x0000000087300000| Untracked 
|  92|0x0000000087400000, 0x0000000087400000, 0x0000000087500000|  0%| F|  |TAMS 0x0000000087400000, 0x0000000087400000| Untracked 
|  93|0x0000000087500000, 0x0000000087500000, 0x0000000087600000|  0%| F|  |TAMS 0x0000000087500000, 0x0000000087500000| Untracked 
|  94|0x0000000087600000, 0x0000000087600000, 0x0000000087700000|  0%| F|  |TAMS 0x0000000087600000, 0x0000000087600000| Untracked 
|  95|0x0000000087700000, 0x0000000087700000, 0x0000000087800000|  0%| F|  |TAMS 0x0000000087700000, 0x0000000087700000| Untracked 
|  96|0x0000000087800000, 0x0000000087800000, 0x0000000087900000|  0%| F|  |TAMS 0x0000000087800000, 0x0000000087800000| Untracked 
|  97|0x0000000087900000, 0x0000000087900000, 0x0000000087a00000|  0%| F|  |TAMS 0x0000000087900000, 0x0000000087900000| Untracked 
|  98|0x0000000087a00000, 0x0000000087a00000, 0x0000000087b00000|  0%| F|  |TAMS 0x0000000087a00000, 0x0000000087a00000| Untracked 
|  99|0x0000000087b00000, 0x0000000087b00000, 0x0000000087c00000|  0%| F|  |TAMS 0x0000000087b00000, 0x0000000087b00000| Untracked 
| 100|0x0000000087c00000, 0x0000000087c00000, 0x0000000087d00000|  0%| F|  |TAMS 0x0000000087c00000, 0x0000000087c00000| Untracked 
| 101|0x0000000087d00000, 0x0000000087d00000, 0x0000000087e00000|  0%| F|  |TAMS 0x0000000087d00000, 0x0000000087d00000| Untracked 
| 102|0x0000000087e00000, 0x0000000087e00000, 0x0000000087f00000|  0%| F|  |TAMS 0x0000000087e00000, 0x0000000087e00000| Untracked 
| 103|0x0000000087f00000, 0x0000000087f00000, 0x0000000088000000|  0%| F|  |TAMS 0x0000000087f00000, 0x0000000087f00000| Untracked 
| 104|0x0000000088000000, 0x0000000088000000, 0x0000000088100000|  0%| F|  |TAMS 0x0000000088000000, 0x0000000088000000| Untracked 
| 105|0x0000000088100000, 0x0000000088100000, 0x0000000088200000|  0%| F|  |TAMS 0x0000000088100000, 0x0000000088100000| Untracked 
| 106|0x0000000088200000, 0x0000000088200000, 0x0000000088300000|  0%| F|  |TAMS 0x0000000088200000, 0x0000000088200000| Untracked 
| 107|0x0000000088300000, 0x0000000088300000, 0x0000000088400000|  0%| F|  |TAMS 0x0000000088300000, 0x0000000088300000| Untracked 
| 108|0x0000000088400000, 0x0000000088400000, 0x0000000088500000|  0%| F|  |TAMS 0x0000000088400000, 0x0000000088400000| Untracked 
| 109|0x0000000088500000, 0x0000000088500000, 0x0000000088600000|  0%| F|  |TAMS 0x0000000088500000, 0x0000000088500000| Untracked 
| 110|0x0000000088600000, 0x0000000088600000, 0x0000000088700000|  0%| F|  |TAMS 0x0000000088600000, 0x0000000088600000| Untracked 
| 111|0x0000000088700000, 0x0000000088700000, 0x0000000088800000|  0%| F|  |TAMS 0x0000000088700000, 0x0000000088700000| Untracked 
| 112|0x0000000088800000, 0x0000000088900000, 0x0000000088900000|100%| S|CS|TAMS 0x0000000088800000, 0x0000000088800000| Complete 
| 113|0x0000000088900000, 0x0000000088a00000, 0x0000000088a00000|100%| S|CS|TAMS 0x0000000088900000, 0x0000000088900000| Complete 
| 114|0x0000000088a00000, 0x0000000088a00000, 0x0000000088b00000|  0%| F|  |TAMS 0x0000000088a00000, 0x0000000088a00000| Untracked 
| 115|0x0000000088b00000, 0x0000000088b00000, 0x0000000088c00000|  0%| F|  |TAMS 0x0000000088b00000, 0x0000000088b00000| Untracked 
| 116|0x0000000088c00000, 0x0000000088c00000, 0x0000000088d00000|  0%| F|  |TAMS 0x0000000088c00000, 0x0000000088c00000| Untracked 
| 117|0x0000000088d00000, 0x0000000088d00000, 0x0000000088e00000|  0%| F|  |TAMS 0x0000000088d00000, 0x0000000088d00000| Untracked 
| 118|0x0000000088e00000, 0x0000000088e00000, 0x0000000088f00000|  0%| F|  |TAMS 0x0000000088e00000, 0x0000000088e00000| Untracked 
| 119|0x0000000088f00000, 0x0000000089000000, 0x0000000089000000|100%| E|  |TAMS 0x0000000088f00000, 0x0000000088f00000| Complete 
| 120|0x0000000089000000, 0x0000000089100000, 0x0000000089100000|100%| E|CS|TAMS 0x0000000089000000, 0x0000000089000000| Complete 
| 121|0x0000000089100000, 0x0000000089200000, 0x0000000089200000|100%| E|CS|TAMS 0x0000000089100000, 0x0000000089100000| Complete 
| 122|0x0000000089200000, 0x0000000089300000, 0x0000000089300000|100%| E|CS|TAMS 0x0000000089200000, 0x0000000089200000| Complete 
| 123|0x0000000089300000, 0x0000000089400000, 0x0000000089400000|100%| E|CS|TAMS 0x0000000089300000, 0x0000000089300000| Complete 
| 124|0x0000000089400000, 0x0000000089500000, 0x0000000089500000|100%| E|CS|TAMS 0x0000000089400000, 0x0000000089400000| Complete 
| 125|0x0000000089500000, 0x0000000089600000, 0x0000000089600000|100%| E|CS|TAMS 0x0000000089500000, 0x0000000089500000| Complete 
| 126|0x0000000089600000, 0x0000000089700000, 0x0000000089700000|100%| E|CS|TAMS 0x0000000089600000, 0x0000000089600000| Complete 
| 127|0x0000000089700000, 0x0000000089800000, 0x0000000089800000|100%| E|CS|TAMS 0x0000000089700000, 0x0000000089700000| Complete 

Card table byte_map: [0x00000123e3b60000,0x00000123e3f60000] _byte_map_base: 0x00000123e3754000

Marking Bits (Prev, Next): (CMBitMap*) 0x00000123ca68be18, (CMBitMap*) 0x00000123ca68be50
 Prev Bits: [0x00000123e4360000, 0x00000123e6300000)
 Next Bits: [0x00000123e6300000, 0x00000123e82a0000)

Polling page: 0x00000123ca710000

Metaspace:

Usage:
  Non-class:      8.45 MB capacity,     8.30 MB ( 98%) used,   141.12 KB (  2%) free+waste,    11.06 KB ( <1%) overhead. 
      Class:    847.00 KB capacity,   805.70 KB ( 95%) used,    36.18 KB (  4%) free+waste,     5.13 KB ( <1%) overhead. 
       Both:      9.27 MB capacity,     9.08 MB ( 98%) used,   177.30 KB (  2%) free+waste,    16.19 KB ( <1%) overhead. 

Virtual space:
  Non-class space:       10.00 MB reserved,       8.50 MB ( 85%) committed 
      Class space:        1.00 GB reserved,     896.00 KB ( <1%) committed 
             Both:        1.01 GB reserved,       9.38 MB ( <1%) committed 

Chunk freelists:
   Non-Class:  6.88 KB
       Class:  2.13 KB
        Both:  9.00 KB

CodeHeap 'non-profiled nmethods': size=120064Kb used=343Kb max_used=343Kb free=119720Kb
 bounds [0x00000123dbbf0000, 0x00000123dbe60000, 0x00000123e3130000]
CodeHeap 'profiled nmethods': size=120000Kb used=1499Kb max_used=1499Kb free=118500Kb
 bounds [0x00000123d46c0000, 0x00000123d4930000, 0x00000123dbbf0000]
CodeHeap 'non-nmethods': size=5696Kb used=1370Kb max_used=1409Kb free=4325Kb
 bounds [0x00000123d4130000, 0x00000123d43a0000, 0x00000123d46c0000]
 total_blobs=1855 nmethods=801 adapters=745
 compilation: enabled
              stopped_count=0, restarted_count=0
 full_count=0

Compilation events (10 events):
Event: 2.484 Thread 0x00000123ea922800 nmethod 796 0x00000123dbc39310 code [0x00000123dbc39540, 0x00000123dbc3a9b8]
Event: 2.535 Thread 0x00000123ea922800  797   !   4       jdk.internal.loader.URLClassPath$JarLoader::getResource (353 bytes)
Event: 2.535 Thread 0x00000123ea927000  798       3       java.lang.String::substring (68 bytes)
Event: 2.536 Thread 0x00000123ea927000 nmethod 798 0x00000123d4832790 code [0x00000123d48329e0, 0x00000123d4833180]
Event: 2.551 Thread 0x00000123ea927000  799       3       java.util.jar.JarFile::getVersionedEntry (85 bytes)
Event: 2.553 Thread 0x00000123ea927000 nmethod 799 0x00000123d4833410 code [0x00000123d4833720, 0x00000123d4834790]
Event: 2.553 Thread 0x00000123ea927000  801       3       java.lang.String::equalsIgnoreCase (45 bytes)
Event: 2.554 Thread 0x00000123ea927000 nmethod 801 0x00000123d4834d90 code [0x00000123d4834fa0, 0x00000123d4835550]
Event: 2.557 Thread 0x00000123ea927000  803       3       java.util.WeakHashMap::put (162 bytes)
Event: 2.559 Thread 0x00000123ea927000 nmethod 803 0x00000123d4835710 code [0x00000123d48359a0, 0x00000123d48369a0]

GC Heap History (2 events):
Event: 1.427 GC heap before
{Heap before GC invocations=0 (full 0):
 garbage-first heap   total 131072K, used 16384K [0x0000000081800000, 0x0000000100000000)
  region size 1024K, 14 young (14336K), 0 survivors (0K)
 Metaspace       used 7309K, capacity 7410K, committed 7680K, reserved 1056768K
  class space    used 632K, capacity 681K, committed 768K, reserved 1048576K
}
Event: 1.443 GC heap after
{Heap after GC invocations=1 (full 0):
 garbage-first heap   total 131072K, used 6115K [0x0000000081800000, 0x0000000100000000)
  region size 1024K, 2 young (2048K), 2 survivors (2048K)
 Metaspace       used 7309K, capacity 7410K, committed 7680K, reserved 1056768K
  class space    used 632K, capacity 681K, committed 768K, reserved 1048576K
}

Deoptimization events (9 events):
Event: 0.459 Thread 0x00000123ca64c000 Uncommon trap: reason=unstable_if action=reinterpret pc=0x00000123dbbf6ff4 method=java.lang.String.hashCode()I @ 14 c2
Event: 0.475 Thread 0x00000123ca64c000 Uncommon trap: reason=unstable_if action=reinterpret pc=0x00000123dbbf1a10 method=java.lang.String.isLatin1()Z @ 10 c2
Event: 0.500 Thread 0x00000123ca64c000 Uncommon trap: reason=unstable_if action=reinterpret pc=0x00000123dbbf3620 method=java.lang.StringLatin1.indexOf([BII)I @ 47 c2
Event: 1.612 Thread 0x00000123ca64c000 Uncommon trap: reason=class_check action=maybe_recompile pc=0x00000123dbc1bec8 method=java.util.HashMap.getNode(ILjava/lang/Object;)Ljava/util/HashMap$Node; @ 126 c2
Event: 1.632 Thread 0x00000123ca64c000 Uncommon trap: reason=class_check action=maybe_recompile pc=0x00000123dbc1be90 method=java.util.HashMap.getNode(ILjava/lang/Object;)Ljava/util/HashMap$Node; @ 59 c2
Event: 1.742 Thread 0x00000123ca64c000 Uncommon trap: reason=unstable_if action=reinterpret pc=0x00000123dbc1fd98 method=java.lang.String.startsWith(Ljava/lang/String;I)Z @ 14 c2
Event: 1.743 Thread 0x00000123ca64c000 Uncommon trap: reason=class_check action=maybe_recompile pc=0x00000123dbc1be90 method=java.util.HashMap.getNode(ILjava/lang/Object;)Ljava/util/HashMap$Node; @ 59 c2
Event: 2.323 Thread 0x00000123ca64c000 Uncommon trap: reason=class_check action=maybe_recompile pc=0x00000123dbc1be90 method=java.util.HashMap.getNode(ILjava/lang/Object;)Ljava/util/HashMap$Node; @ 59 c2
Event: 2.535 Thread 0x00000123ca64c000 Uncommon trap: reason=unstable_if action=reinterpret pc=0x00000123dbc32b28 method=java.util.jar.JarFile.getVersionedEntry(Ljava/lang/String;Ljava/util/jar/JarEntry;)Ljava/util/jar/JarEntry; @ 67 c2

Classes redefined (0 events):
No events

Internal exceptions (2 events):
Event: 1.564 Thread 0x00000123ca64c000 Exception <a 'java/lang/NoSuchMethodError'{0x00000000896ac830}: java.lang.invoke.DelegatingMethodHandle$Holder.delegate(Ljava/lang/Object;Ljava/lang/Object;ILjava/lang/Object;)V> (0x00000000896ac830) thrown at [t:/workspace/open/src/hotspot/share/interpre
Event: 1.568 Thread 0x00000123ca64c000 Exception <a 'java/lang/NoSuchMethodError'{0x00000000896b3d30}: java.lang.invoke.DirectMethodHandle$Holder.invokeStaticInit(Ljava/lang/Object;Ljava/lang/Object;Ljava/lang/Object;)Ljava/lang/Object;> (0x00000000896b3d30) thrown at [t:/workspace/open/src/ho

Events (10 events):
Event: 2.557 loading class org/lwjgl/glfw/GLFWVidMode$Buffer
Event: 2.557 loading class org/lwjgl/glfw/GLFWVidMode$Buffer done
Event: 2.558 loading class java/util/LinkedHashMap$LinkedEntrySet
Event: 2.558 loading class java/util/LinkedHashMap$LinkedEntrySet done
Event: 2.558 loading class java/util/Spliterators$IteratorSpliterator
Event: 2.558 loading class java/util/Spliterators$IteratorSpliterator done
Event: 2.559 loading class java/util/LinkedHashMap$LinkedEntryIterator
Event: 2.559 loading class java/util/LinkedHashMap$LinkedEntryIterator done
Event: 2.559 loading class org/lwjgl/glfw/EventLoop$OffScreen
Event: 2.559 loading class org/lwjgl/glfw/EventLoop$OffScreen done


Dynamic libraries:
0x00007ff600460000 - 0x00007ff6004a7000 	C:\Program Files\Java\jdk-11.0.1\bin\java.exe
0x00007ffa39dd0000 - 0x00007ffa39fb1000 	C:\WINDOWS\SYSTEM32\ntdll.dll
0x00007ffa37850000 - 0x00007ffa37901000 	C:\WINDOWS\System32\KERNEL32.DLL
0x00007ffa362e0000 - 0x00007ffa36553000 	C:\WINDOWS\System32\KERNELBASE.dll
0x00007ffa379b0000 - 0x00007ffa37a51000 	C:\WINDOWS\System32\ADVAPI32.dll
0x00007ffa37910000 - 0x00007ffa379ae000 	C:\WINDOWS\System32\msvcrt.dll
0x00007ffa382d0000 - 0x00007ffa3832b000 	C:\WINDOWS\System32\sechost.dll
0x00007ffa37260000 - 0x00007ffa37384000 	C:\WINDOWS\System32\RPCRT4.dll
0x00007ffa38730000 - 0x00007ffa388c0000 	C:\WINDOWS\System32\USER32.dll
0x00007ffa361a0000 - 0x00007ffa361c0000 	C:\WINDOWS\System32\win32u.dll
0x00007ffa38130000 - 0x00007ffa38158000 	C:\WINDOWS\System32\GDI32.dll
0x00007ffa37010000 - 0x00007ffa371a1000 	C:\WINDOWS\System32\gdi32full.dll
0x00007ffa361c0000 - 0x00007ffa3625f000 	C:\WINDOWS\System32\msvcp_win.dll
0x00007ffa36750000 - 0x00007ffa36848000 	C:\WINDOWS\System32\ucrtbase.dll
0x00007ffa25d80000 - 0x00007ffa25fe9000 	C:\WINDOWS\WinSxS\amd64_microsoft.windows.common-controls_6595b64144ccf1df_6.0.17134.950_none_fb3da4273069d3e0\COMCTL32.dll
0x00007ffa37430000 - 0x00007ffa37752000 	C:\WINDOWS\System32\combase.dll
0x00007ffa36260000 - 0x00007ffa362d9000 	C:\WINDOWS\System32\bcryptPrimitives.dll
0x00007ffa28430000 - 0x00007ffa2843a000 	C:\WINDOWS\SYSTEM32\VERSION.dll
0x00007ffa38030000 - 0x00007ffa3805d000 	C:\WINDOWS\System32\IMM32.DLL
0x00007ffa06ad0000 - 0x00007ffa06ae6000 	C:\Program Files\Java\jdk-11.0.1\bin\vcruntime140.dll
0x00007ffa04db0000 - 0x00007ffa04e5a000 	C:\Program Files\Java\jdk-11.0.1\bin\msvcp140.dll
0x00007ff9fd4e0000 - 0x00007ff9fe022000 	C:\Program Files\Java\jdk-11.0.1\bin\server\jvm.dll
0x00007ffa38720000 - 0x00007ffa38728000 	C:\WINDOWS\System32\PSAPI.DLL
0x00007ffa1f7f0000 - 0x00007ffa1f7f9000 	C:\WINDOWS\SYSTEM32\WSOCK32.dll
0x00007ffa388c0000 - 0x00007ffa3892c000 	C:\WINDOWS\System32\WS2_32.dll
0x00007ffa33d50000 - 0x00007ffa33d73000 	C:\WINDOWS\SYSTEM32\WINMM.dll
0x00007ffa33d20000 - 0x00007ffa33d4a000 	C:\WINDOWS\SYSTEM32\WINMMBASE.dll
0x00007ffa36f60000 - 0x00007ffa36fa9000 	C:\WINDOWS\System32\cfgmgr32.dll
0x00007ffa36110000 - 0x00007ffa36121000 	C:\WINDOWS\System32\kernel.appcore.dll
0x00007ffa06ab0000 - 0x00007ffa06ac1000 	C:\Program Files\Java\jdk-11.0.1\bin\verify.dll
0x00007ffa21b90000 - 0x00007ffa21d59000 	C:\WINDOWS\SYSTEM32\DBGHELP.DLL
0x00007ffa21b60000 - 0x00007ffa21b89000 	C:\WINDOWS\SYSTEM32\dbgcore.DLL
0x00007ffa06a80000 - 0x00007ffa06aa9000 	C:\Program Files\Java\jdk-11.0.1\bin\java.dll
0x00007ffa05d20000 - 0x00007ffa05d36000 	C:\Program Files\Java\jdk-11.0.1\bin\zip.dll
0x00007ffa0dca0000 - 0x00007ffa0dcaa000 	C:\Program Files\Java\jdk-11.0.1\bin\jimage.dll
0x00007ffa38930000 - 0x00007ffa39d70000 	C:\WINDOWS\System32\SHELL32.dll
0x00007ffa38160000 - 0x00007ffa38209000 	C:\WINDOWS\System32\shcore.dll
0x00007ffa36850000 - 0x00007ffa36f5d000 	C:\WINDOWS\System32\windows.storage.dll
0x00007ffa38210000 - 0x00007ffa38261000 	C:\WINDOWS\System32\shlwapi.dll
0x00007ffa36130000 - 0x00007ffa3614f000 	C:\WINDOWS\System32\profapi.dll
0x00007ffa36150000 - 0x00007ffa3619c000 	C:\WINDOWS\System32\powrprof.dll
0x00007ffa36100000 - 0x00007ffa3610a000 	C:\WINDOWS\System32\FLTLIB.DLL
0x00007ffa05b80000 - 0x00007ffa05b99000 	C:\Program Files\Java\jdk-11.0.1\bin\net.dll
0x00007ffa2c5f0000 - 0x00007ffa2c6cd000 	C:\WINDOWS\SYSTEM32\WINHTTP.dll
0x00007ffa35960000 - 0x00007ffa359c6000 	C:\WINDOWS\system32\mswsock.dll
0x00007ffa04d90000 - 0x00007ffa04da3000 	C:\Program Files\Java\jdk-11.0.1\bin\nio.dll
0x00007ffa04f90000 - 0x00007ffa05002000 	C:\Users\B\AppData\Local\Temp\lwjglB\3.2.2-build-10\lwjgl.dll
0x00007ff9f7220000 - 0x00007ff9f7f95000 	C:\Program Files\RenderDoc\renderdoc.dll
0x00007ffa37be0000 - 0x00007ffa3802b000 	C:\WINDOWS\System32\SETUPAPI.dll
0x00007ffa37760000 - 0x00007ffa3784d000 	C:\WINDOWS\System32\COMDLG32.dll
0x00007ffa385c0000 - 0x00007ffa38711000 	C:\WINDOWS\System32\ole32.dll
0x00007ffa38060000 - 0x00007ffa38122000 	C:\WINDOWS\System32\OLEAUT32.dll
0x00007ffa32e70000 - 0x00007ffa3329f000 	C:\WINDOWS\SYSTEM32\d3dcompiler_47.dll
0x00007ffa35b10000 - 0x00007ffa35b27000 	C:\WINDOWS\SYSTEM32\CRYPTSP.dll
0x00007ffa10950000 - 0x00007ffa10a70000 	C:\WINDOWS\SYSTEM32\opengl32.dll
0x00007ffa10920000 - 0x00007ffa1094c000 	C:\WINDOWS\SYSTEM32\GLU32.dll
0x00007ffa05030000 - 0x00007ffa0508e000 	C:\Users\B\AppData\Local\Temp\lwjglB\3.2.2-build-10\glfw.dll
0x00007ffa34500000 - 0x00007ffa34598000 	C:\WINDOWS\system32\uxtheme.dll
0x00007ff9ff570000 - 0x00007ff9ff5b3000 	C:\WINDOWS\SYSTEM32\dinput8.dll
0x00007ffa06eb0000 - 0x00007ffa06ec0000 	C:\WINDOWS\SYSTEM32\xinput1_4.dll
0x00007ffa35ef0000 - 0x00007ffa35f17000 	C:\WINDOWS\SYSTEM32\DEVOBJ.dll
0x00007ffa34780000 - 0x00007ffa347a9000 	C:\WINDOWS\SYSTEM32\dwmapi.dll
0x00007ffa37a60000 - 0x00007ffa37bd3000 	C:\WINDOWS\System32\MSCTF.dll
0x00007ffa34de0000 - 0x00007ffa34dec000 	C:\WINDOWS\SYSTEM32\HID.DLL
0x00007ffa2a7f0000 - 0x00007ffa2a869000 	C:\WINDOWS\SYSTEM32\inputhost.dll
0x00007ffa33d80000 - 0x00007ffa33e5a000 	C:\WINDOWS\SYSTEM32\CoreMessaging.dll
0x00007ffa32050000 - 0x00007ffa3219d000 	C:\WINDOWS\SYSTEM32\wintypes.dll
0x00007ffa321a0000 - 0x00007ffa324be000 	C:\WINDOWS\SYSTEM32\CoreUIComponents.dll
0x00007ffa351a0000 - 0x00007ffa351d1000 	C:\WINDOWS\SYSTEM32\ntmarta.dll
0x00007ffa36fb0000 - 0x00007ffa37007000 	C:\WINDOWS\System32\WINTRUST.dll
0x00007ffa360e0000 - 0x00007ffa360f2000 	C:\WINDOWS\System32\MSASN1.dll
0x00007ffa36560000 - 0x00007ffa36742000 	C:\WINDOWS\System32\CRYPT32.dll
0x00007ff9eea00000 - 0x00007ff9ef231000 	C:\WINDOWS\SYSTEM32\ig7icd64.dll
0x00007ffa308f0000 - 0x00007ffa30d55000 	C:\WINDOWS\SYSTEM32\igdusc64.dll
0x00007ffa32cf0000 - 0x00007ffa32d03000 	C:\WINDOWS\SYSTEM32\WTSAPI32.dll
0x00007ffa34e70000 - 0x00007ffa34f2b000 	C:\WINDOWS\SYSTEM32\dxgi.dll
0x00007ffa332a0000 - 0x00007ffa335ab000 	C:\WINDOWS\SYSTEM32\d3d11.dll
0x00007ffa30e10000 - 0x00007ffa319b2000 	C:\WINDOWS\SYSTEM32\igd10iumd64.dll
0x00007ffa35c40000 - 0x00007ffa35c65000 	C:\WINDOWS\SYSTEM32\bcrypt.dll
0x00007ffa35c10000 - 0x00007ffa35c36000 	C:\WINDOWS\SYSTEM32\ncrypt.dll
0x00007ffa35bd0000 - 0x00007ffa35c06000 	C:\WINDOWS\SYSTEM32\NTASN1.dll

dbghelp: loaded successfully - version: 4.0.5 - missing functions: none
symbol engine: initialized successfully - sym options: 0x614 - pdb path: .;C:\Program Files\Java\jdk-11.0.1\bin;C:\WINDOWS\SYSTEM32;C:\WINDOWS\WinSxS\amd64_microsoft.windows.common-controls_6595b64144ccf1df_6.0.17134.950_none_fb3da4273069d3e0;C:\Program Files\Java\jdk-11.0.1\bin\server;C:\Users\B\AppData\Local\Temp\lwjglB\3.2.2-build-10;C:\Program Files\RenderDoc

VM Arguments:
jvm_args: -Dfile.encoding=UTF-8 
java_command: DabEngine.ModelTest
java_class_path (initial): C:\Users\B\Documents\DabEngine\bin\main;C:\Users\B\Documents\DabEngine\bin\test;C:\Users\B\.gradle\caches\modules-2\files-2.1\org.apache.commons\commons-math3\3.6.1\e4ba98f1d4b3c80ec46392f25e094a6a2e58fcbf\commons-math3-3.6.1.jar;C:\Users\B\.gradle\caches\modules-2\files-2.1\com.google.guava\guava\27.0.1-jre\bd41a290787b5301e63929676d792c507bbc00ae\guava-27.0.1-jre.jar;C:\Users\B\Documents\DabEngine\libs\jython-standalone-2.7.0.jar;C:\Users\B\.gradle\caches\modules-2\files-2.1\com.googlecode.json-simple\json-simple\1.1.1\c9ad4a0850ab676c5c64461a05ca524cdfff59f1\json-simple-1.1.1.jar;C:\Users\B\.gradle\caches\modules-2\files-2.1\com.google.guava\failureaccess\1.0.1\1dcf1de382a0bf95a3d8b0849546c88bac1292c9\failureaccess-1.0.1.jar;C:\Users\B\.gradle\caches\modules-2\files-2.1\com.google.guava\listenablefuture\9999.0-empty-to-avoid-conflict-with-guava\b421526c5f297295adef1c886e5246c39d4ac629\listenablefuture-9999.0-empty-to-avoid-conflict-with-guava.jar;C:\Users\B\.gradle\caches\modules-2\files-2.1\com.google.code.findbugs\jsr305\3.0.2\25ea2e8b0c338a877313bd4672d3fe056ea78f0d\jsr305-3.0.2.jar;C:\Users\B\.gradle\caches\modules-2\files-2.1\org.checkerframework\checker-qual\2.5.2\cea74543d5904a30861a61b4643a5f2bb372efc4\checker-qual-2.5.2.jar;C:\Users\B\.gradle\caches\modules-2\files-2.1\com.google.errorprone\error_prone_annotations\2.2.0\88e3c593e9b3586e1c6177f89267da6fc6986f0c\error_prone_annotations-2.2.0.jar;C:\Users\B\.gradle\caches\modules-2\files-2.1\com.google.j2objc\j2objc-annotations\1.1\ed28ded51a8b1c6b112568def5f4b455e6809019\j2objc-annotations-1.1.jar;C:\Users\B\.gradle\caches\modules-2\files-2.1\org.codehaus.mojo\animal-sniffer-annotations\1.17\f97ce6decaea32b36101e37979f8b647f00681fb\animal-sniffer-annotations-1.17.jar;C:\Users\B\.gradle\caches\modules-2\files-2.1\junit\junit\4.10\e4f1766ce7404a08f45d859fb9c226fc9e41a861\junit-4.10.jar;C:\Users\B\.gradle\caches\modules-2\files-2.1\org.hamcrest\hamcrest-core\1.1\860340562250678d1a
Launcher Type: SUN_STANDARD

[Global flags]
     intx CICompilerCount                          = 3                                         {product} {ergonomic}
     uint ConcGCThreads                            = 1                                         {product} {ergonomic}
     uint G1ConcRefinementThreads                  = 4                                         {product} {ergonomic}
   size_t G1HeapRegionSize                         = 1048576                                   {product} {ergonomic}
    uintx GCDrainStackTargetSize                   = 64                                        {product} {ergonomic}
   size_t InitialHeapSize                          = 134217728                                 {product} {ergonomic}
   size_t MarkStackSize                            = 4194304                                   {product} {ergonomic}
   size_t MaxHeapSize                              = 2122317824                                {product} {ergonomic}
   size_t MaxNewSize                               = 1272971264                                {product} {ergonomic}
   size_t MinHeapDeltaBytes                        = 1048576                                   {product} {ergonomic}
    uintx NonNMethodCodeHeapSize                   = 5830092                                {pd product} {ergonomic}
    uintx NonProfiledCodeHeapSize                  = 122914074                              {pd product} {ergonomic}
    uintx ProfiledCodeHeapSize                     = 122914074                              {pd product} {ergonomic}
    uintx ReservedCodeCacheSize                    = 251658240                              {pd product} {ergonomic}
     bool SegmentedCodeCache                       = true                                      {product} {ergonomic}
     bool UseCompressedClassPointers               = true                                 {lp64_product} {ergonomic}
     bool UseCompressedOops                        = true                                 {lp64_product} {ergonomic}
     bool UseG1GC                                  = true                                      {product} {ergonomic}
     bool UseLargePagesIndividualAllocation        = false                                  {pd product} {ergonomic}

Logging:
Log output configuration:
 #0: stdout all=warning uptime,level,tags
 #1: stderr all=off uptime,level,tags

Environment Variables:
CLASSPATH=.;.;C:\PROGRA~2\JMF21~1.1E\lib\sound.jar;C:\PROGRA~2\JMF21~1.1E\lib\jmf.jar;C:\PROGRA~2\JMF21~1.1E\lib;
PATH=C:\Program Files (x86)\Common Files\Intel\Shared Libraries\redist\intel64\compiler;C:\WINDOWS\system32;C:\WINDOWS;C:\WINDOWS\System32\Wbem;C:\WINDOWS\System32\WindowsPowerShell\v1.0\;C:\WINDOWS\System32\OpenSSH\;C:\Program Files\Java\jdk-11.0.1\bin;C:\Program Files\Git\cmd;C:\Program Files (x86)\Windows Kits\10\Windows Performance Toolkit\;C:\Program Files\Csound6_x64\bin;C:\ProgramData\chocolatey\bin;C:\Program Files\CMake\bin;C:\Users\B\AppData\Local\Programs\Python\Python36\Scripts\;C:\Users\B\AppData\Local\Programs\Python\Python36\;C:\Users\B\scoop\shims;C:\Users\B\AppData\Local\Microsoft\WindowsApps;C:\Users\B\AppData\Local\GitHubDesktop\bin;C:\Users\B\AppData\Local\atom\bin;C:\Users\B\AppData\Local\Programs\Microsoft VS Code\bin;
USERNAME=B
OS=Windows_NT
PROCESSOR_IDENTIFIER=Intel64 Family 6 Model 58 Stepping 9, GenuineIntel



---------------  S Y S T E M  ---------------

OS: Windows 10 , 64 bit Build 17134 (10.0.17134.753)

CPU:total 4 (initial active 4) (2 cores per cpu, 2 threads per core) family 6 model 58 stepping 9, cmov, cx8, fxsr, mmx, sse, sse2, sse3, ssse3, sse4.1, sse4.2, popcnt, avx, clmul, erms, ht, tsc, tscinvbit, tscinv

Memory: 4k page, system-wide physical 8089M (3452M free)
TotalPageFile size 15001M (AvailPageFile size 8567M)
current process WorkingSet (physical memory assigned to process): 116M, peak: 118M
current process commit charge ("private bytes"): 363M, peak: 365M

vm_info: Java HotSpot(TM) 64-Bit Server VM (11.0.1+13-LTS) for windows-amd64 JRE (11.0.1+13-LTS), built on Oct  6 2018 13:20:16 by "mach5one" with MS VC++ 15.5 (VS2017)

END.
