#
# A fatal error has been detected by the Java Runtime Environment:
#
#  EXCEPTION_ACCESS_VIOLATION (0xc0000005) at pc=0x00007ffa3a4b0adc, pid=5296, tid=12244
#
# JRE version: Java(TM) SE Runtime Environment (11.0.1+13) (build 11.0.1+13-LTS)
# Java VM: Java HotSpot(TM) 64-Bit Server VM (11.0.1+13-LTS, mixed mode, tiered, compressed oops, g1 gc, windows-amd64)
# Problematic frame:
# C  [renderdoc.dll+0x280adc]
#
# No core dump will be written. Minidumps are not enabled by default on client versions of Windows
#
# If you would like to submit a bug report, please visit:
#   http://bugreport.java.com/bugreport/crash.jsp
# The crash happened outside the Java Virtual Machine in native code.
# See problematic frame for where to report the bug.
#

---------------  S U M M A R Y ------------

Command Line: -Xmx2G -Dfile.encoding=UTF-8 DabEngine.TestCaseEngine

Host: Intel(R) Core(TM) i3-3110M CPU @ 2.40GHz, 4 cores, 7G,  Windows 10 , 64 bit Build 17134 (10.0.17134.753)
Time: Thu Aug  8 14:48:24 2019 GMT Daylight Time elapsed time: 2 seconds (0d 0h 0m 2s)

---------------  T H R E A D  ---------------

Current thread (0x000001b1c5432800):  JavaThread "main" [_thread_in_native, id=12244, stack(0x0000003808200000,0x0000003808300000)]

Stack: [0x0000003808200000,0x0000003808300000],  sp=0x00000038082fe240,  free space=1016k
Native frames: (J=compiled Java code, j=interpreted, Vv=VM code, C=native code)
C  [renderdoc.dll+0x280adc]

Java frames: (J=compiled Java code, j=interpreted, Vv=VM code)
j  org.lwjgl.system.JNI.invokePPPP(IIJJJJ)J+0
j  org.lwjgl.glfw.GLFW.nglfwCreateWindow(IIJJJ)J+14
j  org.lwjgl.glfw.GLFW.glfwCreateWindow(IILjava/lang/CharSequence;JJ)J+37
j  DabEngine.Graphics.OpenGL.Window.<init>(LDabEngine/Core/App;)V+414
j  DabEngine.Core.Engine.init(LDabEngine/Core/App;)V+6
j  DabEngine.TestCaseEngine.main([Ljava/lang/String;)V+10
v  ~StubRoutines::call_stub

siginfo: EXCEPTION_ACCESS_VIOLATION (0xc0000005), reading address 0xffffffffffffffff


Register to memory mapping:

RIP=0x00007ffa3a4b0adc renderdoc.dll
RAX=0x5065727574786574 is an unknown value
RBX=0x000001b1e5209300 points into unknown readable memory
RCX=0x000001b1e892c480 points into unknown readable memory
RDX=0x000001b1e5203398 points into unknown readable memory
RSP=0x00000038082fe240 is pointing into the stack for thread: 0x000001b1c5432800
RBP=0x00000038082fe380 is pointing into the stack for thread: 0x000001b1c5432800
RSI=0x0 is NULL
RDI=0x000001b1e5203398 points into unknown readable memory
R8 =0x0000000000006790 is an unknown value
R9 =0x0000000000000165 is an unknown value
R10=0x000001b1ebc32ac0 points into unknown readable memory
R11=0x0 is NULL
R12=0x0 is NULL
R13=0x0 is NULL
R14=0x000001b1ebdce960 points into unknown readable memory
R15=0x00000038082fe6b0 is pointing into the stack for thread: 0x000001b1c5432800


Registers:
RAX=0x5065727574786574, RBX=0x000001b1e5209300, RCX=0x000001b1e892c480, RDX=0x000001b1e5203398
RSP=0x00000038082fe240, RBP=0x00000038082fe380, RSI=0x0000000000000000, RDI=0x000001b1e5203398
R8 =0x0000000000006790, R9 =0x0000000000000165, R10=0x000001b1ebc32ac0, R11=0x0000000000000000
R12=0x0000000000000000, R13=0x0000000000000000, R14=0x000001b1ebdce960, R15=0x00000038082fe6b0
RIP=0x00007ffa3a4b0adc, EFLAGS=0x0000000000010202

Top of Stack: (sp=0x00000038082fe240)
0x00000038082fe240:   0000000000000000 0000000000000000
0x00000038082fe250:   0000000000000000 0000000000000000
0x00000038082fe260:   fffffffffffffffe 0000000000000000
0x00000038082fe270:   0000000000000000 00007ffa3a45a73a
0x00000038082fe280:   000001b1e5203398 000001b1e5209300
0x00000038082fe290:   0000000000000000 000001b1e5203380
0x00000038082fe2a0:   0000000000000000 0000000000000000
0x00000038082fe2b0:   0000000000000000 0000000000000000
0x00000038082fe2c0:   0000000000000000 0000000000000000
0x00000038082fe2d0:   0000000000000000 0000000000000000
0x00000038082fe2e0:   0000000000000000 0000000000000000
0x00000038082fe2f0:   0000016600008086 00000009397717aa
0x00000038082fe300:   0000000000000000 0000000000000000
0x00000038082fe310:   0000000070000000 000000000000a26c
0x00000038082fe320:   0000000000000000 00007ffa81eb1fd2
0x00000038082fe330:   0000000000000000 0000000000000000 

Instructions: (pc=0x00007ffa3a4b0adc)
0x00007ffa3a4b0abc:   39 b0 60 03 00 00 74 1b e8 c7 cf e5 ff 48 8b 88
0x00007ffa3a4b0acc:   60 03 00 00 48 8b 01 41 b8 90 67 00 00 48 8b d7
0x00007ffa3a4b0adc:   ff 50 08 48 89 b7 f0 00 00 00 66 c7 47 08 00 00
0x00007ffa3a4b0aec:   48 89 bf a0 5a 00 00 48 8d 4f 50 33 d2 41 b8 84 



---------------  P R O C E S S  ---------------

Threads class SMR info:
_java_thread_list=0x000001b1e893a390, length=11, elements={
0x000001b1c5432800, 0x000001b1e3821000, 0x000001b1e3823800, 0x000001b1e4082800,
0x000001b1e4083000, 0x000001b1e4085800, 0x000001b1e408a800, 0x000001b1e40f6800,
0x000001b1e4341000, 0x000001b1e4346000, 0x000001b1e8930800
}

Java Threads: ( => current thread )
=>0x000001b1c5432800 JavaThread "main" [_thread_in_native, id=12244, stack(0x0000003808200000,0x0000003808300000)]
  0x000001b1e3821000 JavaThread "Reference Handler" daemon [_thread_blocked, id=6172, stack(0x0000003808900000,0x0000003808a00000)]
  0x000001b1e3823800 JavaThread "Finalizer" daemon [_thread_blocked, id=6348, stack(0x0000003808a00000,0x0000003808b00000)]
  0x000001b1e4082800 JavaThread "Signal Dispatcher" daemon [_thread_blocked, id=9252, stack(0x0000003808b00000,0x0000003808c00000)]
  0x000001b1e4083000 JavaThread "Attach Listener" daemon [_thread_blocked, id=2428, stack(0x0000003808c00000,0x0000003808d00000)]
  0x000001b1e4085800 JavaThread "C2 CompilerThread0" daemon [_thread_blocked, id=7928, stack(0x0000003808d00000,0x0000003808e00000)]
  0x000001b1e408a800 JavaThread "C1 CompilerThread0" daemon [_thread_blocked, id=13164, stack(0x0000003808e00000,0x0000003808f00000)]
  0x000001b1e40f6800 JavaThread "Sweeper thread" daemon [_thread_blocked, id=12980, stack(0x0000003808f00000,0x0000003809000000)]
  0x000001b1e4341000 JavaThread "Service Thread" daemon [_thread_blocked, id=8684, stack(0x0000003809000000,0x0000003809100000)]
  0x000001b1e4346000 JavaThread "Common-Cleaner" daemon [_thread_blocked, id=11672, stack(0x0000003809200000,0x0000003809300000)]
  0x000001b1e8930800 JavaThread "C2 CompilerThread1" daemon [_thread_in_native, id=13060, stack(0x0000003809600000,0x0000003809700000)]

Other Threads:
  0x000001b1e386c800 VMThread "VM Thread" [stack: 0x0000003808800000,0x0000003808900000] [id=9724]
  0x000001b1e4348000 WatcherThread [stack: 0x0000003809100000,0x0000003809200000] [id=8600]
  0x000001b1c544a800 GCTaskThread "GC Thread#0" [stack: 0x0000003808300000,0x0000003808400000] [id=6900]
  0x000001b1e4c37800 GCTaskThread "GC Thread#1" [stack: 0x0000003809300000,0x0000003809400000] [id=4796]
  0x000001b1e4c60800 GCTaskThread "GC Thread#2" [stack: 0x0000003809400000,0x0000003809500000] [id=4572]
  0x000001b1c5475800 ConcurrentGCThread "G1 Main Marker" [stack: 0x0000003808400000,0x0000003808500000] [id=9956]
  0x000001b1c5478000 ConcurrentGCThread "G1 Conc#0" [stack: 0x0000003808500000,0x0000003808600000] [id=5960]
  0x000001b1e3691800 ConcurrentGCThread "G1 Refine#0" [stack: 0x0000003808600000,0x0000003808700000] [id=13308]
  0x000001b1c54e8800 ConcurrentGCThread "G1 Young RemSet Sampling" [stack: 0x0000003808700000,0x0000003808800000] [id=3016]

Threads with active compile tasks:
C2 CompilerThread1 793   !   4       jdk.internal.loader.URLClassPath$JarLoader::getResource (353 bytes)

VM state:not at safepoint (normal execution)

VM Mutex/Monitor currently owned by a thread: None

Heap address: 0x0000000080000000, size: 2048 MB, Compressed Oops mode: 32-bit
Narrow klass base: 0x0000000000000000, Narrow klass shift: 3
Compressed class space size: 1073741824 Address: 0x0000000100000000

Heap:
 garbage-first heap   total 131072K, used 15228K [0x0000000080000000, 0x0000000100000000)
  region size 1024K, 12 young (12288K), 2 survivors (2048K)
 Metaspace       used 9316K, capacity 9496K, committed 9600K, reserved 1058816K
  class space    used 807K, capacity 847K, committed 896K, reserved 1048576K
Heap Regions: E=young(eden), S=young(survivor), O=old, HS=humongous(starts), HC=humongous(continues), CS=collection set, F=free, A=archive, TAMS=top-at-mark-start (previous, next)
|   0|0x0000000080000000, 0x0000000080100000, 0x0000000080100000|100%|HS|  |TAMS 0x0000000080000000, 0x0000000080000000| Complete 
|   1|0x0000000080100000, 0x0000000080200000, 0x0000000080200000|100%|HC|  |TAMS 0x0000000080100000, 0x0000000080100000| Complete 
|   2|0x0000000080200000, 0x0000000080300000, 0x0000000080300000|100%| O|  |TAMS 0x0000000080200000, 0x0000000080200000| Untracked 
|   3|0x0000000080300000, 0x00000000803df000, 0x0000000080400000| 87%| O|  |TAMS 0x0000000080300000, 0x0000000080300000| Untracked 
|   4|0x0000000080400000, 0x0000000080400000, 0x0000000080500000|  0%| F|  |TAMS 0x0000000080400000, 0x0000000080400000| Untracked 
|   5|0x0000000080500000, 0x0000000080500000, 0x0000000080600000|  0%| F|  |TAMS 0x0000000080500000, 0x0000000080500000| Untracked 
|   6|0x0000000080600000, 0x0000000080600000, 0x0000000080700000|  0%| F|  |TAMS 0x0000000080600000, 0x0000000080600000| Untracked 
|   7|0x0000000080700000, 0x0000000080700000, 0x0000000080800000|  0%| F|  |TAMS 0x0000000080700000, 0x0000000080700000| Untracked 
|   8|0x0000000080800000, 0x0000000080800000, 0x0000000080900000|  0%| F|  |TAMS 0x0000000080800000, 0x0000000080800000| Untracked 
|   9|0x0000000080900000, 0x0000000080900000, 0x0000000080a00000|  0%| F|  |TAMS 0x0000000080900000, 0x0000000080900000| Untracked 
|  10|0x0000000080a00000, 0x0000000080a00000, 0x0000000080b00000|  0%| F|  |TAMS 0x0000000080a00000, 0x0000000080a00000| Untracked 
|  11|0x0000000080b00000, 0x0000000080b00000, 0x0000000080c00000|  0%| F|  |TAMS 0x0000000080b00000, 0x0000000080b00000| Untracked 
|  12|0x0000000080c00000, 0x0000000080c00000, 0x0000000080d00000|  0%| F|  |TAMS 0x0000000080c00000, 0x0000000080c00000| Untracked 
|  13|0x0000000080d00000, 0x0000000080d00000, 0x0000000080e00000|  0%| F|  |TAMS 0x0000000080d00000, 0x0000000080d00000| Untracked 
|  14|0x0000000080e00000, 0x0000000080e00000, 0x0000000080f00000|  0%| F|  |TAMS 0x0000000080e00000, 0x0000000080e00000| Untracked 
|  15|0x0000000080f00000, 0x0000000080f00000, 0x0000000081000000|  0%| F|  |TAMS 0x0000000080f00000, 0x0000000080f00000| Untracked 
|  16|0x0000000081000000, 0x0000000081000000, 0x0000000081100000|  0%| F|  |TAMS 0x0000000081000000, 0x0000000081000000| Untracked 
|  17|0x0000000081100000, 0x0000000081100000, 0x0000000081200000|  0%| F|  |TAMS 0x0000000081100000, 0x0000000081100000| Untracked 
|  18|0x0000000081200000, 0x0000000081200000, 0x0000000081300000|  0%| F|  |TAMS 0x0000000081200000, 0x0000000081200000| Untracked 
|  19|0x0000000081300000, 0x0000000081300000, 0x0000000081400000|  0%| F|  |TAMS 0x0000000081300000, 0x0000000081300000| Untracked 
|  20|0x0000000081400000, 0x0000000081400000, 0x0000000081500000|  0%| F|  |TAMS 0x0000000081400000, 0x0000000081400000| Untracked 
|  21|0x0000000081500000, 0x0000000081500000, 0x0000000081600000|  0%| F|  |TAMS 0x0000000081500000, 0x0000000081500000| Untracked 
|  22|0x0000000081600000, 0x0000000081600000, 0x0000000081700000|  0%| F|  |TAMS 0x0000000081600000, 0x0000000081600000| Untracked 
|  23|0x0000000081700000, 0x0000000081700000, 0x0000000081800000|  0%| F|  |TAMS 0x0000000081700000, 0x0000000081700000| Untracked 
|  24|0x0000000081800000, 0x0000000081800000, 0x0000000081900000|  0%| F|  |TAMS 0x0000000081800000, 0x0000000081800000| Untracked 
|  25|0x0000000081900000, 0x0000000081900000, 0x0000000081a00000|  0%| F|  |TAMS 0x0000000081900000, 0x0000000081900000| Untracked 
|  26|0x0000000081a00000, 0x0000000081a00000, 0x0000000081b00000|  0%| F|  |TAMS 0x0000000081a00000, 0x0000000081a00000| Untracked 
|  27|0x0000000081b00000, 0x0000000081b00000, 0x0000000081c00000|  0%| F|  |TAMS 0x0000000081b00000, 0x0000000081b00000| Untracked 
|  28|0x0000000081c00000, 0x0000000081c00000, 0x0000000081d00000|  0%| F|  |TAMS 0x0000000081c00000, 0x0000000081c00000| Untracked 
|  29|0x0000000081d00000, 0x0000000081d00000, 0x0000000081e00000|  0%| F|  |TAMS 0x0000000081d00000, 0x0000000081d00000| Untracked 
|  30|0x0000000081e00000, 0x0000000081e00000, 0x0000000081f00000|  0%| F|  |TAMS 0x0000000081e00000, 0x0000000081e00000| Untracked 
|  31|0x0000000081f00000, 0x0000000081f00000, 0x0000000082000000|  0%| F|  |TAMS 0x0000000081f00000, 0x0000000081f00000| Untracked 
|  32|0x0000000082000000, 0x0000000082000000, 0x0000000082100000|  0%| F|  |TAMS 0x0000000082000000, 0x0000000082000000| Untracked 
|  33|0x0000000082100000, 0x0000000082100000, 0x0000000082200000|  0%| F|  |TAMS 0x0000000082100000, 0x0000000082100000| Untracked 
|  34|0x0000000082200000, 0x0000000082200000, 0x0000000082300000|  0%| F|  |TAMS 0x0000000082200000, 0x0000000082200000| Untracked 
|  35|0x0000000082300000, 0x0000000082300000, 0x0000000082400000|  0%| F|  |TAMS 0x0000000082300000, 0x0000000082300000| Untracked 
|  36|0x0000000082400000, 0x0000000082400000, 0x0000000082500000|  0%| F|  |TAMS 0x0000000082400000, 0x0000000082400000| Untracked 
|  37|0x0000000082500000, 0x0000000082500000, 0x0000000082600000|  0%| F|  |TAMS 0x0000000082500000, 0x0000000082500000| Untracked 
|  38|0x0000000082600000, 0x0000000082600000, 0x0000000082700000|  0%| F|  |TAMS 0x0000000082600000, 0x0000000082600000| Untracked 
|  39|0x0000000082700000, 0x0000000082700000, 0x0000000082800000|  0%| F|  |TAMS 0x0000000082700000, 0x0000000082700000| Untracked 
|  40|0x0000000082800000, 0x0000000082800000, 0x0000000082900000|  0%| F|  |TAMS 0x0000000082800000, 0x0000000082800000| Untracked 
|  41|0x0000000082900000, 0x0000000082900000, 0x0000000082a00000|  0%| F|  |TAMS 0x0000000082900000, 0x0000000082900000| Untracked 
|  42|0x0000000082a00000, 0x0000000082a00000, 0x0000000082b00000|  0%| F|  |TAMS 0x0000000082a00000, 0x0000000082a00000| Untracked 
|  43|0x0000000082b00000, 0x0000000082b00000, 0x0000000082c00000|  0%| F|  |TAMS 0x0000000082b00000, 0x0000000082b00000| Untracked 
|  44|0x0000000082c00000, 0x0000000082c00000, 0x0000000082d00000|  0%| F|  |TAMS 0x0000000082c00000, 0x0000000082c00000| Untracked 
|  45|0x0000000082d00000, 0x0000000082d00000, 0x0000000082e00000|  0%| F|  |TAMS 0x0000000082d00000, 0x0000000082d00000| Untracked 
|  46|0x0000000082e00000, 0x0000000082e00000, 0x0000000082f00000|  0%| F|  |TAMS 0x0000000082e00000, 0x0000000082e00000| Untracked 
|  47|0x0000000082f00000, 0x0000000082f00000, 0x0000000083000000|  0%| F|  |TAMS 0x0000000082f00000, 0x0000000082f00000| Untracked 
|  48|0x0000000083000000, 0x0000000083000000, 0x0000000083100000|  0%| F|  |TAMS 0x0000000083000000, 0x0000000083000000| Untracked 
|  49|0x0000000083100000, 0x0000000083100000, 0x0000000083200000|  0%| F|  |TAMS 0x0000000083100000, 0x0000000083100000| Untracked 
|  50|0x0000000083200000, 0x0000000083200000, 0x0000000083300000|  0%| F|  |TAMS 0x0000000083200000, 0x0000000083200000| Untracked 
|  51|0x0000000083300000, 0x0000000083300000, 0x0000000083400000|  0%| F|  |TAMS 0x0000000083300000, 0x0000000083300000| Untracked 
|  52|0x0000000083400000, 0x0000000083400000, 0x0000000083500000|  0%| F|  |TAMS 0x0000000083400000, 0x0000000083400000| Untracked 
|  53|0x0000000083500000, 0x0000000083500000, 0x0000000083600000|  0%| F|  |TAMS 0x0000000083500000, 0x0000000083500000| Untracked 
|  54|0x0000000083600000, 0x0000000083600000, 0x0000000083700000|  0%| F|  |TAMS 0x0000000083600000, 0x0000000083600000| Untracked 
|  55|0x0000000083700000, 0x0000000083700000, 0x0000000083800000|  0%| F|  |TAMS 0x0000000083700000, 0x0000000083700000| Untracked 
|  56|0x0000000083800000, 0x0000000083800000, 0x0000000083900000|  0%| F|  |TAMS 0x0000000083800000, 0x0000000083800000| Untracked 
|  57|0x0000000083900000, 0x0000000083900000, 0x0000000083a00000|  0%| F|  |TAMS 0x0000000083900000, 0x0000000083900000| Untracked 
|  58|0x0000000083a00000, 0x0000000083a00000, 0x0000000083b00000|  0%| F|  |TAMS 0x0000000083a00000, 0x0000000083a00000| Untracked 
|  59|0x0000000083b00000, 0x0000000083b00000, 0x0000000083c00000|  0%| F|  |TAMS 0x0000000083b00000, 0x0000000083b00000| Untracked 
|  60|0x0000000083c00000, 0x0000000083c00000, 0x0000000083d00000|  0%| F|  |TAMS 0x0000000083c00000, 0x0000000083c00000| Untracked 
|  61|0x0000000083d00000, 0x0000000083d00000, 0x0000000083e00000|  0%| F|  |TAMS 0x0000000083d00000, 0x0000000083d00000| Untracked 
|  62|0x0000000083e00000, 0x0000000083e00000, 0x0000000083f00000|  0%| F|  |TAMS 0x0000000083e00000, 0x0000000083e00000| Untracked 
|  63|0x0000000083f00000, 0x0000000083f00000, 0x0000000084000000|  0%| F|  |TAMS 0x0000000083f00000, 0x0000000083f00000| Untracked 
|  64|0x0000000084000000, 0x0000000084000000, 0x0000000084100000|  0%| F|  |TAMS 0x0000000084000000, 0x0000000084000000| Untracked 
|  65|0x0000000084100000, 0x0000000084100000, 0x0000000084200000|  0%| F|  |TAMS 0x0000000084100000, 0x0000000084100000| Untracked 
|  66|0x0000000084200000, 0x0000000084200000, 0x0000000084300000|  0%| F|  |TAMS 0x0000000084200000, 0x0000000084200000| Untracked 
|  67|0x0000000084300000, 0x0000000084300000, 0x0000000084400000|  0%| F|  |TAMS 0x0000000084300000, 0x0000000084300000| Untracked 
|  68|0x0000000084400000, 0x0000000084400000, 0x0000000084500000|  0%| F|  |TAMS 0x0000000084400000, 0x0000000084400000| Untracked 
|  69|0x0000000084500000, 0x0000000084500000, 0x0000000084600000|  0%| F|  |TAMS 0x0000000084500000, 0x0000000084500000| Untracked 
|  70|0x0000000084600000, 0x0000000084600000, 0x0000000084700000|  0%| F|  |TAMS 0x0000000084600000, 0x0000000084600000| Untracked 
|  71|0x0000000084700000, 0x0000000084700000, 0x0000000084800000|  0%| F|  |TAMS 0x0000000084700000, 0x0000000084700000| Untracked 
|  72|0x0000000084800000, 0x0000000084800000, 0x0000000084900000|  0%| F|  |TAMS 0x0000000084800000, 0x0000000084800000| Untracked 
|  73|0x0000000084900000, 0x0000000084900000, 0x0000000084a00000|  0%| F|  |TAMS 0x0000000084900000, 0x0000000084900000| Untracked 
|  74|0x0000000084a00000, 0x0000000084a00000, 0x0000000084b00000|  0%| F|  |TAMS 0x0000000084a00000, 0x0000000084a00000| Untracked 
|  75|0x0000000084b00000, 0x0000000084b00000, 0x0000000084c00000|  0%| F|  |TAMS 0x0000000084b00000, 0x0000000084b00000| Untracked 
|  76|0x0000000084c00000, 0x0000000084c00000, 0x0000000084d00000|  0%| F|  |TAMS 0x0000000084c00000, 0x0000000084c00000| Untracked 
|  77|0x0000000084d00000, 0x0000000084d00000, 0x0000000084e00000|  0%| F|  |TAMS 0x0000000084d00000, 0x0000000084d00000| Untracked 
|  78|0x0000000084e00000, 0x0000000084e00000, 0x0000000084f00000|  0%| F|  |TAMS 0x0000000084e00000, 0x0000000084e00000| Untracked 
|  79|0x0000000084f00000, 0x0000000084f00000, 0x0000000085000000|  0%| F|  |TAMS 0x0000000084f00000, 0x0000000084f00000| Untracked 
|  80|0x0000000085000000, 0x0000000085000000, 0x0000000085100000|  0%| F|  |TAMS 0x0000000085000000, 0x0000000085000000| Untracked 
|  81|0x0000000085100000, 0x0000000085100000, 0x0000000085200000|  0%| F|  |TAMS 0x0000000085100000, 0x0000000085100000| Untracked 
|  82|0x0000000085200000, 0x0000000085200000, 0x0000000085300000|  0%| F|  |TAMS 0x0000000085200000, 0x0000000085200000| Untracked 
|  83|0x0000000085300000, 0x0000000085300000, 0x0000000085400000|  0%| F|  |TAMS 0x0000000085300000, 0x0000000085300000| Untracked 
|  84|0x0000000085400000, 0x0000000085400000, 0x0000000085500000|  0%| F|  |TAMS 0x0000000085400000, 0x0000000085400000| Untracked 
|  85|0x0000000085500000, 0x0000000085500000, 0x0000000085600000|  0%| F|  |TAMS 0x0000000085500000, 0x0000000085500000| Untracked 
|  86|0x0000000085600000, 0x0000000085600000, 0x0000000085700000|  0%| F|  |TAMS 0x0000000085600000, 0x0000000085600000| Untracked 
|  87|0x0000000085700000, 0x0000000085700000, 0x0000000085800000|  0%| F|  |TAMS 0x0000000085700000, 0x0000000085700000| Untracked 
|  88|0x0000000085800000, 0x0000000085800000, 0x0000000085900000|  0%| F|  |TAMS 0x0000000085800000, 0x0000000085800000| Untracked 
|  89|0x0000000085900000, 0x0000000085900000, 0x0000000085a00000|  0%| F|  |TAMS 0x0000000085900000, 0x0000000085900000| Untracked 
|  90|0x0000000085a00000, 0x0000000085a00000, 0x0000000085b00000|  0%| F|  |TAMS 0x0000000085a00000, 0x0000000085a00000| Untracked 
|  91|0x0000000085b00000, 0x0000000085b00000, 0x0000000085c00000|  0%| F|  |TAMS 0x0000000085b00000, 0x0000000085b00000| Untracked 
|  92|0x0000000085c00000, 0x0000000085c00000, 0x0000000085d00000|  0%| F|  |TAMS 0x0000000085c00000, 0x0000000085c00000| Untracked 
|  93|0x0000000085d00000, 0x0000000085d00000, 0x0000000085e00000|  0%| F|  |TAMS 0x0000000085d00000, 0x0000000085d00000| Untracked 
|  94|0x0000000085e00000, 0x0000000085e00000, 0x0000000085f00000|  0%| F|  |TAMS 0x0000000085e00000, 0x0000000085e00000| Untracked 
|  95|0x0000000085f00000, 0x0000000085f00000, 0x0000000086000000|  0%| F|  |TAMS 0x0000000085f00000, 0x0000000085f00000| Untracked 
|  96|0x0000000086000000, 0x0000000086000000, 0x0000000086100000|  0%| F|  |TAMS 0x0000000086000000, 0x0000000086000000| Untracked 
|  97|0x0000000086100000, 0x0000000086100000, 0x0000000086200000|  0%| F|  |TAMS 0x0000000086100000, 0x0000000086100000| Untracked 
|  98|0x0000000086200000, 0x0000000086200000, 0x0000000086300000|  0%| F|  |TAMS 0x0000000086200000, 0x0000000086200000| Untracked 
|  99|0x0000000086300000, 0x0000000086300000, 0x0000000086400000|  0%| F|  |TAMS 0x0000000086300000, 0x0000000086300000| Untracked 
| 100|0x0000000086400000, 0x0000000086400000, 0x0000000086500000|  0%| F|  |TAMS 0x0000000086400000, 0x0000000086400000| Untracked 
| 101|0x0000000086500000, 0x0000000086500000, 0x0000000086600000|  0%| F|  |TAMS 0x0000000086500000, 0x0000000086500000| Untracked 
| 102|0x0000000086600000, 0x0000000086600000, 0x0000000086700000|  0%| F|  |TAMS 0x0000000086600000, 0x0000000086600000| Untracked 
| 103|0x0000000086700000, 0x0000000086700000, 0x0000000086800000|  0%| F|  |TAMS 0x0000000086700000, 0x0000000086700000| Untracked 
| 104|0x0000000086800000, 0x0000000086800000, 0x0000000086900000|  0%| F|  |TAMS 0x0000000086800000, 0x0000000086800000| Untracked 
| 105|0x0000000086900000, 0x0000000086900000, 0x0000000086a00000|  0%| F|  |TAMS 0x0000000086900000, 0x0000000086900000| Untracked 
| 106|0x0000000086a00000, 0x0000000086a00000, 0x0000000086b00000|  0%| F|  |TAMS 0x0000000086a00000, 0x0000000086a00000| Untracked 
| 107|0x0000000086b00000, 0x0000000086b00000, 0x0000000086c00000|  0%| F|  |TAMS 0x0000000086b00000, 0x0000000086b00000| Untracked 
| 108|0x0000000086c00000, 0x0000000086c00000, 0x0000000086d00000|  0%| F|  |TAMS 0x0000000086c00000, 0x0000000086c00000| Untracked 
| 109|0x0000000086d00000, 0x0000000086d00000, 0x0000000086e00000|  0%| F|  |TAMS 0x0000000086d00000, 0x0000000086d00000| Untracked 
| 110|0x0000000086e00000, 0x0000000086e00000, 0x0000000086f00000|  0%| F|  |TAMS 0x0000000086e00000, 0x0000000086e00000| Untracked 
| 111|0x0000000086f00000, 0x0000000086f00000, 0x0000000087000000|  0%| F|  |TAMS 0x0000000086f00000, 0x0000000086f00000| Untracked 
| 112|0x0000000087000000, 0x0000000087100000, 0x0000000087100000|100%| S|CS|TAMS 0x0000000087000000, 0x0000000087000000| Complete 
| 113|0x0000000087100000, 0x0000000087200000, 0x0000000087200000|100%| S|CS|TAMS 0x0000000087100000, 0x0000000087100000| Complete 
| 114|0x0000000087200000, 0x0000000087200000, 0x0000000087300000|  0%| F|  |TAMS 0x0000000087200000, 0x0000000087200000| Untracked 
| 115|0x0000000087300000, 0x0000000087300000, 0x0000000087400000|  0%| F|  |TAMS 0x0000000087300000, 0x0000000087300000| Untracked 
| 116|0x0000000087400000, 0x0000000087400000, 0x0000000087500000|  0%| F|  |TAMS 0x0000000087400000, 0x0000000087400000| Untracked 
| 117|0x0000000087500000, 0x0000000087500000, 0x0000000087600000|  0%| F|  |TAMS 0x0000000087500000, 0x0000000087500000| Untracked 
| 118|0x0000000087600000, 0x0000000087680800, 0x0000000087700000| 50%| E|  |TAMS 0x0000000087600000, 0x0000000087600000| Complete 
| 119|0x0000000087700000, 0x0000000087800000, 0x0000000087800000|100%| E|CS|TAMS 0x0000000087700000, 0x0000000087700000| Complete 
| 120|0x0000000087800000, 0x0000000087900000, 0x0000000087900000|100%| E|CS|TAMS 0x0000000087800000, 0x0000000087800000| Complete 
| 121|0x0000000087900000, 0x0000000087a00000, 0x0000000087a00000|100%| E|CS|TAMS 0x0000000087900000, 0x0000000087900000| Complete 
| 122|0x0000000087a00000, 0x0000000087b00000, 0x0000000087b00000|100%| E|CS|TAMS 0x0000000087a00000, 0x0000000087a00000| Complete 
| 123|0x0000000087b00000, 0x0000000087c00000, 0x0000000087c00000|100%| E|CS|TAMS 0x0000000087b00000, 0x0000000087b00000| Complete 
| 124|0x0000000087c00000, 0x0000000087d00000, 0x0000000087d00000|100%| E|CS|TAMS 0x0000000087c00000, 0x0000000087c00000| Complete 
| 125|0x0000000087d00000, 0x0000000087e00000, 0x0000000087e00000|100%| E|CS|TAMS 0x0000000087d00000, 0x0000000087d00000| Complete 
| 126|0x0000000087e00000, 0x0000000087f00000, 0x0000000087f00000|100%| E|CS|TAMS 0x0000000087e00000, 0x0000000087e00000| Complete 
| 127|0x0000000087f00000, 0x0000000088000000, 0x0000000088000000|100%| E|CS|TAMS 0x0000000087f00000, 0x0000000087f00000| Complete 

Card table byte_map: [0x000001b1dcb40000,0x000001b1dcf40000] _byte_map_base: 0x000001b1dc740000

Marking Bits (Prev, Next): (CMBitMap*) 0x000001b1c33ee958, (CMBitMap*) 0x000001b1c33ee990
 Prev Bits: [0x000001b1dd340000, 0x000001b1df340000)
 Next Bits: [0x000001b1df340000, 0x000001b1e1340000)

Polling page: 0x000001b1c35a0000

Metaspace:

Usage:
  Non-class:      8.45 MB capacity,     8.31 MB ( 98%) used,   128.74 KB (  1%) free+waste,    11.06 KB ( <1%) overhead. 
      Class:    847.00 KB capacity,   807.55 KB ( 95%) used,    34.32 KB (  4%) free+waste,     5.13 KB ( <1%) overhead. 
       Both:      9.27 MB capacity,     9.10 MB ( 98%) used,   163.06 KB (  2%) free+waste,    16.19 KB ( <1%) overhead. 

Virtual space:
  Non-class space:       10.00 MB reserved,       8.50 MB ( 85%) committed 
      Class space:        1.00 GB reserved,     896.00 KB ( <1%) committed 
             Both:        1.01 GB reserved,       9.38 MB ( <1%) committed 

Chunk freelists:
   Non-Class:  6.88 KB
       Class:  2.13 KB
        Both:  9.00 KB

CodeHeap 'non-profiled nmethods': size=120064Kb used=296Kb max_used=296Kb free=119767Kb
 bounds [0x000001b1d5200000, 0x000001b1d5470000, 0x000001b1dc740000]
CodeHeap 'profiled nmethods': size=120000Kb used=1462Kb max_used=1462Kb free=118537Kb
 bounds [0x000001b1cdcd0000, 0x000001b1cdf40000, 0x000001b1d5200000]
CodeHeap 'non-nmethods': size=5696Kb used=1370Kb max_used=1386Kb free=4325Kb
 bounds [0x000001b1cd740000, 0x000001b1cd9b0000, 0x000001b1cdcd0000]
 total_blobs=1852 nmethods=797 adapters=746
 compilation: enabled
              stopped_count=0, restarted_count=0
 full_count=0

Compilation events (10 events):
Event: 2.164 Thread 0x000001b1e408a800  794       3       java.util.jar.JarFile::getEntry (22 bytes)
Event: 2.165 Thread 0x000001b1e408a800 nmethod 794 0x000001b1cde39b10 code [0x000001b1cde39d40, 0x000001b1cde3a4d0]
Event: 2.165 Thread 0x000001b1e408a800  795       3       java.lang.String::equalsIgnoreCase (45 bytes)
Event: 2.166 Thread 0x000001b1e408a800 nmethod 795 0x000001b1cde3a710 code [0x000001b1cde3a920, 0x000001b1cde3aed0]
Event: 2.171 Thread 0x000001b1e408a800  796       3       java.lang.String::<init> (10 bytes)
Event: 2.171 Thread 0x000001b1e408a800 nmethod 796 0x000001b1cde3b090 code [0x000001b1cde3b260, 0x000001b1cde3b410]
Event: 2.171 Thread 0x000001b1e408a800  798       3       java.util.WeakHashMap::put (162 bytes)
Event: 2.174 Thread 0x000001b1e408a800 nmethod 798 0x000001b1cde3b510 code [0x000001b1cde3b7a0, 0x000001b1cde3c7a0]
Event: 2.174 Thread 0x000001b1e408a800  797       3       java.lang.String::substring (68 bytes)
Event: 2.175 Thread 0x000001b1e408a800 nmethod 797 0x000001b1cde3cc90 code [0x000001b1cde3cee0, 0x000001b1cde3d680]

GC Heap History (2 events):
Event: 1.116 GC heap before
{Heap before GC invocations=0 (full 0):
 garbage-first heap   total 131072K, used 15360K [0x0000000080000000, 0x0000000100000000)
  region size 1024K, 14 young (14336K), 0 survivors (0K)
 Metaspace       used 7298K, capacity 7410K, committed 7680K, reserved 1056768K
  class space    used 633K, capacity 681K, committed 768K, reserved 1048576K
}
Event: 1.123 GC heap after
{Heap after GC invocations=1 (full 0):
 garbage-first heap   total 131072K, used 6012K [0x0000000080000000, 0x0000000100000000)
  region size 1024K, 2 young (2048K), 2 survivors (2048K)
 Metaspace       used 7298K, capacity 7410K, committed 7680K, reserved 1056768K
  class space    used 633K, capacity 681K, committed 768K, reserved 1048576K
}

Deoptimization events (10 events):
Event: 0.362 Thread 0x000001b1c5432800 Uncommon trap: reason=unstable_if action=reinterpret pc=0x000001b1d52069f0 method=java.lang.String.hashCode()I @ 14 c2
Event: 0.371 Thread 0x000001b1c5432800 Uncommon trap: reason=unstable_if action=reinterpret pc=0x000001b1d52031f8 method=java.lang.String.isLatin1()Z @ 10 c2
Event: 0.386 Thread 0x000001b1c5432800 Uncommon trap: reason=unstable_if action=reinterpret pc=0x000001b1d5201510 method=java.lang.String.isLatin1()Z @ 10 c2
Event: 0.415 Thread 0x000001b1c5432800 Uncommon trap: reason=unstable_if action=reinterpret pc=0x000001b1d5202da0 method=java.lang.StringLatin1.indexOf([BII)I @ 47 c2
Event: 1.259 Thread 0x000001b1c5432800 Uncommon trap: reason=class_check action=maybe_recompile pc=0x000001b1d522fa48 method=java.util.HashMap.getNode(ILjava/lang/Object;)Ljava/util/HashMap$Node; @ 126 c2
Event: 1.278 Thread 0x000001b1c5432800 Uncommon trap: reason=class_check action=maybe_recompile pc=0x000001b1d522fa10 method=java.util.HashMap.getNode(ILjava/lang/Object;)Ljava/util/HashMap$Node; @ 59 c2
Event: 1.365 Thread 0x000001b1c5432800 Uncommon trap: reason=unstable_if action=reinterpret pc=0x000001b1d522ed90 method=java.lang.String.startsWith(Ljava/lang/String;I)Z @ 14 c2
Event: 1.366 Thread 0x000001b1c5432800 Uncommon trap: reason=class_check action=maybe_recompile pc=0x000001b1d522fa10 method=java.util.HashMap.getNode(ILjava/lang/Object;)Ljava/util/HashMap$Node; @ 59 c2
Event: 2.017 Thread 0x000001b1c5432800 Uncommon trap: reason=class_check action=maybe_recompile pc=0x000001b1d522fa10 method=java.util.HashMap.getNode(ILjava/lang/Object;)Ljava/util/HashMap$Node; @ 59 c2
Event: 2.149 Thread 0x000001b1c5432800 Uncommon trap: reason=unstable_if action=reinterpret pc=0x000001b1d5243ae0 method=java.util.jar.JarFile.getVersionedEntry(Ljava/lang/String;Ljava/util/jar/JarEntry;)Ljava/util/jar/JarEntry; @ 67 c2

Classes redefined (0 events):
No events

Internal exceptions (2 events):
Event: 1.211 Thread 0x000001b1c5432800 Exception <a 'java/lang/NoSuchMethodError'{0x0000000087eafc38}: java.lang.invoke.DelegatingMethodHandle$Holder.delegate(Ljava/lang/Object;Ljava/lang/Object;ILjava/lang/Object;)V> (0x0000000087eafc38) thrown at [t:/workspace/open/src/hotspot/share/interpre
Event: 1.214 Thread 0x000001b1c5432800 Exception <a 'java/lang/NoSuchMethodError'{0x0000000087eb7138}: java.lang.invoke.DirectMethodHandle$Holder.invokeStaticInit(Ljava/lang/Object;Ljava/lang/Object;Ljava/lang/Object;)Ljava/lang/Object;> (0x0000000087eb7138) thrown at [t:/workspace/open/src/ho

Events (10 events):
Event: 2.171 loading class org/lwjgl/glfw/GLFWVidMode$Buffer
Event: 2.171 loading class org/lwjgl/glfw/GLFWVidMode$Buffer done
Event: 2.173 loading class java/util/LinkedHashMap$LinkedEntrySet
Event: 2.173 loading class java/util/LinkedHashMap$LinkedEntrySet done
Event: 2.173 loading class java/util/Spliterators$IteratorSpliterator
Event: 2.173 loading class java/util/Spliterators$IteratorSpliterator done
Event: 2.173 loading class java/util/LinkedHashMap$LinkedEntryIterator
Event: 2.173 loading class java/util/LinkedHashMap$LinkedEntryIterator done
Event: 2.173 loading class org/lwjgl/glfw/EventLoop$OffScreen
Event: 2.173 loading class org/lwjgl/glfw/EventLoop$OffScreen done


Dynamic libraries:
0x00007ff6e8d40000 - 0x00007ff6e8d87000 	C:\Program Files\Java\jdk-11.0.1\bin\java.exe
0x00007ffa84e30000 - 0x00007ffa85011000 	C:\WINDOWS\SYSTEM32\ntdll.dll
0x00007ffa82820000 - 0x00007ffa828d1000 	C:\WINDOWS\System32\KERNEL32.DLL
0x00007ffa81e50000 - 0x00007ffa820c3000 	C:\WINDOWS\System32\KERNELBASE.dll
0x00007ffa82770000 - 0x00007ffa82811000 	C:\WINDOWS\System32\ADVAPI32.dll
0x00007ffa84ba0000 - 0x00007ffa84c3e000 	C:\WINDOWS\System32\msvcrt.dll
0x00007ffa82c30000 - 0x00007ffa82c8b000 	C:\WINDOWS\System32\sechost.dll
0x00007ffa822c0000 - 0x00007ffa823e4000 	C:\WINDOWS\System32\RPCRT4.dll
0x00007ffa825e0000 - 0x00007ffa82770000 	C:\WINDOWS\System32\USER32.dll
0x00007ffa81d90000 - 0x00007ffa81db0000 	C:\WINDOWS\System32\win32u.dll
0x00007ffa82b50000 - 0x00007ffa82b78000 	C:\WINDOWS\System32\GDI32.dll
0x00007ffa81200000 - 0x00007ffa81391000 	C:\WINDOWS\System32\gdi32full.dll
0x00007ffa81db0000 - 0x00007ffa81e4f000 	C:\WINDOWS\System32\msvcp_win.dll
0x00007ffa814d0000 - 0x00007ffa815c8000 	C:\WINDOWS\System32\ucrtbase.dll
0x00007ffa717e0000 - 0x00007ffa71a49000 	C:\WINDOWS\WinSxS\amd64_microsoft.windows.common-controls_6595b64144ccf1df_6.0.17134.885_none_fb42a3473065565f\COMCTL32.dll
0x00007ffa72ae0000 - 0x00007ffa72aea000 	C:\WINDOWS\SYSTEM32\VERSION.dll
0x00007ffa845d0000 - 0x00007ffa848f2000 	C:\WINDOWS\System32\combase.dll
0x00007ffa81450000 - 0x00007ffa814c9000 	C:\WINDOWS\System32\bcryptPrimitives.dll
0x00007ffa82d10000 - 0x00007ffa82d3d000 	C:\WINDOWS\System32\IMM32.DLL
0x00007ffa4cb20000 - 0x00007ffa4cb36000 	C:\Program Files\Java\jdk-11.0.1\bin\vcruntime140.dll
0x00007ffa4bf30000 - 0x00007ffa4bfda000 	C:\Program Files\Java\jdk-11.0.1\bin\msvcp140.dll
0x00007ffa36930000 - 0x00007ffa37472000 	C:\Program Files\Java\jdk-11.0.1\bin\server\jvm.dll
0x00007ffa82b80000 - 0x00007ffa82b88000 	C:\WINDOWS\System32\PSAPI.DLL
0x00007ffa6e9f0000 - 0x00007ffa6e9f9000 	C:\WINDOWS\SYSTEM32\WSOCK32.dll
0x00007ffa7edf0000 - 0x00007ffa7ee13000 	C:\WINDOWS\SYSTEM32\WINMM.dll
0x00007ffa84ab0000 - 0x00007ffa84b1c000 	C:\WINDOWS\System32\WS2_32.dll
0x00007ffa7edc0000 - 0x00007ffa7edea000 	C:\WINDOWS\SYSTEM32\winmmbase.dll
0x00007ffa81d40000 - 0x00007ffa81d89000 	C:\WINDOWS\System32\cfgmgr32.dll
0x00007ffa81140000 - 0x00007ffa81151000 	C:\WINDOWS\System32\kernel.appcore.dll
0x00007ffa4cb00000 - 0x00007ffa4cb11000 	C:\Program Files\Java\jdk-11.0.1\bin\verify.dll
0x00007ffa6e3b0000 - 0x00007ffa6e579000 	C:\WINDOWS\SYSTEM32\DBGHELP.DLL
0x00007ffa6e380000 - 0x00007ffa6e3a9000 	C:\WINDOWS\SYSTEM32\dbgcore.DLL
0x00007ffa4c6d0000 - 0x00007ffa4c6f9000 	C:\Program Files\Java\jdk-11.0.1\bin\java.dll
0x00007ffa4bf10000 - 0x00007ffa4bf26000 	C:\Program Files\Java\jdk-11.0.1\bin\zip.dll
0x00007ffa59a70000 - 0x00007ffa59a7a000 	C:\Program Files\Java\jdk-11.0.1\bin\jimage.dll
0x00007ffa82d40000 - 0x00007ffa84180000 	C:\WINDOWS\System32\SHELL32.dll
0x00007ffa82530000 - 0x00007ffa825d9000 	C:\WINDOWS\System32\shcore.dll
0x00007ffa81630000 - 0x00007ffa81d3d000 	C:\WINDOWS\System32\windows.storage.dll
0x00007ffa82400000 - 0x00007ffa82451000 	C:\WINDOWS\System32\shlwapi.dll
0x00007ffa811c0000 - 0x00007ffa811df000 	C:\WINDOWS\System32\profapi.dll
0x00007ffa81160000 - 0x00007ffa811ac000 	C:\WINDOWS\System32\powrprof.dll
0x00007ffa811b0000 - 0x00007ffa811ba000 	C:\WINDOWS\System32\FLTLIB.DLL
0x00007ffa4bef0000 - 0x00007ffa4bf09000 	C:\Program Files\Java\jdk-11.0.1\bin\net.dll
0x00007ffa77af0000 - 0x00007ffa77bcd000 	C:\WINDOWS\SYSTEM32\WINHTTP.dll
0x00007ffa809c0000 - 0x00007ffa80a26000 	C:\WINDOWS\system32\mswsock.dll
0x00007ffa4bed0000 - 0x00007ffa4bee3000 	C:\Program Files\Java\jdk-11.0.1\bin\nio.dll
0x00007ffa4ca80000 - 0x00007ffa4caf2000 	C:\Users\B\AppData\Local\Temp\lwjglB\3.2.2-build-10\lwjgl.dll
0x00007ffa3a230000 - 0x00007ffa3afa5000 	C:\Program Files\RenderDoc\renderdoc.dll
0x00007ffa84180000 - 0x00007ffa845cb000 	C:\WINDOWS\System32\SETUPAPI.dll
0x00007ffa828e0000 - 0x00007ffa829cd000 	C:\WINDOWS\System32\COMDLG32.dll
0x00007ffa84c40000 - 0x00007ffa84d91000 	C:\WINDOWS\System32\ole32.dll
0x00007ffa82460000 - 0x00007ffa82522000 	C:\WINDOWS\System32\OLEAUT32.dll
0x00007ffa7ddb0000 - 0x00007ffa7e1df000 	C:\WINDOWS\SYSTEM32\d3dcompiler_47.dll
0x00007ffa80b70000 - 0x00007ffa80b87000 	C:\WINDOWS\SYSTEM32\CRYPTSP.dll
0x00007ffa69ab0000 - 0x00007ffa69bd0000 	C:\WINDOWS\SYSTEM32\opengl32.dll
0x00007ffa73290000 - 0x00007ffa732bc000 	C:\WINDOWS\SYSTEM32\GLU32.dll
0x00007ffa53550000 - 0x00007ffa535ae000 	C:\Users\B\AppData\Local\Temp\lwjglB\3.2.2-build-10\glfw.dll
0x00007ffa7f5a0000 - 0x00007ffa7f638000 	C:\WINDOWS\system32\uxtheme.dll
0x00007ffa4bff0000 - 0x00007ffa4c033000 	C:\WINDOWS\SYSTEM32\dinput8.dll
0x00007ffa539f0000 - 0x00007ffa53a00000 	C:\WINDOWS\SYSTEM32\xinput1_4.dll
0x00007ffa80f50000 - 0x00007ffa80f77000 	C:\WINDOWS\SYSTEM32\DEVOBJ.dll
0x00007ffa7f830000 - 0x00007ffa7f859000 	C:\WINDOWS\SYSTEM32\dwmapi.dll
0x00007ffa75b50000 - 0x00007ffa75bc9000 	C:\WINDOWS\SYSTEM32\inputhost.dll
0x00007ffa7f160000 - 0x00007ffa7f23a000 	C:\WINDOWS\SYSTEM32\CoreMessaging.dll
0x00007ffa7cc70000 - 0x00007ffa7cdbd000 	C:\WINDOWS\SYSTEM32\wintypes.dll
0x00007ffa7cdc0000 - 0x00007ffa7d0de000 	C:\WINDOWS\SYSTEM32\CoreUIComponents.dll
0x00007ffa80240000 - 0x00007ffa80271000 	C:\WINDOWS\SYSTEM32\ntmarta.dll
0x00007ffa829d0000 - 0x00007ffa82b43000 	C:\WINDOWS\System32\MSCTF.dll
0x00007ffa7fe80000 - 0x00007ffa7fe8c000 	C:\WINDOWS\SYSTEM32\HID.DLL
0x00007ffa815d0000 - 0x00007ffa81627000 	C:\WINDOWS\System32\WINTRUST.dll
0x00007ffa811e0000 - 0x00007ffa811f2000 	C:\WINDOWS\System32\MSASN1.dll
0x00007ffa820d0000 - 0x00007ffa822b2000 	C:\WINDOWS\System32\CRYPT32.dll
0x00007ffa38cd0000 - 0x00007ffa39501000 	C:\WINDOWS\SYSTEM32\ig7icd64.dll
0x00007ffa7b110000 - 0x00007ffa7b575000 	C:\WINDOWS\SYSTEM32\igdusc64.dll
0x00007ffa7dd90000 - 0x00007ffa7dda3000 	C:\WINDOWS\SYSTEM32\WTSAPI32.dll
0x00007ffa7ff10000 - 0x00007ffa7ffcb000 	C:\WINDOWS\SYSTEM32\dxgi.dll
0x00007ffa7e1e0000 - 0x00007ffa7e4eb000 	C:\WINDOWS\SYSTEM32\d3d11.dll
0x00007ffa7b7c0000 - 0x00007ffa7c362000 	C:\WINDOWS\SYSTEM32\igd10iumd64.dll
0x00007ffa80ca0000 - 0x00007ffa80cc5000 	C:\WINDOWS\SYSTEM32\bcrypt.dll
0x00007ffa80c70000 - 0x00007ffa80c96000 	C:\WINDOWS\SYSTEM32\ncrypt.dll
0x00007ffa80c30000 - 0x00007ffa80c66000 	C:\WINDOWS\SYSTEM32\NTASN1.dll

dbghelp: loaded successfully - version: 4.0.5 - missing functions: none
symbol engine: initialized successfully - sym options: 0x614 - pdb path: .;C:\Program Files\Java\jdk-11.0.1\bin;C:\WINDOWS\SYSTEM32;C:\WINDOWS\WinSxS\amd64_microsoft.windows.common-controls_6595b64144ccf1df_6.0.17134.885_none_fb42a3473065565f;C:\Program Files\Java\jdk-11.0.1\bin\server;C:\Users\B\AppData\Local\Temp\lwjglB\3.2.2-build-10;C:\Program Files\RenderDoc

VM Arguments:
jvm_args: -Xmx2G -Dfile.encoding=UTF-8 
java_command: DabEngine.TestCaseEngine
java_class_path (initial): C:\Users\B\Documents\DabEngine\bin\main;C:\Users\B\Documents\DabEngine\bin\test;C:\Users\B\.gradle\caches\modules-2\files-2.1\org.apache.commons\commons-math3\3.6.1\e4ba98f1d4b3c80ec46392f25e094a6a2e58fcbf\commons-math3-3.6.1.jar;C:\Users\B\.gradle\caches\modules-2\files-2.1\com.google.guava\guava\27.0.1-jre\bd41a290787b5301e63929676d792c507bbc00ae\guava-27.0.1-jre.jar;C:\Users\B\Documents\DabEngine\libs\jython-standalone-2.7.0.jar;C:\Users\B\.gradle\caches\modules-2\files-2.1\com.googlecode.json-simple\json-simple\1.1.1\c9ad4a0850ab676c5c64461a05ca524cdfff59f1\json-simple-1.1.1.jar;C:\Users\B\.gradle\caches\modules-2\files-2.1\com.google.guava\failureaccess\1.0.1\1dcf1de382a0bf95a3d8b0849546c88bac1292c9\failureaccess-1.0.1.jar;C:\Users\B\.gradle\caches\modules-2\files-2.1\com.google.guava\listenablefuture\9999.0-empty-to-avoid-conflict-with-guava\b421526c5f297295adef1c886e5246c39d4ac629\listenablefuture-9999.0-empty-to-avoid-conflict-with-guava.jar;C:\Users\B\.gradle\caches\modules-2\files-2.1\com.google.code.findbugs\jsr305\3.0.2\25ea2e8b0c338a877313bd4672d3fe056ea78f0d\jsr305-3.0.2.jar;C:\Users\B\.gradle\caches\modules-2\files-2.1\org.checkerframework\checker-qual\2.5.2\cea74543d5904a30861a61b4643a5f2bb372efc4\checker-qual-2.5.2.jar;C:\Users\B\.gradle\caches\modules-2\files-2.1\com.google.errorprone\error_prone_annotations\2.2.0\88e3c593e9b3586e1c6177f89267da6fc6986f0c\error_prone_annotations-2.2.0.jar;C:\Users\B\.gradle\caches\modules-2\files-2.1\com.google.j2objc\j2objc-annotations\1.1\ed28ded51a8b1c6b112568def5f4b455e6809019\j2objc-annotations-1.1.jar;C:\Users\B\.gradle\caches\modules-2\files-2.1\org.codehaus.mojo\animal-sniffer-annotations\1.17\f97ce6decaea32b36101e37979f8b647f00681fb\animal-sniffer-annotations-1.17.jar;C:\Users\B\.gradle\caches\modules-2\files-2.1\junit\junit\4.10\e4f1766ce7404a08f45d859fb9c226fc9e41a861\junit-4.10.jar;C:\Users\B\.gradle\caches\modules-2\files-2.1\org.hamcrest\hamcrest-core\1.1\860340562250678d1a
Launcher Type: SUN_STANDARD

[Global flags]
     intx CICompilerCount                          = 3                                         {product} {ergonomic}
     uint ConcGCThreads                            = 1                                         {product} {ergonomic}
     uint G1ConcRefinementThreads                  = 4                                         {product} {ergonomic}
   size_t G1HeapRegionSize                         = 1048576                                   {product} {ergonomic}
    uintx GCDrainStackTargetSize                   = 64                                        {product} {ergonomic}
   size_t InitialHeapSize                          = 134217728                                 {product} {ergonomic}
   size_t MarkStackSize                            = 4194304                                   {product} {ergonomic}
   size_t MaxHeapSize                              = 2147483648                                {product} {command line}
   size_t MaxNewSize                               = 1287651328                                {product} {ergonomic}
   size_t MinHeapDeltaBytes                        = 1048576                                   {product} {ergonomic}
    uintx NonNMethodCodeHeapSize                   = 5830092                                {pd product} {ergonomic}
    uintx NonProfiledCodeHeapSize                  = 122914074                              {pd product} {ergonomic}
    uintx ProfiledCodeHeapSize                     = 122914074                              {pd product} {ergonomic}
    uintx ReservedCodeCacheSize                    = 251658240                              {pd product} {ergonomic}
     bool SegmentedCodeCache                       = true                                      {product} {ergonomic}
     bool UseCompressedClassPointers               = true                                 {lp64_product} {ergonomic}
     bool UseCompressedOops                        = true                                 {lp64_product} {ergonomic}
     bool UseG1GC                                  = true                                      {product} {ergonomic}
     bool UseLargePagesIndividualAllocation        = false                                  {pd product} {ergonomic}

Logging:
Log output configuration:
 #0: stdout all=warning uptime,level,tags
 #1: stderr all=off uptime,level,tags

Environment Variables:
CLASSPATH=.;.;C:\PROGRA~2\JMF21~1.1E\lib\sound.jar;C:\PROGRA~2\JMF21~1.1E\lib\jmf.jar;C:\PROGRA~2\JMF21~1.1E\lib;
PATH=C:\Program Files (x86)\Common Files\Intel\Shared Libraries\redist\intel64\compiler;C:\WINDOWS\system32;C:\WINDOWS;C:\WINDOWS\System32\Wbem;C:\WINDOWS\System32\WindowsPowerShell\v1.0\;C:\WINDOWS\System32\OpenSSH\;C:\Program Files\Java\jdk-11.0.1\bin;C:\Program Files\Git\cmd;C:\Program Files (x86)\Windows Kits\10\Windows Performance Toolkit\;C:\Program Files\Csound6_x64\bin;C:\ProgramData\chocolatey\bin;C:\Users\B\AppData\Local\Programs\Python\Python36\Scripts\;C:\Users\B\AppData\Local\Programs\Python\Python36\;C:\Users\B\scoop\shims;C:\Users\B\AppData\Local\Microsoft\WindowsApps;C:\Users\B\AppData\Local\GitHubDesktop\bin;C:\Users\B\AppData\Local\atom\bin;C:\Users\B\AppData\Local\Programs\Microsoft VS Code\bin
USERNAME=B
OS=Windows_NT
PROCESSOR_IDENTIFIER=Intel64 Family 6 Model 58 Stepping 9, GenuineIntel



---------------  S Y S T E M  ---------------

OS: Windows 10 , 64 bit Build 17134 (10.0.17134.753)

CPU:total 4 (initial active 4) (2 cores per cpu, 2 threads per core) family 6 model 58 stepping 9, cmov, cx8, fxsr, mmx, sse, sse2, sse3, ssse3, sse4.1, sse4.2, popcnt, avx, clmul, erms, ht, tsc, tscinvbit, tscinv

Memory: 4k page, system-wide physical 8089M (2888M free)
TotalPageFile size 10363M (AvailPageFile size 3349M)
current process WorkingSet (physical memory assigned to process): 114M, peak: 116M
current process commit charge ("private bytes"): 361M, peak: 363M

vm_info: Java HotSpot(TM) 64-Bit Server VM (11.0.1+13-LTS) for windows-amd64 JRE (11.0.1+13-LTS), built on Oct  6 2018 13:20:16 by "mach5one" with MS VC++ 15.5 (VS2017)

END.
